#
# There is insufficient memory for the Java Runtime Environment to continue.
# Native memory allocation (malloc) failed to allocate 71827456 bytes for committing reserved memory.
# Possible reasons:
#   The system is out of physical RAM or swap space
#   In 32 bit mode, the process size limit was hit
# Possible solutions:
#   Reduce memory load on the system
#   Increase physical memory or swap space
#   Check if swap backing store is full
#   Use 64 bit Java on a 64 bit OS
#   Decrease Java heap size (-Xmx/-Xms)
#   Decrease number of Java threads
#   Decrease Java thread stack sizes (-Xss)
#   Set larger code cache with -XX:ReservedCodeCacheSize=
# This output file may be truncated or incomplete.
#
#  Out of Memory Error (os_linux.cpp:2827), pid=24016, tid=140322620303104
#
# JRE version: OpenJDK Runtime Environment (7.0_91-b02) (build 1.7.0_91-b02)
# Java VM: OpenJDK 64-Bit Server VM (24.91-b01 mixed mode linux-amd64 compressed oops)
# Derivative: IcedTea 2.6.3
# Distribution: Ubuntu 14.04 LTS, package 7u91-2.6.3-0ubuntu0.14.04.1
# Failed to write core dump. Core dumps have been disabled. To enable core dumping, try "ulimit -c unlimited" before starting Java again
#

---------------  T H R E A D  ---------------

Current thread (0x00007f9f74077000):  VMThread [stack: 0x00007f9f67dfe000,0x00007f9f67eff000] [id=24027]

Stack: [0x00007f9f67dfe000,0x00007f9f67eff000],  sp=0x00007f9f67efd490,  free space=1021k
Native frames: (J=compiled Java code, j=interpreted, Vv=VM code, C=native code)
V  [libjvm.so+0x953e15]  VMError::report_and_die()+0x175
V  [libjvm.so+0x48fd94]  report_vm_out_of_memory(char const*, int, unsigned long, char const*)+0x74
V  [libjvm.so+0x7cf87b]  os::pd_commit_memory(char*, unsigned long, unsigned long, bool)+0xeb
V  [libjvm.so+0x7ca33f]  os::commit_memory(char*, unsigned long, unsigned long, bool)+0x1f
V  [libjvm.so+0x83dacb]  PSVirtualSpace::expand_by(unsigned long)+0x5b
V  [libjvm.so+0x83e930]  PSYoungGen::resize_generation(unsigned long, unsigned long)+0xb0
V  [libjvm.so+0x83f01b]  PSYoungGen::resize(unsigned long, unsigned long)+0x1b
V  [libjvm.so+0x83b258]  PSScavenge::invoke_no_policy()+0xd68
V  [libjvm.so+0x83bac8]  PSScavenge::invoke()+0x38
V  [libjvm.so+0x7f2083]  ParallelScavengeHeap::failed_mem_allocate(unsigned long)+0x63
V  [libjvm.so+0x955814]  VM_ParallelGCFailedAllocation::doit()+0x84
V  [libjvm.so+0x959917]  VM_Operation::evaluate()+0x47
V  [libjvm.so+0x9583d8]  VMThread::evaluate_operation(VM_Operation*)+0x318
V  [libjvm.so+0x958839]  VMThread::loop()+0x219
V  [libjvm.so+0x958c82]  VMThread::run()+0x72
V  [libjvm.so+0x7cc742]  java_start(Thread*)+0xf2

VM_Operation (0x00007f9f7a65d330): ParallelGCFailedAllocation, mode: safepoint, requested by thread 0x00007f9f7400b800


---------------  P R O C E S S  ---------------

Java Threads: ( => current thread )
  0x00007f9f740b0800 JavaThread "Service Thread" daemon [_thread_blocked, id=24033, stack(0x00007f9f67116000,0x00007f9f67217000)]
  0x00007f9f740ae800 JavaThread "C2 CompilerThread1" daemon [_thread_blocked, id=24032, stack(0x00007f9f67217000,0x00007f9f67318000)]
  0x00007f9f740ab800 JavaThread "C2 CompilerThread0" daemon [_thread_blocked, id=24031, stack(0x00007f9f67318000,0x00007f9f67419000)]
  0x00007f9f740a9000 JavaThread "Signal Dispatcher" daemon [_thread_blocked, id=24030, stack(0x00007f9f67419000,0x00007f9f6751a000)]
  0x00007f9f7407d800 JavaThread "Finalizer" daemon [_thread_blocked, id=24029, stack(0x00007f9f67bfc000,0x00007f9f67cfd000)]
  0x00007f9f7407b800 JavaThread "Reference Handler" daemon [_thread_blocked, id=24028, stack(0x00007f9f67cfd000,0x00007f9f67dfe000)]
  0x00007f9f7400b800 JavaThread "main" [_thread_blocked, id=24022, stack(0x00007f9f7a55e000,0x00007f9f7a65f000)]

Other Threads:
=>0x00007f9f74077000 VMThread [stack: 0x00007f9f67dfe000,0x00007f9f67eff000] [id=24027]
  0x00007f9f740bb800 WatcherThread [stack: 0x00007f9f67015000,0x00007f9f67116000] [id=24034]

VM state:at safepoint (normal execution)

VM Mutex/Monitor currently owned by a thread:  ([mutex/lock_event])
[0x00007f9f74007da0] Threads_lock - owner thread: 0x00007f9f74077000
[0x00007f9f740082a0] Heap_lock - owner thread: 0x00007f9f7400b800

Heap
 PSYoungGen      total 218624K, used 15595K [0x00000000eaa80000, 0x00000000f9400000, 0x0000000100000000)
  eden space 199168K, 0% used [0x00000000eaa80000,0x00000000eaa80000,0x00000000f6d00000)
  from space 19456K, 80% used [0x00000000f6d00000,0x00000000f7c3acf0,0x00000000f8000000)
  to   space 18432K, 0% used [0x00000000f8000000,0x00000000f8000000,0x00000000f9200000)
 ParOldGen       total 58880K, used 43586K [0x00000000c0000000, 0x00000000c3980000, 0x00000000eaa80000)
  object space 58880K, 74% used [0x00000000c0000000,0x00000000c2a909f8,0x00000000c3980000)
 PSPermGen       total 21504K, used 7709K [0x00000000b5a00000, 0x00000000b6f00000, 0x00000000c0000000)
  object space 21504K, 35% used [0x00000000b5a00000,0x00000000b6187438,0x00000000b6f00000)

Card table byte_map: [0x00007f9f6ff27000,0x00007f9f7017b000] byte_map_base: 0x00007f9f6f97a000

Polling page: 0x00007f9f7a681000

Code Cache  [0x00007f9f7017b000, 0x00007f9f7056b000, 0x00007f9f7317b000)
 total_blobs=1494 nmethods=1240 adapters=207 free_code_cache=45190Kb largest_free_block=46208384

Compilation events (10 events):
Event: 9.273 Thread 0x00007f9f740ab800 nmethod 1264 0x00007f9f70558750 code [0x00007f9f705588c0, 0x00007f9f70558b18]
Event: 9.274 Thread 0x00007f9f740ab800 1265             com.android.dx.io.instructions.DecodedInstruction::getLiteralInt (53 bytes)
Event: 9.274 Thread 0x00007f9f740ab800 nmethod 1265 0x00007f9f7023f310 code [0x00007f9f7023f440, 0x00007f9f7023f4b8]
Event: 9.275 Thread 0x00007f9f740ae800 nmethod 1263 0x00007f9f70558110 code [0x00007f9f70558280, 0x00007f9f705584d8]
Event: 9.329 Thread 0x00007f9f740ab800 1266             java.util.ComparableTimSort::gallopLeft (327 bytes)
Event: 9.330 Thread 0x00007f9f740ae800 1267 %           java.util.ComparableTimSort::mergeHi @ 174 (716 bytes)
Event: 9.342 Thread 0x00007f9f740ab800 nmethod 1266 0x00007f9f70562dd0 code [0x00007f9f70563080, 0x00007f9f70563d70]
Event: 9.360 Thread 0x00007f9f740ae800 nmethod 1267% 0x00007f9f70565050 code [0x00007f9f70565280, 0x00007f9f70566350]
Event: 9.471 Thread 0x00007f9f740ab800 1268             java.util.ComparableTimSort::mergeHi (716 bytes)
Event: 9.501 Thread 0x00007f9f740ab800 nmethod 1268 0x00007f9f70567190 code [0x00007f9f705673c0, 0x00007f9f70568a70]

GC Heap History (10 events):
Event: 7.385 GC heap after
Heap after GC invocations=7 (full 0):
 PSYoungGen      total 71680K, used 8690K [0x00000000eaa80000, 0x00000000f4180000, 0x0000000100000000)
  eden space 62976K, 0% used [0x00000000eaa80000,0x00000000eaa80000,0x00000000ee800000)
  from space 8704K, 99% used [0x00000000ee800000,0x00000000ef07c978,0x00000000ef080000)
  to   space 14336K, 0% used [0x00000000f3380000,0x00000000f3380000,0x00000000f4180000)
 ParOldGen       total 40960K, used 26829K [0x00000000c0000000, 0x00000000c2800000, 0x00000000eaa80000)
  object space 40960K, 65% used [0x00000000c0000000,0x00000000c1a33688,0x00000000c2800000)
 PSPermGen       total 21504K, used 7512K [0x00000000b5a00000, 0x00000000b6f00000, 0x00000000c0000000)
  object space 21504K, 34% used [0x00000000b5a00000,0x00000000b6156348,0x00000000b6f00000)
}
Event: 7.858 GC heap before
{Heap before GC invocations=8 (full 0):
 PSYoungGen      total 71680K, used 71666K [0x00000000eaa80000, 0x00000000f4180000, 0x0000000100000000)
  eden space 62976K, 100% used [0x00000000eaa80000,0x00000000ee800000,0x00000000ee800000)
  from space 8704K, 99% used [0x00000000ee800000,0x00000000ef07c978,0x00000000ef080000)
  to   space 14336K, 0% used [0x00000000f3380000,0x00000000f3380000,0x00000000f4180000)
 ParOldGen       total 40960K, used 26829K [0x00000000c0000000, 0x00000000c2800000, 0x00000000eaa80000)
  object space 40960K, 65% used [0x00000000c0000000,0x00000000c1a33688,0x00000000c2800000)
 PSPermGen       total 21504K, used 7581K [0x00000000b5a00000, 0x00000000b6f00000, 0x00000000c0000000)
  object space 21504K, 35% used [0x00000000b5a00000,0x00000000b6167710,0x00000000b6f00000)
Event: 7.872 GC heap after
Heap after GC invocations=8 (full 0):
 PSYoungGen      total 139264K, used 12295K [0x00000000eaa80000, 0x00000000f4380000, 0x0000000100000000)
  eden space 124928K, 0% used [0x00000000eaa80000,0x00000000eaa80000,0x00000000f2480000)
  from space 14336K, 85% used [0x00000000f3380000,0x00000000f3f81e70,0x00000000f4180000)
  to   space 15360K, 0% used [0x00000000f2480000,0x00000000f2480000,0x00000000f3380000)
 ParOldGen       total 40960K, used 27180K [0x00000000c0000000, 0x00000000c2800000, 0x00000000eaa80000)
  object space 40960K, 66% used [0x00000000c0000000,0x00000000c1a8b1b0,0x00000000c2800000)
 PSPermGen       total 21504K, used 7581K [0x00000000b5a00000, 0x00000000b6f00000, 0x00000000c0000000)
  object space 21504K, 35% used [0x00000000b5a00000,0x00000000b6167710,0x00000000b6f00000)
}
Event: 8.439 GC heap before
{Heap before GC invocations=9 (full 0):
 PSYoungGen      total 139264K, used 137223K [0x00000000eaa80000, 0x00000000f4380000, 0x0000000100000000)
  eden space 124928K, 100% used [0x00000000eaa80000,0x00000000f2480000,0x00000000f2480000)
  from space 14336K, 85% used [0x00000000f3380000,0x00000000f3f81e70,0x00000000f4180000)
  to   space 15360K, 0% used [0x00000000f2480000,0x00000000f2480000,0x00000000f3380000)
 ParOldGen       total 40960K, used 27180K [0x00000000c0000000, 0x00000000c2800000, 0x00000000eaa80000)
  object space 40960K, 66% used [0x00000000c0000000,0x00000000c1a8b1b0,0x00000000c2800000)
 PSPermGen       total 21504K, used 7695K [0x00000000b5a00000, 0x00000000b6f00000, 0x00000000c0000000)
  object space 21504K, 35% used [0x00000000b5a00000,0x00000000b6183d90,0x00000000b6f00000)
Event: 8.453 GC heap after
Heap after GC invocations=9 (full 0):
 PSYoungGen      total 140288K, used 15339K [0x00000000eaa80000, 0x00000000f9200000, 0x0000000100000000)
  eden space 124928K, 0% used [0x00000000eaa80000,0x00000000eaa80000,0x00000000f2480000)
  from space 15360K, 99% used [0x00000000f2480000,0x00000000f337ac90,0x00000000f3380000)
  to   space 18432K, 0% used [0x00000000f8000000,0x00000000f8000000,0x00000000f9200000)
 ParOldGen       total 40960K, used 29726K [0x00000000c0000000, 0x00000000c2800000, 0x00000000eaa80000)
  object space 40960K, 72% used [0x00000000c0000000,0x00000000c1d079a0,0x00000000c2800000)
 PSPermGen       total 21504K, used 7695K [0x00000000b5a00000, 0x00000000b6f00000, 0x00000000c0000000)
  object space 21504K, 35% used [0x00000000b5a00000,0x00000000b6183d90,0x00000000b6f00000)
}
Event: 8.819 GC heap before
{Heap before GC invocations=10 (full 0):
 PSYoungGen      total 140288K, used 140267K [0x00000000eaa80000, 0x00000000f9200000, 0x0000000100000000)
  eden space 124928K, 100% used [0x00000000eaa80000,0x00000000f2480000,0x00000000f2480000)
  from space 15360K, 99% used [0x00000000f2480000,0x00000000f337ac90,0x00000000f3380000)
  to   space 18432K, 0% used [0x00000000f8000000,0x00000000f8000000,0x00000000f9200000)
 ParOldGen       total 40960K, used 29726K [0x00000000c0000000, 0x00000000c2800000, 0x00000000eaa80000)
  object space 40960K, 72% used [0x00000000c0000000,0x00000000c1d079a0,0x00000000c2800000)
 PSPermGen       total 21504K, used 7704K [0x00000000b5a00000, 0x00000000b6f00000, 0x00000000c0000000)
  object space 21504K, 35% used [0x00000000b5a00000,0x00000000b6186118,0x00000000b6f00000)
Event: 8.839 GC heap after
Heap after GC invocations=10 (full 0):
 PSYoungGen      total 217600K, used 13821K [0x00000000eaa80000, 0x00000000f9400000, 0x0000000100000000)
  eden space 199168K, 0% used [0x00000000eaa80000,0x00000000eaa80000,0x00000000f6d00000)
  from space 18432K, 74% used [0x00000000f8000000,0x00000000f8d7f690,0x00000000f9200000)
  to   space 19456K, 0% used [0x00000000f6d00000,0x00000000f6d00000,0x00000000f8000000)
 ParOldGen       total 40960K, used 35924K [0x00000000c0000000, 0x00000000c2800000, 0x00000000eaa80000)
  object space 40960K, 87% used [0x00000000c0000000,0x00000000c2315308,0x00000000c2800000)
 PSPermGen       total 21504K, used 7704K [0x00000000b5a00000, 0x00000000b6f00000, 0x00000000c0000000)
  object space 21504K, 35% used [0x00000000b5a00000,0x00000000b6186118,0x00000000b6f00000)
}
Event: 8.858 GC heap before
{Heap before GC invocations=11 (full 1):
 PSYoungGen      total 217600K, used 13821K [0x00000000eaa80000, 0x00000000f9400000, 0x0000000100000000)
  eden space 199168K, 0% used [0x00000000eaa80000,0x00000000eaa80000,0x00000000f6d00000)
  from space 18432K, 74% used [0x00000000f8000000,0x00000000f8d7f690,0x00000000f9200000)
  to   space 19456K, 0% used [0x00000000f6d00000,0x00000000f6d00000,0x00000000f8000000)
 ParOldGen       total 40960K, used 35924K [0x00000000c0000000, 0x00000000c2800000, 0x00000000eaa80000)
  object space 40960K, 87% used [0x00000000c0000000,0x00000000c2315308,0x00000000c2800000)
 PSPermGen       total 21504K, used 7704K [0x00000000b5a00000, 0x00000000b6f00000, 0x00000000c0000000)
  object space 21504K, 35% used [0x00000000b5a00000,0x00000000b6186118,0x00000000b6f00000)
Event: 9.058 GC heap after
Heap after GC invocations=11 (full 1):
 PSYoungGen      total 217600K, used 0K [0x00000000eaa80000, 0x00000000f9400000, 0x0000000100000000)
  eden space 199168K, 0% used [0x00000000eaa80000,0x00000000eaa80000,0x00000000f6d00000)
  from space 18432K, 0% used [0x00000000f8000000,0x00000000f8000000,0x00000000f9200000)
  to   space 19456K, 0% used [0x00000000f6d00000,0x00000000f6d00000,0x00000000f8000000)
 ParOldGen       total 58880K, used 27153K [0x00000000c0000000, 0x00000000c3980000, 0x00000000eaa80000)
  object space 58880K, 46% used [0x00000000c0000000,0x00000000c1a84558,0x00000000c3980000)
 PSPermGen       total 21504K, used 7700K [0x00000000b5a00000, 0x00000000b6f00000, 0x00000000c0000000)
  object space 21504K, 35% used [0x00000000b5a00000,0x00000000b6185278,0x00000000b6f00000)
}
Event: 9.504 GC heap before
{Heap before GC invocations=12 (full 1):
 PSYoungGen      total 217600K, used 199168K [0x00000000eaa80000, 0x00000000f9400000, 0x0000000100000000)
  eden space 199168K, 100% used [0x00000000eaa80000,0x00000000f6d00000,0x00000000f6d00000)
  from space 18432K, 0% used [0x00000000f8000000,0x00000000f8000000,0x00000000f9200000)
  to   space 19456K, 0% used [0x00000000f6d00000,0x00000000f6d00000,0x00000000f8000000)
 ParOldGen       total 58880K, used 27153K [0x00000000c0000000, 0x00000000c3980000, 0x00000000eaa80000)
  object space 58880K, 46% used [0x00000000c0000000,0x00000000c1a84558,0x00000000c3980000)
 PSPermGen       total 21504K, used 7709K [0x00000000b5a00000, 0x00000000b6f00000, 0x00000000c0000000)
  object space 21504K, 35% used [0x00000000b5a00000,0x00000000b6187438,0x00000000b6f00000)

Deoptimization events (10 events):
Event: 8.635 Thread 0x00007f9f7400b800 Uncommon trap: reason=unstable_if action=reinterpret pc=0x00007f9f704b27d4 method=com.android.dex.Mutf8.countBytes(Ljava/lang/String;Z)J @ 28
Event: 8.635 Thread 0x00007f9f7400b800 Uncommon trap: reason=unstable_if action=reinterpret pc=0x00007f9f70473294 method=com.android.dex.Mutf8.encode([BILjava/lang/String;)V @ 24
Event: 8.727 Thread 0x00007f9f7400b800 Uncommon trap: reason=unstable_if action=reinterpret pc=0x00007f9f704ae6cc method=com.android.dex.Mutf8.countBytes(Ljava/lang/String;Z)J @ 28
Event: 8.789 Thread 0x00007f9f7400b800 Uncommon trap: reason=unstable_if action=reinterpret pc=0x00007f9f704b4640 method=com.android.dex.Mutf8.countBytes(Ljava/lang/String;Z)J @ 28
Event: 9.103 Thread 0x00007f9f7400b800 Uncommon trap: reason=unstable_if action=reinterpret pc=0x00007f9f704b6aec method=com.android.dex.Mutf8.countBytes(Ljava/lang/String;Z)J @ 28
Event: 9.104 Thread 0x00007f9f7400b800 Uncommon trap: reason=unstable_if action=reinterpret pc=0x00007f9f7054cff4 method=com.android.dex.Mutf8.decode(Lcom/android/dex/util/ByteInput;[C)Ljava/lang/String; @ 54
Event: 9.104 Thread 0x00007f9f7400b800 Uncommon trap: reason=unstable_if action=reinterpret pc=0x00007f9f70475d18 method=com.android.dex.Mutf8.countBytes(Ljava/lang/String;Z)J @ 35
Event: 9.107 Thread 0x00007f9f7400b800 Uncommon trap: reason=unstable_if action=reinterpret pc=0x00007f9f7053654c method=com.android.dex.Mutf8.countBytes(Ljava/lang/String;Z)J @ 35
Event: 9.107 Thread 0x00007f9f7400b800 Uncommon trap: reason=unstable_if action=reinterpret pc=0x00007f9f704debb4 method=com.android.dex.Mutf8.encode([BILjava/lang/String;)V @ 31
Event: 9.330 Thread 0x00007f9f7400b800 Uncommon trap: reason=unstable_if action=reinterpret pc=0x00007f9f7053ac14 method=java.util.ComparableTimSort.mergeHi(IIII)V @ 569

Internal exceptions (10 events):
Event: 6.987 Thread 0x00007f9f7400b800 Threw 0x00000000ee0f8b00 at /build/openjdk-7-zaTxYK/openjdk-7-7u91-2.6.3/build/openjdk/hotspot/src/share/vm/prims/jvm.cpp:1322
Event: 6.987 Thread 0x00007f9f7400b800 Threw 0x00000000ee0fc718 at /build/openjdk-7-zaTxYK/openjdk-7-7u91-2.6.3/build/openjdk/hotspot/src/share/vm/prims/jvm.cpp:1322
Event: 6.988 Thread 0x00007f9f7400b800 Threw 0x00000000ee100410 at /build/openjdk-7-zaTxYK/openjdk-7-7u91-2.6.3/build/openjdk/hotspot/src/share/vm/prims/jvm.cpp:1322
Event: 6.989 Thread 0x00007f9f7400b800 Threw 0x00000000ee104a28 at /build/openjdk-7-zaTxYK/openjdk-7-7u91-2.6.3/build/openjdk/hotspot/src/share/vm/prims/jvm.cpp:1322
Event: 6.989 Thread 0x00007f9f7400b800 Threw 0x00000000ee108540 at /build/openjdk-7-zaTxYK/openjdk-7-7u91-2.6.3/build/openjdk/hotspot/src/share/vm/prims/jvm.cpp:1322
Event: 6.989 Thread 0x00007f9f7400b800 Threw 0x00000000ee10c250 at /build/openjdk-7-zaTxYK/openjdk-7-7u91-2.6.3/build/openjdk/hotspot/src/share/vm/prims/jvm.cpp:1322
Event: 6.990 Thread 0x00007f9f7400b800 Threw 0x00000000ee10fcd0 at /build/openjdk-7-zaTxYK/openjdk-7-7u91-2.6.3/build/openjdk/hotspot/src/share/vm/prims/jvm.cpp:1322
Event: 6.992 Thread 0x00007f9f7400b800 Threw 0x00000000ee117790 at /build/openjdk-7-zaTxYK/openjdk-7-7u91-2.6.3/build/openjdk/hotspot/src/share/vm/prims/jvm.cpp:1322
Event: 6.992 Thread 0x00007f9f7400b800 Threw 0x00000000ee11a350 at /build/openjdk-7-zaTxYK/openjdk-7-7u91-2.6.3/build/openjdk/hotspot/src/share/vm/prims/jvm.cpp:1322
Event: 7.573 Thread 0x00007f9f7400b800 Threw 0x00000000ebd9ec90 at /build/openjdk-7-zaTxYK/openjdk-7-7u91-2.6.3/build/openjdk/hotspot/src/share/vm/prims/jvm.cpp:1322

Events (10 events):
Event: 9.107 Thread 0x00007f9f7400b800 DEOPT UNPACKING pc=0x00007f9f701b4445 sp=0x00007f9f7a65d428 mode 2
Event: 9.110 Thread 0x00007f9f740ab800 flushing nmethod 0x00007f9f701fa850
Event: 9.129 Thread 0x00007f9f740ae800 flushing nmethod 0x00007f9f7023f310
Event: 9.275 Thread 0x00007f9f740ae800 flushing nmethod 0x00007f9f70453bd0
Event: 9.275 Thread 0x00007f9f740ae800 flushing nmethod 0x00007f9f70476090
Event: 9.330 Thread 0x00007f9f7400b800 Uncommon trap: trap_request=0xffffff75 fr.pc=0x00007f9f7053ac14
Event: 9.330 Thread 0x00007f9f7400b800 DEOPT PACKING pc=0x00007f9f7053ac14 sp=0x00007f9f7a65d360
Event: 9.330 Thread 0x00007f9f7400b800 DEOPT UNPACKING pc=0x00007f9f701b4445 sp=0x00007f9f7a65d358 mode 2
Event: 9.342 Thread 0x00007f9f740ab800 flushing nmethod 0x00007f9f7047fe50
Event: 9.504 Executing VM operation: ParallelGCFailedAllocation


Dynamic libraries:
00400000-00401000 r-xp 00000000 08:07 3148986                            /usr/lib/jvm/java-7-openjdk-amd64/jre/bin/java
00600000-00601000 r--p 00000000 08:07 3148986                            /usr/lib/jvm/java-7-openjdk-amd64/jre/bin/java
00601000-00602000 rw-p 00001000 08:07 3148986                            /usr/lib/jvm/java-7-openjdk-amd64/jre/bin/java
02114000-02135000 rw-p 00000000 00:00 0                                  [heap]
b5a00000-b6f00000 rw-p 00000000 00:00 0 
b6f00000-c0000000 rw-p 00000000 00:00 0 
c0000000-c3980000 rw-p 00000000 00:00 0 
c3980000-eaa80000 rw-p 00000000 00:00 0 
eaa80000-f9400000 rw-p 00000000 00:00 0 
fd880000-100000000 rw-p 00000000 00:00 0 
7f9f20000000-7f9f20026000 rw-p 00000000 00:00 0 
7f9f20026000-7f9f24000000 ---p 00000000 00:00 0 
7f9f24000000-7f9f24028000 rw-p 00000000 00:00 0 
7f9f24028000-7f9f28000000 ---p 00000000 00:00 0 
7f9f28000000-7f9f28021000 rw-p 00000000 00:00 0 
7f9f28021000-7f9f2c000000 ---p 00000000 00:00 0 
7f9f2c000000-7f9f2c02b000 rw-p 00000000 00:00 0 
7f9f2c02b000-7f9f30000000 ---p 00000000 00:00 0 
7f9f30000000-7f9f30021000 rw-p 00000000 00:00 0 
7f9f30021000-7f9f34000000 ---p 00000000 00:00 0 
7f9f34000000-7f9f34021000 rw-p 00000000 00:00 0 
7f9f34021000-7f9f38000000 ---p 00000000 00:00 0 
7f9f38000000-7f9f39473000 rw-p 00000000 00:00 0 
7f9f39473000-7f9f3c000000 ---p 00000000 00:00 0 
7f9f3c000000-7f9f3c021000 rw-p 00000000 00:00 0 
7f9f3c021000-7f9f40000000 ---p 00000000 00:00 0 
7f9f40000000-7f9f40021000 rw-p 00000000 00:00 0 
7f9f40021000-7f9f44000000 ---p 00000000 00:00 0 
7f9f44000000-7f9f4536b000 rw-p 00000000 00:00 0 
7f9f4536b000-7f9f48000000 ---p 00000000 00:00 0 
7f9f48000000-7f9f48021000 rw-p 00000000 00:00 0 
7f9f48021000-7f9f4c000000 ---p 00000000 00:00 0 
7f9f4c000000-7f9f4c021000 rw-p 00000000 00:00 0 
7f9f4c021000-7f9f50000000 ---p 00000000 00:00 0 
7f9f50000000-7f9f50021000 rw-p 00000000 00:00 0 
7f9f50021000-7f9f54000000 ---p 00000000 00:00 0 
7f9f54000000-7f9f54242000 rw-p 00000000 00:00 0 
7f9f54242000-7f9f58000000 ---p 00000000 00:00 0 
7f9f58000000-7f9f58021000 rw-p 00000000 00:00 0 
7f9f58021000-7f9f5c000000 ---p 00000000 00:00 0 
7f9f60000000-7f9f60021000 rw-p 00000000 00:00 0 
7f9f60021000-7f9f64000000 ---p 00000000 00:00 0 
7f9f65392000-7f9f653cf000 r-xp 00000000 08:07 4198346                    /lib/x86_64-linux-gnu/libpcre.so.3.13.1
7f9f653cf000-7f9f655ce000 ---p 0003d000 08:07 4198346                    /lib/x86_64-linux-gnu/libpcre.so.3.13.1
7f9f655ce000-7f9f655cf000 r--p 0003c000 08:07 4198346                    /lib/x86_64-linux-gnu/libpcre.so.3.13.1
7f9f655cf000-7f9f655d0000 rw-p 0003d000 08:07 4198346                    /lib/x86_64-linux-gnu/libpcre.so.3.13.1
7f9f655d0000-7f9f655d7000 r-xp 00000000 08:07 1071226                    /usr/lib/x86_64-linux-gnu/libffi.so.6.0.1
7f9f655d7000-7f9f657d6000 ---p 00007000 08:07 1071226                    /usr/lib/x86_64-linux-gnu/libffi.so.6.0.1
7f9f657d6000-7f9f657d7000 r--p 00006000 08:07 1071226                    /usr/lib/x86_64-linux-gnu/libffi.so.6.0.1
7f9f657d7000-7f9f657d8000 rw-p 00007000 08:07 1071226                    /usr/lib/x86_64-linux-gnu/libffi.so.6.0.1
7f9f657d8000-7f9f657ef000 r-xp 00000000 08:07 4198341                    /lib/x86_64-linux-gnu/libresolv-2.19.so
7f9f657ef000-7f9f659ef000 ---p 00017000 08:07 4198341                    /lib/x86_64-linux-gnu/libresolv-2.19.so
7f9f659ef000-7f9f659f0000 r--p 00017000 08:07 4198341                    /lib/x86_64-linux-gnu/libresolv-2.19.so
7f9f659f0000-7f9f659f1000 rw-p 00018000 08:07 4198341                    /lib/x86_64-linux-gnu/libresolv-2.19.so
7f9f659f1000-7f9f659f3000 rw-p 00000000 00:00 0 
7f9f659f3000-7f9f65a13000 r-xp 00000000 08:07 4198493                    /lib/x86_64-linux-gnu/libselinux.so.1
7f9f65a13000-7f9f65c12000 ---p 00020000 08:07 4198493                    /lib/x86_64-linux-gnu/libselinux.so.1
7f9f65c12000-7f9f65c13000 r--p 0001f000 08:07 4198493                    /lib/x86_64-linux-gnu/libselinux.so.1
7f9f65c13000-7f9f65c14000 rw-p 00020000 08:07 4198493                    /lib/x86_64-linux-gnu/libselinux.so.1
7f9f65c14000-7f9f65c16000 rw-p 00000000 00:00 0 
7f9f65c16000-7f9f65c19000 r-xp 00000000 08:07 1048940                    /usr/lib/x86_64-linux-gnu/libgmodule-2.0.so.0.4002.0
7f9f65c19000-7f9f65e18000 ---p 00003000 08:07 1048940                    /usr/lib/x86_64-linux-gnu/libgmodule-2.0.so.0.4002.0
7f9f65e18000-7f9f65e19000 r--p 00002000 08:07 1048940                    /usr/lib/x86_64-linux-gnu/libgmodule-2.0.so.0.4002.0
7f9f65e19000-7f9f65e1a000 rw-p 00003000 08:07 1048940                    /usr/lib/x86_64-linux-gnu/libgmodule-2.0.so.0.4002.0
7f9f65e1a000-7f9f65f20000 r-xp 00000000 08:07 4198308                    /lib/x86_64-linux-gnu/libglib-2.0.so.0.4002.0
7f9f65f20000-7f9f6611f000 ---p 00106000 08:07 4198308                    /lib/x86_64-linux-gnu/libglib-2.0.so.0.4002.0
7f9f6611f000-7f9f66120000 r--p 00105000 08:07 4198308                    /lib/x86_64-linux-gnu/libglib-2.0.so.0.4002.0
7f9f66120000-7f9f66121000 rw-p 00106000 08:07 4198308                    /lib/x86_64-linux-gnu/libglib-2.0.so.0.4002.0
7f9f66121000-7f9f66122000 rw-p 00000000 00:00 0 
7f9f66122000-7f9f66171000 r-xp 00000000 08:07 1048958                    /usr/lib/x86_64-linux-gnu/libgobject-2.0.so.0.4002.0
7f9f66171000-7f9f66371000 ---p 0004f000 08:07 1048958                    /usr/lib/x86_64-linux-gnu/libgobject-2.0.so.0.4002.0
7f9f66371000-7f9f66372000 r--p 0004f000 08:07 1048958                    /usr/lib/x86_64-linux-gnu/libgobject-2.0.so.0.4002.0
7f9f66372000-7f9f66373000 rw-p 00050000 08:07 1048958                    /usr/lib/x86_64-linux-gnu/libgobject-2.0.so.0.4002.0
7f9f66373000-7f9f664df000 r-xp 00000000 08:07 1048962                    /usr/lib/x86_64-linux-gnu/libgio-2.0.so.0.4002.0
7f9f664df000-7f9f666de000 ---p 0016c000 08:07 1048962                    /usr/lib/x86_64-linux-gnu/libgio-2.0.so.0.4002.0
7f9f666de000-7f9f666e2000 r--p 0016b000 08:07 1048962                    /usr/lib/x86_64-linux-gnu/libgio-2.0.so.0.4002.0
7f9f666e2000-7f9f666e4000 rw-p 0016f000 08:07 1048962                    /usr/lib/x86_64-linux-gnu/libgio-2.0.so.0.4002.0
7f9f666e4000-7f9f666e6000 rw-p 00000000 00:00 0 
7f9f666e6000-7f9f666fd000 r-xp 00000000 08:07 3149050                    /usr/lib/jvm/java-7-openjdk-amd64/jre/lib/amd64/libnet.so
7f9f666fd000-7f9f668fc000 ---p 00017000 08:07 3149050                    /usr/lib/jvm/java-7-openjdk-amd64/jre/lib/amd64/libnet.so
7f9f668fc000-7f9f668fd000 r--p 00016000 08:07 3149050                    /usr/lib/jvm/java-7-openjdk-amd64/jre/lib/amd64/libnet.so
7f9f668fd000-7f9f668fe000 rw-p 00017000 08:07 3149050                    /usr/lib/jvm/java-7-openjdk-amd64/jre/lib/amd64/libnet.so
7f9f668fe000-7f9f6690e000 r-xp 00000000 08:07 3149013                    /usr/lib/jvm/java-7-openjdk-amd64/jre/lib/amd64/libnio.so
7f9f6690e000-7f9f66b0e000 ---p 00010000 08:07 3149013                    /usr/lib/jvm/java-7-openjdk-amd64/jre/lib/amd64/libnio.so
7f9f66b0e000-7f9f66b0f000 r--p 00010000 08:07 3149013                    /usr/lib/jvm/java-7-openjdk-amd64/jre/lib/amd64/libnio.so
7f9f66b0f000-7f9f66b10000 rw-p 00011000 08:07 3149013                    /usr/lib/jvm/java-7-openjdk-amd64/jre/lib/amd64/libnio.so
7f9f66b10000-7f9f66b13000 ---p 00000000 00:00 0 
7f9f66b13000-7f9f66c11000 rw-p 00000000 00:00 0 
7f9f66c11000-7f9f66c14000 ---p 00000000 00:00 0 
7f9f66c14000-7f9f66d12000 rw-p 00000000 00:00 0 
7f9f66d12000-7f9f66d15000 ---p 00000000 00:00 0 
7f9f66d15000-7f9f66e13000 rw-p 00000000 00:00 0 
7f9f66e13000-7f9f66e16000 ---p 00000000 00:00 0 
7f9f66e16000-7f9f66f14000 rw-p 00000000 00:00 0 
7f9f66f14000-7f9f66f17000 ---p 00000000 00:00 0 
7f9f66f17000-7f9f67015000 rw-p 00000000 00:00 0 
7f9f67015000-7f9f67016000 ---p 00000000 00:00 0 
7f9f67016000-7f9f67116000 rw-p 00000000 00:00 0                          [stack:24034]
7f9f67116000-7f9f67119000 ---p 00000000 00:00 0 
7f9f67119000-7f9f67217000 rw-p 00000000 00:00 0                          [stack:24033]
7f9f67217000-7f9f6721a000 ---p 00000000 00:00 0 
7f9f6721a000-7f9f67318000 rw-p 00000000 00:00 0                          [stack:24032]
7f9f67318000-7f9f6731b000 ---p 00000000 00:00 0 
7f9f6731b000-7f9f67419000 rw-p 00000000 00:00 0                          [stack:24031]
7f9f67419000-7f9f6741c000 ---p 00000000 00:00 0 
7f9f6741c000-7f9f6751a000 rw-p 00000000 00:00 0                          [stack:24030]
7f9f6751a000-7f9f67bfc000 r--p 00000000 08:07 1056383                    /usr/lib/locale/locale-archive
7f9f67bfc000-7f9f67bff000 ---p 00000000 00:00 0 
7f9f67bff000-7f9f67cfd000 rw-p 00000000 00:00 0                          [stack:24029]
7f9f67cfd000-7f9f67d00000 ---p 00000000 00:00 0 
7f9f67d00000-7f9f67dfe000 rw-p 00000000 00:00 0                          [stack:24028]
7f9f67dfe000-7f9f67dff000 ---p 00000000 00:00 0 
7f9f67dff000-7f9f68000000 rw-p 00000000 00:00 0                          [stack:24027]
7f9f68000000-7f9f68021000 rw-p 00000000 00:00 0 
7f9f68021000-7f9f6c000000 ---p 00000000 00:00 0 
7f9f6c050000-7f9f6cf4c000 rw-p 00000000 00:00 0 
7f9f6cf4c000-7f9f6d0fe000 r--s 01d2e000 08:07 3149006                    /usr/lib/jvm/java-7-openjdk-amd64/jre/lib/rt.jar
7f9f6d0fe000-7f9f6f97a000 rw-p 00000000 00:00 0 
7f9f6f97a000-7f9f6f97b000 ---p 00000000 00:00 0 
7f9f6f97b000-7f9f6fa7b000 rw-p 00000000 00:00 0                          [stack:24026]
7f9f6fa7b000-7f9f6fa7c000 ---p 00000000 00:00 0 
7f9f6fa7c000-7f9f6fb7c000 rw-p 00000000 00:00 0                          [stack:24025]
7f9f6fb7c000-7f9f6fb7d000 ---p 00000000 00:00 0 
7f9f6fb7d000-7f9f6fc7d000 rw-p 00000000 00:00 0                          [stack:24024]
7f9f6fc7d000-7f9f6fc7e000 ---p 00000000 00:00 0 
7f9f6fc7e000-7f9f6fd89000 rw-p 00000000 00:00 0                          [stack:24023]
7f9f6fd89000-7f9f6fdd1000 rw-p 00000000 00:00 0 
7f9f6fdd1000-7f9f6fdee000 rw-p 00000000 00:00 0 
7f9f6fdee000-7f9f6ff27000 rw-p 00000000 00:00 0 
7f9f6ff27000-7f9f6ff32000 rw-p 00000000 00:00 0 
7f9f6ff32000-7f9f6ff7a000 rw-p 00000000 00:00 0 
7f9f6ff7a000-7f9f6ff97000 rw-p 00000000 00:00 0 
7f9f6ff97000-7f9f700cf000 rw-p 00000000 00:00 0 
7f9f700cf000-7f9f70144000 rw-p 00000000 00:00 0 
7f9f70144000-7f9f7017a000 rw-p 00000000 00:00 0 
7f9f7017a000-7f9f7017b000 rw-p 00000000 00:00 0 
7f9f7017b000-7f9f7056b000 rwxp 00000000 00:00 0 
7f9f7056b000-7f9f7317b000 rw-p 00000000 00:00 0 
7f9f7317b000-7f9f73183000 r-xp 00000000 08:07 3149018                    /usr/lib/jvm/java-7-openjdk-amd64/jre/lib/amd64/libzip.so
7f9f73183000-7f9f73382000 ---p 00008000 08:07 3149018                    /usr/lib/jvm/java-7-openjdk-amd64/jre/lib/amd64/libzip.so
7f9f73382000-7f9f73383000 r--p 00007000 08:07 3149018                    /usr/lib/jvm/java-7-openjdk-amd64/jre/lib/amd64/libzip.so
7f9f73383000-7f9f73384000 rw-p 00008000 08:07 3149018                    /usr/lib/jvm/java-7-openjdk-amd64/jre/lib/amd64/libzip.so
7f9f73384000-7f9f7338f000 r-xp 00000000 08:07 4198440                    /lib/x86_64-linux-gnu/libnss_files-2.19.so
7f9f7338f000-7f9f7358e000 ---p 0000b000 08:07 4198440                    /lib/x86_64-linux-gnu/libnss_files-2.19.so
7f9f7358e000-7f9f7358f000 r--p 0000a000 08:07 4198440                    /lib/x86_64-linux-gnu/libnss_files-2.19.so
7f9f7358f000-7f9f73590000 rw-p 0000b000 08:07 4198440                    /lib/x86_64-linux-gnu/libnss_files-2.19.so
7f9f73590000-7f9f7359b000 r-xp 00000000 08:07 4200064                    /lib/x86_64-linux-gnu/libnss_nis-2.19.so
7f9f7359b000-7f9f7379a000 ---p 0000b000 08:07 4200064                    /lib/x86_64-linux-gnu/libnss_nis-2.19.so
7f9f7379a000-7f9f7379b000 r--p 0000a000 08:07 4200064                    /lib/x86_64-linux-gnu/libnss_nis-2.19.so
7f9f7379b000-7f9f7379c000 rw-p 0000b000 08:07 4200064                    /lib/x86_64-linux-gnu/libnss_nis-2.19.so
7f9f7379c000-7f9f737b3000 r-xp 00000000 08:07 4199530                    /lib/x86_64-linux-gnu/libnsl-2.19.so
7f9f737b3000-7f9f739b2000 ---p 00017000 08:07 4199530                    /lib/x86_64-linux-gnu/libnsl-2.19.so
7f9f739b2000-7f9f739b3000 r--p 00016000 08:07 4199530                    /lib/x86_64-linux-gnu/libnsl-2.19.so
7f9f739b3000-7f9f739b4000 rw-p 00017000 08:07 4199530                    /lib/x86_64-linux-gnu/libnsl-2.19.so
7f9f739b4000-7f9f739b6000 rw-p 00000000 00:00 0 
7f9f739b6000-7f9f739bf000 r-xp 00000000 08:07 4198482                    /lib/x86_64-linux-gnu/libnss_compat-2.19.so
7f9f739bf000-7f9f73bbe000 ---p 00009000 08:07 4198482                    /lib/x86_64-linux-gnu/libnss_compat-2.19.so
7f9f73bbe000-7f9f73bbf000 r--p 00008000 08:07 4198482                    /lib/x86_64-linux-gnu/libnss_compat-2.19.so
7f9f73bbf000-7f9f73bc0000 rw-p 00009000 08:07 4198482                    /lib/x86_64-linux-gnu/libnss_compat-2.19.so
7f9f73bc0000-7f9f73beb000 r-xp 00000000 08:07 3149029                    /usr/lib/jvm/java-7-openjdk-amd64/jre/lib/amd64/libjava.so
7f9f73beb000-7f9f73deb000 ---p 0002b000 08:07 3149029                    /usr/lib/jvm/java-7-openjdk-amd64/jre/lib/amd64/libjava.so
7f9f73deb000-7f9f73dec000 r--p 0002b000 08:07 3149029                    /usr/lib/jvm/java-7-openjdk-amd64/jre/lib/amd64/libjava.so
7f9f73dec000-7f9f73dee000 rw-p 0002c000 08:07 3149029                    /usr/lib/jvm/java-7-openjdk-amd64/jre/lib/amd64/libjava.so
7f9f73dee000-7f9f73dfe000 r-xp 00000000 08:07 3149045                    /usr/lib/jvm/java-7-openjdk-amd64/jre/lib/amd64/libverify.so
7f9f73dfe000-7f9f73ffd000 ---p 00010000 08:07 3149045                    /usr/lib/jvm/java-7-openjdk-amd64/jre/lib/amd64/libverify.so
7f9f73ffd000-7f9f73fff000 r--p 0000f000 08:07 3149045                    /usr/lib/jvm/java-7-openjdk-amd64/jre/lib/amd64/libverify.so
7f9f73fff000-7f9f74000000 rw-p 00011000 08:07 3149045                    /usr/lib/jvm/java-7-openjdk-amd64/jre/lib/amd64/libverify.so
7f9f74000000-7f9f7425b000 rw-p 00000000 00:00 0 
7f9f7425b000-7f9f78000000 ---p 00000000 00:00 0 
7f9f78009000-7f9f7800e000 r--s 0004e000 08:07 3149062                    /usr/lib/jvm/java-7-openjdk-amd64/jre/lib/jsse.jar
7f9f7800e000-7f9f7801d000 r--s 000df000 08:07 3419560                    /home/sanket/android-sdks/build-tools/23.0.0/lib/dx.jar
7f9f7801d000-7f9f78024000 r-xp 00000000 08:07 4200061                    /lib/x86_64-linux-gnu/librt-2.19.so
7f9f78024000-7f9f78223000 ---p 00007000 08:07 4200061                    /lib/x86_64-linux-gnu/librt-2.19.so
7f9f78223000-7f9f78224000 r--p 00006000 08:07 4200061                    /lib/x86_64-linux-gnu/librt-2.19.so
7f9f78224000-7f9f78225000 rw-p 00007000 08:07 4200061                    /lib/x86_64-linux-gnu/librt-2.19.so
7f9f78225000-7f9f7823b000 r-xp 00000000 08:07 4223721                    /lib/x86_64-linux-gnu/libgcc_s.so.1
7f9f7823b000-7f9f7843a000 ---p 00016000 08:07 4223721                    /lib/x86_64-linux-gnu/libgcc_s.so.1
7f9f7843a000-7f9f7843b000 rw-p 00015000 08:07 4223721                    /lib/x86_64-linux-gnu/libgcc_s.so.1
7f9f7843b000-7f9f78540000 r-xp 00000000 08:07 4198343                    /lib/x86_64-linux-gnu/libm-2.19.so
7f9f78540000-7f9f7873f000 ---p 00105000 08:07 4198343                    /lib/x86_64-linux-gnu/libm-2.19.so
7f9f7873f000-7f9f78740000 r--p 00104000 08:07 4198343                    /lib/x86_64-linux-gnu/libm-2.19.so
7f9f78740000-7f9f78741000 rw-p 00105000 08:07 4198343                    /lib/x86_64-linux-gnu/libm-2.19.so
7f9f78741000-7f9f78827000 r-xp 00000000 08:07 1052838                    /usr/lib/x86_64-linux-gnu/libstdc++.so.6.0.19
7f9f78827000-7f9f78a26000 ---p 000e6000 08:07 1052838                    /usr/lib/x86_64-linux-gnu/libstdc++.so.6.0.19
7f9f78a26000-7f9f78a2e000 r--p 000e5000 08:07 1052838                    /usr/lib/x86_64-linux-gnu/libstdc++.so.6.0.19
7f9f78a2e000-7f9f78a30000 rw-p 000ed000 08:07 1052838                    /usr/lib/x86_64-linux-gnu/libstdc++.so.6.0.19
7f9f78a30000-7f9f78a45000 rw-p 00000000 00:00 0 
7f9f78a45000-7f9f79569000 r-xp 00000000 08:07 3149035                    /usr/lib/jvm/java-7-openjdk-amd64/jre/lib/amd64/server/libjvm.so
7f9f79569000-7f9f79769000 ---p 00b24000 08:07 3149035                    /usr/lib/jvm/java-7-openjdk-amd64/jre/lib/amd64/server/libjvm.so
7f9f79769000-7f9f79803000 r--p 00b24000 08:07 3149035                    /usr/lib/jvm/java-7-openjdk-amd64/jre/lib/amd64/server/libjvm.so
7f9f79803000-7f9f79826000 rw-p 00bbe000 08:07 3149035                    /usr/lib/jvm/java-7-openjdk-amd64/jre/lib/amd64/server/libjvm.so
7f9f79826000-7f9f79854000 rw-p 00000000 00:00 0 
7f9f79854000-7f9f7986c000 r-xp 00000000 08:07 4198526                    /lib/x86_64-linux-gnu/libz.so.1.2.8
7f9f7986c000-7f9f79a6b000 ---p 00018000 08:07 4198526                    /lib/x86_64-linux-gnu/libz.so.1.2.8
7f9f79a6b000-7f9f79a6c000 r--p 00017000 08:07 4198526                    /lib/x86_64-linux-gnu/libz.so.1.2.8
7f9f79a6c000-7f9f79a6d000 rw-p 00018000 08:07 4198526                    /lib/x86_64-linux-gnu/libz.so.1.2.8
7f9f79a6d000-7f9f79a86000 r-xp 00000000 08:07 4200059                    /lib/x86_64-linux-gnu/libpthread-2.19.so
7f9f79a86000-7f9f79c85000 ---p 00019000 08:07 4200059                    /lib/x86_64-linux-gnu/libpthread-2.19.so
7f9f79c85000-7f9f79c86000 r--p 00018000 08:07 4200059                    /lib/x86_64-linux-gnu/libpthread-2.19.so
7f9f79c86000-7f9f79c87000 rw-p 00019000 08:07 4200059                    /lib/x86_64-linux-gnu/libpthread-2.19.so
7f9f79c87000-7f9f79c8b000 rw-p 00000000 00:00 0 
7f9f79c8b000-7f9f79c8e000 r-xp 00000000 08:07 4198451                    /lib/x86_64-linux-gnu/libdl-2.19.so
7f9f79c8e000-7f9f79e8d000 ---p 00003000 08:07 4198451                    /lib/x86_64-linux-gnu/libdl-2.19.so
7f9f79e8d000-7f9f79e8e000 r--p 00002000 08:07 4198451                    /lib/x86_64-linux-gnu/libdl-2.19.so
7f9f79e8e000-7f9f79e8f000 rw-p 00003000 08:07 4198451                    /lib/x86_64-linux-gnu/libdl-2.19.so
7f9f79e8f000-7f9f7a04a000 r-xp 00000000 08:07 4200058                    /lib/x86_64-linux-gnu/libc-2.19.so
7f9f7a04a000-7f9f7a249000 ---p 001bb000 08:07 4200058                    /lib/x86_64-linux-gnu/libc-2.19.so
7f9f7a249000-7f9f7a24d000 r--p 001ba000 08:07 4200058                    /lib/x86_64-linux-gnu/libc-2.19.so
7f9f7a24d000-7f9f7a24f000 rw-p 001be000 08:07 4200058                    /lib/x86_64-linux-gnu/libc-2.19.so
7f9f7a24f000-7f9f7a254000 rw-p 00000000 00:00 0 
7f9f7a254000-7f9f7a261000 r-xp 00000000 08:07 3149046                    /usr/lib/jvm/java-7-openjdk-amd64/jre/lib/amd64/jli/libjli.so
7f9f7a261000-7f9f7a460000 ---p 0000d000 08:07 3149046                    /usr/lib/jvm/java-7-openjdk-amd64/jre/lib/amd64/jli/libjli.so
7f9f7a460000-7f9f7a461000 r--p 0000c000 08:07 3149046                    /usr/lib/jvm/java-7-openjdk-amd64/jre/lib/amd64/jli/libjli.so
7f9f7a461000-7f9f7a462000 rw-p 0000d000 08:07 3149046                    /usr/lib/jvm/java-7-openjdk-amd64/jre/lib/amd64/jli/libjli.so
7f9f7a462000-7f9f7a485000 r-xp 00000000 08:07 4200046                    /lib/x86_64-linux-gnu/ld-2.19.so
7f9f7a485000-7f9f7a4ae000 rw-p 00000000 00:00 0 
7f9f7a4ae000-7f9f7a55e000 rw-p 00000000 00:00 0 
7f9f7a55e000-7f9f7a561000 ---p 00000000 00:00 0 
7f9f7a561000-7f9f7a664000 rw-p 00000000 00:00 0                          [stack:24022]
7f9f7a664000-7f9f7a665000 r--s 00002000 08:07 3149003                    /usr/lib/jvm/java-7-openjdk-amd64/jre/lib/ext/dnsns.jar
7f9f7a665000-7f9f7a669000 r--s 00085000 08:07 3148999                    /usr/lib/jvm/java-7-openjdk-amd64/jre/lib/ext/localedata.jar
7f9f7a669000-7f9f7a66b000 r--s 00012000 08:07 3148998                    /usr/lib/jvm/java-7-openjdk-amd64/jre/lib/ext/zipfs.jar
7f9f7a66b000-7f9f7a66f000 r--s 0003c000 08:07 3149002                    /usr/lib/jvm/java-7-openjdk-amd64/jre/lib/ext/sunpkcs11.jar
7f9f7a66f000-7f9f7a671000 r--s 00006000 08:07 1456370                    /usr/share/java/java-atk-wrapper.jar
7f9f7a671000-7f9f7a675000 r--s 00034000 08:07 3149001                    /usr/lib/jvm/java-7-openjdk-amd64/jre/lib/ext/sunjce_provider.jar
7f9f7a675000-7f9f7a678000 r--s 0000f000 08:07 3149000                    /usr/lib/jvm/java-7-openjdk-amd64/jre/lib/ext/icedtea-sound.jar
7f9f7a678000-7f9f7a680000 rw-s 00000000 08:07 537639                     /tmp/hsperfdata_sanket/24016
7f9f7a680000-7f9f7a681000 rw-p 00000000 00:00 0 
7f9f7a681000-7f9f7a682000 ---p 00000000 00:00 0 
7f9f7a682000-7f9f7a684000 rw-p 00000000 00:00 0 
7f9f7a684000-7f9f7a685000 r--p 00022000 08:07 4200046                    /lib/x86_64-linux-gnu/ld-2.19.so
7f9f7a685000-7f9f7a686000 rw-p 00023000 08:07 4200046                    /lib/x86_64-linux-gnu/ld-2.19.so
7f9f7a686000-7f9f7a687000 rw-p 00000000 00:00 0 
7ffe12691000-7ffe126b3000 rw-p 00000000 00:00 0                          [stack]
7ffe1273c000-7ffe1273e000 r-xp 00000000 00:00 0                          [vdso]
ffffffffff600000-ffffffffff601000 r-xp 00000000 00:00 0                  [vsyscall]

VM Arguments:
jvm_args: -Xmx1024M -Dfile.encoding=UTF-8 -Duser.country=US -Duser.language=en -Duser.variant 
java_command: com.android.dx.command.Main --dex --num-threads=4 --output /home/sanket/lokavidyaapp/app/build/intermediates/dex/debug /home/sanket/lokavidyaapp/app/build/intermediates/classes/debug /home/sanket/lokavidyaapp/app/build/intermediates/pre-dexed/debug/javax.inject-1-0b64f9413fa3755ee930a0fd931b6f28fcfd1ba8.jar /home/sanket/lokavidyaapp/app/build/intermediates/pre-dexed/debug/support-annotations-23.0.0-41a437c02f7a6970c95c376ed6bdd70acb20bd01.jar /home/sanket/lokavidyaapp/app/build/intermediates/pre-dexed/debug/javawriter-2.5.0-3a8d508bc10837ab8cbcf85fe449bc3dec7561df.jar /home/sanket/lokavidyaapp/app/build/intermediates/pre-dexed/debug/classes-9946c7561ec486b51eee390f106f62bd579179b7.jar /home/sanket/lokavidyaapp/app/build/intermediates/pre-dexed/debug/classes-933ffedcad5cb31d6ab3ccf7ef238196230202d9.jar /home/sanket/lokavidyaapp/app/build/intermediates/pre-dexed/debug/classes-3e3f061d8e3b328eb2bc8ba78f255a7e21c5d841.jar /home/sanket/lokavidyaapp/app/build/intermediates/pre-dexed/debug/okhttp-urlconnection-2.2.0-976743ddad9a3ef9722483664b09ec90ad5f909c.jar /home/sanket/lokavidyaapp/app/build/intermediates/pre-dexed/debug/butterknife-5.1.2-b3d4f342f7177b4c045966065578a25e60c3253d.jar /home/sanket/lokavidyaapp/app/build/intermediates/pre-dexed/debug/dagger-1.2.2-535aaddd739252e164b51798e401f84fb8e1be12.jar /home/sanket/lokavidyaapp/app/build/intermediates/pre-dexed/debug/classes-5c544c235141166f4ac169edb86c17617b49dabd.jar /home/sanket/lokavidyaapp/app/build/intermediates/pre-dexed/debug/okio-1.3.0-0142cacad9fb31a4c96c9dd698abb91efe6d30a0.jar /home/sanket/lokavidyaapp/app/build/intermediates/pre-dexed/debug/dagger-compiler-1.2.2-7be9a82b60fc011b33e043a701870302c8455329.jar /home/sanket/lokavidyaapp/app/build/intermediates/pre-dexed/debug/classes-19aa64ff8b564cc1eca1761211721def1ec26b92.jar /home/sanket/lokavidyaapp/app/build/intermediates/pre-dexed/debug/picasso-2.4.0-49da5b14e642f5132d25b7fb3fef55bb03b48420.jar /home/sanket/lokavidyaapp/app/build/interme
Launcher Type: SUN_STANDARD

Environment Variables:
PATH=/home/sanket/bin:/usr/local/sbin:/usr/local/bin:/usr/sbin:/usr/bin:/sbin:/bin:/usr/games:/usr/local/games
SHELL=/bin/bash
DISPLAY=:0

Signal Handlers:
SIGSEGV: [libjvm.so+0x9548f0], sa_mask[0]=0x7ffbfeff, sa_flags=0x10000004
SIGBUS: [libjvm.so+0x9548f0], sa_mask[0]=0x7ffbfeff, sa_flags=0x10000004
SIGFPE: [libjvm.so+0x7cb0b0], sa_mask[0]=0x7ffbfeff, sa_flags=0x10000004
SIGPIPE: [libjvm.so+0x7cb0b0], sa_mask[0]=0x7ffbfeff, sa_flags=0x10000004
SIGXFSZ: [libjvm.so+0x7cb0b0], sa_mask[0]=0x7ffbfeff, sa_flags=0x10000004
SIGILL: [libjvm.so+0x7cb0b0], sa_mask[0]=0x7ffbfeff, sa_flags=0x10000004
SIGUSR1: SIG_DFL, sa_mask[0]=0x00000000, sa_flags=0x00000000
SIGUSR2: [libjvm.so+0x7caf50], sa_mask[0]=0x00000004, sa_flags=0x10000004
SIGHUP: [libjvm.so+0x7cb130], sa_mask[0]=0x7ffbfeff, sa_flags=0x10000004
SIGINT: [libjvm.so+0x7cb130], sa_mask[0]=0x7ffbfeff, sa_flags=0x10000004
SIGTERM: [libjvm.so+0x7cb130], sa_mask[0]=0x7ffbfeff, sa_flags=0x10000004
SIGQUIT: [libjvm.so+0x7cb130], sa_mask[0]=0x7ffbfeff, sa_flags=0x10000004
SIGTRAP: SIG_DFL, sa_mask[0]=0x00000000, sa_flags=0x00000000


---------------  S Y S T E M  ---------------

OS:Ubuntu 14.04 (trusty)
uname:Linux 3.13.0-76-generic #120-Ubuntu SMP Mon Jan 18 15:59:10 UTC 2016 x86_64
libc:glibc 2.19 NPTL 2.19 
rlimit: STACK 8192k, CORE 0k, NPROC 30418, NOFILE 4096, AS infinity
load average:4.89 2.04 1.15

/proc/meminfo:
MemTotal:        3950084 kB
MemFree:          111092 kB
Buffers:             472 kB
Cached:           381612 kB
SwapCached:            0 kB
Active:          3299760 kB
Inactive:         376900 kB
Active(anon):    3297792 kB
Inactive(anon):   347044 kB
Active(file):       1968 kB
Inactive(file):    29856 kB
Unevictable:          48 kB
Mlocked:              48 kB
SwapTotal:             0 kB
SwapFree:              0 kB
Dirty:               288 kB
Writeback:             0 kB
AnonPages:       3294844 kB
Mapped:            60688 kB
Shmem:            350040 kB
Slab:              66804 kB
SReclaimable:      31660 kB
SUnreclaim:        35144 kB
KernelStack:        4784 kB
PageTables:        35084 kB
NFS_Unstable:          0 kB
Bounce:                0 kB
WritebackTmp:          0 kB
CommitLimit:     1975040 kB
Committed_AS:    7393648 kB
VmallocTotal:   34359738367 kB
VmallocUsed:      348368 kB
VmallocChunk:   34359289212 kB
HardwareCorrupted:     0 kB
AnonHugePages:   1599488 kB
HugePages_Total:       0
HugePages_Free:        0
HugePages_Rsvd:        0
HugePages_Surp:        0
Hugepagesize:       2048 kB
DirectMap4k:      104828 kB
DirectMap2M:     2942976 kB
DirectMap1G:     1048576 kB


CPU:total 4 (2 cores per cpu, 2 threads per core) family 6 model 69 stepping 1, cmov, cx8, fxsr, mmx, sse, sse2, sse3, ssse3, sse4.1, sse4.2, popcnt, avx, avx2, aes, erms, ht, tsc, tscinvbit

/proc/cpuinfo:
processor	: 0
vendor_id	: GenuineIntel
cpu family	: 6
model		: 69
model name	: Intel(R) Core(TM) i5-4210U CPU @ 1.70GHz
stepping	: 1
microcode	: 0x17
cpu MHz		: 1701.000
cache size	: 3072 KB
physical id	: 0
siblings	: 4
core id		: 0
cpu cores	: 2
apicid		: 0
initial apicid	: 0
fpu		: yes
fpu_exception	: yes
cpuid level	: 13
wp		: yes
flags		: fpu vme de pse tsc msr pae mce cx8 apic sep mtrr pge mca cmov pat pse36 clflush dts acpi mmx fxsr sse sse2 ss ht tm pbe syscall nx pdpe1gb rdtscp lm constant_tsc arch_perfmon pebs bts rep_good nopl xtopology nonstop_tsc aperfmperf eagerfpu pni pclmulqdq dtes64 monitor ds_cpl vmx est tm2 ssse3 fma cx16 xtpr pdcm pcid sse4_1 sse4_2 movbe popcnt tsc_deadline_timer aes xsave avx f16c rdrand lahf_lm abm ida arat epb xsaveopt pln pts dtherm tpr_shadow vnmi flexpriority ept vpid fsgsbase tsc_adjust bmi1 avx2 smep bmi2 erms invpcid
bogomips	: 3391.96
clflush size	: 64
cache_alignment	: 64
address sizes	: 39 bits physical, 48 bits virtual
power management:

processor	: 1
vendor_id	: GenuineIntel
cpu family	: 6
model		: 69
model name	: Intel(R) Core(TM) i5-4210U CPU @ 1.70GHz
stepping	: 1
microcode	: 0x17
cpu MHz		: 1700.000
cache size	: 3072 KB
physical id	: 0
siblings	: 4
core id		: 1
cpu cores	: 2
apicid		: 2
initial apicid	: 2
fpu		: yes
fpu_exception	: yes
cpuid level	: 13
wp		: yes
flags		: fpu vme de pse tsc msr pae mce cx8 apic sep mtrr pge mca cmov pat pse36 clflush dts acpi mmx fxsr sse sse2 ss ht tm pbe syscall nx pdpe1gb rdtscp lm constant_tsc arch_perfmon pebs bts rep_good nopl xtopology nonstop_tsc aperfmperf eagerfpu pni pclmulqdq dtes64 monitor ds_cpl vmx est tm2 ssse3 fma cx16 xtpr pdcm pcid sse4_1 sse4_2 movbe popcnt tsc_deadline_timer aes xsave avx f16c rdrand lahf_lm abm ida arat epb xsaveopt pln pts dtherm tpr_shadow vnmi flexpriority ept vpid fsgsbase tsc_adjust bmi1 avx2 smep bmi2 erms invpcid
bogomips	: 3391.96
clflush size	: 64
cache_alignment	: 64
address sizes	: 39 bits physical, 48 bits virtual
power management:

processor	: 2
vendor_id	: GenuineIntel
cpu family	: 6
model		: 69
model name	: Intel(R) Core(TM) i5-4210U CPU @ 1.70GHz
stepping	: 1
microcode	: 0x17
cpu MHz		: 782.000
cache size	: 3072 KB
physical id	: 0
siblings	: 4
core id		: 0
cpu cores	: 2
apicid		: 1
initial apicid	: 1
fpu		: yes
fpu_exception	: yes
cpuid level	: 13
wp		: yes
flags		: fpu vme de pse tsc msr pae mce cx8 apic sep mtrr pge mca cmov pat pse36 clflush dts acpi mmx fxsr sse sse2 ss ht tm pbe syscall nx pdpe1gb rdtscp lm constant_tsc arch_perfmon pebs bts rep_good nopl xtopology nonstop_tsc aperfmperf eagerfpu pni pclmulqdq dtes64 monitor ds_cpl vmx est tm2 ssse3 fma cx16 xtpr pdcm pcid sse4_1 sse4_2 movbe popcnt tsc_deadline_timer aes xsave avx f16c rdrand lahf_lm abm ida arat epb xsaveopt pln pts dtherm tpr_shadow vnmi flexpriority ept vpid fsgsbase tsc_adjust bmi1 avx2 smep bmi2 erms invpcid
bogomips	: 3391.96
clflush size	: 64
cache_alignment	: 64
address sizes	: 39 bits physical, 48 bits virtual
power management:

processor	: 3
vendor_id	: GenuineIntel
cpu family	: 6
model		: 69
model name	: Intel(R) Core(TM) i5-4210U CPU @ 1.70GHz
stepping	: 1
microcode	: 0x17
cpu MHz		: 1700.000
cache size	: 3072 KB
physical id	: 0
siblings	: 4
core id		: 1
cpu cores	: 2
apicid		: 3
initial apicid	: 3
fpu		: yes
fpu_exception	: yes
cpuid level	: 13
wp		: yes
flags		: fpu vme de pse tsc msr pae mce cx8 apic sep mtrr pge mca cmov pat pse36 clflush dts acpi mmx fxsr sse sse2 ss ht tm pbe syscall nx pdpe1gb rdtscp lm constant_tsc arch_perfmon pebs bts rep_good nopl xtopology nonstop_tsc aperfmperf eagerfpu pni pclmulqdq dtes64 monitor ds_cpl vmx est tm2 ssse3 fma cx16 xtpr pdcm pcid sse4_1 sse4_2 movbe popcnt tsc_deadline_timer aes xsave avx f16c rdrand lahf_lm abm ida arat epb xsaveopt pln pts dtherm tpr_shadow vnmi flexpriority ept vpid fsgsbase tsc_adjust bmi1 avx2 smep bmi2 erms invpcid
bogomips	: 3391.96
clflush size	: 64
cache_alignment	: 64
address sizes	: 39 bits physical, 48 bits virtual
power management:



Memory: 4k page, physical 3950084k(111092k free), swap 0k(0k free)

vm_info: OpenJDK 64-Bit Server VM (24.91-b01) for linux-amd64 JRE (1.7.0_91-b02), built on Nov 19 2015 06:14:37 by "buildd" with gcc 4.8.2

time: Thu Feb  4 12:44:25 2016
elapsed time: 18 seconds

