#
# There is insufficient memory for the Java Runtime Environment to continue.
# Native memory allocation (malloc) failed to allocate 124780544 bytes for committing reserved memory.
# Possible reasons:
#   The system is out of physical RAM or swap space
#   In 32 bit mode, the process size limit was hit
# Possible solutions:
#   Reduce memory load on the system
#   Increase physical memory or swap space
#   Check if swap backing store is full
#   Use 64 bit Java on a 64 bit OS
#   Decrease Java heap size (-Xmx/-Xms)
#   Decrease number of Java threads
#   Decrease Java thread stack sizes (-Xss)
#   Set larger code cache with -XX:ReservedCodeCacheSize=
# This output file may be truncated or incomplete.
#
#  Out of Memory Error (os_linux.cpp:2827), pid=9413, tid=139845614700288
#
# JRE version: OpenJDK Runtime Environment (7.0_91-b02) (build 1.7.0_91-b02)
# Java VM: OpenJDK 64-Bit Server VM (24.91-b01 mixed mode linux-amd64 compressed oops)
# Derivative: IcedTea 2.6.3
# Distribution: Ubuntu 14.04 LTS, package 7u91-2.6.3-0ubuntu0.14.04.1
# Failed to write core dump. Core dumps have been disabled. To enable core dumping, try "ulimit -c unlimited" before starting Java again
#

---------------  T H R E A D  ---------------

Current thread (0x00007f3054077000):  VMThread [stack: 0x00007f3058200000,0x00007f3058301000] [id=9422]

Stack: [0x00007f3058200000,0x00007f3058301000],  sp=0x00007f30582ff490,  free space=1021k
Native frames: (J=compiled Java code, j=interpreted, Vv=VM code, C=native code)
V  [libjvm.so+0x953e15]  VMError::report_and_die()+0x175
V  [libjvm.so+0x48fd94]  report_vm_out_of_memory(char const*, int, unsigned long, char const*)+0x74
V  [libjvm.so+0x7cf87b]  os::pd_commit_memory(char*, unsigned long, unsigned long, bool)+0xeb
V  [libjvm.so+0x7ca33f]  os::commit_memory(char*, unsigned long, unsigned long, bool)+0x1f
V  [libjvm.so+0x83dacb]  PSVirtualSpace::expand_by(unsigned long)+0x5b
V  [libjvm.so+0x83e930]  PSYoungGen::resize_generation(unsigned long, unsigned long)+0xb0
V  [libjvm.so+0x83f01b]  PSYoungGen::resize(unsigned long, unsigned long)+0x1b
V  [libjvm.so+0x83b258]  PSScavenge::invoke_no_policy()+0xd68
V  [libjvm.so+0x83bac8]  PSScavenge::invoke()+0x38
V  [libjvm.so+0x7f2083]  ParallelScavengeHeap::failed_mem_allocate(unsigned long)+0x63
V  [libjvm.so+0x955814]  VM_ParallelGCFailedAllocation::doit()+0x84
V  [libjvm.so+0x959917]  VM_Operation::evaluate()+0x47
V  [libjvm.so+0x9583d8]  VMThread::evaluate_operation(VM_Operation*)+0x318
V  [libjvm.so+0x958839]  VMThread::loop()+0x219
V  [libjvm.so+0x958c82]  VMThread::run()+0x72
V  [libjvm.so+0x7cc742]  java_start(Thread*)+0xf2

VM_Operation (0x00007f305d4c2360): ParallelGCFailedAllocation, mode: safepoint, requested by thread 0x00007f305400b800


---------------  P R O C E S S  ---------------

Java Threads: ( => current thread )
  0x00007f30540b0800 JavaThread "Service Thread" daemon [_thread_blocked, id=9428, stack(0x00007f304dee9000,0x00007f304dfea000)]
  0x00007f30540ae800 JavaThread "C2 CompilerThread1" daemon [_thread_blocked, id=9427, stack(0x00007f304dfea000,0x00007f304e0eb000)]
  0x00007f30540ab800 JavaThread "C2 CompilerThread0" daemon [_thread_blocked, id=9426, stack(0x00007f304e0eb000,0x00007f304e1ec000)]
  0x00007f30540a9000 JavaThread "Signal Dispatcher" daemon [_thread_blocked, id=9425, stack(0x00007f304e1ec000,0x00007f304e2ed000)]
  0x00007f305407d800 JavaThread "Finalizer" daemon [_thread_blocked, id=9424, stack(0x00007f304e9cf000,0x00007f304ead0000)]
  0x00007f305407b800 JavaThread "Reference Handler" daemon [_thread_blocked, id=9423, stack(0x00007f30580ff000,0x00007f3058200000)]
  0x00007f305400b800 JavaThread "main" [_thread_blocked, id=9417, stack(0x00007f305d3c3000,0x00007f305d4c4000)]

Other Threads:
=>0x00007f3054077000 VMThread [stack: 0x00007f3058200000,0x00007f3058301000] [id=9422]
  0x00007f30540bb800 WatcherThread [stack: 0x00007f304dde8000,0x00007f304dee9000] [id=9429]

VM state:at safepoint (normal execution)

VM Mutex/Monitor currently owned by a thread:  ([mutex/lock_event])
[0x00007f3054007da0] Threads_lock - owner thread: 0x00007f3054077000
[0x00007f30540082a0] Heap_lock - owner thread: 0x00007f305400b800

Heap
 PSYoungGen      total 214016K, used 13800K [0x00000000eaa80000, 0x00000000f8900000, 0x0000000100000000)
  eden space 200192K, 0% used [0x00000000eaa80000,0x00000000eaa80000,0x00000000f6e00000)
  from space 13824K, 99% used [0x00000000f6e00000,0x00000000f7b7a0a8,0x00000000f7b80000)
  to   space 13312K, 0% used [0x00000000f7c00000,0x00000000f7c00000,0x00000000f8900000)
 ParOldGen       total 56832K, used 43685K [0x00000000c0000000, 0x00000000c3780000, 0x00000000eaa80000)
  object space 56832K, 76% used [0x00000000c0000000,0x00000000c2aa9480,0x00000000c3780000)
 PSPermGen       total 21504K, used 7707K [0x00000000b5a00000, 0x00000000b6f00000, 0x00000000c0000000)
  object space 21504K, 35% used [0x00000000b5a00000,0x00000000b6186e70,0x00000000b6f00000)

Card table byte_map: [0x00007f3059da9000,0x00007f3059ffd000] byte_map_base: 0x00007f30597fc000

Polling page: 0x00007f305d4e6000

Code Cache  [0x00007f3051000000, 0x00007f30513e0000, 0x00007f3054000000)
 total_blobs=1498 nmethods=1244 adapters=207 free_code_cache=45267Kb largest_free_block=46282688

Compilation events (10 events):
Event: 8.443 Thread 0x00007f30540ae800 1268             com.android.dx.io.instructions.InstructionCodec$22::decode (37 bytes)
Event: 8.443 Thread 0x00007f30540ab800 1269             com.android.dx.io.instructions.InstructionCodec$22::encode (31 bytes)
Event: 8.445 Thread 0x00007f30540ab800 nmethod 1269 0x00007f30513cecd0 code [0x00007f30513cee40, 0x00007f30513cf098]
Event: 8.445 Thread 0x00007f30540ab800 1270             com.android.dx.io.instructions.DecodedInstruction::getLiteralInt (53 bytes)
Event: 8.446 Thread 0x00007f30540ab800 nmethod 1270 0x00007f3051316690 code [0x00007f30513167c0, 0x00007f3051316838]
Event: 8.447 Thread 0x00007f30540ae800 nmethod 1268 0x00007f30513ce690 code [0x00007f30513ce800, 0x00007f30513cea58]
Event: 8.620 Thread 0x00007f30540ab800 1271             java.util.ComparableTimSort::gallopLeft (327 bytes)
Event: 8.635 Thread 0x00007f30540ae800 1272 %           java.util.ComparableTimSort::mergeHi @ 174 (716 bytes)
Event: 8.650 Thread 0x00007f30540ab800 nmethod 1271 0x00007f30513d6e10 code [0x00007f30513d70e0, 0x00007f30513d8830]
Event: 8.665 Thread 0x00007f30540ae800 nmethod 1272% 0x00007f30513da210 code [0x00007f30513da460, 0x00007f30513db7c8]

GC Heap History (10 events):
Event: 6.641 GC heap after
Heap after GC invocations=7 (full 0):
 PSYoungGen      total 71168K, used 8703K [0x00000000eaa80000, 0x00000000f4180000, 0x0000000100000000)
  eden space 62464K, 0% used [0x00000000eaa80000,0x00000000eaa80000,0x00000000ee780000)
  from space 8704K, 99% used [0x00000000ee780000,0x00000000eefffc98,0x00000000ef000000)
  to   space 14848K, 0% used [0x00000000f3300000,0x00000000f3300000,0x00000000f4180000)
 ParOldGen       total 40960K, used 26562K [0x00000000c0000000, 0x00000000c2800000, 0x00000000eaa80000)
  object space 40960K, 64% used [0x00000000c0000000,0x00000000c19f0850,0x00000000c2800000)
 PSPermGen       total 21504K, used 7518K [0x00000000b5a00000, 0x00000000b6f00000, 0x00000000c0000000)
  object space 21504K, 34% used [0x00000000b5a00000,0x00000000b6157ab8,0x00000000b6f00000)
}
Event: 7.027 GC heap before
{Heap before GC invocations=8 (full 0):
 PSYoungGen      total 71168K, used 71167K [0x00000000eaa80000, 0x00000000f4180000, 0x0000000100000000)
  eden space 62464K, 100% used [0x00000000eaa80000,0x00000000ee780000,0x00000000ee780000)
  from space 8704K, 99% used [0x00000000ee780000,0x00000000eefffc98,0x00000000ef000000)
  to   space 14848K, 0% used [0x00000000f3300000,0x00000000f3300000,0x00000000f4180000)
 ParOldGen       total 40960K, used 26562K [0x00000000c0000000, 0x00000000c2800000, 0x00000000eaa80000)
  object space 40960K, 64% used [0x00000000c0000000,0x00000000c19f0850,0x00000000c2800000)
 PSPermGen       total 21504K, used 7585K [0x00000000b5a00000, 0x00000000b6f00000, 0x00000000c0000000)
  object space 21504K, 35% used [0x00000000b5a00000,0x00000000b6168508,0x00000000b6f00000)
Event: 7.043 GC heap after
Heap after GC invocations=8 (full 0):
 PSYoungGen      total 139776K, used 9981K [0x00000000eaa80000, 0x00000000f4180000, 0x0000000100000000)
  eden space 124928K, 0% used [0x00000000eaa80000,0x00000000eaa80000,0x00000000f2480000)
  from space 14848K, 67% used [0x00000000f3300000,0x00000000f3cbf558,0x00000000f4180000)
  to   space 14848K, 0% used [0x00000000f2480000,0x00000000f2480000,0x00000000f3300000)
 ParOldGen       total 40960K, used 26975K [0x00000000c0000000, 0x00000000c2800000, 0x00000000eaa80000)
  object space 40960K, 65% used [0x00000000c0000000,0x00000000c1a57d28,0x00000000c2800000)
 PSPermGen       total 21504K, used 7585K [0x00000000b5a00000, 0x00000000b6f00000, 0x00000000c0000000)
  object space 21504K, 35% used [0x00000000b5a00000,0x00000000b6168508,0x00000000b6f00000)
}
Event: 7.664 GC heap before
{Heap before GC invocations=9 (full 0):
 PSYoungGen      total 139776K, used 134909K [0x00000000eaa80000, 0x00000000f4180000, 0x0000000100000000)
  eden space 124928K, 100% used [0x00000000eaa80000,0x00000000f2480000,0x00000000f2480000)
  from space 14848K, 67% used [0x00000000f3300000,0x00000000f3cbf558,0x00000000f4180000)
  to   space 14848K, 0% used [0x00000000f2480000,0x00000000f2480000,0x00000000f3300000)
 ParOldGen       total 40960K, used 26975K [0x00000000c0000000, 0x00000000c2800000, 0x00000000eaa80000)
  object space 40960K, 65% used [0x00000000c0000000,0x00000000c1a57d28,0x00000000c2800000)
 PSPermGen       total 21504K, used 7692K [0x00000000b5a00000, 0x00000000b6f00000, 0x00000000c0000000)
  object space 21504K, 35% used [0x00000000b5a00000,0x00000000b6183340,0x00000000b6f00000)
Event: 7.682 GC heap after
Heap after GC invocations=9 (full 0):
 PSYoungGen      total 139776K, used 8901K [0x00000000eaa80000, 0x00000000f8a00000, 0x0000000100000000)
  eden space 124928K, 0% used [0x00000000eaa80000,0x00000000eaa80000,0x00000000f2480000)
  from space 14848K, 59% used [0x00000000f2480000,0x00000000f2d31480,0x00000000f3300000)
  to   space 14336K, 0% used [0x00000000f7c00000,0x00000000f7c00000,0x00000000f8a00000)
 ParOldGen       total 40960K, used 29472K [0x00000000c0000000, 0x00000000c2800000, 0x00000000eaa80000)
  object space 40960K, 71% used [0x00000000c0000000,0x00000000c1cc8230,0x00000000c2800000)
 PSPermGen       total 21504K, used 7692K [0x00000000b5a00000, 0x00000000b6f00000, 0x00000000c0000000)
  object space 21504K, 35% used [0x00000000b5a00000,0x00000000b6183340,0x00000000b6f00000)
}
Event: 8.036 GC heap before
{Heap before GC invocations=10 (full 0):
 PSYoungGen      total 139776K, used 133829K [0x00000000eaa80000, 0x00000000f8a00000, 0x0000000100000000)
  eden space 124928K, 100% used [0x00000000eaa80000,0x00000000f2480000,0x00000000f2480000)
  from space 14848K, 59% used [0x00000000f2480000,0x00000000f2d31480,0x00000000f3300000)
  to   space 14336K, 0% used [0x00000000f7c00000,0x00000000f7c00000,0x00000000f8a00000)
 ParOldGen       total 40960K, used 29472K [0x00000000c0000000, 0x00000000c2800000, 0x00000000eaa80000)
  object space 40960K, 71% used [0x00000000c0000000,0x00000000c1cc8230,0x00000000c2800000)
 PSPermGen       total 21504K, used 7701K [0x00000000b5a00000, 0x00000000b6f00000, 0x00000000c0000000)
  object space 21504K, 35% used [0x00000000b5a00000,0x00000000b6185688,0x00000000b6f00000)
Event: 8.046 GC heap after
Heap after GC invocations=10 (full 0):
 PSYoungGen      total 213504K, used 8543K [0x00000000eaa80000, 0x00000000f8900000, 0x0000000100000000)
  eden space 200192K, 0% used [0x00000000eaa80000,0x00000000eaa80000,0x00000000f6e00000)
  from space 13312K, 64% used [0x00000000f7c00000,0x00000000f8457ea8,0x00000000f8900000)
  to   space 13824K, 0% used [0x00000000f6e00000,0x00000000f6e00000,0x00000000f7b80000)
 ParOldGen       total 40960K, used 35316K [0x00000000c0000000, 0x00000000c2800000, 0x00000000eaa80000)
  object space 40960K, 86% used [0x00000000c0000000,0x00000000c227d2a8,0x00000000c2800000)
 PSPermGen       total 21504K, used 7701K [0x00000000b5a00000, 0x00000000b6f00000, 0x00000000c0000000)
  object space 21504K, 35% used [0x00000000b5a00000,0x00000000b6185688,0x00000000b6f00000)
}
Event: 8.046 GC heap before
{Heap before GC invocations=11 (full 1):
 PSYoungGen      total 213504K, used 8543K [0x00000000eaa80000, 0x00000000f8900000, 0x0000000100000000)
  eden space 200192K, 0% used [0x00000000eaa80000,0x00000000eaa80000,0x00000000f6e00000)
  from space 13312K, 64% used [0x00000000f7c00000,0x00000000f8457ea8,0x00000000f8900000)
  to   space 13824K, 0% used [0x00000000f6e00000,0x00000000f6e00000,0x00000000f7b80000)
 ParOldGen       total 40960K, used 35316K [0x00000000c0000000, 0x00000000c2800000, 0x00000000eaa80000)
  object space 40960K, 86% used [0x00000000c0000000,0x00000000c227d2a8,0x00000000c2800000)
 PSPermGen       total 21504K, used 7701K [0x00000000b5a00000, 0x00000000b6f00000, 0x00000000c0000000)
  object space 21504K, 35% used [0x00000000b5a00000,0x00000000b6185688,0x00000000b6f00000)
Event: 8.181 GC heap after
Heap after GC invocations=11 (full 1):
 PSYoungGen      total 213504K, used 0K [0x00000000eaa80000, 0x00000000f8900000, 0x0000000100000000)
  eden space 200192K, 0% used [0x00000000eaa80000,0x00000000eaa80000,0x00000000f6e00000)
  from space 13312K, 0% used [0x00000000f7c00000,0x00000000f7c00000,0x00000000f8900000)
  to   space 13824K, 0% used [0x00000000f6e00000,0x00000000f6e00000,0x00000000f7b80000)
 ParOldGen       total 56832K, used 25535K [0x00000000c0000000, 0x00000000c3780000, 0x00000000eaa80000)
  object space 56832K, 44% used [0x00000000c0000000,0x00000000c18effb8,0x00000000c3780000)
 PSPermGen       total 21504K, used 7697K [0x00000000b5a00000, 0x00000000b6f00000, 0x00000000c0000000)
  object space 21504K, 35% used [0x00000000b5a00000,0x00000000b61846a8,0x00000000b6f00000)
}
Event: 8.668 GC heap before
{Heap before GC invocations=12 (full 1):
 PSYoungGen      total 213504K, used 200192K [0x00000000eaa80000, 0x00000000f8900000, 0x0000000100000000)
  eden space 200192K, 100% used [0x00000000eaa80000,0x00000000f6e00000,0x00000000f6e00000)
  from space 13312K, 0% used [0x00000000f7c00000,0x00000000f7c00000,0x00000000f8900000)
  to   space 13824K, 0% used [0x00000000f6e00000,0x00000000f6e00000,0x00000000f7b80000)
 ParOldGen       total 56832K, used 25535K [0x00000000c0000000, 0x00000000c3780000, 0x00000000eaa80000)
  object space 56832K, 44% used [0x00000000c0000000,0x00000000c18effb8,0x00000000c3780000)
 PSPermGen       total 21504K, used 7707K [0x00000000b5a00000, 0x00000000b6f00000, 0x00000000c0000000)
  object space 21504K, 35% used [0x00000000b5a00000,0x00000000b6186e70,0x00000000b6f00000)

Deoptimization events (10 events):
Event: 7.812 Thread 0x00007f305400b800 Uncommon trap: reason=unstable_if action=reinterpret pc=0x00007f3051302fd4 method=com.android.dex.Mutf8.encode([BILjava/lang/String;)V @ 24
Event: 7.930 Thread 0x00007f305400b800 Uncommon trap: reason=unstable_if action=reinterpret pc=0x00007f305115134c method=com.android.dex.Mutf8.countBytes(Ljava/lang/String;Z)J @ 28
Event: 7.987 Thread 0x00007f305400b800 Uncommon trap: reason=unstable_if action=reinterpret pc=0x00007f3051148000 method=com.android.dex.Mutf8.countBytes(Ljava/lang/String;Z)J @ 28
Event: 8.212 Thread 0x00007f305400b800 Uncommon trap: reason=unstable_if action=reinterpret pc=0x00007f3051155cec method=com.android.dex.Mutf8.countBytes(Ljava/lang/String;Z)J @ 28
Event: 8.213 Thread 0x00007f305400b800 Uncommon trap: reason=unstable_if action=reinterpret pc=0x00007f30513be6f4 method=com.android.dex.Mutf8.decode(Lcom/android/dex/util/ByteInput;[C)Ljava/lang/String; @ 54
Event: 8.213 Thread 0x00007f305400b800 Uncommon trap: reason=unstable_if action=reinterpret pc=0x00007f3051309858 method=com.android.dex.Mutf8.countBytes(Ljava/lang/String;Z)J @ 35
Event: 8.215 Thread 0x00007f305400b800 Uncommon trap: reason=unstable_if action=reinterpret pc=0x00007f3051062ecc method=com.android.dex.Mutf8.countBytes(Ljava/lang/String;Z)J @ 35
Event: 8.215 Thread 0x00007f305400b800 Uncommon trap: reason=unstable_if action=reinterpret pc=0x00007f305136ec74 method=com.android.dex.Mutf8.encode([BILjava/lang/String;)V @ 31
Event: 8.218 Thread 0x00007f305400b800 Uncommon trap: reason=unstable_if action=reinterpret pc=0x00007f305136e0d8 method=com.android.dex.Mutf8.encode([BILjava/lang/String;)V @ 31
Event: 8.633 Thread 0x00007f305400b800 Uncommon trap: reason=unstable_if action=reinterpret pc=0x00007f3051399ef8 method=java.util.ComparableTimSort.mergeHi(IIII)V @ 569

Internal exceptions (10 events):
Event: 6.142 Thread 0x00007f305400b800 Threw 0x00000000edba4a20 at /build/openjdk-7-zaTxYK/openjdk-7-7u91-2.6.3/build/openjdk/hotspot/src/share/vm/prims/jvm.cpp:1322
Event: 6.142 Thread 0x00007f305400b800 Threw 0x00000000edba86b8 at /build/openjdk-7-zaTxYK/openjdk-7-7u91-2.6.3/build/openjdk/hotspot/src/share/vm/prims/jvm.cpp:1322
Event: 6.143 Thread 0x00007f305400b800 Threw 0x00000000edbac4a0 at /build/openjdk-7-zaTxYK/openjdk-7-7u91-2.6.3/build/openjdk/hotspot/src/share/vm/prims/jvm.cpp:1322
Event: 6.145 Thread 0x00007f305400b800 Threw 0x00000000edbb2488 at /build/openjdk-7-zaTxYK/openjdk-7-7u91-2.6.3/build/openjdk/hotspot/src/share/vm/prims/jvm.cpp:1322
Event: 6.145 Thread 0x00007f305400b800 Threw 0x00000000edbb5fa0 at /build/openjdk-7-zaTxYK/openjdk-7-7u91-2.6.3/build/openjdk/hotspot/src/share/vm/prims/jvm.cpp:1322
Event: 6.146 Thread 0x00007f305400b800 Threw 0x00000000edbb9cb0 at /build/openjdk-7-zaTxYK/openjdk-7-7u91-2.6.3/build/openjdk/hotspot/src/share/vm/prims/jvm.cpp:1322
Event: 6.147 Thread 0x00007f305400b800 Threw 0x00000000edbbd730 at /build/openjdk-7-zaTxYK/openjdk-7-7u91-2.6.3/build/openjdk/hotspot/src/share/vm/prims/jvm.cpp:1322
Event: 6.151 Thread 0x00007f305400b800 Threw 0x00000000edbc51f0 at /build/openjdk-7-zaTxYK/openjdk-7-7u91-2.6.3/build/openjdk/hotspot/src/share/vm/prims/jvm.cpp:1322
Event: 6.151 Thread 0x00007f305400b800 Threw 0x00000000edc07e88 at /build/openjdk-7-zaTxYK/openjdk-7-7u91-2.6.3/build/openjdk/hotspot/src/share/vm/prims/jvm.cpp:1322
Event: 6.741 Thread 0x00007f305400b800 Threw 0x00000000eb8a3a28 at /build/openjdk-7-zaTxYK/openjdk-7-7u91-2.6.3/build/openjdk/hotspot/src/share/vm/prims/jvm.cpp:1322

Events (10 events):
Event: 8.215 Thread 0x00007f305400b800 DEOPT UNPACKING pc=0x00007f3051039445 sp=0x00007f305d4c2428 mode 2
Event: 8.218 Thread 0x00007f305400b800 Uncommon trap: trap_request=0xffffff75 fr.pc=0x00007f305136e0d8
Event: 8.218 Thread 0x00007f305400b800 DEOPT PACKING pc=0x00007f305136e0d8 sp=0x00007f305d4c2450
Event: 8.218 Thread 0x00007f305400b800 DEOPT UNPACKING pc=0x00007f3051039445 sp=0x00007f305d4c2418 mode 2
Event: 8.358 Thread 0x00007f30540ae800 flushing nmethod 0x00007f30513113d0
Event: 8.358 Thread 0x00007f30540ae800 flushing nmethod 0x00007f3051316690
Event: 8.633 Thread 0x00007f305400b800 Uncommon trap: trap_request=0xffffff75 fr.pc=0x00007f3051399ef8
Event: 8.633 Thread 0x00007f305400b800 DEOPT PACKING pc=0x00007f3051399ef8 sp=0x00007f305d4c2360
Event: 8.633 Thread 0x00007f305400b800 DEOPT UNPACKING pc=0x00007f3051039445 sp=0x00007f305d4c2358 mode 2
Event: 8.668 Executing VM operation: ParallelGCFailedAllocation


Dynamic libraries:
00400000-00401000 r-xp 00000000 08:07 3148986                            /usr/lib/jvm/java-7-openjdk-amd64/jre/bin/java
00600000-00601000 r--p 00000000 08:07 3148986                            /usr/lib/jvm/java-7-openjdk-amd64/jre/bin/java
00601000-00602000 rw-p 00001000 08:07 3148986                            /usr/lib/jvm/java-7-openjdk-amd64/jre/bin/java
0251e000-0253f000 rw-p 00000000 00:00 0                                  [heap]
b5a00000-b6f00000 rw-p 00000000 00:00 0 
b6f00000-c0000000 rw-p 00000000 00:00 0 
c0000000-c3780000 rw-p 00000000 00:00 0 
c3780000-eaa80000 rw-p 00000000 00:00 0 
eaa80000-f8900000 rw-p 00000000 00:00 0 
7f3008000000-7f3008030000 rw-p 00000000 00:00 0 
7f3008030000-7f300c000000 ---p 00000000 00:00 0 
7f300c000000-7f300c021000 rw-p 00000000 00:00 0 
7f300c021000-7f3010000000 ---p 00000000 00:00 0 
7f3010000000-7f3010021000 rw-p 00000000 00:00 0 
7f3010021000-7f3014000000 ---p 00000000 00:00 0 
7f3014000000-7f3014037000 rw-p 00000000 00:00 0 
7f3014037000-7f3018000000 ---p 00000000 00:00 0 
7f3018000000-7f3018021000 rw-p 00000000 00:00 0 
7f3018021000-7f301c000000 ---p 00000000 00:00 0 
7f301c000000-7f301c027000 rw-p 00000000 00:00 0 
7f301c027000-7f3020000000 ---p 00000000 00:00 0 
7f3020000000-7f3020e8e000 rw-p 00000000 00:00 0 
7f3020e8e000-7f3024000000 ---p 00000000 00:00 0 
7f3024000000-7f3024021000 rw-p 00000000 00:00 0 
7f3024021000-7f3028000000 ---p 00000000 00:00 0 
7f3028000000-7f3028021000 rw-p 00000000 00:00 0 
7f3028021000-7f302c000000 ---p 00000000 00:00 0 
7f302c000000-7f302d3d7000 rw-p 00000000 00:00 0 
7f302d3d7000-7f3030000000 ---p 00000000 00:00 0 
7f3030000000-7f3030021000 rw-p 00000000 00:00 0 
7f3030021000-7f3034000000 ---p 00000000 00:00 0 
7f3034000000-7f3034021000 rw-p 00000000 00:00 0 
7f3034021000-7f3038000000 ---p 00000000 00:00 0 
7f3038000000-7f3038021000 rw-p 00000000 00:00 0 
7f3038021000-7f303c000000 ---p 00000000 00:00 0 
7f303c000000-7f303c242000 rw-p 00000000 00:00 0 
7f303c242000-7f3040000000 ---p 00000000 00:00 0 
7f3040000000-7f3040021000 rw-p 00000000 00:00 0 
7f3040021000-7f3044000000 ---p 00000000 00:00 0 
7f3044000000-7f3044021000 rw-p 00000000 00:00 0 
7f3044021000-7f3048000000 ---p 00000000 00:00 0 
7f3048000000-7f3048021000 rw-p 00000000 00:00 0 
7f3048021000-7f304c000000 ---p 00000000 00:00 0 
7f304c165000-7f304c1a2000 r-xp 00000000 08:07 4198346                    /lib/x86_64-linux-gnu/libpcre.so.3.13.1
7f304c1a2000-7f304c3a1000 ---p 0003d000 08:07 4198346                    /lib/x86_64-linux-gnu/libpcre.so.3.13.1
7f304c3a1000-7f304c3a2000 r--p 0003c000 08:07 4198346                    /lib/x86_64-linux-gnu/libpcre.so.3.13.1
7f304c3a2000-7f304c3a3000 rw-p 0003d000 08:07 4198346                    /lib/x86_64-linux-gnu/libpcre.so.3.13.1
7f304c3a3000-7f304c3aa000 r-xp 00000000 08:07 1071226                    /usr/lib/x86_64-linux-gnu/libffi.so.6.0.1
7f304c3aa000-7f304c5a9000 ---p 00007000 08:07 1071226                    /usr/lib/x86_64-linux-gnu/libffi.so.6.0.1
7f304c5a9000-7f304c5aa000 r--p 00006000 08:07 1071226                    /usr/lib/x86_64-linux-gnu/libffi.so.6.0.1
7f304c5aa000-7f304c5ab000 rw-p 00007000 08:07 1071226                    /usr/lib/x86_64-linux-gnu/libffi.so.6.0.1
7f304c5ab000-7f304c5c2000 r-xp 00000000 08:07 4198341                    /lib/x86_64-linux-gnu/libresolv-2.19.so
7f304c5c2000-7f304c7c2000 ---p 00017000 08:07 4198341                    /lib/x86_64-linux-gnu/libresolv-2.19.so
7f304c7c2000-7f304c7c3000 r--p 00017000 08:07 4198341                    /lib/x86_64-linux-gnu/libresolv-2.19.so
7f304c7c3000-7f304c7c4000 rw-p 00018000 08:07 4198341                    /lib/x86_64-linux-gnu/libresolv-2.19.so
7f304c7c4000-7f304c7c6000 rw-p 00000000 00:00 0 
7f304c7c6000-7f304c7e6000 r-xp 00000000 08:07 4198493                    /lib/x86_64-linux-gnu/libselinux.so.1
7f304c7e6000-7f304c9e5000 ---p 00020000 08:07 4198493                    /lib/x86_64-linux-gnu/libselinux.so.1
7f304c9e5000-7f304c9e6000 r--p 0001f000 08:07 4198493                    /lib/x86_64-linux-gnu/libselinux.so.1
7f304c9e6000-7f304c9e7000 rw-p 00020000 08:07 4198493                    /lib/x86_64-linux-gnu/libselinux.so.1
7f304c9e7000-7f304c9e9000 rw-p 00000000 00:00 0 
7f304c9e9000-7f304c9ec000 r-xp 00000000 08:07 1048940                    /usr/lib/x86_64-linux-gnu/libgmodule-2.0.so.0.4002.0
7f304c9ec000-7f304cbeb000 ---p 00003000 08:07 1048940                    /usr/lib/x86_64-linux-gnu/libgmodule-2.0.so.0.4002.0
7f304cbeb000-7f304cbec000 r--p 00002000 08:07 1048940                    /usr/lib/x86_64-linux-gnu/libgmodule-2.0.so.0.4002.0
7f304cbec000-7f304cbed000 rw-p 00003000 08:07 1048940                    /usr/lib/x86_64-linux-gnu/libgmodule-2.0.so.0.4002.0
7f304cbed000-7f304ccf3000 r-xp 00000000 08:07 4198308                    /lib/x86_64-linux-gnu/libglib-2.0.so.0.4002.0
7f304ccf3000-7f304cef2000 ---p 00106000 08:07 4198308                    /lib/x86_64-linux-gnu/libglib-2.0.so.0.4002.0
7f304cef2000-7f304cef3000 r--p 00105000 08:07 4198308                    /lib/x86_64-linux-gnu/libglib-2.0.so.0.4002.0
7f304cef3000-7f304cef4000 rw-p 00106000 08:07 4198308                    /lib/x86_64-linux-gnu/libglib-2.0.so.0.4002.0
7f304cef4000-7f304cef5000 rw-p 00000000 00:00 0 
7f304cef5000-7f304cf44000 r-xp 00000000 08:07 1048958                    /usr/lib/x86_64-linux-gnu/libgobject-2.0.so.0.4002.0
7f304cf44000-7f304d144000 ---p 0004f000 08:07 1048958                    /usr/lib/x86_64-linux-gnu/libgobject-2.0.so.0.4002.0
7f304d144000-7f304d145000 r--p 0004f000 08:07 1048958                    /usr/lib/x86_64-linux-gnu/libgobject-2.0.so.0.4002.0
7f304d145000-7f304d146000 rw-p 00050000 08:07 1048958                    /usr/lib/x86_64-linux-gnu/libgobject-2.0.so.0.4002.0
7f304d146000-7f304d2b2000 r-xp 00000000 08:07 1048962                    /usr/lib/x86_64-linux-gnu/libgio-2.0.so.0.4002.0
7f304d2b2000-7f304d4b1000 ---p 0016c000 08:07 1048962                    /usr/lib/x86_64-linux-gnu/libgio-2.0.so.0.4002.0
7f304d4b1000-7f304d4b5000 r--p 0016b000 08:07 1048962                    /usr/lib/x86_64-linux-gnu/libgio-2.0.so.0.4002.0
7f304d4b5000-7f304d4b7000 rw-p 0016f000 08:07 1048962                    /usr/lib/x86_64-linux-gnu/libgio-2.0.so.0.4002.0
7f304d4b7000-7f304d4b9000 rw-p 00000000 00:00 0 
7f304d4b9000-7f304d4d0000 r-xp 00000000 08:07 3149050                    /usr/lib/jvm/java-7-openjdk-amd64/jre/lib/amd64/libnet.so
7f304d4d0000-7f304d6cf000 ---p 00017000 08:07 3149050                    /usr/lib/jvm/java-7-openjdk-amd64/jre/lib/amd64/libnet.so
7f304d6cf000-7f304d6d0000 r--p 00016000 08:07 3149050                    /usr/lib/jvm/java-7-openjdk-amd64/jre/lib/amd64/libnet.so
7f304d6d0000-7f304d6d1000 rw-p 00017000 08:07 3149050                    /usr/lib/jvm/java-7-openjdk-amd64/jre/lib/amd64/libnet.so
7f304d6d1000-7f304d6e1000 r-xp 00000000 08:07 3149013                    /usr/lib/jvm/java-7-openjdk-amd64/jre/lib/amd64/libnio.so
7f304d6e1000-7f304d8e1000 ---p 00010000 08:07 3149013                    /usr/lib/jvm/java-7-openjdk-amd64/jre/lib/amd64/libnio.so
7f304d8e1000-7f304d8e2000 r--p 00010000 08:07 3149013                    /usr/lib/jvm/java-7-openjdk-amd64/jre/lib/amd64/libnio.so
7f304d8e2000-7f304d8e3000 rw-p 00011000 08:07 3149013                    /usr/lib/jvm/java-7-openjdk-amd64/jre/lib/amd64/libnio.so
7f304d8e3000-7f304d8e6000 ---p 00000000 00:00 0 
7f304d8e6000-7f304d9e4000 rw-p 00000000 00:00 0 
7f304d9e4000-7f304d9e7000 ---p 00000000 00:00 0 
7f304d9e7000-7f304dae5000 rw-p 00000000 00:00 0 
7f304dae5000-7f304dae8000 ---p 00000000 00:00 0 
7f304dae8000-7f304dbe6000 rw-p 00000000 00:00 0 
7f304dbe6000-7f304dbe9000 ---p 00000000 00:00 0 
7f304dbe9000-7f304dce7000 rw-p 00000000 00:00 0 
7f304dce7000-7f304dcea000 ---p 00000000 00:00 0 
7f304dcea000-7f304dde8000 rw-p 00000000 00:00 0 
7f304dde8000-7f304dde9000 ---p 00000000 00:00 0 
7f304dde9000-7f304dee9000 rw-p 00000000 00:00 0                          [stack:9429]
7f304dee9000-7f304deec000 ---p 00000000 00:00 0 
7f304deec000-7f304dfea000 rw-p 00000000 00:00 0                          [stack:9428]
7f304dfea000-7f304dfed000 ---p 00000000 00:00 0 
7f304dfed000-7f304e0eb000 rw-p 00000000 00:00 0                          [stack:9427]
7f304e0eb000-7f304e0ee000 ---p 00000000 00:00 0 
7f304e0ee000-7f304e1ec000 rw-p 00000000 00:00 0                          [stack:9426]
7f304e1ec000-7f304e1ef000 ---p 00000000 00:00 0 
7f304e1ef000-7f304e2ed000 rw-p 00000000 00:00 0                          [stack:9425]
7f304e2ed000-7f304e9cf000 r--p 00000000 08:07 1056383                    /usr/lib/locale/locale-archive
7f304e9cf000-7f304e9d2000 ---p 00000000 00:00 0 
7f304e9d2000-7f3051000000 rw-p 00000000 00:00 0                          [stack:9424]
7f3051000000-7f30513e0000 rwxp 00000000 00:00 0 
7f30513e0000-7f3054224000 rw-p 00000000 00:00 0 
7f3054224000-7f3058000000 ---p 00000000 00:00 0 
7f30580eb000-7f30580f0000 r--s 0004e000 08:07 3149062                    /usr/lib/jvm/java-7-openjdk-amd64/jre/lib/jsse.jar
7f30580f0000-7f30580ff000 r--s 000df000 08:07 3419560                    /home/sanket/android-sdks/build-tools/23.0.0/lib/dx.jar
7f30580ff000-7f3058102000 ---p 00000000 00:00 0 
7f3058102000-7f3058200000 rw-p 00000000 00:00 0                          [stack:9423]
7f3058200000-7f3058201000 ---p 00000000 00:00 0 
7f3058201000-7f30592fe000 rw-p 00000000 00:00 0                          [stack:9422]
7f30592fe000-7f30594b0000 r--s 01d2e000 08:07 3149006                    /usr/lib/jvm/java-7-openjdk-amd64/jre/lib/rt.jar
7f30594b0000-7f30597fc000 rw-p 00000000 00:00 0 
7f30597fc000-7f30597fd000 ---p 00000000 00:00 0 
7f30597fd000-7f30598fd000 rw-p 00000000 00:00 0                          [stack:9421]
7f30598fd000-7f30598fe000 ---p 00000000 00:00 0 
7f30598fe000-7f30599fe000 rw-p 00000000 00:00 0                          [stack:9420]
7f30599fe000-7f30599ff000 ---p 00000000 00:00 0 
7f30599ff000-7f3059aff000 rw-p 00000000 00:00 0                          [stack:9419]
7f3059aff000-7f3059b00000 ---p 00000000 00:00 0 
7f3059b00000-7f3059c0b000 rw-p 00000000 00:00 0                          [stack:9418]
7f3059c0b000-7f3059c53000 rw-p 00000000 00:00 0 
7f3059c53000-7f3059c6f000 rw-p 00000000 00:00 0 
7f3059c6f000-7f3059da9000 rw-p 00000000 00:00 0 
7f3059da9000-7f3059db4000 rw-p 00000000 00:00 0 
7f3059db4000-7f3059dfc000 rw-p 00000000 00:00 0 
7f3059dfc000-7f3059e18000 rw-p 00000000 00:00 0 
7f3059e18000-7f3059f51000 rw-p 00000000 00:00 0 
7f3059f51000-7f3059fc1000 rw-p 00000000 00:00 0 
7f3059fc1000-7f3059ffc000 rw-p 00000000 00:00 0 
7f3059ffc000-7f3059ffd000 rw-p 00000000 00:00 0 
7f3059ffd000-7f305a005000 r-xp 00000000 08:07 3149018                    /usr/lib/jvm/java-7-openjdk-amd64/jre/lib/amd64/libzip.so
7f305a005000-7f305a204000 ---p 00008000 08:07 3149018                    /usr/lib/jvm/java-7-openjdk-amd64/jre/lib/amd64/libzip.so
7f305a204000-7f305a205000 r--p 00007000 08:07 3149018                    /usr/lib/jvm/java-7-openjdk-amd64/jre/lib/amd64/libzip.so
7f305a205000-7f305a206000 rw-p 00008000 08:07 3149018                    /usr/lib/jvm/java-7-openjdk-amd64/jre/lib/amd64/libzip.so
7f305a206000-7f305a211000 r-xp 00000000 08:07 4198440                    /lib/x86_64-linux-gnu/libnss_files-2.19.so
7f305a211000-7f305a410000 ---p 0000b000 08:07 4198440                    /lib/x86_64-linux-gnu/libnss_files-2.19.so
7f305a410000-7f305a411000 r--p 0000a000 08:07 4198440                    /lib/x86_64-linux-gnu/libnss_files-2.19.so
7f305a411000-7f305a412000 rw-p 0000b000 08:07 4198440                    /lib/x86_64-linux-gnu/libnss_files-2.19.so
7f305a412000-7f305a41d000 r-xp 00000000 08:07 4200064                    /lib/x86_64-linux-gnu/libnss_nis-2.19.so
7f305a41d000-7f305a61c000 ---p 0000b000 08:07 4200064                    /lib/x86_64-linux-gnu/libnss_nis-2.19.so
7f305a61c000-7f305a61d000 r--p 0000a000 08:07 4200064                    /lib/x86_64-linux-gnu/libnss_nis-2.19.so
7f305a61d000-7f305a61e000 rw-p 0000b000 08:07 4200064                    /lib/x86_64-linux-gnu/libnss_nis-2.19.so
7f305a61e000-7f305a635000 r-xp 00000000 08:07 4199530                    /lib/x86_64-linux-gnu/libnsl-2.19.so
7f305a635000-7f305a834000 ---p 00017000 08:07 4199530                    /lib/x86_64-linux-gnu/libnsl-2.19.so
7f305a834000-7f305a835000 r--p 00016000 08:07 4199530                    /lib/x86_64-linux-gnu/libnsl-2.19.so
7f305a835000-7f305a836000 rw-p 00017000 08:07 4199530                    /lib/x86_64-linux-gnu/libnsl-2.19.so
7f305a836000-7f305a838000 rw-p 00000000 00:00 0 
7f305a838000-7f305a841000 r-xp 00000000 08:07 4198482                    /lib/x86_64-linux-gnu/libnss_compat-2.19.so
7f305a841000-7f305aa40000 ---p 00009000 08:07 4198482                    /lib/x86_64-linux-gnu/libnss_compat-2.19.so
7f305aa40000-7f305aa41000 r--p 00008000 08:07 4198482                    /lib/x86_64-linux-gnu/libnss_compat-2.19.so
7f305aa41000-7f305aa42000 rw-p 00009000 08:07 4198482                    /lib/x86_64-linux-gnu/libnss_compat-2.19.so
7f305aa42000-7f305aa6d000 r-xp 00000000 08:07 3149029                    /usr/lib/jvm/java-7-openjdk-amd64/jre/lib/amd64/libjava.so
7f305aa6d000-7f305ac6d000 ---p 0002b000 08:07 3149029                    /usr/lib/jvm/java-7-openjdk-amd64/jre/lib/amd64/libjava.so
7f305ac6d000-7f305ac6e000 r--p 0002b000 08:07 3149029                    /usr/lib/jvm/java-7-openjdk-amd64/jre/lib/amd64/libjava.so
7f305ac6e000-7f305ac70000 rw-p 0002c000 08:07 3149029                    /usr/lib/jvm/java-7-openjdk-amd64/jre/lib/amd64/libjava.so
7f305ac70000-7f305ac80000 r-xp 00000000 08:07 3149045                    /usr/lib/jvm/java-7-openjdk-amd64/jre/lib/amd64/libverify.so
7f305ac80000-7f305ae7f000 ---p 00010000 08:07 3149045                    /usr/lib/jvm/java-7-openjdk-amd64/jre/lib/amd64/libverify.so
7f305ae7f000-7f305ae81000 r--p 0000f000 08:07 3149045                    /usr/lib/jvm/java-7-openjdk-amd64/jre/lib/amd64/libverify.so
7f305ae81000-7f305ae82000 rw-p 00011000 08:07 3149045                    /usr/lib/jvm/java-7-openjdk-amd64/jre/lib/amd64/libverify.so
7f305ae82000-7f305ae89000 r-xp 00000000 08:07 4200061                    /lib/x86_64-linux-gnu/librt-2.19.so
7f305ae89000-7f305b088000 ---p 00007000 08:07 4200061                    /lib/x86_64-linux-gnu/librt-2.19.so
7f305b088000-7f305b089000 r--p 00006000 08:07 4200061                    /lib/x86_64-linux-gnu/librt-2.19.so
7f305b089000-7f305b08a000 rw-p 00007000 08:07 4200061                    /lib/x86_64-linux-gnu/librt-2.19.so
7f305b08a000-7f305b0a0000 r-xp 00000000 08:07 4223721                    /lib/x86_64-linux-gnu/libgcc_s.so.1
7f305b0a0000-7f305b29f000 ---p 00016000 08:07 4223721                    /lib/x86_64-linux-gnu/libgcc_s.so.1
7f305b29f000-7f305b2a0000 rw-p 00015000 08:07 4223721                    /lib/x86_64-linux-gnu/libgcc_s.so.1
7f305b2a0000-7f305b3a5000 r-xp 00000000 08:07 4198343                    /lib/x86_64-linux-gnu/libm-2.19.so
7f305b3a5000-7f305b5a4000 ---p 00105000 08:07 4198343                    /lib/x86_64-linux-gnu/libm-2.19.so
7f305b5a4000-7f305b5a5000 r--p 00104000 08:07 4198343                    /lib/x86_64-linux-gnu/libm-2.19.so
7f305b5a5000-7f305b5a6000 rw-p 00105000 08:07 4198343                    /lib/x86_64-linux-gnu/libm-2.19.so
7f305b5a6000-7f305b68c000 r-xp 00000000 08:07 1052838                    /usr/lib/x86_64-linux-gnu/libstdc++.so.6.0.19
7f305b68c000-7f305b88b000 ---p 000e6000 08:07 1052838                    /usr/lib/x86_64-linux-gnu/libstdc++.so.6.0.19
7f305b88b000-7f305b893000 r--p 000e5000 08:07 1052838                    /usr/lib/x86_64-linux-gnu/libstdc++.so.6.0.19
7f305b893000-7f305b895000 rw-p 000ed000 08:07 1052838                    /usr/lib/x86_64-linux-gnu/libstdc++.so.6.0.19
7f305b895000-7f305b8aa000 rw-p 00000000 00:00 0 
7f305b8aa000-7f305c3ce000 r-xp 00000000 08:07 3149035                    /usr/lib/jvm/java-7-openjdk-amd64/jre/lib/amd64/server/libjvm.so
7f305c3ce000-7f305c5ce000 ---p 00b24000 08:07 3149035                    /usr/lib/jvm/java-7-openjdk-amd64/jre/lib/amd64/server/libjvm.so
7f305c5ce000-7f305c668000 r--p 00b24000 08:07 3149035                    /usr/lib/jvm/java-7-openjdk-amd64/jre/lib/amd64/server/libjvm.so
7f305c668000-7f305c68b000 rw-p 00bbe000 08:07 3149035                    /usr/lib/jvm/java-7-openjdk-amd64/jre/lib/amd64/server/libjvm.so
7f305c68b000-7f305c6b9000 rw-p 00000000 00:00 0 
7f305c6b9000-7f305c6d1000 r-xp 00000000 08:07 4198526                    /lib/x86_64-linux-gnu/libz.so.1.2.8
7f305c6d1000-7f305c8d0000 ---p 00018000 08:07 4198526                    /lib/x86_64-linux-gnu/libz.so.1.2.8
7f305c8d0000-7f305c8d1000 r--p 00017000 08:07 4198526                    /lib/x86_64-linux-gnu/libz.so.1.2.8
7f305c8d1000-7f305c8d2000 rw-p 00018000 08:07 4198526                    /lib/x86_64-linux-gnu/libz.so.1.2.8
7f305c8d2000-7f305c8eb000 r-xp 00000000 08:07 4200059                    /lib/x86_64-linux-gnu/libpthread-2.19.so
7f305c8eb000-7f305caea000 ---p 00019000 08:07 4200059                    /lib/x86_64-linux-gnu/libpthread-2.19.so
7f305caea000-7f305caeb000 r--p 00018000 08:07 4200059                    /lib/x86_64-linux-gnu/libpthread-2.19.so
7f305caeb000-7f305caec000 rw-p 00019000 08:07 4200059                    /lib/x86_64-linux-gnu/libpthread-2.19.so
7f305caec000-7f305caf0000 rw-p 00000000 00:00 0 
7f305caf0000-7f305caf3000 r-xp 00000000 08:07 4198451                    /lib/x86_64-linux-gnu/libdl-2.19.so
7f305caf3000-7f305ccf2000 ---p 00003000 08:07 4198451                    /lib/x86_64-linux-gnu/libdl-2.19.so
7f305ccf2000-7f305ccf3000 r--p 00002000 08:07 4198451                    /lib/x86_64-linux-gnu/libdl-2.19.so
7f305ccf3000-7f305ccf4000 rw-p 00003000 08:07 4198451                    /lib/x86_64-linux-gnu/libdl-2.19.so
7f305ccf4000-7f305ceaf000 r-xp 00000000 08:07 4200058                    /lib/x86_64-linux-gnu/libc-2.19.so
7f305ceaf000-7f305d0ae000 ---p 001bb000 08:07 4200058                    /lib/x86_64-linux-gnu/libc-2.19.so
7f305d0ae000-7f305d0b2000 r--p 001ba000 08:07 4200058                    /lib/x86_64-linux-gnu/libc-2.19.so
7f305d0b2000-7f305d0b4000 rw-p 001be000 08:07 4200058                    /lib/x86_64-linux-gnu/libc-2.19.so
7f305d0b4000-7f305d0b9000 rw-p 00000000 00:00 0 
7f305d0b9000-7f305d0c6000 r-xp 00000000 08:07 3149046                    /usr/lib/jvm/java-7-openjdk-amd64/jre/lib/amd64/jli/libjli.so
7f305d0c6000-7f305d2c5000 ---p 0000d000 08:07 3149046                    /usr/lib/jvm/java-7-openjdk-amd64/jre/lib/amd64/jli/libjli.so
7f305d2c5000-7f305d2c6000 r--p 0000c000 08:07 3149046                    /usr/lib/jvm/java-7-openjdk-amd64/jre/lib/amd64/jli/libjli.so
7f305d2c6000-7f305d2c7000 rw-p 0000d000 08:07 3149046                    /usr/lib/jvm/java-7-openjdk-amd64/jre/lib/amd64/jli/libjli.so
7f305d2c7000-7f305d2ea000 r-xp 00000000 08:07 4200046                    /lib/x86_64-linux-gnu/ld-2.19.so
7f305d2ea000-7f305d313000 rw-p 00000000 00:00 0 
7f305d313000-7f305d3c3000 rw-p 00000000 00:00 0 
7f305d3c3000-7f305d3c6000 ---p 00000000 00:00 0 
7f305d3c6000-7f305d4c9000 rw-p 00000000 00:00 0                          [stack:9417]
7f305d4c9000-7f305d4ca000 r--s 00002000 08:07 3149003                    /usr/lib/jvm/java-7-openjdk-amd64/jre/lib/ext/dnsns.jar
7f305d4ca000-7f305d4ce000 r--s 00085000 08:07 3148999                    /usr/lib/jvm/java-7-openjdk-amd64/jre/lib/ext/localedata.jar
7f305d4ce000-7f305d4d0000 r--s 00012000 08:07 3148998                    /usr/lib/jvm/java-7-openjdk-amd64/jre/lib/ext/zipfs.jar
7f305d4d0000-7f305d4d4000 r--s 0003c000 08:07 3149002                    /usr/lib/jvm/java-7-openjdk-amd64/jre/lib/ext/sunpkcs11.jar
7f305d4d4000-7f305d4d6000 r--s 00006000 08:07 1456370                    /usr/share/java/java-atk-wrapper.jar
7f305d4d6000-7f305d4da000 r--s 00034000 08:07 3149001                    /usr/lib/jvm/java-7-openjdk-amd64/jre/lib/ext/sunjce_provider.jar
7f305d4da000-7f305d4dd000 r--s 0000f000 08:07 3149000                    /usr/lib/jvm/java-7-openjdk-amd64/jre/lib/ext/icedtea-sound.jar
7f305d4dd000-7f305d4e5000 rw-s 00000000 08:07 536859                     /tmp/hsperfdata_sanket/9413
7f305d4e5000-7f305d4e6000 rw-p 00000000 00:00 0 
7f305d4e6000-7f305d4e7000 ---p 00000000 00:00 0 
7f305d4e7000-7f305d4e9000 rw-p 00000000 00:00 0 
7f305d4e9000-7f305d4ea000 r--p 00022000 08:07 4200046                    /lib/x86_64-linux-gnu/ld-2.19.so
7f305d4ea000-7f305d4eb000 rw-p 00023000 08:07 4200046                    /lib/x86_64-linux-gnu/ld-2.19.so
7f305d4eb000-7f305d4ec000 rw-p 00000000 00:00 0 
7ffc7f633000-7ffc7f655000 rw-p 00000000 00:00 0                          [stack]
7ffc7f789000-7ffc7f78b000 r-xp 00000000 00:00 0                          [vdso]
ffffffffff600000-ffffffffff601000 r-xp 00000000 00:00 0                  [vsyscall]

VM Arguments:
jvm_args: -Xmx1024M -Dfile.encoding=UTF-8 -Duser.country=US -Duser.language=en -Duser.variant 
java_command: com.android.dx.command.Main --dex --num-threads=4 --output /home/sanket/lokavidyaapp/app/build/intermediates/dex/debug /home/sanket/lokavidyaapp/app/build/intermediates/classes/debug /home/sanket/lokavidyaapp/app/build/intermediates/pre-dexed/debug/javax.inject-1-0b64f9413fa3755ee930a0fd931b6f28fcfd1ba8.jar /home/sanket/lokavidyaapp/app/build/intermediates/pre-dexed/debug/support-annotations-23.0.0-41a437c02f7a6970c95c376ed6bdd70acb20bd01.jar /home/sanket/lokavidyaapp/app/build/intermediates/pre-dexed/debug/javawriter-2.5.0-3a8d508bc10837ab8cbcf85fe449bc3dec7561df.jar /home/sanket/lokavidyaapp/app/build/intermediates/pre-dexed/debug/classes-9946c7561ec486b51eee390f106f62bd579179b7.jar /home/sanket/lokavidyaapp/app/build/intermediates/pre-dexed/debug/classes-933ffedcad5cb31d6ab3ccf7ef238196230202d9.jar /home/sanket/lokavidyaapp/app/build/intermediates/pre-dexed/debug/classes-3e3f061d8e3b328eb2bc8ba78f255a7e21c5d841.jar /home/sanket/lokavidyaapp/app/build/intermediates/pre-dexed/debug/okhttp-urlconnection-2.2.0-976743ddad9a3ef9722483664b09ec90ad5f909c.jar /home/sanket/lokavidyaapp/app/build/intermediates/pre-dexed/debug/butterknife-5.1.2-b3d4f342f7177b4c045966065578a25e60c3253d.jar /home/sanket/lokavidyaapp/app/build/intermediates/pre-dexed/debug/dagger-1.2.2-535aaddd739252e164b51798e401f84fb8e1be12.jar /home/sanket/lokavidyaapp/app/build/intermediates/pre-dexed/debug/classes-5c544c235141166f4ac169edb86c17617b49dabd.jar /home/sanket/lokavidyaapp/app/build/intermediates/pre-dexed/debug/okio-1.3.0-0142cacad9fb31a4c96c9dd698abb91efe6d30a0.jar /home/sanket/lokavidyaapp/app/build/intermediates/pre-dexed/debug/dagger-compiler-1.2.2-7be9a82b60fc011b33e043a701870302c8455329.jar /home/sanket/lokavidyaapp/app/build/intermediates/pre-dexed/debug/classes-19aa64ff8b564cc1eca1761211721def1ec26b92.jar /home/sanket/lokavidyaapp/app/build/intermediates/pre-dexed/debug/picasso-2.4.0-49da5b14e642f5132d25b7fb3fef55bb03b48420.jar /home/sanket/lokavidyaapp/app/build/interme
Launcher Type: SUN_STANDARD

Environment Variables:
PATH=/home/sanket/bin:/usr/local/sbin:/usr/local/bin:/usr/sbin:/usr/bin:/sbin:/bin:/usr/games:/usr/local/games
SHELL=/bin/bash
DISPLAY=:0

Signal Handlers:
SIGSEGV: [libjvm.so+0x9548f0], sa_mask[0]=0x7ffbfeff, sa_flags=0x10000004
SIGBUS: [libjvm.so+0x9548f0], sa_mask[0]=0x7ffbfeff, sa_flags=0x10000004
SIGFPE: [libjvm.so+0x7cb0b0], sa_mask[0]=0x7ffbfeff, sa_flags=0x10000004
SIGPIPE: [libjvm.so+0x7cb0b0], sa_mask[0]=0x7ffbfeff, sa_flags=0x10000004
SIGXFSZ: [libjvm.so+0x7cb0b0], sa_mask[0]=0x7ffbfeff, sa_flags=0x10000004
SIGILL: [libjvm.so+0x7cb0b0], sa_mask[0]=0x7ffbfeff, sa_flags=0x10000004
SIGUSR1: SIG_DFL, sa_mask[0]=0x00000000, sa_flags=0x00000000
SIGUSR2: [libjvm.so+0x7caf50], sa_mask[0]=0x00000004, sa_flags=0x10000004
SIGHUP: [libjvm.so+0x7cb130], sa_mask[0]=0x7ffbfeff, sa_flags=0x10000004
SIGINT: [libjvm.so+0x7cb130], sa_mask[0]=0x7ffbfeff, sa_flags=0x10000004
SIGTERM: [libjvm.so+0x7cb130], sa_mask[0]=0x7ffbfeff, sa_flags=0x10000004
SIGQUIT: [libjvm.so+0x7cb130], sa_mask[0]=0x7ffbfeff, sa_flags=0x10000004
SIGTRAP: SIG_DFL, sa_mask[0]=0x00000000, sa_flags=0x00000000


---------------  S Y S T E M  ---------------

OS:Ubuntu 14.04 (trusty)
uname:Linux 3.13.0-76-generic #120-Ubuntu SMP Mon Jan 18 15:59:10 UTC 2016 x86_64
libc:glibc 2.19 NPTL 2.19 
rlimit: STACK 8192k, CORE 0k, NPROC 30418, NOFILE 4096, AS infinity
load average:2.26 0.88 0.70

/proc/meminfo:
MemTotal:        3950084 kB
MemFree:          118648 kB
Buffers:            2720 kB
Cached:           360144 kB
SwapCached:            0 kB
Active:          3326304 kB
Inactive:         340616 kB
Active(anon):    3306320 kB
Inactive(anon):   315756 kB
Active(file):      19984 kB
Inactive(file):    24860 kB
Unevictable:          48 kB
Mlocked:              48 kB
SwapTotal:             0 kB
SwapFree:              0 kB
Dirty:               100 kB
Writeback:             4 kB
AnonPages:       3304356 kB
Mapped:            87860 kB
Shmem:            317780 kB
Slab:              67704 kB
SReclaimable:      30400 kB
SUnreclaim:        37304 kB
KernelStack:        4984 kB
PageTables:        38528 kB
NFS_Unstable:          0 kB
Bounce:                0 kB
WritebackTmp:          0 kB
CommitLimit:     1975040 kB
Committed_AS:    7918240 kB
VmallocTotal:   34359738367 kB
VmallocUsed:      348320 kB
VmallocChunk:   34359317884 kB
HardwareCorrupted:     0 kB
AnonHugePages:   2101248 kB
HugePages_Total:       0
HugePages_Free:        0
HugePages_Rsvd:        0
HugePages_Surp:        0
Hugepagesize:       2048 kB
DirectMap4k:       84348 kB
DirectMap2M:     2963456 kB
DirectMap1G:     1048576 kB


CPU:total 4 (2 cores per cpu, 2 threads per core) family 6 model 69 stepping 1, cmov, cx8, fxsr, mmx, sse, sse2, sse3, ssse3, sse4.1, sse4.2, popcnt, avx, avx2, aes, erms, ht, tsc, tscinvbit

/proc/cpuinfo:
processor	: 0
vendor_id	: GenuineIntel
cpu family	: 6
model		: 69
model name	: Intel(R) Core(TM) i5-4210U CPU @ 1.70GHz
stepping	: 1
microcode	: 0x17
cpu MHz		: 782.000
cache size	: 3072 KB
physical id	: 0
siblings	: 4
core id		: 0
cpu cores	: 2
apicid		: 0
initial apicid	: 0
fpu		: yes
fpu_exception	: yes
cpuid level	: 13
wp		: yes
flags		: fpu vme de pse tsc msr pae mce cx8 apic sep mtrr pge mca cmov pat pse36 clflush dts acpi mmx fxsr sse sse2 ss ht tm pbe syscall nx pdpe1gb rdtscp lm constant_tsc arch_perfmon pebs bts rep_good nopl xtopology nonstop_tsc aperfmperf eagerfpu pni pclmulqdq dtes64 monitor ds_cpl vmx est tm2 ssse3 fma cx16 xtpr pdcm pcid sse4_1 sse4_2 movbe popcnt tsc_deadline_timer aes xsave avx f16c rdrand lahf_lm abm ida arat epb xsaveopt pln pts dtherm tpr_shadow vnmi flexpriority ept vpid fsgsbase tsc_adjust bmi1 avx2 smep bmi2 erms invpcid
bogomips	: 3392.30
clflush size	: 64
cache_alignment	: 64
address sizes	: 39 bits physical, 48 bits virtual
power management:

processor	: 1
vendor_id	: GenuineIntel
cpu family	: 6
model		: 69
model name	: Intel(R) Core(TM) i5-4210U CPU @ 1.70GHz
stepping	: 1
microcode	: 0x17
cpu MHz		: 782.000
cache size	: 3072 KB
physical id	: 0
siblings	: 4
core id		: 1
cpu cores	: 2
apicid		: 2
initial apicid	: 2
fpu		: yes
fpu_exception	: yes
cpuid level	: 13
wp		: yes
flags		: fpu vme de pse tsc msr pae mce cx8 apic sep mtrr pge mca cmov pat pse36 clflush dts acpi mmx fxsr sse sse2 ss ht tm pbe syscall nx pdpe1gb rdtscp lm constant_tsc arch_perfmon pebs bts rep_good nopl xtopology nonstop_tsc aperfmperf eagerfpu pni pclmulqdq dtes64 monitor ds_cpl vmx est tm2 ssse3 fma cx16 xtpr pdcm pcid sse4_1 sse4_2 movbe popcnt tsc_deadline_timer aes xsave avx f16c rdrand lahf_lm abm ida arat epb xsaveopt pln pts dtherm tpr_shadow vnmi flexpriority ept vpid fsgsbase tsc_adjust bmi1 avx2 smep bmi2 erms invpcid
bogomips	: 3392.30
clflush size	: 64
cache_alignment	: 64
address sizes	: 39 bits physical, 48 bits virtual
power management:

processor	: 2
vendor_id	: GenuineIntel
cpu family	: 6
model		: 69
model name	: Intel(R) Core(TM) i5-4210U CPU @ 1.70GHz
stepping	: 1
microcode	: 0x17
cpu MHz		: 1700.000
cache size	: 3072 KB
physical id	: 0
siblings	: 4
core id		: 0
cpu cores	: 2
apicid		: 1
initial apicid	: 1
fpu		: yes
fpu_exception	: yes
cpuid level	: 13
wp		: yes
flags		: fpu vme de pse tsc msr pae mce cx8 apic sep mtrr pge mca cmov pat pse36 clflush dts acpi mmx fxsr sse sse2 ss ht tm pbe syscall nx pdpe1gb rdtscp lm constant_tsc arch_perfmon pebs bts rep_good nopl xtopology nonstop_tsc aperfmperf eagerfpu pni pclmulqdq dtes64 monitor ds_cpl vmx est tm2 ssse3 fma cx16 xtpr pdcm pcid sse4_1 sse4_2 movbe popcnt tsc_deadline_timer aes xsave avx f16c rdrand lahf_lm abm ida arat epb xsaveopt pln pts dtherm tpr_shadow vnmi flexpriority ept vpid fsgsbase tsc_adjust bmi1 avx2 smep bmi2 erms invpcid
bogomips	: 3392.30
clflush size	: 64
cache_alignment	: 64
address sizes	: 39 bits physical, 48 bits virtual
power management:

processor	: 3
vendor_id	: GenuineIntel
cpu family	: 6
model		: 69
model name	: Intel(R) Core(TM) i5-4210U CPU @ 1.70GHz
stepping	: 1
microcode	: 0x17
cpu MHz		: 782.000
cache size	: 3072 KB
physical id	: 0
siblings	: 4
core id		: 1
cpu cores	: 2
apicid		: 3
initial apicid	: 3
fpu		: yes
fpu_exception	: yes
cpuid level	: 13
wp		: yes
flags		: fpu vme de pse tsc msr pae mce cx8 apic sep mtrr pge mca cmov pat pse36 clflush dts acpi mmx fxsr sse sse2 ss ht tm pbe syscall nx pdpe1gb rdtscp lm constant_tsc arch_perfmon pebs bts rep_good nopl xtopology nonstop_tsc aperfmperf eagerfpu pni pclmulqdq dtes64 monitor ds_cpl vmx est tm2 ssse3 fma cx16 xtpr pdcm pcid sse4_1 sse4_2 movbe popcnt tsc_deadline_timer aes xsave avx f16c rdrand lahf_lm abm ida arat epb xsaveopt pln pts dtherm tpr_shadow vnmi flexpriority ept vpid fsgsbase tsc_adjust bmi1 avx2 smep bmi2 erms invpcid
bogomips	: 3392.30
clflush size	: 64
cache_alignment	: 64
address sizes	: 39 bits physical, 48 bits virtual
power management:



Memory: 4k page, physical 3950084k(118648k free), swap 0k(0k free)

vm_info: OpenJDK 64-Bit Server VM (24.91-b01) for linux-amd64 JRE (1.7.0_91-b02), built on Nov 19 2015 06:14:37 by "buildd" with gcc 4.8.2

time: Mon Feb  1 16:09:02 2016
elapsed time: 10 seconds

