#
# There is insufficient memory for the Java Runtime Environment to continue.
# Native memory allocation (malloc) failed to allocate 104333312 bytes for committing reserved memory.
# Possible reasons:
#   The system is out of physical RAM or swap space
#   In 32 bit mode, the process size limit was hit
# Possible solutions:
#   Reduce memory load on the system
#   Increase physical memory or swap space
#   Check if swap backing store is full
#   Use 64 bit Java on a 64 bit OS
#   Decrease Java heap size (-Xmx/-Xms)
#   Decrease number of Java threads
#   Decrease Java thread stack sizes (-Xss)
#   Set larger code cache with -XX:ReservedCodeCacheSize=
# This output file may be truncated or incomplete.
#
#  Out of Memory Error (os_linux.cpp:2827), pid=6094, tid=140283317360384
#
# JRE version: OpenJDK Runtime Environment (7.0_91-b02) (build 1.7.0_91-b02)
# Java VM: OpenJDK 64-Bit Server VM (24.91-b01 mixed mode linux-amd64 compressed oops)
# Derivative: IcedTea 2.6.3
# Distribution: Ubuntu 14.04 LTS, package 7u91-2.6.3-0ubuntu0.14.04.1
# Failed to write core dump. Core dumps have been disabled. To enable core dumping, try "ulimit -c unlimited" before starting Java again
#

---------------  T H R E A D  ---------------

Current thread (0x00007f9654078000):  VMThread [stack: 0x00007f96413c9000,0x00007f96414ca000] [id=6104]

Stack: [0x00007f96413c9000,0x00007f96414ca000],  sp=0x00007f96414c8490,  free space=1021k
Native frames: (J=compiled Java code, j=interpreted, Vv=VM code, C=native code)
V  [libjvm.so+0x953e15]  VMError::report_and_die()+0x175
V  [libjvm.so+0x48fd94]  report_vm_out_of_memory(char const*, int, unsigned long, char const*)+0x74
V  [libjvm.so+0x7cf87b]  os::pd_commit_memory(char*, unsigned long, unsigned long, bool)+0xeb
V  [libjvm.so+0x7ca33f]  os::commit_memory(char*, unsigned long, unsigned long, bool)+0x1f
V  [libjvm.so+0x83dacb]  PSVirtualSpace::expand_by(unsigned long)+0x5b
V  [libjvm.so+0x83e930]  PSYoungGen::resize_generation(unsigned long, unsigned long)+0xb0
V  [libjvm.so+0x83f01b]  PSYoungGen::resize(unsigned long, unsigned long)+0x1b
V  [libjvm.so+0x83b258]  PSScavenge::invoke_no_policy()+0xd68
V  [libjvm.so+0x83bac8]  PSScavenge::invoke()+0x38
V  [libjvm.so+0x7f2083]  ParallelScavengeHeap::failed_mem_allocate(unsigned long)+0x63
V  [libjvm.so+0x955814]  VM_ParallelGCFailedAllocation::doit()+0x84
V  [libjvm.so+0x959917]  VM_Operation::evaluate()+0x47
V  [libjvm.so+0x9583d8]  VMThread::evaluate_operation(VM_Operation*)+0x318
V  [libjvm.so+0x958839]  VMThread::loop()+0x219
V  [libjvm.so+0x958c82]  VMThread::run()+0x72
V  [libjvm.so+0x7cc742]  java_start(Thread*)+0xf2

VM_Operation (0x00007f965bc97320): ParallelGCFailedAllocation, mode: safepoint, requested by thread 0x00007f965400c800


---------------  P R O C E S S  ---------------

Java Threads: ( => current thread )
  0x00007f96540b1800 JavaThread "Service Thread" daemon [_thread_blocked, id=6110, stack(0x00007f96406e1000,0x00007f96407e2000)]
  0x00007f96540af000 JavaThread "C2 CompilerThread1" daemon [_thread_blocked, id=6109, stack(0x00007f96407e2000,0x00007f96408e3000)]
  0x00007f96540ac000 JavaThread "C2 CompilerThread0" daemon [_thread_blocked, id=6108, stack(0x00007f96408e3000,0x00007f96409e4000)]
  0x00007f96540aa000 JavaThread "Signal Dispatcher" daemon [_thread_blocked, id=6107, stack(0x00007f96409e4000,0x00007f9640ae5000)]
  0x00007f965407e000 JavaThread "Finalizer" daemon [_thread_blocked, id=6106, stack(0x00007f96411c7000,0x00007f96412c8000)]
  0x00007f965407c000 JavaThread "Reference Handler" daemon [_thread_blocked, id=6105, stack(0x00007f96412c8000,0x00007f96413c9000)]
  0x00007f965400c800 JavaThread "main" [_thread_blocked, id=6099, stack(0x00007f965bb98000,0x00007f965bc99000)]

Other Threads:
=>0x00007f9654078000 VMThread [stack: 0x00007f96413c9000,0x00007f96414ca000] [id=6104]
  0x00007f96540bc000 WatcherThread [stack: 0x00007f96405e0000,0x00007f96406e1000] [id=6111]

VM state:at safepoint (normal execution)

VM Mutex/Monitor currently owned by a thread:  ([mutex/lock_event])
[0x00007f96540089e0] Threads_lock - owner thread: 0x00007f9654078000
[0x00007f9654008ee0] Heap_lock - owner thread: 0x00007f965400c800

Heap
 PSYoungGen      total 213504K, used 16878K [0x00000000eaa80000, 0x00000000f8d80000, 0x0000000100000000)
  eden space 194560K, 0% used [0x00000000eaa80000,0x00000000eaa80000,0x00000000f6880000)
  from space 18944K, 89% used [0x00000000f6880000,0x00000000f78fb8b8,0x00000000f7b00000)
  to   space 18432K, 0% used [0x00000000f7b80000,0x00000000f7b80000,0x00000000f8d80000)
 ParOldGen       total 62464K, used 33092K [0x00000000c0000000, 0x00000000c3d00000, 0x00000000eaa80000)
  object space 62464K, 52% used [0x00000000c0000000,0x00000000c2051148,0x00000000c3d00000)
 PSPermGen       total 21504K, used 7749K [0x00000000b5a00000, 0x00000000b6f00000, 0x00000000c0000000)
  object space 21504K, 36% used [0x00000000b5a00000,0x00000000b6191780,0x00000000b6f00000)

Card table byte_map: [0x00007f9658583000,0x00007f96587d7000] byte_map_base: 0x00007f9657fd6000

Polling page: 0x00007f965bcc0000

Code Cache  [0x00007f9651000000, 0x00007f9651410000, 0x00007f9654000000)
 total_blobs=1581 nmethods=1327 adapters=207 free_code_cache=45046Kb largest_free_block=46075904

Compilation events (10 events):
Event: 11.936 Thread 0x00007f96540ac000 1351             com.android.dx.io.instructions.InstructionCodec$33::decode (99 bytes)
Event: 11.936 Thread 0x00007f96540af000 1352             com.android.dx.io.instructions.InstructionCodec$33::encode (131 bytes)
Event: 11.961 Thread 0x00007f96540af000 nmethod 1352 0x00007f9651403d10 code [0x00007f9651403ec0, 0x00007f96514046e8]
Event: 11.961 Thread 0x00007f96540ac000 nmethod 1351 0x00007f965140dc50 code [0x00007f965140de00, 0x00007f965140e8c8]
Event: 12.004 Thread 0x00007f96540ac000 1354             com.android.dx.io.instructions.ZeroRegisterDecodedInstruction::getRegisterCount (2 bytes)
Event: 12.004 Thread 0x00007f96540af000 1353             com.android.dx.io.instructions.ZeroRegisterDecodedInstruction::withIndex (29 bytes)
Event: 12.005 Thread 0x00007f96540ac000 nmethod 1354 0x00007f96513fd210 code [0x00007f96513fd340, 0x00007f96513fd398]
Event: 12.005 Thread 0x00007f96540ac000 1355             com.android.dx.io.instructions.DecodedInstruction::getA (2 bytes)
Event: 12.005 Thread 0x00007f96540ac000 nmethod 1355 0x00007f9651403b10 code [0x00007f9651403c40, 0x00007f9651403c98]
Event: 12.006 Thread 0x00007f96540af000 nmethod 1353 0x00007f9651405110 code [0x00007f9651405260, 0x00007f96514054d8]

GC Heap History (10 events):
Event: 4.777 GC heap after
Heap after GC invocations=7 (full 0):
 PSYoungGen      total 71680K, used 8703K [0x00000000eaa80000, 0x00000000f4080000, 0x0000000100000000)
  eden space 62976K, 0% used [0x00000000eaa80000,0x00000000eaa80000,0x00000000ee800000)
  from space 8704K, 99% used [0x00000000ee800000,0x00000000ef07fc18,0x00000000ef080000)
  to   space 13824K, 0% used [0x00000000f3300000,0x00000000f3300000,0x00000000f4080000)
 ParOldGen       total 40960K, used 24925K [0x00000000c0000000, 0x00000000c2800000, 0x00000000eaa80000)
  object space 40960K, 60% used [0x00000000c0000000,0x00000000c18575e8,0x00000000c2800000)
 PSPermGen       total 21504K, used 5685K [0x00000000b5a00000, 0x00000000b6f00000, 0x00000000c0000000)
  object space 21504K, 26% used [0x00000000b5a00000,0x00000000b5f8d5f8,0x00000000b6f00000)
}
Event: 9.778 GC heap before
{Heap before GC invocations=8 (full 0):
 PSYoungGen      total 71680K, used 70913K [0x00000000eaa80000, 0x00000000f4080000, 0x0000000100000000)
  eden space 62976K, 98% used [0x00000000eaa80000,0x00000000ee7408d8,0x00000000ee800000)
  from space 8704K, 99% used [0x00000000ee800000,0x00000000ef07fc18,0x00000000ef080000)
  to   space 13824K, 0% used [0x00000000f3300000,0x00000000f3300000,0x00000000f4080000)
 ParOldGen       total 40960K, used 24925K [0x00000000c0000000, 0x00000000c2800000, 0x00000000eaa80000)
  object space 40960K, 60% used [0x00000000c0000000,0x00000000c18575e8,0x00000000c2800000)
 PSPermGen       total 21504K, used 7562K [0x00000000b5a00000, 0x00000000b6f00000, 0x00000000c0000000)
  object space 21504K, 35% used [0x00000000b5a00000,0x00000000b6162ac0,0x00000000b6f00000)
Event: 9.798 GC heap after
Heap after GC invocations=8 (full 0):
 PSYoungGen      total 135168K, used 13807K [0x00000000eaa80000, 0x00000000f4980000, 0x0000000100000000)
  eden space 121344K, 0% used [0x00000000eaa80000,0x00000000eaa80000,0x00000000f2100000)
  from space 13824K, 99% used [0x00000000f3300000,0x00000000f407bed8,0x00000000f4080000)
  to   space 18432K, 0% used [0x00000000f2100000,0x00000000f2100000,0x00000000f3300000)
 ParOldGen       total 40960K, used 31009K [0x00000000c0000000, 0x00000000c2800000, 0x00000000eaa80000)
  object space 40960K, 75% used [0x00000000c0000000,0x00000000c1e48718,0x00000000c2800000)
 PSPermGen       total 21504K, used 7562K [0x00000000b5a00000, 0x00000000b6f00000, 0x00000000c0000000)
  object space 21504K, 35% used [0x00000000b5a00000,0x00000000b6162ac0,0x00000000b6f00000)
}
Event: 10.534 GC heap before
{Heap before GC invocations=9 (full 0):
 PSYoungGen      total 135168K, used 134149K [0x00000000eaa80000, 0x00000000f4980000, 0x0000000100000000)
  eden space 121344K, 99% used [0x00000000eaa80000,0x00000000f2005818,0x00000000f2100000)
  from space 13824K, 99% used [0x00000000f3300000,0x00000000f407bed8,0x00000000f4080000)
  to   space 18432K, 0% used [0x00000000f2100000,0x00000000f2100000,0x00000000f3300000)
 ParOldGen       total 40960K, used 31009K [0x00000000c0000000, 0x00000000c2800000, 0x00000000eaa80000)
  object space 40960K, 75% used [0x00000000c0000000,0x00000000c1e48718,0x00000000c2800000)
 PSPermGen       total 21504K, used 7727K [0x00000000b5a00000, 0x00000000b6f00000, 0x00000000c0000000)
  object space 21504K, 35% used [0x00000000b5a00000,0x00000000b618be78,0x00000000b6f00000)
Event: 10.578 GC heap after
Heap after GC invocations=9 (full 0):
 PSYoungGen      total 139776K, used 14211K [0x00000000eaa80000, 0x00000000f8e80000, 0x0000000100000000)
  eden space 121344K, 0% used [0x00000000eaa80000,0x00000000eaa80000,0x00000000f2100000)
  from space 18432K, 77% used [0x00000000f2100000,0x00000000f2ee0dc0,0x00000000f3300000)
  to   space 19456K, 0% used [0x00000000f7b80000,0x00000000f7b80000,0x00000000f8e80000)
 ParOldGen       total 40960K, used 32750K [0x00000000c0000000, 0x00000000c2800000, 0x00000000eaa80000)
  object space 40960K, 79% used [0x00000000c0000000,0x00000000c1ffb8a0,0x00000000c2800000)
 PSPermGen       total 21504K, used 7727K [0x00000000b5a00000, 0x00000000b6f00000, 0x00000000c0000000)
  object space 21504K, 35% used [0x00000000b5a00000,0x00000000b618be78,0x00000000b6f00000)
}
Event: 10.952 GC heap before
{Heap before GC invocations=10 (full 0):
 PSYoungGen      total 139776K, used 135555K [0x00000000eaa80000, 0x00000000f8e80000, 0x0000000100000000)
  eden space 121344K, 100% used [0x00000000eaa80000,0x00000000f2100000,0x00000000f2100000)
  from space 18432K, 77% used [0x00000000f2100000,0x00000000f2ee0dc0,0x00000000f3300000)
  to   space 19456K, 0% used [0x00000000f7b80000,0x00000000f7b80000,0x00000000f8e80000)
 ParOldGen       total 40960K, used 32750K [0x00000000c0000000, 0x00000000c2800000, 0x00000000eaa80000)
  object space 40960K, 79% used [0x00000000c0000000,0x00000000c1ffb8a0,0x00000000c2800000)
 PSPermGen       total 21504K, used 7743K [0x00000000b5a00000, 0x00000000b6f00000, 0x00000000c0000000)
  object space 21504K, 36% used [0x00000000b5a00000,0x00000000b618ffb8,0x00000000b6f00000)
Event: 11.152 GC heap after
Heap after GC invocations=10 (full 0):
 PSYoungGen      total 212992K, used 7521K [0x00000000eaa80000, 0x00000000f8d80000, 0x0000000100000000)
  eden space 194560K, 0% used [0x00000000eaa80000,0x00000000eaa80000,0x00000000f6880000)
  from space 18432K, 40% used [0x00000000f7b80000,0x00000000f82d8798,0x00000000f8d80000)
  to   space 18944K, 0% used [0x00000000f6880000,0x00000000f6880000,0x00000000f7b00000)
 ParOldGen       total 45056K, used 44846K [0x00000000c0000000, 0x00000000c2c00000, 0x00000000eaa80000)
  object space 45056K, 99% used [0x00000000c0000000,0x00000000c2bcba90,0x00000000c2c00000)
 PSPermGen       total 21504K, used 7743K [0x00000000b5a00000, 0x00000000b6f00000, 0x00000000c0000000)
  object space 21504K, 36% used [0x00000000b5a00000,0x00000000b618ffb8,0x00000000b6f00000)
}
Event: 11.153 GC heap before
{Heap before GC invocations=11 (full 1):
 PSYoungGen      total 212992K, used 7521K [0x00000000eaa80000, 0x00000000f8d80000, 0x0000000100000000)
  eden space 194560K, 0% used [0x00000000eaa80000,0x00000000eaa80000,0x00000000f6880000)
  from space 18432K, 40% used [0x00000000f7b80000,0x00000000f82d8798,0x00000000f8d80000)
  to   space 18944K, 0% used [0x00000000f6880000,0x00000000f6880000,0x00000000f7b00000)
 ParOldGen       total 45056K, used 44846K [0x00000000c0000000, 0x00000000c2c00000, 0x00000000eaa80000)
  object space 45056K, 99% used [0x00000000c0000000,0x00000000c2bcba90,0x00000000c2c00000)
 PSPermGen       total 21504K, used 7743K [0x00000000b5a00000, 0x00000000b6f00000, 0x00000000c0000000)
  object space 21504K, 36% used [0x00000000b5a00000,0x00000000b618ffb8,0x00000000b6f00000)
Event: 11.337 GC heap after
Heap after GC invocations=11 (full 1):
 PSYoungGen      total 212992K, used 0K [0x00000000eaa80000, 0x00000000f8d80000, 0x0000000100000000)
  eden space 194560K, 0% used [0x00000000eaa80000,0x00000000eaa80000,0x00000000f6880000)
  from space 18432K, 0% used [0x00000000f7b80000,0x00000000f7b80000,0x00000000f8d80000)
  to   space 18944K, 0% used [0x00000000f6880000,0x00000000f6880000,0x00000000f7b00000)
 ParOldGen       total 62464K, used 33092K [0x00000000c0000000, 0x00000000c3d00000, 0x00000000eaa80000)
  object space 62464K, 52% used [0x00000000c0000000,0x00000000c2051148,0x00000000c3d00000)
 PSPermGen       total 21504K, used 7739K [0x00000000b5a00000, 0x00000000b6f00000, 0x00000000c0000000)
  object space 21504K, 35% used [0x00000000b5a00000,0x00000000b618ef38,0x00000000b6f00000)
}
Event: 12.008 GC heap before
{Heap before GC invocations=12 (full 1):
 PSYoungGen      total 212992K, used 194560K [0x00000000eaa80000, 0x00000000f8d80000, 0x0000000100000000)
  eden space 194560K, 100% used [0x00000000eaa80000,0x00000000f6880000,0x00000000f6880000)
  from space 18432K, 0% used [0x00000000f7b80000,0x00000000f7b80000,0x00000000f8d80000)
  to   space 18944K, 0% used [0x00000000f6880000,0x00000000f6880000,0x00000000f7b00000)
 ParOldGen       total 62464K, used 33092K [0x00000000c0000000, 0x00000000c3d00000, 0x00000000eaa80000)
  object space 62464K, 52% used [0x00000000c0000000,0x00000000c2051148,0x00000000c3d00000)
 PSPermGen       total 21504K, used 7749K [0x00000000b5a00000, 0x00000000b6f00000, 0x00000000c0000000)
  object space 21504K, 36% used [0x00000000b5a00000,0x00000000b6191780,0x00000000b6f00000)

Deoptimization events (10 events):
Event: 10.791 Thread 0x00007f965400c800 Uncommon trap: reason=array_check action=maybe_recompile pc=0x00007f96513c58e8 method=java.util.ComparableTimSort.binarySort([Ljava/lang/Object;III)V @ 215
Event: 10.829 Thread 0x00007f965400c800 Uncommon trap: reason=array_check action=maybe_recompile pc=0x00007f96513c58e8 method=java.util.ComparableTimSort.binarySort([Ljava/lang/Object;III)V @ 215
Event: 11.564 Thread 0x00007f965400c800 Uncommon trap: reason=unstable_if action=reinterpret pc=0x00007f9651329ecc method=com.android.dex.Mutf8.decode(Lcom/android/dex/util/ByteInput;[C)Ljava/lang/String; @ 37
Event: 11.564 Thread 0x00007f965400c800 Uncommon trap: reason=unstable_if action=reinterpret pc=0x00007f965135717c method=com.android.dex.Mutf8.countBytes(Ljava/lang/String;Z)J @ 28
Event: 11.565 Thread 0x00007f965400c800 Uncommon trap: reason=unstable_if action=reinterpret pc=0x00007f965132c794 method=com.android.dex.Mutf8.encode([BILjava/lang/String;)V @ 24
Event: 11.692 Thread 0x00007f965400c800 Uncommon trap: reason=unstable_if action=reinterpret pc=0x00007f9651350960 method=com.android.dex.Mutf8.countBytes(Ljava/lang/String;Z)J @ 28
Event: 11.756 Thread 0x00007f965400c800 Uncommon trap: reason=array_check action=maybe_recompile pc=0x00007f96510c3228 method=java.util.ComparableTimSort.binarySort([Ljava/lang/Object;III)V @ 183
Event: 11.757 Thread 0x00007f965400c800 Uncommon trap: reason=unstable_if action=reinterpret pc=0x00007f9651358fe4 method=com.android.dex.Mutf8.countBytes(Ljava/lang/String;Z)J @ 28
Event: 11.811 Thread 0x00007f965400c800 Uncommon trap: reason=array_check action=maybe_recompile pc=0x00007f96510c3228 method=java.util.ComparableTimSort.binarySort([Ljava/lang/Object;III)V @ 183
Event: 11.811 Thread 0x00007f965400c800 Uncommon trap: reason=unstable_if action=reinterpret pc=0x00007f965135a354 method=com.android.dex.Mutf8.countBytes(Ljava/lang/String;Z)J @ 28

Internal exceptions (10 events):
Event: 9.454 Thread 0x00007f965400c800 Threw 0x00000000edc14090 at /build/openjdk-7-zaTxYK/openjdk-7-7u91-2.6.3/build/openjdk/hotspot/src/share/vm/prims/jvm.cpp:1322
Event: 9.455 Thread 0x00007f965400c800 Threw 0x00000000edc17d28 at /build/openjdk-7-zaTxYK/openjdk-7-7u91-2.6.3/build/openjdk/hotspot/src/share/vm/prims/jvm.cpp:1322
Event: 9.455 Thread 0x00007f965400c800 Threw 0x00000000edc1bb10 at /build/openjdk-7-zaTxYK/openjdk-7-7u91-2.6.3/build/openjdk/hotspot/src/share/vm/prims/jvm.cpp:1322
Event: 9.457 Thread 0x00007f965400c800 Threw 0x00000000edc21af8 at /build/openjdk-7-zaTxYK/openjdk-7-7u91-2.6.3/build/openjdk/hotspot/src/share/vm/prims/jvm.cpp:1322
Event: 9.457 Thread 0x00007f965400c800 Threw 0x00000000edc25610 at /build/openjdk-7-zaTxYK/openjdk-7-7u91-2.6.3/build/openjdk/hotspot/src/share/vm/prims/jvm.cpp:1322
Event: 9.457 Thread 0x00007f965400c800 Threw 0x00000000edc29320 at /build/openjdk-7-zaTxYK/openjdk-7-7u91-2.6.3/build/openjdk/hotspot/src/share/vm/prims/jvm.cpp:1322
Event: 9.458 Thread 0x00007f965400c800 Threw 0x00000000edc2cda0 at /build/openjdk-7-zaTxYK/openjdk-7-7u91-2.6.3/build/openjdk/hotspot/src/share/vm/prims/jvm.cpp:1322
Event: 9.460 Thread 0x00007f965400c800 Threw 0x00000000edc74878 at /build/openjdk-7-zaTxYK/openjdk-7-7u91-2.6.3/build/openjdk/hotspot/src/share/vm/prims/jvm.cpp:1322
Event: 9.460 Thread 0x00007f965400c800 Threw 0x00000000edc77438 at /build/openjdk-7-zaTxYK/openjdk-7-7u91-2.6.3/build/openjdk/hotspot/src/share/vm/prims/jvm.cpp:1322
Event: 9.887 Thread 0x00007f965400c800 Threw 0x00000000eb6ad1b8 at /build/openjdk-7-zaTxYK/openjdk-7-7u91-2.6.3/build/openjdk/hotspot/src/share/vm/prims/jvm.cpp:1322

Events (10 events):
Event: 11.757 Thread 0x00007f965400c800 Uncommon trap: trap_request=0xffffff75 fr.pc=0x00007f9651358fe4
Event: 11.757 Thread 0x00007f965400c800 DEOPT PACKING pc=0x00007f9651358fe4 sp=0x00007f965bc97540
Event: 11.757 Thread 0x00007f965400c800 DEOPT UNPACKING pc=0x00007f9651039445 sp=0x00007f965bc97428 mode 2
Event: 11.811 Thread 0x00007f965400c800 Uncommon trap: trap_request=0xffffffd6 fr.pc=0x00007f96510c3228
Event: 11.811 Thread 0x00007f965400c800 DEOPT PACKING pc=0x00007f96510c3228 sp=0x00007f965bc97450
Event: 11.811 Thread 0x00007f965400c800 DEOPT UNPACKING pc=0x00007f9651039445 sp=0x00007f965bc97418 mode 2
Event: 11.811 Thread 0x00007f965400c800 Uncommon trap: trap_request=0xffffff75 fr.pc=0x00007f965135a354
Event: 11.811 Thread 0x00007f965400c800 DEOPT PACKING pc=0x00007f965135a354 sp=0x00007f965bc97510
Event: 11.811 Thread 0x00007f965400c800 DEOPT UNPACKING pc=0x00007f9651039445 sp=0x00007f965bc97458 mode 2
Event: 12.008 Executing VM operation: ParallelGCFailedAllocation


Dynamic libraries:
00400000-00401000 r-xp 00000000 08:07 3148986                            /usr/lib/jvm/java-7-openjdk-amd64/jre/bin/java
00600000-00601000 r--p 00000000 08:07 3148986                            /usr/lib/jvm/java-7-openjdk-amd64/jre/bin/java
00601000-00602000 rw-p 00001000 08:07 3148986                            /usr/lib/jvm/java-7-openjdk-amd64/jre/bin/java
01fb9000-01fda000 rw-p 00000000 00:00 0                                  [heap]
b5a00000-b6f00000 rw-p 00000000 00:00 0 
b6f00000-c0000000 rw-p 00000000 00:00 0 
c0000000-c3d00000 rw-p 00000000 00:00 0 
c3d00000-eaa80000 rw-p 00000000 00:00 0 
eaa80000-f8d80000 rw-p 00000000 00:00 0 
ff100000-100000000 rw-p 00000000 00:00 0 
7f9604000000-7f9604021000 rw-p 00000000 00:00 0 
7f9604021000-7f9608000000 ---p 00000000 00:00 0 
7f960a882000-7f960a8bf000 r-xp 00000000 08:07 4198346                    /lib/x86_64-linux-gnu/libpcre.so.3.13.1
7f960a8bf000-7f960aabe000 ---p 0003d000 08:07 4198346                    /lib/x86_64-linux-gnu/libpcre.so.3.13.1
7f960aabe000-7f960aabf000 r--p 0003c000 08:07 4198346                    /lib/x86_64-linux-gnu/libpcre.so.3.13.1
7f960aabf000-7f960aac0000 rw-p 0003d000 08:07 4198346                    /lib/x86_64-linux-gnu/libpcre.so.3.13.1
7f960aac0000-7f960aac7000 r-xp 00000000 08:07 1071226                    /usr/lib/x86_64-linux-gnu/libffi.so.6.0.1
7f960aac7000-7f960acc6000 ---p 00007000 08:07 1071226                    /usr/lib/x86_64-linux-gnu/libffi.so.6.0.1
7f960acc6000-7f960acc7000 r--p 00006000 08:07 1071226                    /usr/lib/x86_64-linux-gnu/libffi.so.6.0.1
7f960acc7000-7f960acc8000 rw-p 00007000 08:07 1071226                    /usr/lib/x86_64-linux-gnu/libffi.so.6.0.1
7f960acc8000-7f960acdf000 r-xp 00000000 08:07 4198341                    /lib/x86_64-linux-gnu/libresolv-2.19.so
7f960acdf000-7f960aedf000 ---p 00017000 08:07 4198341                    /lib/x86_64-linux-gnu/libresolv-2.19.so
7f960aedf000-7f960aee0000 r--p 00017000 08:07 4198341                    /lib/x86_64-linux-gnu/libresolv-2.19.so
7f960aee0000-7f960aee1000 rw-p 00018000 08:07 4198341                    /lib/x86_64-linux-gnu/libresolv-2.19.so
7f960aee1000-7f960aee3000 rw-p 00000000 00:00 0 
7f960aee3000-7f960af03000 r-xp 00000000 08:07 4198493                    /lib/x86_64-linux-gnu/libselinux.so.1
7f960af03000-7f960b102000 ---p 00020000 08:07 4198493                    /lib/x86_64-linux-gnu/libselinux.so.1
7f960b102000-7f960b103000 r--p 0001f000 08:07 4198493                    /lib/x86_64-linux-gnu/libselinux.so.1
7f960b103000-7f960b104000 rw-p 00020000 08:07 4198493                    /lib/x86_64-linux-gnu/libselinux.so.1
7f960b104000-7f960b106000 rw-p 00000000 00:00 0 
7f960b106000-7f960b109000 r-xp 00000000 08:07 1048940                    /usr/lib/x86_64-linux-gnu/libgmodule-2.0.so.0.4002.0
7f960b109000-7f960b308000 ---p 00003000 08:07 1048940                    /usr/lib/x86_64-linux-gnu/libgmodule-2.0.so.0.4002.0
7f960b308000-7f960b309000 r--p 00002000 08:07 1048940                    /usr/lib/x86_64-linux-gnu/libgmodule-2.0.so.0.4002.0
7f960b309000-7f960b30a000 rw-p 00003000 08:07 1048940                    /usr/lib/x86_64-linux-gnu/libgmodule-2.0.so.0.4002.0
7f960b30a000-7f960b410000 r-xp 00000000 08:07 4198308                    /lib/x86_64-linux-gnu/libglib-2.0.so.0.4002.0
7f960b410000-7f960b60f000 ---p 00106000 08:07 4198308                    /lib/x86_64-linux-gnu/libglib-2.0.so.0.4002.0
7f960b60f000-7f960b610000 r--p 00105000 08:07 4198308                    /lib/x86_64-linux-gnu/libglib-2.0.so.0.4002.0
7f960b610000-7f960b611000 rw-p 00106000 08:07 4198308                    /lib/x86_64-linux-gnu/libglib-2.0.so.0.4002.0
7f960b611000-7f960b612000 rw-p 00000000 00:00 0 
7f960b612000-7f960b661000 r-xp 00000000 08:07 1048958                    /usr/lib/x86_64-linux-gnu/libgobject-2.0.so.0.4002.0
7f960b661000-7f960b861000 ---p 0004f000 08:07 1048958                    /usr/lib/x86_64-linux-gnu/libgobject-2.0.so.0.4002.0
7f960b861000-7f960b862000 r--p 0004f000 08:07 1048958                    /usr/lib/x86_64-linux-gnu/libgobject-2.0.so.0.4002.0
7f960b862000-7f960b863000 rw-p 00050000 08:07 1048958                    /usr/lib/x86_64-linux-gnu/libgobject-2.0.so.0.4002.0
7f960b863000-7f960b9cf000 r-xp 00000000 08:07 1048962                    /usr/lib/x86_64-linux-gnu/libgio-2.0.so.0.4002.0
7f960b9cf000-7f960bbce000 ---p 0016c000 08:07 1048962                    /usr/lib/x86_64-linux-gnu/libgio-2.0.so.0.4002.0
7f960bbce000-7f960bbd2000 r--p 0016b000 08:07 1048962                    /usr/lib/x86_64-linux-gnu/libgio-2.0.so.0.4002.0
7f960bbd2000-7f960bbd4000 rw-p 0016f000 08:07 1048962                    /usr/lib/x86_64-linux-gnu/libgio-2.0.so.0.4002.0
7f960bbd4000-7f960bbd6000 rw-p 00000000 00:00 0 
7f960bbd6000-7f960bbed000 r-xp 00000000 08:07 3149050                    /usr/lib/jvm/java-7-openjdk-amd64/jre/lib/amd64/libnet.so
7f960bbed000-7f960bdec000 ---p 00017000 08:07 3149050                    /usr/lib/jvm/java-7-openjdk-amd64/jre/lib/amd64/libnet.so
7f960bdec000-7f960bded000 r--p 00016000 08:07 3149050                    /usr/lib/jvm/java-7-openjdk-amd64/jre/lib/amd64/libnet.so
7f960bded000-7f960bdee000 rw-p 00017000 08:07 3149050                    /usr/lib/jvm/java-7-openjdk-amd64/jre/lib/amd64/libnet.so
7f960bdee000-7f960bdfe000 r-xp 00000000 08:07 3149013                    /usr/lib/jvm/java-7-openjdk-amd64/jre/lib/amd64/libnio.so
7f960bdfe000-7f960bffe000 ---p 00010000 08:07 3149013                    /usr/lib/jvm/java-7-openjdk-amd64/jre/lib/amd64/libnio.so
7f960bffe000-7f960bfff000 r--p 00010000 08:07 3149013                    /usr/lib/jvm/java-7-openjdk-amd64/jre/lib/amd64/libnio.so
7f960bfff000-7f960c000000 rw-p 00011000 08:07 3149013                    /usr/lib/jvm/java-7-openjdk-amd64/jre/lib/amd64/libnio.so
7f960c000000-7f960c03d000 rw-p 00000000 00:00 0 
7f960c03d000-7f9610000000 ---p 00000000 00:00 0 
7f9610000000-7f9610030000 rw-p 00000000 00:00 0 
7f9610030000-7f9614000000 ---p 00000000 00:00 0 
7f9614000000-7f9614030000 rw-p 00000000 00:00 0 
7f9614030000-7f9618000000 ---p 00000000 00:00 0 
7f9618000000-7f9618021000 rw-p 00000000 00:00 0 
7f9618021000-7f961c000000 ---p 00000000 00:00 0 
7f961c000000-7f961c021000 rw-p 00000000 00:00 0 
7f961c021000-7f9620000000 ---p 00000000 00:00 0 
7f9620000000-7f9620021000 rw-p 00000000 00:00 0 
7f9620021000-7f9624000000 ---p 00000000 00:00 0 
7f9624000000-7f96254c6000 rw-p 00000000 00:00 0 
7f96254c6000-7f9628000000 ---p 00000000 00:00 0 
7f9628000000-7f96297c4000 rw-p 00000000 00:00 0 
7f96297c4000-7f962c000000 ---p 00000000 00:00 0 
7f962c000000-7f962c021000 rw-p 00000000 00:00 0 
7f962c021000-7f9630000000 ---p 00000000 00:00 0 
7f9630000000-7f9630021000 rw-p 00000000 00:00 0 
7f9630021000-7f9634000000 ---p 00000000 00:00 0 
7f9634000000-7f9634242000 rw-p 00000000 00:00 0 
7f9634242000-7f9638000000 ---p 00000000 00:00 0 
7f9638000000-7f9638021000 rw-p 00000000 00:00 0 
7f9638021000-7f963c000000 ---p 00000000 00:00 0 
7f963c000000-7f963c021000 rw-p 00000000 00:00 0 
7f963c021000-7f9640000000 ---p 00000000 00:00 0 
7f96400db000-7f96400de000 ---p 00000000 00:00 0 
7f96400de000-7f96401dc000 rw-p 00000000 00:00 0 
7f96401dc000-7f96401df000 ---p 00000000 00:00 0 
7f96401df000-7f96402dd000 rw-p 00000000 00:00 0 
7f96402dd000-7f96402e0000 ---p 00000000 00:00 0 
7f96402e0000-7f96403de000 rw-p 00000000 00:00 0 
7f96403de000-7f96403e1000 ---p 00000000 00:00 0 
7f96403e1000-7f96404df000 rw-p 00000000 00:00 0 
7f96404df000-7f96404e2000 ---p 00000000 00:00 0 
7f96404e2000-7f96405e0000 rw-p 00000000 00:00 0 
7f96405e0000-7f96405e1000 ---p 00000000 00:00 0 
7f96405e1000-7f96406e1000 rw-p 00000000 00:00 0                          [stack:6111]
7f96406e1000-7f96406e4000 ---p 00000000 00:00 0 
7f96406e4000-7f96407e2000 rw-p 00000000 00:00 0                          [stack:6110]
7f96407e2000-7f96407e5000 ---p 00000000 00:00 0 
7f96407e5000-7f96408e3000 rw-p 00000000 00:00 0                          [stack:6109]
7f96408e3000-7f96408e6000 ---p 00000000 00:00 0 
7f96408e6000-7f96409e4000 rw-p 00000000 00:00 0                          [stack:6108]
7f96409e4000-7f96409e7000 ---p 00000000 00:00 0 
7f96409e7000-7f9640ae5000 rw-p 00000000 00:00 0                          [stack:6107]
7f9640ae5000-7f96411c7000 r--p 00000000 08:07 1056383                    /usr/lib/locale/locale-archive
7f96411c7000-7f96411ca000 ---p 00000000 00:00 0 
7f96411ca000-7f96412c8000 rw-p 00000000 00:00 0                          [stack:6106]
7f96412c8000-7f96412cb000 ---p 00000000 00:00 0 
7f96412cb000-7f96413c9000 rw-p 00000000 00:00 0                          [stack:6105]
7f96413c9000-7f96413ca000 ---p 00000000 00:00 0 
7f96413ca000-7f9644000000 rw-p 00000000 00:00 0                          [stack:6104]
7f9644000000-7f9644021000 rw-p 00000000 00:00 0 
7f9644021000-7f9648000000 ---p 00000000 00:00 0 
7f9648000000-7f9648021000 rw-p 00000000 00:00 0 
7f9648021000-7f964c000000 ---p 00000000 00:00 0 
7f964c000000-7f964c021000 rw-p 00000000 00:00 0 
7f964c021000-7f9650000000 ---p 00000000 00:00 0 
7f96500c7000-7f96500d6000 r--s 000df000 08:07 3419560                    /home/sanket/android-sdks/build-tools/23.0.0/lib/dx.jar
7f96500d6000-7f9650a84000 rw-p 00000000 00:00 0 
7f9650a84000-7f9650c36000 r--s 01d2e000 08:07 3149006                    /usr/lib/jvm/java-7-openjdk-amd64/jre/lib/rt.jar
7f9650c36000-7f9650eff000 rw-p 00000000 00:00 0 
7f9650eff000-7f9650f00000 ---p 00000000 00:00 0 
7f9650f00000-7f9651000000 rw-p 00000000 00:00 0                          [stack:6103]
7f9651000000-7f9651410000 rwxp 00000000 00:00 0 
7f9651410000-7f965420f000 rw-p 00000000 00:00 0 
7f965420f000-7f9658000000 ---p 00000000 00:00 0 
7f9658006000-7f965800b000 r--s 0004e000 08:07 3149062                    /usr/lib/jvm/java-7-openjdk-amd64/jre/lib/jsse.jar
7f965800b000-7f96580d7000 rw-p 00000000 00:00 0 
7f96580d7000-7f96580d8000 ---p 00000000 00:00 0 
7f96580d8000-7f96581d8000 rw-p 00000000 00:00 0                          [stack:6102]
7f96581d8000-7f96581d9000 ---p 00000000 00:00 0 
7f96581d9000-7f96582d9000 rw-p 00000000 00:00 0                          [stack:6101]
7f96582d9000-7f96582da000 ---p 00000000 00:00 0 
7f96582da000-7f96583e5000 rw-p 00000000 00:00 0                          [stack:6100]
7f96583e5000-7f965842d000 rw-p 00000000 00:00 0 
7f965842d000-7f965844c000 rw-p 00000000 00:00 0 
7f965844c000-7f9658583000 rw-p 00000000 00:00 0 
7f9658583000-7f965858e000 rw-p 00000000 00:00 0 
7f965858e000-7f96585d6000 rw-p 00000000 00:00 0 
7f96585d6000-7f96585f5000 rw-p 00000000 00:00 0 
7f96585f5000-7f965872b000 rw-p 00000000 00:00 0 
7f965872b000-7f965879d000 rw-p 00000000 00:00 0 
7f965879d000-7f965879e000 ---p 00000000 00:00 0 
7f965879e000-7f96587d6000 rw-p 00000000 00:00 0 
7f96587d6000-7f96587d7000 rw-p 00000000 00:00 0 
7f96587d7000-7f96587df000 r-xp 00000000 08:07 3149018                    /usr/lib/jvm/java-7-openjdk-amd64/jre/lib/amd64/libzip.so
7f96587df000-7f96589de000 ---p 00008000 08:07 3149018                    /usr/lib/jvm/java-7-openjdk-amd64/jre/lib/amd64/libzip.so
7f96589de000-7f96589df000 r--p 00007000 08:07 3149018                    /usr/lib/jvm/java-7-openjdk-amd64/jre/lib/amd64/libzip.so
7f96589df000-7f96589e0000 rw-p 00008000 08:07 3149018                    /usr/lib/jvm/java-7-openjdk-amd64/jre/lib/amd64/libzip.so
7f96589e0000-7f96589eb000 r-xp 00000000 08:07 4198440                    /lib/x86_64-linux-gnu/libnss_files-2.19.so
7f96589eb000-7f9658bea000 ---p 0000b000 08:07 4198440                    /lib/x86_64-linux-gnu/libnss_files-2.19.so
7f9658bea000-7f9658beb000 r--p 0000a000 08:07 4198440                    /lib/x86_64-linux-gnu/libnss_files-2.19.so
7f9658beb000-7f9658bec000 rw-p 0000b000 08:07 4198440                    /lib/x86_64-linux-gnu/libnss_files-2.19.so
7f9658bec000-7f9658bf7000 r-xp 00000000 08:07 4200064                    /lib/x86_64-linux-gnu/libnss_nis-2.19.so
7f9658bf7000-7f9658df6000 ---p 0000b000 08:07 4200064                    /lib/x86_64-linux-gnu/libnss_nis-2.19.so
7f9658df6000-7f9658df7000 r--p 0000a000 08:07 4200064                    /lib/x86_64-linux-gnu/libnss_nis-2.19.so
7f9658df7000-7f9658df8000 rw-p 0000b000 08:07 4200064                    /lib/x86_64-linux-gnu/libnss_nis-2.19.so
7f9658df8000-7f9658e0f000 r-xp 00000000 08:07 4199530                    /lib/x86_64-linux-gnu/libnsl-2.19.so
7f9658e0f000-7f965900e000 ---p 00017000 08:07 4199530                    /lib/x86_64-linux-gnu/libnsl-2.19.so
7f965900e000-7f965900f000 r--p 00016000 08:07 4199530                    /lib/x86_64-linux-gnu/libnsl-2.19.so
7f965900f000-7f9659010000 rw-p 00017000 08:07 4199530                    /lib/x86_64-linux-gnu/libnsl-2.19.so
7f9659010000-7f9659012000 rw-p 00000000 00:00 0 
7f9659012000-7f965901b000 r-xp 00000000 08:07 4198482                    /lib/x86_64-linux-gnu/libnss_compat-2.19.so
7f965901b000-7f965921a000 ---p 00009000 08:07 4198482                    /lib/x86_64-linux-gnu/libnss_compat-2.19.so
7f965921a000-7f965921b000 r--p 00008000 08:07 4198482                    /lib/x86_64-linux-gnu/libnss_compat-2.19.so
7f965921b000-7f965921c000 rw-p 00009000 08:07 4198482                    /lib/x86_64-linux-gnu/libnss_compat-2.19.so
7f965921c000-7f9659247000 r-xp 00000000 08:07 3149029                    /usr/lib/jvm/java-7-openjdk-amd64/jre/lib/amd64/libjava.so
7f9659247000-7f9659447000 ---p 0002b000 08:07 3149029                    /usr/lib/jvm/java-7-openjdk-amd64/jre/lib/amd64/libjava.so
7f9659447000-7f9659448000 r--p 0002b000 08:07 3149029                    /usr/lib/jvm/java-7-openjdk-amd64/jre/lib/amd64/libjava.so
7f9659448000-7f965944a000 rw-p 0002c000 08:07 3149029                    /usr/lib/jvm/java-7-openjdk-amd64/jre/lib/amd64/libjava.so
7f965944a000-7f965945a000 r-xp 00000000 08:07 3149045                    /usr/lib/jvm/java-7-openjdk-amd64/jre/lib/amd64/libverify.so
7f965945a000-7f9659659000 ---p 00010000 08:07 3149045                    /usr/lib/jvm/java-7-openjdk-amd64/jre/lib/amd64/libverify.so
7f9659659000-7f965965b000 r--p 0000f000 08:07 3149045                    /usr/lib/jvm/java-7-openjdk-amd64/jre/lib/amd64/libverify.so
7f965965b000-7f965965c000 rw-p 00011000 08:07 3149045                    /usr/lib/jvm/java-7-openjdk-amd64/jre/lib/amd64/libverify.so
7f965965c000-7f9659663000 r-xp 00000000 08:07 4200061                    /lib/x86_64-linux-gnu/librt-2.19.so
7f9659663000-7f9659862000 ---p 00007000 08:07 4200061                    /lib/x86_64-linux-gnu/librt-2.19.so
7f9659862000-7f9659863000 r--p 00006000 08:07 4200061                    /lib/x86_64-linux-gnu/librt-2.19.so
7f9659863000-7f9659864000 rw-p 00007000 08:07 4200061                    /lib/x86_64-linux-gnu/librt-2.19.so
7f9659864000-7f965987a000 r-xp 00000000 08:07 4223721                    /lib/x86_64-linux-gnu/libgcc_s.so.1
7f965987a000-7f9659a79000 ---p 00016000 08:07 4223721                    /lib/x86_64-linux-gnu/libgcc_s.so.1
7f9659a79000-7f9659a7a000 rw-p 00015000 08:07 4223721                    /lib/x86_64-linux-gnu/libgcc_s.so.1
7f9659a7a000-7f9659b7f000 r-xp 00000000 08:07 4198343                    /lib/x86_64-linux-gnu/libm-2.19.so
7f9659b7f000-7f9659d7e000 ---p 00105000 08:07 4198343                    /lib/x86_64-linux-gnu/libm-2.19.so
7f9659d7e000-7f9659d7f000 r--p 00104000 08:07 4198343                    /lib/x86_64-linux-gnu/libm-2.19.so
7f9659d7f000-7f9659d80000 rw-p 00105000 08:07 4198343                    /lib/x86_64-linux-gnu/libm-2.19.so
7f9659d80000-7f9659e66000 r-xp 00000000 08:07 1052838                    /usr/lib/x86_64-linux-gnu/libstdc++.so.6.0.19
7f9659e66000-7f965a065000 ---p 000e6000 08:07 1052838                    /usr/lib/x86_64-linux-gnu/libstdc++.so.6.0.19
7f965a065000-7f965a06d000 r--p 000e5000 08:07 1052838                    /usr/lib/x86_64-linux-gnu/libstdc++.so.6.0.19
7f965a06d000-7f965a06f000 rw-p 000ed000 08:07 1052838                    /usr/lib/x86_64-linux-gnu/libstdc++.so.6.0.19
7f965a06f000-7f965a084000 rw-p 00000000 00:00 0 
7f965a084000-7f965aba8000 r-xp 00000000 08:07 3149035                    /usr/lib/jvm/java-7-openjdk-amd64/jre/lib/amd64/server/libjvm.so
7f965aba8000-7f965ada8000 ---p 00b24000 08:07 3149035                    /usr/lib/jvm/java-7-openjdk-amd64/jre/lib/amd64/server/libjvm.so
7f965ada8000-7f965ae42000 r--p 00b24000 08:07 3149035                    /usr/lib/jvm/java-7-openjdk-amd64/jre/lib/amd64/server/libjvm.so
7f965ae42000-7f965ae65000 rw-p 00bbe000 08:07 3149035                    /usr/lib/jvm/java-7-openjdk-amd64/jre/lib/amd64/server/libjvm.so
7f965ae65000-7f965ae93000 rw-p 00000000 00:00 0 
7f965ae93000-7f965aeab000 r-xp 00000000 08:07 4198526                    /lib/x86_64-linux-gnu/libz.so.1.2.8
7f965aeab000-7f965b0aa000 ---p 00018000 08:07 4198526                    /lib/x86_64-linux-gnu/libz.so.1.2.8
7f965b0aa000-7f965b0ab000 r--p 00017000 08:07 4198526                    /lib/x86_64-linux-gnu/libz.so.1.2.8
7f965b0ab000-7f965b0ac000 rw-p 00018000 08:07 4198526                    /lib/x86_64-linux-gnu/libz.so.1.2.8
7f965b0ac000-7f965b0c5000 r-xp 00000000 08:07 4200059                    /lib/x86_64-linux-gnu/libpthread-2.19.so
7f965b0c5000-7f965b2c4000 ---p 00019000 08:07 4200059                    /lib/x86_64-linux-gnu/libpthread-2.19.so
7f965b2c4000-7f965b2c5000 r--p 00018000 08:07 4200059                    /lib/x86_64-linux-gnu/libpthread-2.19.so
7f965b2c5000-7f965b2c6000 rw-p 00019000 08:07 4200059                    /lib/x86_64-linux-gnu/libpthread-2.19.so
7f965b2c6000-7f965b2ca000 rw-p 00000000 00:00 0 
7f965b2ca000-7f965b2cd000 r-xp 00000000 08:07 4198451                    /lib/x86_64-linux-gnu/libdl-2.19.so
7f965b2cd000-7f965b4cc000 ---p 00003000 08:07 4198451                    /lib/x86_64-linux-gnu/libdl-2.19.so
7f965b4cc000-7f965b4cd000 r--p 00002000 08:07 4198451                    /lib/x86_64-linux-gnu/libdl-2.19.so
7f965b4cd000-7f965b4ce000 rw-p 00003000 08:07 4198451                    /lib/x86_64-linux-gnu/libdl-2.19.so
7f965b4ce000-7f965b689000 r-xp 00000000 08:07 4200058                    /lib/x86_64-linux-gnu/libc-2.19.so
7f965b689000-7f965b888000 ---p 001bb000 08:07 4200058                    /lib/x86_64-linux-gnu/libc-2.19.so
7f965b888000-7f965b88c000 r--p 001ba000 08:07 4200058                    /lib/x86_64-linux-gnu/libc-2.19.so
7f965b88c000-7f965b88e000 rw-p 001be000 08:07 4200058                    /lib/x86_64-linux-gnu/libc-2.19.so
7f965b88e000-7f965b893000 rw-p 00000000 00:00 0 
7f965b893000-7f965b8a0000 r-xp 00000000 08:07 3149046                    /usr/lib/jvm/java-7-openjdk-amd64/jre/lib/amd64/jli/libjli.so
7f965b8a0000-7f965ba9f000 ---p 0000d000 08:07 3149046                    /usr/lib/jvm/java-7-openjdk-amd64/jre/lib/amd64/jli/libjli.so
7f965ba9f000-7f965baa0000 r--p 0000c000 08:07 3149046                    /usr/lib/jvm/java-7-openjdk-amd64/jre/lib/amd64/jli/libjli.so
7f965baa0000-7f965baa1000 rw-p 0000d000 08:07 3149046                    /usr/lib/jvm/java-7-openjdk-amd64/jre/lib/amd64/jli/libjli.so
7f965baa1000-7f965bac4000 r-xp 00000000 08:07 4200046                    /lib/x86_64-linux-gnu/ld-2.19.so
7f965bac4000-7f965bac5000 rw-p 00000000 00:00 0 
7f965bac5000-7f965bac9000 r--s 00085000 08:07 3148999                    /usr/lib/jvm/java-7-openjdk-amd64/jre/lib/ext/localedata.jar
7f965bac9000-7f965bacb000 r--s 00012000 08:07 3148998                    /usr/lib/jvm/java-7-openjdk-amd64/jre/lib/ext/zipfs.jar
7f965bacb000-7f965bacf000 r--s 0003c000 08:07 3149002                    /usr/lib/jvm/java-7-openjdk-amd64/jre/lib/ext/sunpkcs11.jar
7f965bacf000-7f965bad1000 r--s 00006000 08:07 1456370                    /usr/share/java/java-atk-wrapper.jar
7f965bad1000-7f965bad5000 r--s 00034000 08:07 3149001                    /usr/lib/jvm/java-7-openjdk-amd64/jre/lib/ext/sunjce_provider.jar
7f965bad5000-7f965bad8000 r--s 0000f000 08:07 3149000                    /usr/lib/jvm/java-7-openjdk-amd64/jre/lib/ext/icedtea-sound.jar
7f965bad8000-7f965bae9000 rw-p 00000000 00:00 0 
7f965bae9000-7f965bb98000 rw-p 00000000 00:00 0 
7f965bb98000-7f965bb9b000 ---p 00000000 00:00 0 
7f965bb9b000-7f965bc9e000 rw-p 00000000 00:00 0                          [stack:6099]
7f965bc9e000-7f965bc9f000 r--s 00002000 08:07 3149003                    /usr/lib/jvm/java-7-openjdk-amd64/jre/lib/ext/dnsns.jar
7f965bc9f000-7f965bcb7000 rw-p 00000000 00:00 0 
7f965bcb7000-7f965bcbf000 rw-s 00000000 08:07 533039                     /tmp/hsperfdata_sanket/6094
7f965bcbf000-7f965bcc0000 rw-p 00000000 00:00 0 
7f965bcc0000-7f965bcc1000 ---p 00000000 00:00 0 
7f965bcc1000-7f965bcc3000 rw-p 00000000 00:00 0 
7f965bcc3000-7f965bcc4000 r--p 00022000 08:07 4200046                    /lib/x86_64-linux-gnu/ld-2.19.so
7f965bcc4000-7f965bcc5000 rw-p 00023000 08:07 4200046                    /lib/x86_64-linux-gnu/ld-2.19.so
7f965bcc5000-7f965bcc6000 rw-p 00000000 00:00 0 
7ffe7f60c000-7ffe7f62e000 rw-p 00000000 00:00 0                          [stack]
7ffe7f7ca000-7ffe7f7cc000 r-xp 00000000 00:00 0                          [vdso]
ffffffffff600000-ffffffffff601000 r-xp 00000000 00:00 0                  [vsyscall]

VM Arguments:
jvm_args: -Xmx1024M -Dfile.encoding=UTF-8 -Duser.country=US -Duser.language=en -Duser.variant 
java_command: com.android.dx.command.Main --dex --num-threads=4 --output /home/sanket/lokavidyaapp/app/build/intermediates/dex/debug /home/sanket/lokavidyaapp/app/build/intermediates/classes/debug /home/sanket/lokavidyaapp/app/build/intermediates/pre-dexed/debug/javax.inject-1-0b64f9413fa3755ee930a0fd931b6f28fcfd1ba8.jar /home/sanket/lokavidyaapp/app/build/intermediates/pre-dexed/debug/classes-80a15e0454f2b679d9ca342786226cf1f5cbd338.jar /home/sanket/lokavidyaapp/app/build/intermediates/pre-dexed/debug/support-annotations-23.0.0-41a437c02f7a6970c95c376ed6bdd70acb20bd01.jar /home/sanket/lokavidyaapp/app/build/intermediates/pre-dexed/debug/classes-4de696b8cd2c7fd52921df39407071d77e87f0ad.jar /home/sanket/lokavidyaapp/app/build/intermediates/pre-dexed/debug/javawriter-2.5.0-3a8d508bc10837ab8cbcf85fe449bc3dec7561df.jar /home/sanket/lokavidyaapp/app/build/intermediates/pre-dexed/debug/classes-9946c7561ec486b51eee390f106f62bd579179b7.jar /home/sanket/lokavidyaapp/app/build/intermediates/pre-dexed/debug/classes-933ffedcad5cb31d6ab3ccf7ef238196230202d9.jar /home/sanket/lokavidyaapp/app/build/intermediates/pre-dexed/debug/classes-3e3f061d8e3b328eb2bc8ba78f255a7e21c5d841.jar /home/sanket/lokavidyaapp/app/build/intermediates/pre-dexed/debug/okhttp-urlconnection-2.2.0-976743ddad9a3ef9722483664b09ec90ad5f909c.jar /home/sanket/lokavidyaapp/app/build/intermediates/pre-dexed/debug/hamcrest-core-1.1-d1ff4851f3e08b7c27c578db4d2ffedd55339e50.jar /home/sanket/lokavidyaapp/app/build/intermediates/pre-dexed/debug/butterknife-5.1.2-b3d4f342f7177b4c045966065578a25e60c3253d.jar /home/sanket/lokavidyaapp/app/build/intermediates/pre-dexed/debug/classes-62d53d01ed515e86cc58fa8bb36e263cf16f290d.jar /home/sanket/lokavidyaapp/app/build/intermediates/pre-dexed/debug/dagger-1.2.2-535aaddd739252e164b51798e401f84fb8e1be12.jar /home/sanket/lokavidyaapp/app/build/intermediates/pre-dexed/debug/classes-a08987c29be08b8f2b38e9ab9648710b321b9863.jar /home/sanket/lokavidyaapp/app/build/intermediates/pre-de
Launcher Type: SUN_STANDARD

Environment Variables:
PATH=/home/sanket/bin:/usr/local/sbin:/usr/local/bin:/usr/sbin:/usr/bin:/sbin:/bin:/usr/games:/usr/local/games
SHELL=/bin/bash
DISPLAY=:0

Signal Handlers:
SIGSEGV: [libjvm.so+0x9548f0], sa_mask[0]=0x7ffbfeff, sa_flags=0x10000004
SIGBUS: [libjvm.so+0x9548f0], sa_mask[0]=0x7ffbfeff, sa_flags=0x10000004
SIGFPE: [libjvm.so+0x7cb0b0], sa_mask[0]=0x7ffbfeff, sa_flags=0x10000004
SIGPIPE: [libjvm.so+0x7cb0b0], sa_mask[0]=0x7ffbfeff, sa_flags=0x10000004
SIGXFSZ: [libjvm.so+0x7cb0b0], sa_mask[0]=0x7ffbfeff, sa_flags=0x10000004
SIGILL: [libjvm.so+0x7cb0b0], sa_mask[0]=0x7ffbfeff, sa_flags=0x10000004
SIGUSR1: SIG_DFL, sa_mask[0]=0x00000000, sa_flags=0x00000000
SIGUSR2: [libjvm.so+0x7caf50], sa_mask[0]=0x00000004, sa_flags=0x10000004
SIGHUP: [libjvm.so+0x7cb130], sa_mask[0]=0x7ffbfeff, sa_flags=0x10000004
SIGINT: [libjvm.so+0x7cb130], sa_mask[0]=0x7ffbfeff, sa_flags=0x10000004
SIGTERM: [libjvm.so+0x7cb130], sa_mask[0]=0x7ffbfeff, sa_flags=0x10000004
SIGQUIT: [libjvm.so+0x7cb130], sa_mask[0]=0x7ffbfeff, sa_flags=0x10000004
SIGTRAP: SIG_DFL, sa_mask[0]=0x00000000, sa_flags=0x00000000


---------------  S Y S T E M  ---------------

OS:Ubuntu 14.04 (trusty)
uname:Linux 3.13.0-76-generic #120-Ubuntu SMP Mon Jan 18 15:59:10 UTC 2016 x86_64
libc:glibc 2.19 NPTL 2.19 
rlimit: STACK 8192k, CORE 0k, NPROC 30418, NOFILE 4096, AS infinity
load average:3.15 1.58 0.79

/proc/meminfo:
MemTotal:        3950084 kB
MemFree:          147664 kB
Buffers:             764 kB
Cached:           292736 kB
SwapCached:            0 kB
Active:          3365772 kB
Inactive:         278272 kB
Active(anon):    3353752 kB
Inactive(anon):   268932 kB
Active(file):      12020 kB
Inactive(file):     9340 kB
Unevictable:          48 kB
Mlocked:              48 kB
SwapTotal:             0 kB
SwapFree:              0 kB
Dirty:               536 kB
Writeback:             0 kB
AnonPages:       3351064 kB
Mapped:            72400 kB
Shmem:            271660 kB
Slab:              66504 kB
SReclaimable:      33800 kB
SUnreclaim:        32704 kB
KernelStack:        4664 kB
PageTables:        33920 kB
NFS_Unstable:          0 kB
Bounce:                0 kB
WritebackTmp:          0 kB
CommitLimit:     1975040 kB
Committed_AS:    7513976 kB
VmallocTotal:   34359738367 kB
VmallocUsed:      348280 kB
VmallocChunk:   34359380444 kB
HardwareCorrupted:     0 kB
AnonHugePages:    487424 kB
HugePages_Total:       0
HugePages_Free:        0
HugePages_Rsvd:        0
HugePages_Surp:        0
Hugepagesize:       2048 kB
DirectMap4k:       72060 kB
DirectMap2M:     2975744 kB
DirectMap1G:     1048576 kB


CPU:total 4 (2 cores per cpu, 2 threads per core) family 6 model 69 stepping 1, cmov, cx8, fxsr, mmx, sse, sse2, sse3, ssse3, sse4.1, sse4.2, popcnt, avx, avx2, aes, erms, ht, tsc, tscinvbit

/proc/cpuinfo:
processor	: 0
vendor_id	: GenuineIntel
cpu family	: 6
model		: 69
model name	: Intel(R) Core(TM) i5-4210U CPU @ 1.70GHz
stepping	: 1
microcode	: 0x17
cpu MHz		: 1700.000
cache size	: 3072 KB
physical id	: 0
siblings	: 4
core id		: 0
cpu cores	: 2
apicid		: 0
initial apicid	: 0
fpu		: yes
fpu_exception	: yes
cpuid level	: 13
wp		: yes
flags		: fpu vme de pse tsc msr pae mce cx8 apic sep mtrr pge mca cmov pat pse36 clflush dts acpi mmx fxsr sse sse2 ss ht tm pbe syscall nx pdpe1gb rdtscp lm constant_tsc arch_perfmon pebs bts rep_good nopl xtopology nonstop_tsc aperfmperf eagerfpu pni pclmulqdq dtes64 monitor ds_cpl vmx est tm2 ssse3 fma cx16 xtpr pdcm pcid sse4_1 sse4_2 movbe popcnt tsc_deadline_timer aes xsave avx f16c rdrand lahf_lm abm ida arat epb xsaveopt pln pts dtherm tpr_shadow vnmi flexpriority ept vpid fsgsbase tsc_adjust bmi1 avx2 smep bmi2 erms invpcid
bogomips	: 3392.19
clflush size	: 64
cache_alignment	: 64
address sizes	: 39 bits physical, 48 bits virtual
power management:

processor	: 1
vendor_id	: GenuineIntel
cpu family	: 6
model		: 69
model name	: Intel(R) Core(TM) i5-4210U CPU @ 1.70GHz
stepping	: 1
microcode	: 0x17
cpu MHz		: 1700.000
cache size	: 3072 KB
physical id	: 0
siblings	: 4
core id		: 1
cpu cores	: 2
apicid		: 2
initial apicid	: 2
fpu		: yes
fpu_exception	: yes
cpuid level	: 13
wp		: yes
flags		: fpu vme de pse tsc msr pae mce cx8 apic sep mtrr pge mca cmov pat pse36 clflush dts acpi mmx fxsr sse sse2 ss ht tm pbe syscall nx pdpe1gb rdtscp lm constant_tsc arch_perfmon pebs bts rep_good nopl xtopology nonstop_tsc aperfmperf eagerfpu pni pclmulqdq dtes64 monitor ds_cpl vmx est tm2 ssse3 fma cx16 xtpr pdcm pcid sse4_1 sse4_2 movbe popcnt tsc_deadline_timer aes xsave avx f16c rdrand lahf_lm abm ida arat epb xsaveopt pln pts dtherm tpr_shadow vnmi flexpriority ept vpid fsgsbase tsc_adjust bmi1 avx2 smep bmi2 erms invpcid
bogomips	: 3392.19
clflush size	: 64
cache_alignment	: 64
address sizes	: 39 bits physical, 48 bits virtual
power management:

processor	: 2
vendor_id	: GenuineIntel
cpu family	: 6
model		: 69
model name	: Intel(R) Core(TM) i5-4210U CPU @ 1.70GHz
stepping	: 1
microcode	: 0x17
cpu MHz		: 1000.000
cache size	: 3072 KB
physical id	: 0
siblings	: 4
core id		: 0
cpu cores	: 2
apicid		: 1
initial apicid	: 1
fpu		: yes
fpu_exception	: yes
cpuid level	: 13
wp		: yes
flags		: fpu vme de pse tsc msr pae mce cx8 apic sep mtrr pge mca cmov pat pse36 clflush dts acpi mmx fxsr sse sse2 ss ht tm pbe syscall nx pdpe1gb rdtscp lm constant_tsc arch_perfmon pebs bts rep_good nopl xtopology nonstop_tsc aperfmperf eagerfpu pni pclmulqdq dtes64 monitor ds_cpl vmx est tm2 ssse3 fma cx16 xtpr pdcm pcid sse4_1 sse4_2 movbe popcnt tsc_deadline_timer aes xsave avx f16c rdrand lahf_lm abm ida arat epb xsaveopt pln pts dtherm tpr_shadow vnmi flexpriority ept vpid fsgsbase tsc_adjust bmi1 avx2 smep bmi2 erms invpcid
bogomips	: 3392.19
clflush size	: 64
cache_alignment	: 64
address sizes	: 39 bits physical, 48 bits virtual
power management:

processor	: 3
vendor_id	: GenuineIntel
cpu family	: 6
model		: 69
model name	: Intel(R) Core(TM) i5-4210U CPU @ 1.70GHz
stepping	: 1
microcode	: 0x17
cpu MHz		: 782.000
cache size	: 3072 KB
physical id	: 0
siblings	: 4
core id		: 1
cpu cores	: 2
apicid		: 3
initial apicid	: 3
fpu		: yes
fpu_exception	: yes
cpuid level	: 13
wp		: yes
flags		: fpu vme de pse tsc msr pae mce cx8 apic sep mtrr pge mca cmov pat pse36 clflush dts acpi mmx fxsr sse sse2 ss ht tm pbe syscall nx pdpe1gb rdtscp lm constant_tsc arch_perfmon pebs bts rep_good nopl xtopology nonstop_tsc aperfmperf eagerfpu pni pclmulqdq dtes64 monitor ds_cpl vmx est tm2 ssse3 fma cx16 xtpr pdcm pcid sse4_1 sse4_2 movbe popcnt tsc_deadline_timer aes xsave avx f16c rdrand lahf_lm abm ida arat epb xsaveopt pln pts dtherm tpr_shadow vnmi flexpriority ept vpid fsgsbase tsc_adjust bmi1 avx2 smep bmi2 erms invpcid
bogomips	: 3392.19
clflush size	: 64
cache_alignment	: 64
address sizes	: 39 bits physical, 48 bits virtual
power management:



Memory: 4k page, physical 3950084k(147664k free), swap 0k(0k free)

vm_info: OpenJDK 64-Bit Server VM (24.91-b01) for linux-amd64 JRE (1.7.0_91-b02), built on Nov 19 2015 06:14:37 by "buildd" with gcc 4.8.2

time: Tue Mar 15 20:24:21 2016
elapsed time: 13 seconds

