#
# There is insufficient memory for the Java Runtime Environment to continue.
# Native memory allocation (malloc) failed to allocate 90177536 bytes for committing reserved memory.
# Possible reasons:
#   The system is out of physical RAM or swap space
#   In 32 bit mode, the process size limit was hit
# Possible solutions:
#   Reduce memory load on the system
#   Increase physical memory or swap space
#   Check if swap backing store is full
#   Use 64 bit Java on a 64 bit OS
#   Decrease Java heap size (-Xmx/-Xms)
#   Decrease number of Java threads
#   Decrease Java thread stack sizes (-Xss)
#   Set larger code cache with -XX:ReservedCodeCacheSize=
# This output file may be truncated or incomplete.
#
#  Out of Memory Error (os_linux.cpp:2827), pid=4493, tid=140318223890176
#
# JRE version: OpenJDK Runtime Environment (7.0_91-b02) (build 1.7.0_91-b02)
# Java VM: OpenJDK 64-Bit Server VM (24.91-b01 mixed mode linux-amd64 compressed oops)
# Derivative: IcedTea 2.6.3
# Distribution: Ubuntu 14.04 LTS, package 7u91-2.6.3-0ubuntu0.14.04.1
# Failed to write core dump. Core dumps have been disabled. To enable core dumping, try "ulimit -c unlimited" before starting Java again
#

---------------  T H R E A D  ---------------

Current thread (0x00007f9e68077000):  VMThread [stack: 0x00007f9e61d3f000,0x00007f9e61e40000] [id=4504]

Stack: [0x00007f9e61d3f000,0x00007f9e61e40000],  sp=0x00007f9e61e3e490,  free space=1021k
Native frames: (J=compiled Java code, j=interpreted, Vv=VM code, C=native code)
V  [libjvm.so+0x953e15]  VMError::report_and_die()+0x175
V  [libjvm.so+0x48fd94]  report_vm_out_of_memory(char const*, int, unsigned long, char const*)+0x74
V  [libjvm.so+0x7cf87b]  os::pd_commit_memory(char*, unsigned long, unsigned long, bool)+0xeb
V  [libjvm.so+0x7ca33f]  os::commit_memory(char*, unsigned long, unsigned long, bool)+0x1f
V  [libjvm.so+0x83dacb]  PSVirtualSpace::expand_by(unsigned long)+0x5b
V  [libjvm.so+0x83e930]  PSYoungGen::resize_generation(unsigned long, unsigned long)+0xb0
V  [libjvm.so+0x83f01b]  PSYoungGen::resize(unsigned long, unsigned long)+0x1b
V  [libjvm.so+0x83b258]  PSScavenge::invoke_no_policy()+0xd68
V  [libjvm.so+0x83bac8]  PSScavenge::invoke()+0x38
V  [libjvm.so+0x7f2083]  ParallelScavengeHeap::failed_mem_allocate(unsigned long)+0x63
V  [libjvm.so+0x955814]  VM_ParallelGCFailedAllocation::doit()+0x84
V  [libjvm.so+0x959917]  VM_Operation::evaluate()+0x47
V  [libjvm.so+0x9583d8]  VMThread::evaluate_operation(VM_Operation*)+0x318
V  [libjvm.so+0x958839]  VMThread::loop()+0x219
V  [libjvm.so+0x958c82]  VMThread::run()+0x72
V  [libjvm.so+0x7cc742]  java_start(Thread*)+0xf2

VM_Operation (0x00007f9e705482e0): ParallelGCFailedAllocation, mode: safepoint, requested by thread 0x00007f9e6800b800


---------------  P R O C E S S  ---------------

Java Threads: ( => current thread )
  0x00007f9e68185000 JavaThread "pool-1-thread-4" [_thread_blocked, id=4516, stack(0x00007f9e60a51000,0x00007f9e60b52000)]
  0x00007f9e68183000 JavaThread "pool-1-thread-3" [_thread_blocked, id=4515, stack(0x00007f9e60b52000,0x00007f9e60c53000)]
  0x00007f9e68181800 JavaThread "pool-1-thread-2" [_thread_blocked, id=4514, stack(0x00007f9e60c53000,0x00007f9e60d54000)]
  0x00007f9e68180800 JavaThread "pool-2-thread-1" [_thread_blocked, id=4513, stack(0x00007f9e60d54000,0x00007f9e60e55000)]
  0x00007f9e6817e800 JavaThread "pool-1-thread-1" [_thread_blocked, id=4512, stack(0x00007f9e60e55000,0x00007f9e60f56000)]
  0x00007f9e680b0800 JavaThread "Service Thread" daemon [_thread_blocked, id=4510, stack(0x00007f9e61057000,0x00007f9e61158000)]
  0x00007f9e680ae800 JavaThread "C2 CompilerThread1" daemon [_thread_blocked, id=4509, stack(0x00007f9e61158000,0x00007f9e61259000)]
  0x00007f9e680ab800 JavaThread "C2 CompilerThread0" daemon [_thread_blocked, id=4508, stack(0x00007f9e61259000,0x00007f9e6135a000)]
  0x00007f9e680a9000 JavaThread "Signal Dispatcher" daemon [_thread_blocked, id=4507, stack(0x00007f9e6135a000,0x00007f9e6145b000)]
  0x00007f9e6807d800 JavaThread "Finalizer" daemon [_thread_blocked, id=4506, stack(0x00007f9e61b3d000,0x00007f9e61c3e000)]
  0x00007f9e6807b800 JavaThread "Reference Handler" daemon [_thread_blocked, id=4505, stack(0x00007f9e61c3e000,0x00007f9e61d3f000)]
  0x00007f9e6800b800 JavaThread "main" [_thread_blocked, id=4498, stack(0x00007f9e70449000,0x00007f9e7054a000)]

Other Threads:
=>0x00007f9e68077000 VMThread [stack: 0x00007f9e61d3f000,0x00007f9e61e40000] [id=4504]
  0x00007f9e680bb800 WatcherThread [stack: 0x00007f9e60f56000,0x00007f9e61057000] [id=4511]

VM state:at safepoint (normal execution)

VM Mutex/Monitor currently owned by a thread:  ([mutex/lock_event])
[0x00007f9e68007da0] Threads_lock - owner thread: 0x00007f9e68077000
[0x00007f9e680082a0] Heap_lock - owner thread: 0x00007f9e6800b800

Heap
 PSYoungGen      total 66048K, used 2541K [0x00000000eaa80000, 0x00000000eed80000, 0x0000000100000000)
  eden space 63488K, 0% used [0x00000000eaa80000,0x00000000eaa80000,0x00000000ee880000)
  from space 2560K, 99% used [0x00000000ee880000,0x00000000eeafb480,0x00000000eeb00000)
  to   space 2560K, 0% used [0x00000000eeb00000,0x00000000eeb00000,0x00000000eed80000)
 ParOldGen       total 40960K, used 28009K [0x00000000c0000000, 0x00000000c2800000, 0x00000000eaa80000)
  object space 40960K, 68% used [0x00000000c0000000,0x00000000c1b5a628,0x00000000c2800000)
 PSPermGen       total 21504K, used 6102K [0x00000000b5a00000, 0x00000000b6f00000, 0x00000000c0000000)
  object space 21504K, 28% used [0x00000000b5a00000,0x00000000b5ff5a98,0x00000000b6f00000)

Card table byte_map: [0x00007f9e6ce31000,0x00007f9e6d085000] byte_map_base: 0x00007f9e6c884000

Polling page: 0x00007f9e7056c000

Code Cache  [0x00007f9e65000000, 0x00007f9e652a0000, 0x00007f9e68000000)
 total_blobs=900 nmethods=669 adapters=184 free_code_cache=46517Kb largest_free_block=47590592

Compilation events (10 events):
Event: 11.527 Thread 0x00007f9e680ae800 nmethod 678 0x00007f9e65287850 code [0x00007f9e65287980, 0x00007f9e652879d8]
Event: 11.527 Thread 0x00007f9e680ae800  679             com.android.dx.rop.cst.CstInteger::make (47 bytes)
Event: 11.528 Thread 0x00007f9e680ae800 nmethod 679 0x00007f9e6528d350 code [0x00007f9e6528d4a0, 0x00007f9e6528d618]
Event: 11.528 Thread 0x00007f9e680ae800  680             com.android.dx.cf.code.BasicBlocker::visitConstant (39 bytes)
Event: 11.532 Thread 0x00007f9e680ae800 nmethod 680 0x00007f9e6528c5d0 code [0x00007f9e6528c780, 0x00007f9e6528cbd8]
Event: 11.532 Thread 0x00007f9e680ae800  681             com.android.dx.cf.code.Simulator$SimVisitor::visitConstant (332 bytes)
Event: 11.537 Thread 0x00007f9e680ab800 nmethod 663 0x00007f9e65290f50 code [0x00007f9e652911c0, 0x00007f9e652921a0]
Event: 11.537 Thread 0x00007f9e680ab800  682             com.android.dx.dex.code.CstInsn::<init> (39 bytes)
Event: 11.538 Thread 0x00007f9e680ab800 nmethod 682 0x00007f9e6528f310 code [0x00007f9e6528f460, 0x00007f9e6528f5b8]
Event: 11.594 Thread 0x00007f9e680ae800 nmethod 681 0x00007f9e65296910 code [0x00007f9e65296e60, 0x00007f9e65299ce8]

GC Heap History (9 events):
Event: 1.185 GC heap before
{Heap before GC invocations=1 (full 0):
 PSYoungGen      total 18432K, used 15872K [0x00000000eaa80000, 0x00000000ebf00000, 0x0000000100000000)
  eden space 15872K, 100% used [0x00000000eaa80000,0x00000000eba00000,0x00000000eba00000)
  from space 2560K, 0% used [0x00000000ebc80000,0x00000000ebc80000,0x00000000ebf00000)
  to   space 2560K, 0% used [0x00000000eba00000,0x00000000eba00000,0x00000000ebc80000)
 ParOldGen       total 40960K, used 0K [0x00000000c0000000, 0x00000000c2800000, 0x00000000eaa80000)
  object space 40960K, 0% used [0x00000000c0000000,0x00000000c0000000,0x00000000c2800000)
 PSPermGen       total 21504K, used 5293K [0x00000000b5a00000, 0x00000000b6f00000, 0x00000000c0000000)
  object space 21504K, 24% used [0x00000000b5a00000,0x00000000b5f2b580,0x00000000b6f00000)
Event: 1.199 GC heap after
Heap after GC invocations=1 (full 0):
 PSYoungGen      total 18432K, used 2528K [0x00000000eaa80000, 0x00000000ece80000, 0x0000000100000000)
  eden space 15872K, 0% used [0x00000000eaa80000,0x00000000eaa80000,0x00000000eba00000)
  from space 2560K, 98% used [0x00000000eba00000,0x00000000ebc78018,0x00000000ebc80000)
  to   space 2560K, 0% used [0x00000000ecc00000,0x00000000ecc00000,0x00000000ece80000)
 ParOldGen       total 40960K, used 2062K [0x00000000c0000000, 0x00000000c2800000, 0x00000000eaa80000)
  object space 40960K, 5% used [0x00000000c0000000,0x00000000c0203bc0,0x00000000c2800000)
 PSPermGen       total 21504K, used 5293K [0x00000000b5a00000, 0x00000000b6f00000, 0x00000000c0000000)
  object space 21504K, 24% used [0x00000000b5a00000,0x00000000b5f2b580,0x00000000b6f00000)
}
Event: 1.551 GC heap before
{Heap before GC invocations=2 (full 0):
 PSYoungGen      total 18432K, used 18400K [0x00000000eaa80000, 0x00000000ece80000, 0x0000000100000000)
  eden space 15872K, 100% used [0x00000000eaa80000,0x00000000eba00000,0x00000000eba00000)
  from space 2560K, 98% used [0x00000000eba00000,0x00000000ebc78018,0x00000000ebc80000)
  to   space 2560K, 0% used [0x00000000ecc00000,0x00000000ecc00000,0x00000000ece80000)
 ParOldGen       total 40960K, used 2062K [0x00000000c0000000, 0x00000000c2800000, 0x00000000eaa80000)
  object space 40960K, 5% used [0x00000000c0000000,0x00000000c0203bc0,0x00000000c2800000)
 PSPermGen       total 21504K, used 5476K [0x00000000b5a00000, 0x00000000b6f00000, 0x00000000c0000000)
  object space 21504K, 25% used [0x00000000b5a00000,0x00000000b5f59258,0x00000000b6f00000)
Event: 1.563 GC heap after
Heap after GC invocations=2 (full 0):
 PSYoungGen      total 34304K, used 2528K [0x00000000eaa80000, 0x00000000ece80000, 0x0000000100000000)
  eden space 31744K, 0% used [0x00000000eaa80000,0x00000000eaa80000,0x00000000ec980000)
  from space 2560K, 98% used [0x00000000ecc00000,0x00000000ece78020,0x00000000ece80000)
  to   space 2560K, 0% used [0x00000000ec980000,0x00000000ec980000,0x00000000ecc00000)
 ParOldGen       total 40960K, used 5044K [0x00000000c0000000, 0x00000000c2800000, 0x00000000eaa80000)
  object space 40960K, 12% used [0x00000000c0000000,0x00000000c04ed1e8,0x00000000c2800000)
 PSPermGen       total 21504K, used 5476K [0x00000000b5a00000, 0x00000000b6f00000, 0x00000000c0000000)
  object space 21504K, 25% used [0x00000000b5a00000,0x00000000b5f59258,0x00000000b6f00000)
}
Event: 2.131 GC heap before
{Heap before GC invocations=3 (full 0):
 PSYoungGen      total 34304K, used 34272K [0x00000000eaa80000, 0x00000000ece80000, 0x0000000100000000)
  eden space 31744K, 100% used [0x00000000eaa80000,0x00000000ec980000,0x00000000ec980000)
  from space 2560K, 98% used [0x00000000ecc00000,0x00000000ece78020,0x00000000ece80000)
  to   space 2560K, 0% used [0x00000000ec980000,0x00000000ec980000,0x00000000ecc00000)
 ParOldGen       total 40960K, used 5044K [0x00000000c0000000, 0x00000000c2800000, 0x00000000eaa80000)
  object space 40960K, 12% used [0x00000000c0000000,0x00000000c04ed1e8,0x00000000c2800000)
 PSPermGen       total 21504K, used 5589K [0x00000000b5a00000, 0x00000000b6f00000, 0x00000000c0000000)
  object space 21504K, 25% used [0x00000000b5a00000,0x00000000b5f755f0,0x00000000b6f00000)
Event: 2.144 GC heap after
Heap after GC invocations=3 (full 0):
 PSYoungGen      total 34304K, used 2528K [0x00000000eaa80000, 0x00000000eed80000, 0x0000000100000000)
  eden space 31744K, 0% used [0x00000000eaa80000,0x00000000eaa80000,0x00000000ec980000)
  from space 2560K, 98% used [0x00000000ec980000,0x00000000ecbf8020,0x00000000ecc00000)
  to   space 2560K, 0% used [0x00000000eeb00000,0x00000000eeb00000,0x00000000eed80000)
 ParOldGen       total 40960K, used 10551K [0x00000000c0000000, 0x00000000c2800000, 0x00000000eaa80000)
  object space 40960K, 25% used [0x00000000c0000000,0x00000000c0a4dfd8,0x00000000c2800000)
 PSPermGen       total 21504K, used 5589K [0x00000000b5a00000, 0x00000000b6f00000, 0x00000000c0000000)
  object space 21504K, 25% used [0x00000000b5a00000,0x00000000b5f755f0,0x00000000b6f00000)
}
Event: 2.761 GC heap before
{Heap before GC invocations=4 (full 0):
 PSYoungGen      total 34304K, used 34272K [0x00000000eaa80000, 0x00000000eed80000, 0x0000000100000000)
  eden space 31744K, 100% used [0x00000000eaa80000,0x00000000ec980000,0x00000000ec980000)
  from space 2560K, 98% used [0x00000000ec980000,0x00000000ecbf8020,0x00000000ecc00000)
  to   space 2560K, 0% used [0x00000000eeb00000,0x00000000eeb00000,0x00000000eed80000)
 ParOldGen       total 40960K, used 10551K [0x00000000c0000000, 0x00000000c2800000, 0x00000000eaa80000)
  object space 40960K, 25% used [0x00000000c0000000,0x00000000c0a4dfd8,0x00000000c2800000)
 PSPermGen       total 21504K, used 5620K [0x00000000b5a00000, 0x00000000b6f00000, 0x00000000c0000000)
  object space 21504K, 26% used [0x00000000b5a00000,0x00000000b5f7d218,0x00000000b6f00000)
Event: 2.872 GC heap after
Heap after GC invocations=4 (full 0):
 PSYoungGen      total 66048K, used 2528K [0x00000000eaa80000, 0x00000000eed80000, 0x0000000100000000)
  eden space 63488K, 0% used [0x00000000eaa80000,0x00000000eaa80000,0x00000000ee880000)
  from space 2560K, 98% used [0x00000000eeb00000,0x00000000eed78010,0x00000000eed80000)
  to   space 2560K, 0% used [0x00000000ee880000,0x00000000ee880000,0x00000000eeb00000)
 ParOldGen       total 40960K, used 15822K [0x00000000c0000000, 0x00000000c2800000, 0x00000000eaa80000)
  object space 40960K, 38% used [0x00000000c0000000,0x00000000c0f73990,0x00000000c2800000)
 PSPermGen       total 21504K, used 5620K [0x00000000b5a00000, 0x00000000b6f00000, 0x00000000c0000000)
  object space 21504K, 26% used [0x00000000b5a00000,0x00000000b5f7d218,0x00000000b6f00000)
}
Event: 64.064 GC heap before
{Heap before GC invocations=5 (full 0):
 PSYoungGen      total 66048K, used 65660K [0x00000000eaa80000, 0x00000000eed80000, 0x0000000100000000)
  eden space 63488K, 99% used [0x00000000eaa80000,0x00000000ee8271c8,0x00000000ee880000)
  from space 2560K, 98% used [0x00000000eeb00000,0x00000000eed78010,0x00000000eed80000)
  to   space 2560K, 0% used [0x00000000ee880000,0x00000000ee880000,0x00000000eeb00000)
 ParOldGen       total 40960K, used 15822K [0x00000000c0000000, 0x00000000c2800000, 0x00000000eaa80000)
  object space 40960K, 38% used [0x00000000c0000000,0x00000000c0f73990,0x00000000c2800000)
 PSPermGen       total 21504K, used 6102K [0x00000000b5a00000, 0x00000000b6f00000, 0x00000000c0000000)
  object space 21504K, 28% used [0x00000000b5a00000,0x00000000b5ff5a98,0x00000000b6f00000)

Deoptimization events (10 events):
Event: 1.230 Thread 0x00007f9e6817e800 Uncommon trap: reason=unstable_if action=reinterpret pc=0x00007f9e6508330c method=com.android.dx.rop.code.RopMethod.calcPredecessors()V @ 115
Event: 1.261 Thread 0x00007f9e68181800 Uncommon trap: reason=unstable_if action=reinterpret pc=0x00007f9e65080398 method=com.android.dx.cf.code.Ropper.labelToResultIndex(I)I @ 34
Event: 1.603 Thread 0x00007f9e6800b800 Uncommon trap: reason=null_check action=make_not_entrant pc=0x00007f9e650a8408 method=com.android.dx.rop.type.Type.putIntern(Lcom/android/dx/rop/type/Type;)Lcom/android/dx/rop/type/Type; @ 18
Event: 1.852 Thread 0x00007f9e6800b800 Uncommon trap: reason=null_check action=make_not_entrant pc=0x00007f9e650c5fd0 method=com.android.dx.ssa.SsaRenamer.getLocalForNewReg(I)Lcom/android/dx/rop/code/LocalItem; @ 19
Event: 2.005 Thread 0x00007f9e68183000 Uncommon trap: reason=unstable_if action=reinterpret pc=0x00007f9e65064f04 method=com.android.dx.rop.cst.Constant.compareTo(Lcom/android/dx/rop/cst/Constant;)I @ 12
Event: 2.954 Thread 0x00007f9e6817e800 Uncommon trap: reason=unstable_if action=reinterpret pc=0x00007f9e65094600 method=java.util.HashMap.put(Ljava/lang/Object;Ljava/lang/Object;)Ljava/lang/Object; @ 86
Event: 23.044 Thread 0x00007f9e6800b800 Uncommon trap: reason=class_check action=maybe_recompile pc=0x00007f9e652767ec method=java.util.HashMap.put(Ljava/lang/Object;Ljava/lang/Object;)Ljava/lang/Object; @ 137
Event: 23.085 Thread 0x00007f9e6800b800 Uncommon trap: reason=class_check action=maybe_recompile pc=0x00007f9e650c4e60 method=java.util.HashMap.addEntry(ILjava/lang/Object;Ljava/lang/Object;I)V @ 65
Event: 47.584 Thread 0x00007f9e6800b800 Uncommon trap: reason=unstable_if action=reinterpret pc=0x00007f9e65281554 method=java.lang.String.lastIndexOf([CII[CIII)I @ 66
Event: 54.383 Thread 0x00007f9e6800b800 Uncommon trap: reason=unstable_if action=reinterpret pc=0x00007f9e65170998 method=java.lang.String.startsWith(Ljava/lang/String;I)Z @ 25

Internal exceptions (10 events):
Event: 1.129 Thread 0x00007f9e6800b800 Threw 0x00000000eb7f79d8 at /build/openjdk-7-zaTxYK/openjdk-7-7u91-2.6.3/build/openjdk/hotspot/src/share/vm/prims/jvm.cpp:1322
Event: 1.136 Thread 0x00007f9e68185000 Threw 0x00000000eb76f640 at /build/openjdk-7-zaTxYK/openjdk-7-7u91-2.6.3/build/openjdk/hotspot/src/share/vm/prims/jvm.cpp:1322
Event: 1.171 Thread 0x00007f9e68181800 Threw 0x00000000eb86f910 at /build/openjdk-7-zaTxYK/openjdk-7-7u91-2.6.3/build/openjdk/hotspot/src/share/vm/prims/jvm.cpp:1322
Event: 1.175 Thread 0x00007f9e6817e800 Threw 0x00000000eb7c9950 at /build/openjdk-7-zaTxYK/openjdk-7-7u91-2.6.3/build/openjdk/hotspot/src/share/vm/prims/jvm.cpp:1322
Event: 1.222 Thread 0x00007f9e6817e800 Threw 0x00000000eab7a3d0 at /build/openjdk-7-zaTxYK/openjdk-7-7u91-2.6.3/build/openjdk/hotspot/src/share/vm/prims/jvm.cpp:1322
Event: 1.603 Thread 0x00007f9e6800b800 Implicit null exception at 0x00007f9e650a7d17 to 0x00007f9e650a83f9
Event: 1.798 Thread 0x00007f9e68183000 Threw 0x00000000eb74e678 at /build/openjdk-7-zaTxYK/openjdk-7-7u91-2.6.3/build/openjdk/hotspot/src/share/vm/prims/jvm.cpp:1322
Event: 1.852 Thread 0x00007f9e6800b800 Implicit null exception at 0x00007f9e650c48af to 0x00007f9e650c5fa5
Event: 2.126 Thread 0x00007f9e6800b800 Threw 0x00000000ec8796d0 at /build/openjdk-7-zaTxYK/openjdk-7-7u91-2.6.3/build/openjdk/hotspot/src/share/vm/prims/jvm.cpp:1322
Event: 2.529 Thread 0x00007f9e6800b800 Threw 0x00000000ebd86988 at /build/openjdk-7-zaTxYK/openjdk-7-7u91-2.6.3/build/openjdk/hotspot/src/share/vm/prims/jvm.cpp:1322

Events (10 events):
Event: 47.512 loading class 0x00007f9e3800e910 done
Event: 47.512 loading class 0x00007f9e3800d920
Event: 47.526 loading class 0x00007f9e3800d920 done
Event: 47.584 Thread 0x00007f9e6800b800 Uncommon trap: trap_request=0xffffff75 fr.pc=0x00007f9e65281554
Event: 47.927 Thread 0x00007f9e6800b800 DEOPT PACKING pc=0x00007f9e65281554 sp=0x00007f9e70548270
Event: 47.927 Thread 0x00007f9e6800b800 DEOPT UNPACKING pc=0x00007f9e65039445 sp=0x00007f9e70548210 mode 2
Event: 54.315 Thread 0x00007f9e6800b800 Uncommon trap: trap_request=0xffffff75 fr.pc=0x00007f9e65170998
Event: 54.383 Thread 0x00007f9e6800b800 DEOPT PACKING pc=0x00007f9e65170998 sp=0x00007f9e70548380
Event: 54.391 Thread 0x00007f9e6800b800 DEOPT UNPACKING pc=0x00007f9e65039445 sp=0x00007f9e70548330 mode 2
Event: 63.297 Executing VM operation: ParallelGCFailedAllocation


Dynamic libraries:
00400000-00401000 r-xp 00000000 08:07 3148986                            /usr/lib/jvm/java-7-openjdk-amd64/jre/bin/java
00600000-00601000 r--p 00000000 08:07 3148986                            /usr/lib/jvm/java-7-openjdk-amd64/jre/bin/java
00601000-00602000 rw-p 00001000 08:07 3148986                            /usr/lib/jvm/java-7-openjdk-amd64/jre/bin/java
007b4000-007d5000 rw-p 00000000 00:00 0                                  [heap]
b5a00000-b6f00000 rw-p 00000000 00:00 0 
b6f00000-c0000000 rw-p 00000000 00:00 0 
c0000000-c2800000 rw-p 00000000 00:00 0 
c2800000-eaa80000 rw-p 00000000 00:00 0 
eaa80000-eed80000 rw-p 00000000 00:00 0 
f4380000-100000000 rw-p 00000000 00:00 0 
7f9e14000000-7f9e14029000 rw-p 00000000 00:00 0 
7f9e14029000-7f9e18000000 ---p 00000000 00:00 0 
7f9e1c000000-7f9e1c02f000 rw-p 00000000 00:00 0 
7f9e1c02f000-7f9e20000000 ---p 00000000 00:00 0 
7f9e20000000-7f9e2002f000 rw-p 00000000 00:00 0 
7f9e2002f000-7f9e24000000 ---p 00000000 00:00 0 
7f9e24000000-7f9e24023000 rw-p 00000000 00:00 0 
7f9e24023000-7f9e28000000 ---p 00000000 00:00 0 
7f9e28000000-7f9e28021000 rw-p 00000000 00:00 0 
7f9e28021000-7f9e2c000000 ---p 00000000 00:00 0 
7f9e2c000000-7f9e2c021000 rw-p 00000000 00:00 0 
7f9e2c021000-7f9e30000000 ---p 00000000 00:00 0 
7f9e30000000-7f9e30021000 rw-p 00000000 00:00 0 
7f9e30021000-7f9e34000000 ---p 00000000 00:00 0 
7f9e34000000-7f9e35890000 rw-p 00000000 00:00 0 
7f9e35890000-7f9e38000000 ---p 00000000 00:00 0 
7f9e38000000-7f9e39337000 rw-p 00000000 00:00 0 
7f9e39337000-7f9e3c000000 ---p 00000000 00:00 0 
7f9e3c000000-7f9e3c021000 rw-p 00000000 00:00 0 
7f9e3c021000-7f9e40000000 ---p 00000000 00:00 0 
7f9e40000000-7f9e40021000 rw-p 00000000 00:00 0 
7f9e40021000-7f9e44000000 ---p 00000000 00:00 0 
7f9e44000000-7f9e44242000 rw-p 00000000 00:00 0 
7f9e44242000-7f9e48000000 ---p 00000000 00:00 0 
7f9e48000000-7f9e48021000 rw-p 00000000 00:00 0 
7f9e48021000-7f9e4c000000 ---p 00000000 00:00 0 
7f9e4c000000-7f9e4c021000 rw-p 00000000 00:00 0 
7f9e4c021000-7f9e50000000 ---p 00000000 00:00 0 
7f9e50000000-7f9e50021000 rw-p 00000000 00:00 0 
7f9e50021000-7f9e54000000 ---p 00000000 00:00 0 
7f9e54000000-7f9e54021000 rw-p 00000000 00:00 0 
7f9e54021000-7f9e58000000 ---p 00000000 00:00 0 
7f9e5b270000-7f9e5b2ad000 r-xp 00000000 08:07 4198346                    /lib/x86_64-linux-gnu/libpcre.so.3.13.1
7f9e5b2ad000-7f9e5b4ac000 ---p 0003d000 08:07 4198346                    /lib/x86_64-linux-gnu/libpcre.so.3.13.1
7f9e5b4ac000-7f9e5b4ad000 r--p 0003c000 08:07 4198346                    /lib/x86_64-linux-gnu/libpcre.so.3.13.1
7f9e5b4ad000-7f9e5b4ae000 rw-p 0003d000 08:07 4198346                    /lib/x86_64-linux-gnu/libpcre.so.3.13.1
7f9e5b4ae000-7f9e5b4b5000 r-xp 00000000 08:07 1071226                    /usr/lib/x86_64-linux-gnu/libffi.so.6.0.1
7f9e5b4b5000-7f9e5b6b4000 ---p 00007000 08:07 1071226                    /usr/lib/x86_64-linux-gnu/libffi.so.6.0.1
7f9e5b6b4000-7f9e5b6b5000 r--p 00006000 08:07 1071226                    /usr/lib/x86_64-linux-gnu/libffi.so.6.0.1
7f9e5b6b5000-7f9e5b6b6000 rw-p 00007000 08:07 1071226                    /usr/lib/x86_64-linux-gnu/libffi.so.6.0.1
7f9e5b6b6000-7f9e5b6cd000 r-xp 00000000 08:07 4198341                    /lib/x86_64-linux-gnu/libresolv-2.19.so
7f9e5b6cd000-7f9e5b8cd000 ---p 00017000 08:07 4198341                    /lib/x86_64-linux-gnu/libresolv-2.19.so
7f9e5b8cd000-7f9e5b8ce000 r--p 00017000 08:07 4198341                    /lib/x86_64-linux-gnu/libresolv-2.19.so
7f9e5b8ce000-7f9e5b8cf000 rw-p 00018000 08:07 4198341                    /lib/x86_64-linux-gnu/libresolv-2.19.so
7f9e5b8cf000-7f9e5b8d1000 rw-p 00000000 00:00 0 
7f9e5b8d1000-7f9e5b8f1000 r-xp 00000000 08:07 4198493                    /lib/x86_64-linux-gnu/libselinux.so.1
7f9e5b8f1000-7f9e5baf0000 ---p 00020000 08:07 4198493                    /lib/x86_64-linux-gnu/libselinux.so.1
7f9e5baf0000-7f9e5baf1000 r--p 0001f000 08:07 4198493                    /lib/x86_64-linux-gnu/libselinux.so.1
7f9e5baf1000-7f9e5baf2000 rw-p 00020000 08:07 4198493                    /lib/x86_64-linux-gnu/libselinux.so.1
7f9e5baf2000-7f9e5baf4000 rw-p 00000000 00:00 0 
7f9e5baf4000-7f9e5baf7000 r-xp 00000000 08:07 1048940                    /usr/lib/x86_64-linux-gnu/libgmodule-2.0.so.0.4002.0
7f9e5baf7000-7f9e5bcf6000 ---p 00003000 08:07 1048940                    /usr/lib/x86_64-linux-gnu/libgmodule-2.0.so.0.4002.0
7f9e5bcf6000-7f9e5bcf7000 r--p 00002000 08:07 1048940                    /usr/lib/x86_64-linux-gnu/libgmodule-2.0.so.0.4002.0
7f9e5bcf7000-7f9e5bcf8000 rw-p 00003000 08:07 1048940                    /usr/lib/x86_64-linux-gnu/libgmodule-2.0.so.0.4002.0
7f9e5bcf8000-7f9e5bdfe000 r-xp 00000000 08:07 4198308                    /lib/x86_64-linux-gnu/libglib-2.0.so.0.4002.0
7f9e5bdfe000-7f9e5bffd000 ---p 00106000 08:07 4198308                    /lib/x86_64-linux-gnu/libglib-2.0.so.0.4002.0
7f9e5bffd000-7f9e5bffe000 r--p 00105000 08:07 4198308                    /lib/x86_64-linux-gnu/libglib-2.0.so.0.4002.0
7f9e5bffe000-7f9e5bfff000 rw-p 00106000 08:07 4198308                    /lib/x86_64-linux-gnu/libglib-2.0.so.0.4002.0
7f9e5bfff000-7f9e5c000000 rw-p 00000000 00:00 0 
7f9e5c000000-7f9e5c021000 rw-p 00000000 00:00 0 
7f9e5c021000-7f9e60000000 ---p 00000000 00:00 0 
7f9e60045000-7f9e60094000 r-xp 00000000 08:07 1048958                    /usr/lib/x86_64-linux-gnu/libgobject-2.0.so.0.4002.0
7f9e60094000-7f9e60294000 ---p 0004f000 08:07 1048958                    /usr/lib/x86_64-linux-gnu/libgobject-2.0.so.0.4002.0
7f9e60294000-7f9e60295000 r--p 0004f000 08:07 1048958                    /usr/lib/x86_64-linux-gnu/libgobject-2.0.so.0.4002.0
7f9e60295000-7f9e60296000 rw-p 00050000 08:07 1048958                    /usr/lib/x86_64-linux-gnu/libgobject-2.0.so.0.4002.0
7f9e60296000-7f9e60402000 r-xp 00000000 08:07 1048962                    /usr/lib/x86_64-linux-gnu/libgio-2.0.so.0.4002.0
7f9e60402000-7f9e60601000 ---p 0016c000 08:07 1048962                    /usr/lib/x86_64-linux-gnu/libgio-2.0.so.0.4002.0
7f9e60601000-7f9e60605000 r--p 0016b000 08:07 1048962                    /usr/lib/x86_64-linux-gnu/libgio-2.0.so.0.4002.0
7f9e60605000-7f9e60607000 rw-p 0016f000 08:07 1048962                    /usr/lib/x86_64-linux-gnu/libgio-2.0.so.0.4002.0
7f9e60607000-7f9e60609000 rw-p 00000000 00:00 0 
7f9e60627000-7f9e6063e000 r-xp 00000000 08:07 3149050                    /usr/lib/jvm/java-7-openjdk-amd64/jre/lib/amd64/libnet.so
7f9e6063e000-7f9e6083d000 ---p 00017000 08:07 3149050                    /usr/lib/jvm/java-7-openjdk-amd64/jre/lib/amd64/libnet.so
7f9e6083d000-7f9e6083e000 r--p 00016000 08:07 3149050                    /usr/lib/jvm/java-7-openjdk-amd64/jre/lib/amd64/libnet.so
7f9e6083e000-7f9e6083f000 rw-p 00017000 08:07 3149050                    /usr/lib/jvm/java-7-openjdk-amd64/jre/lib/amd64/libnet.so
7f9e6083f000-7f9e6084f000 r-xp 00000000 08:07 3149013                    /usr/lib/jvm/java-7-openjdk-amd64/jre/lib/amd64/libnio.so
7f9e6084f000-7f9e60a4f000 ---p 00010000 08:07 3149013                    /usr/lib/jvm/java-7-openjdk-amd64/jre/lib/amd64/libnio.so
7f9e60a4f000-7f9e60a50000 r--p 00010000 08:07 3149013                    /usr/lib/jvm/java-7-openjdk-amd64/jre/lib/amd64/libnio.so
7f9e60a50000-7f9e60a51000 rw-p 00011000 08:07 3149013                    /usr/lib/jvm/java-7-openjdk-amd64/jre/lib/amd64/libnio.so
7f9e60a51000-7f9e60a54000 ---p 00000000 00:00 0 
7f9e60a54000-7f9e60b52000 rw-p 00000000 00:00 0                          [stack:4516]
7f9e60b52000-7f9e60b55000 ---p 00000000 00:00 0 
7f9e60b55000-7f9e60c53000 rw-p 00000000 00:00 0                          [stack:4515]
7f9e60c53000-7f9e60c56000 ---p 00000000 00:00 0 
7f9e60c56000-7f9e60d54000 rw-p 00000000 00:00 0                          [stack:4514]
7f9e60d54000-7f9e60d57000 ---p 00000000 00:00 0 
7f9e60d57000-7f9e60e55000 rw-p 00000000 00:00 0                          [stack:4513]
7f9e60e55000-7f9e60e58000 ---p 00000000 00:00 0 
7f9e60e58000-7f9e60f56000 rw-p 00000000 00:00 0                          [stack:4512]
7f9e60f56000-7f9e60f57000 ---p 00000000 00:00 0 
7f9e60f57000-7f9e61057000 rw-p 00000000 00:00 0                          [stack:4511]
7f9e61057000-7f9e6105a000 ---p 00000000 00:00 0 
7f9e6105a000-7f9e61158000 rw-p 00000000 00:00 0                          [stack:4510]
7f9e61158000-7f9e6115b000 ---p 00000000 00:00 0 
7f9e6115b000-7f9e61259000 rw-p 00000000 00:00 0                          [stack:4509]
7f9e61259000-7f9e6125c000 ---p 00000000 00:00 0 
7f9e6125c000-7f9e6135a000 rw-p 00000000 00:00 0                          [stack:4508]
7f9e6135a000-7f9e6135d000 ---p 00000000 00:00 0 
7f9e6135d000-7f9e6145b000 rw-p 00000000 00:00 0                          [stack:4507]
7f9e6145b000-7f9e61b3d000 r--p 00000000 08:07 1056383                    /usr/lib/locale/locale-archive
7f9e61b3d000-7f9e61b40000 ---p 00000000 00:00 0 
7f9e61b40000-7f9e61c3e000 rw-p 00000000 00:00 0                          [stack:4506]
7f9e61c3e000-7f9e61c41000 ---p 00000000 00:00 0 
7f9e61c41000-7f9e61d3f000 rw-p 00000000 00:00 0                          [stack:4505]
7f9e61d3f000-7f9e61d40000 ---p 00000000 00:00 0 
7f9e61d40000-7f9e65000000 rw-p 00000000 00:00 0                          [stack:4504]
7f9e65000000-7f9e652a0000 rwxp 00000000 00:00 0 
7f9e652a0000-7f9e681ef000 rw-p 00000000 00:00 0 
7f9e681ef000-7f9e6c000000 ---p 00000000 00:00 0 
7f9e6c001000-7f9e6c36e000 rw-p 00000000 00:00 0 
7f9e6c36e000-7f9e6c520000 r--s 01d2e000 08:07 3149006                    /usr/lib/jvm/java-7-openjdk-amd64/jre/lib/rt.jar
7f9e6c520000-7f9e6c884000 rw-p 00000000 00:00 0 
7f9e6c884000-7f9e6c885000 ---p 00000000 00:00 0 
7f9e6c885000-7f9e6c985000 rw-p 00000000 00:00 0                          [stack:4502]
7f9e6c985000-7f9e6c986000 ---p 00000000 00:00 0 
7f9e6c986000-7f9e6ca86000 rw-p 00000000 00:00 0                          [stack:4501]
7f9e6ca86000-7f9e6ca87000 ---p 00000000 00:00 0 
7f9e6ca87000-7f9e6cb87000 rw-p 00000000 00:00 0                          [stack:4500]
7f9e6cb87000-7f9e6cb88000 ---p 00000000 00:00 0 
7f9e6cb88000-7f9e6cc93000 rw-p 00000000 00:00 0                          [stack:4499]
7f9e6cc93000-7f9e6ccdb000 rw-p 00000000 00:00 0 
7f9e6ccdb000-7f9e6ccef000 rw-p 00000000 00:00 0 
7f9e6ccef000-7f9e6ce31000 rw-p 00000000 00:00 0 
7f9e6ce31000-7f9e6ce3c000 rw-p 00000000 00:00 0 
7f9e6ce3c000-7f9e6ce84000 rw-p 00000000 00:00 0 
7f9e6ce84000-7f9e6ce98000 rw-p 00000000 00:00 0 
7f9e6ce98000-7f9e6cfd9000 rw-p 00000000 00:00 0 
7f9e6cfd9000-7f9e6cffb000 rw-p 00000000 00:00 0 
7f9e6cffb000-7f9e6d084000 rw-p 00000000 00:00 0 
7f9e6d084000-7f9e6d085000 rw-p 00000000 00:00 0 
7f9e6d085000-7f9e6d08d000 r-xp 00000000 08:07 3149018                    /usr/lib/jvm/java-7-openjdk-amd64/jre/lib/amd64/libzip.so
7f9e6d08d000-7f9e6d28c000 ---p 00008000 08:07 3149018                    /usr/lib/jvm/java-7-openjdk-amd64/jre/lib/amd64/libzip.so
7f9e6d28c000-7f9e6d28d000 r--p 00007000 08:07 3149018                    /usr/lib/jvm/java-7-openjdk-amd64/jre/lib/amd64/libzip.so
7f9e6d28d000-7f9e6d28e000 rw-p 00008000 08:07 3149018                    /usr/lib/jvm/java-7-openjdk-amd64/jre/lib/amd64/libzip.so
7f9e6d28e000-7f9e6d299000 r-xp 00000000 08:07 4198440                    /lib/x86_64-linux-gnu/libnss_files-2.19.so
7f9e6d299000-7f9e6d498000 ---p 0000b000 08:07 4198440                    /lib/x86_64-linux-gnu/libnss_files-2.19.so
7f9e6d498000-7f9e6d499000 r--p 0000a000 08:07 4198440                    /lib/x86_64-linux-gnu/libnss_files-2.19.so
7f9e6d499000-7f9e6d49a000 rw-p 0000b000 08:07 4198440                    /lib/x86_64-linux-gnu/libnss_files-2.19.so
7f9e6d49a000-7f9e6d4a5000 r-xp 00000000 08:07 4200064                    /lib/x86_64-linux-gnu/libnss_nis-2.19.so
7f9e6d4a5000-7f9e6d6a4000 ---p 0000b000 08:07 4200064                    /lib/x86_64-linux-gnu/libnss_nis-2.19.so
7f9e6d6a4000-7f9e6d6a5000 r--p 0000a000 08:07 4200064                    /lib/x86_64-linux-gnu/libnss_nis-2.19.so
7f9e6d6a5000-7f9e6d6a6000 rw-p 0000b000 08:07 4200064                    /lib/x86_64-linux-gnu/libnss_nis-2.19.so
7f9e6d6a6000-7f9e6d6bd000 r-xp 00000000 08:07 4199530                    /lib/x86_64-linux-gnu/libnsl-2.19.so
7f9e6d6bd000-7f9e6d8bc000 ---p 00017000 08:07 4199530                    /lib/x86_64-linux-gnu/libnsl-2.19.so
7f9e6d8bc000-7f9e6d8bd000 r--p 00016000 08:07 4199530                    /lib/x86_64-linux-gnu/libnsl-2.19.so
7f9e6d8bd000-7f9e6d8be000 rw-p 00017000 08:07 4199530                    /lib/x86_64-linux-gnu/libnsl-2.19.so
7f9e6d8be000-7f9e6d8c0000 rw-p 00000000 00:00 0 
7f9e6d8c0000-7f9e6d8c9000 r-xp 00000000 08:07 4198482                    /lib/x86_64-linux-gnu/libnss_compat-2.19.so
7f9e6d8c9000-7f9e6dac8000 ---p 00009000 08:07 4198482                    /lib/x86_64-linux-gnu/libnss_compat-2.19.so
7f9e6dac8000-7f9e6dac9000 r--p 00008000 08:07 4198482                    /lib/x86_64-linux-gnu/libnss_compat-2.19.so
7f9e6dac9000-7f9e6daca000 rw-p 00009000 08:07 4198482                    /lib/x86_64-linux-gnu/libnss_compat-2.19.so
7f9e6daca000-7f9e6daf5000 r-xp 00000000 08:07 3149029                    /usr/lib/jvm/java-7-openjdk-amd64/jre/lib/amd64/libjava.so
7f9e6daf5000-7f9e6dcf5000 ---p 0002b000 08:07 3149029                    /usr/lib/jvm/java-7-openjdk-amd64/jre/lib/amd64/libjava.so
7f9e6dcf5000-7f9e6dcf6000 r--p 0002b000 08:07 3149029                    /usr/lib/jvm/java-7-openjdk-amd64/jre/lib/amd64/libjava.so
7f9e6dcf6000-7f9e6dcf8000 rw-p 0002c000 08:07 3149029                    /usr/lib/jvm/java-7-openjdk-amd64/jre/lib/amd64/libjava.so
7f9e6dcf8000-7f9e6dd08000 r-xp 00000000 08:07 3149045                    /usr/lib/jvm/java-7-openjdk-amd64/jre/lib/amd64/libverify.so
7f9e6dd08000-7f9e6df07000 ---p 00010000 08:07 3149045                    /usr/lib/jvm/java-7-openjdk-amd64/jre/lib/amd64/libverify.so
7f9e6df07000-7f9e6df09000 r--p 0000f000 08:07 3149045                    /usr/lib/jvm/java-7-openjdk-amd64/jre/lib/amd64/libverify.so
7f9e6df09000-7f9e6df0a000 rw-p 00011000 08:07 3149045                    /usr/lib/jvm/java-7-openjdk-amd64/jre/lib/amd64/libverify.so
7f9e6df0a000-7f9e6df11000 r-xp 00000000 08:07 4200061                    /lib/x86_64-linux-gnu/librt-2.19.so
7f9e6df11000-7f9e6e110000 ---p 00007000 08:07 4200061                    /lib/x86_64-linux-gnu/librt-2.19.so
7f9e6e110000-7f9e6e111000 r--p 00006000 08:07 4200061                    /lib/x86_64-linux-gnu/librt-2.19.so
7f9e6e111000-7f9e6e112000 rw-p 00007000 08:07 4200061                    /lib/x86_64-linux-gnu/librt-2.19.so
7f9e6e112000-7f9e6e128000 r-xp 00000000 08:07 4223721                    /lib/x86_64-linux-gnu/libgcc_s.so.1
7f9e6e128000-7f9e6e327000 ---p 00016000 08:07 4223721                    /lib/x86_64-linux-gnu/libgcc_s.so.1
7f9e6e327000-7f9e6e328000 rw-p 00015000 08:07 4223721                    /lib/x86_64-linux-gnu/libgcc_s.so.1
7f9e6e328000-7f9e6e42d000 r-xp 00000000 08:07 4198343                    /lib/x86_64-linux-gnu/libm-2.19.so
7f9e6e42d000-7f9e6e62c000 ---p 00105000 08:07 4198343                    /lib/x86_64-linux-gnu/libm-2.19.so
7f9e6e62c000-7f9e6e62d000 r--p 00104000 08:07 4198343                    /lib/x86_64-linux-gnu/libm-2.19.so
7f9e6e62d000-7f9e6e62e000 rw-p 00105000 08:07 4198343                    /lib/x86_64-linux-gnu/libm-2.19.so
7f9e6e62e000-7f9e6e714000 r-xp 00000000 08:07 1052838                    /usr/lib/x86_64-linux-gnu/libstdc++.so.6.0.19
7f9e6e714000-7f9e6e913000 ---p 000e6000 08:07 1052838                    /usr/lib/x86_64-linux-gnu/libstdc++.so.6.0.19
7f9e6e913000-7f9e6e91b000 r--p 000e5000 08:07 1052838                    /usr/lib/x86_64-linux-gnu/libstdc++.so.6.0.19
7f9e6e91b000-7f9e6e91d000 rw-p 000ed000 08:07 1052838                    /usr/lib/x86_64-linux-gnu/libstdc++.so.6.0.19
7f9e6e91d000-7f9e6e932000 rw-p 00000000 00:00 0 
7f9e6e932000-7f9e6f456000 r-xp 00000000 08:07 3149035                    /usr/lib/jvm/java-7-openjdk-amd64/jre/lib/amd64/server/libjvm.so
7f9e6f456000-7f9e6f656000 ---p 00b24000 08:07 3149035                    /usr/lib/jvm/java-7-openjdk-amd64/jre/lib/amd64/server/libjvm.so
7f9e6f656000-7f9e6f6f0000 r--p 00b24000 08:07 3149035                    /usr/lib/jvm/java-7-openjdk-amd64/jre/lib/amd64/server/libjvm.so
7f9e6f6f0000-7f9e6f713000 rw-p 00bbe000 08:07 3149035                    /usr/lib/jvm/java-7-openjdk-amd64/jre/lib/amd64/server/libjvm.so
7f9e6f713000-7f9e6f741000 rw-p 00000000 00:00 0 
7f9e6f741000-7f9e6f759000 r-xp 00000000 08:07 4198526                    /lib/x86_64-linux-gnu/libz.so.1.2.8
7f9e6f759000-7f9e6f958000 ---p 00018000 08:07 4198526                    /lib/x86_64-linux-gnu/libz.so.1.2.8
7f9e6f958000-7f9e6f959000 r--p 00017000 08:07 4198526                    /lib/x86_64-linux-gnu/libz.so.1.2.8
7f9e6f959000-7f9e6f95a000 rw-p 00018000 08:07 4198526                    /lib/x86_64-linux-gnu/libz.so.1.2.8
7f9e6f95a000-7f9e6f973000 r-xp 00000000 08:07 4200059                    /lib/x86_64-linux-gnu/libpthread-2.19.so
7f9e6f973000-7f9e6fb72000 ---p 00019000 08:07 4200059                    /lib/x86_64-linux-gnu/libpthread-2.19.so
7f9e6fb72000-7f9e6fb73000 r--p 00018000 08:07 4200059                    /lib/x86_64-linux-gnu/libpthread-2.19.so
7f9e6fb73000-7f9e6fb74000 rw-p 00019000 08:07 4200059                    /lib/x86_64-linux-gnu/libpthread-2.19.so
7f9e6fb74000-7f9e6fb78000 rw-p 00000000 00:00 0 
7f9e6fb78000-7f9e6fb7b000 r-xp 00000000 08:07 4198451                    /lib/x86_64-linux-gnu/libdl-2.19.so
7f9e6fb7b000-7f9e6fd7a000 ---p 00003000 08:07 4198451                    /lib/x86_64-linux-gnu/libdl-2.19.so
7f9e6fd7a000-7f9e6fd7b000 r--p 00002000 08:07 4198451                    /lib/x86_64-linux-gnu/libdl-2.19.so
7f9e6fd7b000-7f9e6fd7c000 rw-p 00003000 08:07 4198451                    /lib/x86_64-linux-gnu/libdl-2.19.so
7f9e6fd7c000-7f9e6ff37000 r-xp 00000000 08:07 4200058                    /lib/x86_64-linux-gnu/libc-2.19.so
7f9e6ff37000-7f9e70136000 ---p 001bb000 08:07 4200058                    /lib/x86_64-linux-gnu/libc-2.19.so
7f9e70136000-7f9e7013a000 r--p 001ba000 08:07 4200058                    /lib/x86_64-linux-gnu/libc-2.19.so
7f9e7013a000-7f9e7013c000 rw-p 001be000 08:07 4200058                    /lib/x86_64-linux-gnu/libc-2.19.so
7f9e7013c000-7f9e70141000 rw-p 00000000 00:00 0 
7f9e70141000-7f9e7014e000 r-xp 00000000 08:07 3149046                    /usr/lib/jvm/java-7-openjdk-amd64/jre/lib/amd64/jli/libjli.so
7f9e7014e000-7f9e7034d000 ---p 0000d000 08:07 3149046                    /usr/lib/jvm/java-7-openjdk-amd64/jre/lib/amd64/jli/libjli.so
7f9e7034d000-7f9e7034e000 r--p 0000c000 08:07 3149046                    /usr/lib/jvm/java-7-openjdk-amd64/jre/lib/amd64/jli/libjli.so
7f9e7034e000-7f9e7034f000 rw-p 0000d000 08:07 3149046                    /usr/lib/jvm/java-7-openjdk-amd64/jre/lib/amd64/jli/libjli.so
7f9e7034f000-7f9e70372000 r-xp 00000000 08:07 4200046                    /lib/x86_64-linux-gnu/ld-2.19.so
7f9e70378000-7f9e70379000 rw-p 00000000 00:00 0 
7f9e70379000-7f9e7037a000 r--s 000aa000 08:07 3448072                    /home/sanket/lokavidyaapp/app/build/intermediates/pre-dexed/debug/guava-15.0-4376dfb99a1b1ec8841bf15403df1c46860cdef1.jar
7f9e7037a000-7f9e70389000 r--s 000df000 08:07 3419560                    /home/sanket/android-sdks/build-tools/23.0.0/lib/dx.jar
7f9e70389000-7f9e70394000 rw-p 00000000 00:00 0 
7f9e70394000-7f9e70449000 rw-p 00000000 00:00 0 
7f9e70449000-7f9e7044c000 ---p 00000000 00:00 0 
7f9e7044c000-7f9e7054f000 rw-p 00000000 00:00 0                          [stack:4498]
7f9e7054f000-7f9e70550000 r--s 00002000 08:07 3149003                    /usr/lib/jvm/java-7-openjdk-amd64/jre/lib/ext/dnsns.jar
7f9e70550000-7f9e70554000 r--s 00085000 08:07 3148999                    /usr/lib/jvm/java-7-openjdk-amd64/jre/lib/ext/localedata.jar
7f9e70554000-7f9e70556000 r--s 00012000 08:07 3148998                    /usr/lib/jvm/java-7-openjdk-amd64/jre/lib/ext/zipfs.jar
7f9e70556000-7f9e7055a000 r--s 0003c000 08:07 3149002                    /usr/lib/jvm/java-7-openjdk-amd64/jre/lib/ext/sunpkcs11.jar
7f9e7055a000-7f9e7055c000 r--s 00006000 08:07 1456370                    /usr/share/java/java-atk-wrapper.jar
7f9e7055c000-7f9e70560000 r--s 00034000 08:07 3149001                    /usr/lib/jvm/java-7-openjdk-amd64/jre/lib/ext/sunjce_provider.jar
7f9e70560000-7f9e70563000 r--s 0000f000 08:07 3149000                    /usr/lib/jvm/java-7-openjdk-amd64/jre/lib/ext/icedtea-sound.jar
7f9e70563000-7f9e7056b000 rw-s 00000000 08:07 537635                     /tmp/hsperfdata_sanket/4493
7f9e7056b000-7f9e7056c000 rw-p 00000000 00:00 0 
7f9e7056c000-7f9e7056d000 ---p 00000000 00:00 0 
7f9e7056d000-7f9e7056f000 rw-p 00000000 00:00 0 
7f9e7056f000-7f9e70571000 r-xp 00000000 00:00 0                          [vdso]
7f9e70571000-7f9e70572000 r--p 00022000 08:07 4200046                    /lib/x86_64-linux-gnu/ld-2.19.so
7f9e70572000-7f9e70573000 rw-p 00023000 08:07 4200046                    /lib/x86_64-linux-gnu/ld-2.19.so
7f9e70573000-7f9e70574000 rw-p 00000000 00:00 0 
7ffd535c2000-7ffd535e4000 rw-p 00000000 00:00 0                          [stack]
ffffffffff600000-ffffffffff601000 r-xp 00000000 00:00 0                  [vsyscall]

VM Arguments:
jvm_args: -Xmx1024M -Dfile.encoding=UTF-8 -Duser.country=US -Duser.language=en -Duser.variant 
java_command: com.android.dx.command.Main --dex --num-threads=4 --output /home/sanket/lokavidyaapp/app/build/intermediates/dex/debug /home/sanket/lokavidyaapp/app/build/intermediates/classes/debug /home/sanket/lokavidyaapp/app/build/intermediates/pre-dexed/debug/javax.inject-1-0b64f9413fa3755ee930a0fd931b6f28fcfd1ba8.jar /home/sanket/lokavidyaapp/app/build/intermediates/pre-dexed/debug/support-annotations-23.0.0-41a437c02f7a6970c95c376ed6bdd70acb20bd01.jar /home/sanket/lokavidyaapp/app/build/intermediates/pre-dexed/debug/javawriter-2.5.0-3a8d508bc10837ab8cbcf85fe449bc3dec7561df.jar /home/sanket/lokavidyaapp/app/build/intermediates/pre-dexed/debug/classes-9946c7561ec486b51eee390f106f62bd579179b7.jar /home/sanket/lokavidyaapp/app/build/intermediates/pre-dexed/debug/classes-933ffedcad5cb31d6ab3ccf7ef238196230202d9.jar /home/sanket/lokavidyaapp/app/build/intermediates/pre-dexed/debug/classes-3e3f061d8e3b328eb2bc8ba78f255a7e21c5d841.jar /home/sanket/lokavidyaapp/app/build/intermediates/pre-dexed/debug/okhttp-urlconnection-2.2.0-976743ddad9a3ef9722483664b09ec90ad5f909c.jar /home/sanket/lokavidyaapp/app/build/intermediates/pre-dexed/debug/butterknife-5.1.2-b3d4f342f7177b4c045966065578a25e60c3253d.jar /home/sanket/lokavidyaapp/app/build/intermediates/pre-dexed/debug/dagger-1.2.2-535aaddd739252e164b51798e401f84fb8e1be12.jar /home/sanket/lokavidyaapp/app/build/intermediates/pre-dexed/debug/classes-5c544c235141166f4ac169edb86c17617b49dabd.jar /home/sanket/lokavidyaapp/app/build/intermediates/pre-dexed/debug/okio-1.3.0-0142cacad9fb31a4c96c9dd698abb91efe6d30a0.jar /home/sanket/lokavidyaapp/app/build/intermediates/pre-dexed/debug/dagger-compiler-1.2.2-7be9a82b60fc011b33e043a701870302c8455329.jar /home/sanket/lokavidyaapp/app/build/intermediates/pre-dexed/debug/classes-19aa64ff8b564cc1eca1761211721def1ec26b92.jar /home/sanket/lokavidyaapp/app/build/intermediates/pre-dexed/debug/picasso-2.4.0-49da5b14e642f5132d25b7fb3fef55bb03b48420.jar /home/sanket/lokavidyaapp/app/build/interme
Launcher Type: SUN_STANDARD

Environment Variables:
PATH=/home/sanket/bin:/usr/local/sbin:/usr/local/bin:/usr/sbin:/usr/bin:/sbin:/bin:/usr/games:/usr/local/games
SHELL=/bin/bash
DISPLAY=:0

Signal Handlers:
SIGSEGV: [libjvm.so+0x9548f0], sa_mask[0]=0x7ffbfeff, sa_flags=0x10000004
