#
# There is insufficient memory for the Java Runtime Environment to continue.
# Native memory allocation (malloc) failed to allocate 28311552 bytes for committing reserved memory.
# Possible reasons:
#   The system is out of physical RAM or swap space
#   In 32 bit mode, the process size limit was hit
# Possible solutions:
#   Reduce memory load on the system
#   Increase physical memory or swap space
#   Check if swap backing store is full
#   Use 64 bit Java on a 64 bit OS
#   Decrease Java heap size (-Xmx/-Xms)
#   Decrease number of Java threads
#   Decrease Java thread stack sizes (-Xss)
#   Set larger code cache with -XX:ReservedCodeCacheSize=
# This output file may be truncated or incomplete.
#
#  Out of Memory Error (os_linux.cpp:2827), pid=14545, tid=140412363089664
#
# JRE version: OpenJDK Runtime Environment (7.0_91-b02) (build 1.7.0_91-b02)
# Java VM: OpenJDK 64-Bit Server VM (24.91-b01 mixed mode linux-amd64 compressed oops)
# Derivative: IcedTea 2.6.3
# Distribution: Ubuntu 14.04 LTS, package 7u91-2.6.3-0ubuntu0.14.04.1
# Failed to write core dump. Core dumps have been disabled. To enable core dumping, try "ulimit -c unlimited" before starting Java again
#

---------------  T H R E A D  ---------------

Current thread (0x00007fb454078000):  VMThread [stack: 0x00007fb44cf62000,0x00007fb44d063000] [id=14555]

Stack: [0x00007fb44cf62000,0x00007fb44d063000],  sp=0x00007fb44d061490,  free space=1021k
Native frames: (J=compiled Java code, j=interpreted, Vv=VM code, C=native code)
V  [libjvm.so+0x953e15]  VMError::report_and_die()+0x175
V  [libjvm.so+0x48fd94]  report_vm_out_of_memory(char const*, int, unsigned long, char const*)+0x74
V  [libjvm.so+0x7cf87b]  os::pd_commit_memory(char*, unsigned long, unsigned long, bool)+0xeb
V  [libjvm.so+0x7ca33f]  os::commit_memory(char*, unsigned long, unsigned long, bool)+0x1f
V  [libjvm.so+0x83dacb]  PSVirtualSpace::expand_by(unsigned long)+0x5b
V  [libjvm.so+0x83e930]  PSYoungGen::resize_generation(unsigned long, unsigned long)+0xb0
V  [libjvm.so+0x83f01b]  PSYoungGen::resize(unsigned long, unsigned long)+0x1b
V  [libjvm.so+0x83b258]  PSScavenge::invoke_no_policy()+0xd68
V  [libjvm.so+0x83bac8]  PSScavenge::invoke()+0x38
V  [libjvm.so+0x7f2083]  ParallelScavengeHeap::failed_mem_allocate(unsigned long)+0x63
V  [libjvm.so+0x955814]  VM_ParallelGCFailedAllocation::doit()+0x84
V  [libjvm.so+0x959917]  VM_Operation::evaluate()+0x47
V  [libjvm.so+0x9583d8]  VMThread::evaluate_operation(VM_Operation*)+0x318
V  [libjvm.so+0x958839]  VMThread::loop()+0x219
V  [libjvm.so+0x958c82]  VMThread::run()+0x72
V  [libjvm.so+0x7cc742]  java_start(Thread*)+0xf2

VM_Operation (0x00007fb45b773410): ParallelGCFailedAllocation, mode: safepoint, requested by thread 0x00007fb45400c800


---------------  P R O C E S S  ---------------

Java Threads: ( => current thread )
  0x00007fb4540b3800 JavaThread "Service Thread" daemon [_thread_blocked, id=14561, stack(0x00007fb44c27a000,0x00007fb44c37b000)]
  0x00007fb4540b1000 JavaThread "C2 CompilerThread1" daemon [_thread_blocked, id=14560, stack(0x00007fb44c37b000,0x00007fb44c47c000)]
  0x00007fb4540ae000 JavaThread "C2 CompilerThread0" daemon [_thread_blocked, id=14559, stack(0x00007fb44c47c000,0x00007fb44c57d000)]
  0x00007fb4540ac000 JavaThread "Signal Dispatcher" daemon [_thread_blocked, id=14558, stack(0x00007fb44c57d000,0x00007fb44c67e000)]
  0x00007fb45407e000 JavaThread "Finalizer" daemon [_thread_blocked, id=14557, stack(0x00007fb44cd60000,0x00007fb44ce61000)]
  0x00007fb45407c000 JavaThread "Reference Handler" daemon [_thread_blocked, id=14556, stack(0x00007fb44ce61000,0x00007fb44cf62000)]
  0x00007fb45400c800 JavaThread "main" [_thread_blocked, id=14546, stack(0x00007fb45b674000,0x00007fb45b775000)]

Other Threads:
=>0x00007fb454078000 VMThread [stack: 0x00007fb44cf62000,0x00007fb44d063000] [id=14555]
  0x00007fb4540b6000 WatcherThread [stack: 0x00007fb44c179000,0x00007fb44c27a000] [id=14562]

VM state:at safepoint (normal execution)

VM Mutex/Monitor currently owned by a thread:  ([mutex/lock_event])
[0x00007fb454008900] Threads_lock - owner thread: 0x00007fb454078000
[0x00007fb454008e00] Heap_lock - owner thread: 0x00007fb45400c800

Heap
 PSYoungGen      total 299520K, used 19914K [0x00000000eaa80000, 0x00000000fe500000, 0x0000000100000000)
  eden space 276992K, 0% used [0x00000000eaa80000,0x00000000eaa80000,0x00000000fb900000)
  from space 22528K, 88% used [0x00000000fb900000,0x00000000fcc72888,0x00000000fcf00000)
  to   space 18944K, 0% used [0x00000000fd280000,0x00000000fd280000,0x00000000fe500000)
 ParOldGen       total 65536K, used 44803K [0x00000000c0000000, 0x00000000c4000000, 0x00000000eaa80000)
  object space 65536K, 68% used [0x00000000c0000000,0x00000000c2bc0d10,0x00000000c4000000)
 PSPermGen       total 21504K, used 7752K [0x00000000b5a00000, 0x00000000b6f00000, 0x00000000c0000000)
  object space 21504K, 36% used [0x00000000b5a00000,0x00000000b61920d8,0x00000000b6f00000)

Card table byte_map: [0x00007fb45805c000,0x00007fb4582b0000] byte_map_base: 0x00007fb457aaf000

Polling page: 0x00007fb45b799000

Code Cache  [0x00007fb451000000, 0x00007fb451440000, 0x00007fb454000000)
 total_blobs=1575 nmethods=1321 adapters=207 free_code_cache=44926Kb largest_free_block=45924736

Compilation events (10 events):
Event: 11.378 Thread 0x00007fb4540ae000 1357             com.android.dex.Mutf8::encode (19 bytes)
Event: 11.383 Thread 0x00007fb4540ae000 nmethod 1357 0x00007fb45141c010 code [0x00007fb45141c180, 0x00007fb45141c508]
Event: 11.388 Thread 0x00007fb4540b1000 1358             java.util.ComparableTimSort::mergeLo (652 bytes)
Event: 11.443 Thread 0x00007fb4540b1000 nmethod 1358 0x00007fb451431ad0 code [0x00007fb451431cc0, 0x00007fb451433268]
Event: 11.501 Thread 0x00007fb4540b1000 1360             java.security.MessageDigest$Delegate::engineUpdate (11 bytes)
Event: 11.501 Thread 0x00007fb4540ae000 1359             java.security.MessageDigest::update (45 bytes)
Event: 11.506 Thread 0x00007fb4540ae000 nmethod 1359 0x00007fb45141fa10 code [0x00007fb45141fba0, 0x00007fb451420078]
Event: 11.507 Thread 0x00007fb4540b1000 nmethod 1360 0x00007fb45141f010 code [0x00007fb45141f1a0, 0x00007fb45141f638]
Event: 11.523 Thread 0x00007fb4540ae000 1361             java.util.zip.Adler32::update (51 bytes)
Event: 11.524 Thread 0x00007fb4540ae000 nmethod 1361 0x00007fb451428610 code [0x00007fb451428760, 0x00007fb451428888]

GC Heap History (10 events):
Event: 8.445 GC heap after
Heap after GC invocations=9 (full 0):
 PSYoungGen      total 139776K, used 15252K [0x00000000eaa80000, 0x00000000f8e80000, 0x0000000100000000)
  eden space 120320K, 0% used [0x00000000eaa80000,0x00000000eaa80000,0x00000000f2000000)
  from space 19456K, 78% used [0x00000000f2000000,0x00000000f2ee52a8,0x00000000f3300000)
  to   space 20480K, 0% used [0x00000000f7a80000,0x00000000f7a80000,0x00000000f8e80000)
 ParOldGen       total 40960K, used 33215K [0x00000000c0000000, 0x00000000c2800000, 0x00000000eaa80000)
  object space 40960K, 81% used [0x00000000c0000000,0x00000000c206fe58,0x00000000c2800000)
 PSPermGen       total 21504K, used 7724K [0x00000000b5a00000, 0x00000000b6f00000, 0x00000000c0000000)
  object space 21504K, 35% used [0x00000000b5a00000,0x00000000b618b278,0x00000000b6f00000)
}
Event: 8.930 GC heap before
{Heap before GC invocations=10 (full 0):
 PSYoungGen      total 139776K, used 135572K [0x00000000eaa80000, 0x00000000f8e80000, 0x0000000100000000)
  eden space 120320K, 100% used [0x00000000eaa80000,0x00000000f2000000,0x00000000f2000000)
  from space 19456K, 78% used [0x00000000f2000000,0x00000000f2ee52a8,0x00000000f3300000)
  to   space 20480K, 0% used [0x00000000f7a80000,0x00000000f7a80000,0x00000000f8e80000)
 ParOldGen       total 40960K, used 33215K [0x00000000c0000000, 0x00000000c2800000, 0x00000000eaa80000)
  object space 40960K, 81% used [0x00000000c0000000,0x00000000c206fe58,0x00000000c2800000)
 PSPermGen       total 21504K, used 7740K [0x00000000b5a00000, 0x00000000b6f00000, 0x00000000c0000000)
  object space 21504K, 35% used [0x00000000b5a00000,0x00000000b618f1f0,0x00000000b6f00000)
Event: 8.945 GC heap after
Heap after GC invocations=10 (full 0):
 PSYoungGen      total 212992K, used 6351K [0x00000000eaa80000, 0x00000000f8e80000, 0x0000000100000000)
  eden space 192512K, 0% used [0x00000000eaa80000,0x00000000eaa80000,0x00000000f6680000)
  from space 20480K, 31% used [0x00000000f7a80000,0x00000000f80b3ff8,0x00000000f8e80000)
  to   space 20480K, 0% used [0x00000000f6680000,0x00000000f6680000,0x00000000f7a80000)
 ParOldGen       total 46592K, used 46249K [0x00000000c0000000, 0x00000000c2d80000, 0x00000000eaa80000)
  object space 46592K, 99% used [0x00000000c0000000,0x00000000c2d2a660,0x00000000c2d80000)
 PSPermGen       total 21504K, used 7740K [0x00000000b5a00000, 0x00000000b6f00000, 0x00000000c0000000)
  object space 21504K, 35% used [0x00000000b5a00000,0x00000000b618f1f0,0x00000000b6f00000)
}
Event: 8.945 GC heap before
{Heap before GC invocations=11 (full 1):
 PSYoungGen      total 212992K, used 6351K [0x00000000eaa80000, 0x00000000f8e80000, 0x0000000100000000)
  eden space 192512K, 0% used [0x00000000eaa80000,0x00000000eaa80000,0x00000000f6680000)
  from space 20480K, 31% used [0x00000000f7a80000,0x00000000f80b3ff8,0x00000000f8e80000)
  to   space 20480K, 0% used [0x00000000f6680000,0x00000000f6680000,0x00000000f7a80000)
 ParOldGen       total 46592K, used 46249K [0x00000000c0000000, 0x00000000c2d80000, 0x00000000eaa80000)
  object space 46592K, 99% used [0x00000000c0000000,0x00000000c2d2a660,0x00000000c2d80000)
 PSPermGen       total 21504K, used 7740K [0x00000000b5a00000, 0x00000000b6f00000, 0x00000000c0000000)
  object space 21504K, 35% used [0x00000000b5a00000,0x00000000b618f1f0,0x00000000b6f00000)
Event: 9.153 GC heap after
Heap after GC invocations=11 (full 1):
 PSYoungGen      total 212992K, used 0K [0x00000000eaa80000, 0x00000000f8e80000, 0x0000000100000000)
  eden space 192512K, 0% used [0x00000000eaa80000,0x00000000eaa80000,0x00000000f6680000)
  from space 20480K, 0% used [0x00000000f7a80000,0x00000000f7a80000,0x00000000f8e80000)
  to   space 20480K, 0% used [0x00000000f6680000,0x00000000f6680000,0x00000000f7a80000)
 ParOldGen       total 65536K, used 31862K [0x00000000c0000000, 0x00000000c4000000, 0x00000000eaa80000)
  object space 65536K, 48% used [0x00000000c0000000,0x00000000c1f1da10,0x00000000c4000000)
 PSPermGen       total 21504K, used 7736K [0x00000000b5a00000, 0x00000000b6f00000, 0x00000000c0000000)
  object space 21504K, 35% used [0x00000000b5a00000,0x00000000b618e270,0x00000000b6f00000)
}
Event: 9.749 GC heap before
{Heap before GC invocations=12 (full 1):
 PSYoungGen      total 212992K, used 192512K [0x00000000eaa80000, 0x00000000f8e80000, 0x0000000100000000)
  eden space 192512K, 100% used [0x00000000eaa80000,0x00000000f6680000,0x00000000f6680000)
  from space 20480K, 0% used [0x00000000f7a80000,0x00000000f7a80000,0x00000000f8e80000)
  to   space 20480K, 0% used [0x00000000f6680000,0x00000000f6680000,0x00000000f7a80000)
 ParOldGen       total 65536K, used 31862K [0x00000000c0000000, 0x00000000c4000000, 0x00000000eaa80000)
  object space 65536K, 48% used [0x00000000c0000000,0x00000000c1f1da10,0x00000000c4000000)
 PSPermGen       total 21504K, used 7746K [0x00000000b5a00000, 0x00000000b6f00000, 0x00000000c0000000)
  object space 21504K, 36% used [0x00000000b5a00000,0x00000000b6190a68,0x00000000b6f00000)
Event: 9.952 GC heap after
Heap after GC invocations=12 (full 1):
 PSYoungGen      total 212992K, used 14642K [0x00000000eaa80000, 0x00000000fe700000, 0x0000000100000000)
  eden space 192512K, 0% used [0x00000000eaa80000,0x00000000eaa80000,0x00000000f6680000)
  from space 20480K, 71% used [0x00000000f6680000,0x00000000f74cc9a0,0x00000000f7a80000)
  to   space 20992K, 0% used [0x00000000fd280000,0x00000000fd280000,0x00000000fe700000)
 ParOldGen       total 65536K, used 31862K [0x00000000c0000000, 0x00000000c4000000, 0x00000000eaa80000)
  object space 65536K, 48% used [0x00000000c0000000,0x00000000c1f1da10,0x00000000c4000000)
 PSPermGen       total 21504K, used 7746K [0x00000000b5a00000, 0x00000000b6f00000, 0x00000000c0000000)
  object space 21504K, 36% used [0x00000000b5a00000,0x00000000b6190a68,0x00000000b6f00000)
}
Event: 10.354 GC heap before
{Heap before GC invocations=13 (full 1):
 PSYoungGen      total 212992K, used 207154K [0x00000000eaa80000, 0x00000000fe700000, 0x0000000100000000)
  eden space 192512K, 100% used [0x00000000eaa80000,0x00000000f6680000,0x00000000f6680000)
  from space 20480K, 71% used [0x00000000f6680000,0x00000000f74cc9a0,0x00000000f7a80000)
  to   space 20992K, 0% used [0x00000000fd280000,0x00000000fd280000,0x00000000fe700000)
 ParOldGen       total 65536K, used 31862K [0x00000000c0000000, 0x00000000c4000000, 0x00000000eaa80000)
  object space 65536K, 48% used [0x00000000c0000000,0x00000000c1f1da10,0x00000000c4000000)
 PSPermGen       total 21504K, used 7750K [0x00000000b5a00000, 0x00000000b6f00000, 0x00000000c0000000)
  object space 21504K, 36% used [0x00000000b5a00000,0x00000000b61919c0,0x00000000b6f00000)
Event: 10.362 GC heap after
Heap after GC invocations=13 (full 1):
 PSYoungGen      total 295936K, used 16984K [0x00000000eaa80000, 0x00000000fe500000, 0x0000000100000000)
  eden space 276992K, 0% used [0x00000000eaa80000,0x00000000eaa80000,0x00000000fb900000)
  from space 18944K, 89% used [0x00000000fd280000,0x00000000fe3162d0,0x00000000fe500000)
  to   space 22528K, 0% used [0x00000000fb900000,0x00000000fb900000,0x00000000fcf00000)
 ParOldGen       total 65536K, used 32246K [0x00000000c0000000, 0x00000000c4000000, 0x00000000eaa80000)
  object space 65536K, 49% used [0x00000000c0000000,0x00000000c1f7da50,0x00000000c4000000)
 PSPermGen       total 21504K, used 7750K [0x00000000b5a00000, 0x00000000b6f00000, 0x00000000c0000000)
  object space 21504K, 36% used [0x00000000b5a00000,0x00000000b61919c0,0x00000000b6f00000)
}
Event: 19.946 GC heap before
{Heap before GC invocations=14 (full 1):
 PSYoungGen      total 295936K, used 293976K [0x00000000eaa80000, 0x00000000fe500000, 0x0000000100000000)
  eden space 276992K, 100% used [0x00000000eaa80000,0x00000000fb900000,0x00000000fb900000)
  from space 18944K, 89% used [0x00000000fd280000,0x00000000fe3162d0,0x00000000fe500000)
  to   space 22528K, 0% used [0x00000000fb900000,0x00000000fb900000,0x00000000fcf00000)
 ParOldGen       total 65536K, used 32246K [0x00000000c0000000, 0x00000000c4000000, 0x00000000eaa80000)
  object space 65536K, 49% used [0x00000000c0000000,0x00000000c1f7da50,0x00000000c4000000)
 PSPermGen       total 21504K, used 7752K [0x00000000b5a00000, 0x00000000b6f00000, 0x00000000c0000000)
  object space 21504K, 36% used [0x00000000b5a00000,0x00000000b61920d8,0x00000000b6f00000)

Deoptimization events (10 events):
Event: 9.239 Thread 0x00007fb45400c800 Uncommon trap: reason=unstable_if action=reinterpret pc=0x00007fb451336dd4 method=com.android.dex.Mutf8.encode([BILjava/lang/String;)V @ 24
Event: 9.330 Thread 0x00007fb45400c800 Uncommon trap: reason=unstable_if action=reinterpret pc=0x00007fb45135d3a0 method=com.android.dex.Mutf8.countBytes(Ljava/lang/String;Z)J @ 28
Event: 9.392 Thread 0x00007fb45400c800 Uncommon trap: reason=unstable_if action=reinterpret pc=0x00007fb45135abe4 method=com.android.dex.Mutf8.countBytes(Ljava/lang/String;Z)J @ 28
Event: 9.438 Thread 0x00007fb45400c800 Uncommon trap: reason=unstable_if action=reinterpret pc=0x00007fb451365e94 method=com.android.dex.Mutf8.countBytes(Ljava/lang/String;Z)J @ 28
Event: 10.263 Thread 0x00007fb45400c800 Uncommon trap: reason=unstable_if action=reinterpret pc=0x00007fb45140e95c method=java.util.ComparableTimSort.mergeHi(IIII)V @ 569
Event: 10.337 Thread 0x00007fb45400c800 Uncommon trap: reason=unstable_if action=reinterpret pc=0x00007fb4514218f4 method=java.util.ComparableTimSort.mergeLo(IIII)V @ 522
Event: 11.360 Thread 0x00007fb45400c800 Uncommon trap: reason=unstable_if action=reinterpret pc=0x00007fb45141170c method=com.android.dex.Mutf8.countBytes(Ljava/lang/String;Z)J @ 35
Event: 11.360 Thread 0x00007fb45400c800 Uncommon trap: reason=unstable_if action=reinterpret pc=0x00007fb45131b118 method=com.android.dex.Mutf8.encode([BILjava/lang/String;)V @ 31
Event: 11.361 Thread 0x00007fb45400c800 Uncommon trap: reason=unstable_if action=reinterpret pc=0x00007fb45132f958 method=com.android.dex.Mutf8.countBytes(Ljava/lang/String;Z)J @ 35
Event: 11.364 Thread 0x00007fb45400c800 Uncommon trap: reason=unstable_if action=reinterpret pc=0x00007fb4514154f4 method=com.android.dex.Mutf8.encode([BILjava/lang/String;)V @ 31

Internal exceptions (10 events):
Event: 7.347 Thread 0x00007fb45400c800 Threw 0x00000000ed3d8088 at /build/openjdk-7-zaTxYK/openjdk-7-7u91-2.6.3/build/openjdk/hotspot/src/share/vm/prims/jvm.cpp:1322
Event: 7.347 Thread 0x00007fb45400c800 Threw 0x00000000ed3dbca0 at /build/openjdk-7-zaTxYK/openjdk-7-7u91-2.6.3/build/openjdk/hotspot/src/share/vm/prims/jvm.cpp:1322
Event: 7.347 Thread 0x00007fb45400c800 Threw 0x00000000ed3df998 at /build/openjdk-7-zaTxYK/openjdk-7-7u91-2.6.3/build/openjdk/hotspot/src/share/vm/prims/jvm.cpp:1322
Event: 7.348 Thread 0x00007fb45400c800 Threw 0x00000000ed3e4090 at /build/openjdk-7-zaTxYK/openjdk-7-7u91-2.6.3/build/openjdk/hotspot/src/share/vm/prims/jvm.cpp:1322
Event: 7.349 Thread 0x00007fb45400c800 Threw 0x00000000ed3e7ba8 at /build/openjdk-7-zaTxYK/openjdk-7-7u91-2.6.3/build/openjdk/hotspot/src/share/vm/prims/jvm.cpp:1322
Event: 7.349 Thread 0x00007fb45400c800 Threw 0x00000000ed3eb8b8 at /build/openjdk-7-zaTxYK/openjdk-7-7u91-2.6.3/build/openjdk/hotspot/src/share/vm/prims/jvm.cpp:1322
Event: 7.349 Thread 0x00007fb45400c800 Threw 0x00000000ed3ef338 at /build/openjdk-7-zaTxYK/openjdk-7-7u91-2.6.3/build/openjdk/hotspot/src/share/vm/prims/jvm.cpp:1322
Event: 7.352 Thread 0x00007fb45400c800 Threw 0x00000000ed3f6df8 at /build/openjdk-7-zaTxYK/openjdk-7-7u91-2.6.3/build/openjdk/hotspot/src/share/vm/prims/jvm.cpp:1322
Event: 7.352 Thread 0x00007fb45400c800 Threw 0x00000000ed3f99b8 at /build/openjdk-7-zaTxYK/openjdk-7-7u91-2.6.3/build/openjdk/hotspot/src/share/vm/prims/jvm.cpp:1322
Event: 7.730 Thread 0x00007fb45400c800 Threw 0x00000000ead7f3d0 at /build/openjdk-7-zaTxYK/openjdk-7-7u91-2.6.3/build/openjdk/hotspot/src/share/vm/prims/jvm.cpp:1322

Events (10 events):
Event: 11.360 Thread 0x00007fb45400c800 Uncommon trap: trap_request=0xffffff75 fr.pc=0x00007fb45131b118
Event: 11.360 Thread 0x00007fb45400c800 DEOPT PACKING pc=0x00007fb45131b118 sp=0x00007fb45b773450
Event: 11.360 Thread 0x00007fb45400c800 DEOPT UNPACKING pc=0x00007fb451039445 sp=0x00007fb45b773418 mode 2
Event: 11.361 Thread 0x00007fb45400c800 Uncommon trap: trap_request=0xffffff75 fr.pc=0x00007fb45132f958
Event: 11.361 Thread 0x00007fb45400c800 DEOPT PACKING pc=0x00007fb45132f958 sp=0x00007fb45b773460
Event: 11.361 Thread 0x00007fb45400c800 DEOPT UNPACKING pc=0x00007fb451039445 sp=0x00007fb45b773418 mode 2
Event: 11.364 Thread 0x00007fb45400c800 Uncommon trap: trap_request=0xffffff75 fr.pc=0x00007fb4514154f4
Event: 11.364 Thread 0x00007fb45400c800 DEOPT PACKING pc=0x00007fb4514154f4 sp=0x00007fb45b773460
Event: 11.364 Thread 0x00007fb45400c800 DEOPT UNPACKING pc=0x00007fb451039445 sp=0x00007fb45b773428 mode 2
Event: 19.946 Executing VM operation: ParallelGCFailedAllocation


Dynamic libraries:
00400000-00401000 r-xp 00000000 08:07 3148986                            /usr/lib/jvm/java-7-openjdk-amd64/jre/bin/java
00600000-00601000 r--p 00000000 08:07 3148986                            /usr/lib/jvm/java-7-openjdk-amd64/jre/bin/java
00601000-00602000 rw-p 00001000 08:07 3148986                            /usr/lib/jvm/java-7-openjdk-amd64/jre/bin/java
0140b000-0142c000 rw-p 00000000 00:00 0                                  [heap]
b5a00000-b6f00000 rw-p 00000000 00:00 0 
b6f00000-c0000000 rw-p 00000000 00:00 0 
c0000000-c4000000 rw-p 00000000 00:00 0 
c4000000-eaa80000 rw-p 00000000 00:00 0 
eaa80000-fe500000 rw-p 00000000 00:00 0 
7fb400000000-7fb400021000 rw-p 00000000 00:00 0 
7fb400021000-7fb404000000 ---p 00000000 00:00 0 
7fb408000000-7fb40803d000 rw-p 00000000 00:00 0 
7fb40803d000-7fb40c000000 ---p 00000000 00:00 0 
7fb40c000000-7fb40c030000 rw-p 00000000 00:00 0 
7fb40c030000-7fb410000000 ---p 00000000 00:00 0 
7fb410000000-7fb410021000 rw-p 00000000 00:00 0 
7fb410021000-7fb414000000 ---p 00000000 00:00 0 
7fb41647e000-7fb4164bb000 r-xp 00000000 08:07 4198346                    /lib/x86_64-linux-gnu/libpcre.so.3.13.1
7fb4164bb000-7fb4166ba000 ---p 0003d000 08:07 4198346                    /lib/x86_64-linux-gnu/libpcre.so.3.13.1
7fb4166ba000-7fb4166bb000 r--p 0003c000 08:07 4198346                    /lib/x86_64-linux-gnu/libpcre.so.3.13.1
7fb4166bb000-7fb4166bc000 rw-p 0003d000 08:07 4198346                    /lib/x86_64-linux-gnu/libpcre.so.3.13.1
7fb4166bc000-7fb4166c3000 r-xp 00000000 08:07 1071226                    /usr/lib/x86_64-linux-gnu/libffi.so.6.0.1
7fb4166c3000-7fb4168c2000 ---p 00007000 08:07 1071226                    /usr/lib/x86_64-linux-gnu/libffi.so.6.0.1
7fb4168c2000-7fb4168c3000 r--p 00006000 08:07 1071226                    /usr/lib/x86_64-linux-gnu/libffi.so.6.0.1
7fb4168c3000-7fb4168c4000 rw-p 00007000 08:07 1071226                    /usr/lib/x86_64-linux-gnu/libffi.so.6.0.1
7fb4168c4000-7fb4168db000 r-xp 00000000 08:07 4198341                    /lib/x86_64-linux-gnu/libresolv-2.19.so
7fb4168db000-7fb416adb000 ---p 00017000 08:07 4198341                    /lib/x86_64-linux-gnu/libresolv-2.19.so
7fb416adb000-7fb416adc000 r--p 00017000 08:07 4198341                    /lib/x86_64-linux-gnu/libresolv-2.19.so
7fb416adc000-7fb416add000 rw-p 00018000 08:07 4198341                    /lib/x86_64-linux-gnu/libresolv-2.19.so
7fb416add000-7fb416adf000 rw-p 00000000 00:00 0 
7fb416adf000-7fb416aff000 r-xp 00000000 08:07 4198493                    /lib/x86_64-linux-gnu/libselinux.so.1
7fb416aff000-7fb416cfe000 ---p 00020000 08:07 4198493                    /lib/x86_64-linux-gnu/libselinux.so.1
7fb416cfe000-7fb416cff000 r--p 0001f000 08:07 4198493                    /lib/x86_64-linux-gnu/libselinux.so.1
7fb416cff000-7fb416d00000 rw-p 00020000 08:07 4198493                    /lib/x86_64-linux-gnu/libselinux.so.1
7fb416d00000-7fb416d02000 rw-p 00000000 00:00 0 
7fb416d02000-7fb416d05000 r-xp 00000000 08:07 1048940                    /usr/lib/x86_64-linux-gnu/libgmodule-2.0.so.0.4002.0
7fb416d05000-7fb416f04000 ---p 00003000 08:07 1048940                    /usr/lib/x86_64-linux-gnu/libgmodule-2.0.so.0.4002.0
7fb416f04000-7fb416f05000 r--p 00002000 08:07 1048940                    /usr/lib/x86_64-linux-gnu/libgmodule-2.0.so.0.4002.0
7fb416f05000-7fb416f06000 rw-p 00003000 08:07 1048940                    /usr/lib/x86_64-linux-gnu/libgmodule-2.0.so.0.4002.0
7fb416f06000-7fb41700c000 r-xp 00000000 08:07 4198308                    /lib/x86_64-linux-gnu/libglib-2.0.so.0.4002.0
7fb41700c000-7fb41720b000 ---p 00106000 08:07 4198308                    /lib/x86_64-linux-gnu/libglib-2.0.so.0.4002.0
7fb41720b000-7fb41720c000 r--p 00105000 08:07 4198308                    /lib/x86_64-linux-gnu/libglib-2.0.so.0.4002.0
7fb41720c000-7fb41720d000 rw-p 00106000 08:07 4198308                    /lib/x86_64-linux-gnu/libglib-2.0.so.0.4002.0
7fb41720d000-7fb41720e000 rw-p 00000000 00:00 0 
7fb41720e000-7fb41725d000 r-xp 00000000 08:07 1048958                    /usr/lib/x86_64-linux-gnu/libgobject-2.0.so.0.4002.0
7fb41725d000-7fb41745d000 ---p 0004f000 08:07 1048958                    /usr/lib/x86_64-linux-gnu/libgobject-2.0.so.0.4002.0
7fb41745d000-7fb41745e000 r--p 0004f000 08:07 1048958                    /usr/lib/x86_64-linux-gnu/libgobject-2.0.so.0.4002.0
7fb41745e000-7fb41745f000 rw-p 00050000 08:07 1048958                    /usr/lib/x86_64-linux-gnu/libgobject-2.0.so.0.4002.0
7fb41745f000-7fb4175cb000 r-xp 00000000 08:07 1048962                    /usr/lib/x86_64-linux-gnu/libgio-2.0.so.0.4002.0
7fb4175cb000-7fb4177ca000 ---p 0016c000 08:07 1048962                    /usr/lib/x86_64-linux-gnu/libgio-2.0.so.0.4002.0
7fb4177ca000-7fb4177ce000 r--p 0016b000 08:07 1048962                    /usr/lib/x86_64-linux-gnu/libgio-2.0.so.0.4002.0
7fb4177ce000-7fb4177d0000 rw-p 0016f000 08:07 1048962                    /usr/lib/x86_64-linux-gnu/libgio-2.0.so.0.4002.0
7fb4177d0000-7fb4177d2000 rw-p 00000000 00:00 0 
7fb4177d2000-7fb4177e9000 r-xp 00000000 08:07 3149050                    /usr/lib/jvm/java-7-openjdk-amd64/jre/lib/amd64/libnet.so
7fb4177e9000-7fb4179e8000 ---p 00017000 08:07 3149050                    /usr/lib/jvm/java-7-openjdk-amd64/jre/lib/amd64/libnet.so
7fb4179e8000-7fb4179e9000 r--p 00016000 08:07 3149050                    /usr/lib/jvm/java-7-openjdk-amd64/jre/lib/amd64/libnet.so
7fb4179e9000-7fb4179ea000 rw-p 00017000 08:07 3149050                    /usr/lib/jvm/java-7-openjdk-amd64/jre/lib/amd64/libnet.so
7fb4179ea000-7fb4179fa000 r-xp 00000000 08:07 3149013                    /usr/lib/jvm/java-7-openjdk-amd64/jre/lib/amd64/libnio.so
7fb4179fa000-7fb417bfa000 ---p 00010000 08:07 3149013                    /usr/lib/jvm/java-7-openjdk-amd64/jre/lib/amd64/libnio.so
7fb417bfa000-7fb417bfb000 r--p 00010000 08:07 3149013                    /usr/lib/jvm/java-7-openjdk-amd64/jre/lib/amd64/libnio.so
7fb417bfb000-7fb417bfc000 rw-p 00011000 08:07 3149013                    /usr/lib/jvm/java-7-openjdk-amd64/jre/lib/amd64/libnio.so
7fb417bfc000-7fb417bff000 ---p 00000000 00:00 0 
7fb417bff000-7fb417cfd000 rw-p 00000000 00:00 0 
7fb417cfd000-7fb417d00000 ---p 00000000 00:00 0 
7fb417d00000-7fb417dfe000 rw-p 00000000 00:00 0 
7fb417dfe000-7fb417e01000 ---p 00000000 00:00 0 
7fb417e01000-7fb417eff000 rw-p 00000000 00:00 0 
7fb417eff000-7fb417f02000 ---p 00000000 00:00 0 
7fb417f02000-7fb418000000 rw-p 00000000 00:00 0 
7fb418000000-7fb418021000 rw-p 00000000 00:00 0 
7fb418021000-7fb41c000000 ---p 00000000 00:00 0 
7fb41c000000-7fb41c040000 rw-p 00000000 00:00 0 
7fb41c040000-7fb420000000 ---p 00000000 00:00 0 
7fb420000000-7fb42199b000 rw-p 00000000 00:00 0 
7fb42199b000-7fb424000000 ---p 00000000 00:00 0 
7fb424000000-7fb424021000 rw-p 00000000 00:00 0 
7fb424021000-7fb428000000 ---p 00000000 00:00 0 
7fb428000000-7fb428021000 rw-p 00000000 00:00 0 
7fb428021000-7fb42c000000 ---p 00000000 00:00 0 
7fb42c000000-7fb42d21b000 rw-p 00000000 00:00 0 
7fb42d21b000-7fb430000000 ---p 00000000 00:00 0 
7fb430000000-7fb430021000 rw-p 00000000 00:00 0 
7fb430021000-7fb434000000 ---p 00000000 00:00 0 
7fb434000000-7fb434021000 rw-p 00000000 00:00 0 
7fb434021000-7fb438000000 ---p 00000000 00:00 0 
7fb438000000-7fb438021000 rw-p 00000000 00:00 0 
7fb438021000-7fb43c000000 ---p 00000000 00:00 0 
7fb43c000000-7fb43c242000 rw-p 00000000 00:00 0 
7fb43c242000-7fb440000000 ---p 00000000 00:00 0 
7fb440000000-7fb440021000 rw-p 00000000 00:00 0 
7fb440021000-7fb444000000 ---p 00000000 00:00 0 
7fb444000000-7fb444021000 rw-p 00000000 00:00 0 
7fb444021000-7fb448000000 ---p 00000000 00:00 0 
7fb448000000-7fb448021000 rw-p 00000000 00:00 0 
7fb448021000-7fb44c000000 ---p 00000000 00:00 0 
7fb44c078000-7fb44c07b000 ---p 00000000 00:00 0 
7fb44c07b000-7fb44c179000 rw-p 00000000 00:00 0 
7fb44c179000-7fb44c17a000 ---p 00000000 00:00 0 
7fb44c17a000-7fb44c27a000 rw-p 00000000 00:00 0                          [stack:14562]
7fb44c27a000-7fb44c27d000 ---p 00000000 00:00 0 
7fb44c27d000-7fb44c37b000 rw-p 00000000 00:00 0                          [stack:14561]
7fb44c37b000-7fb44c37e000 ---p 00000000 00:00 0 
7fb44c37e000-7fb44c47c000 rw-p 00000000 00:00 0                          [stack:14560]
7fb44c47c000-7fb44c47f000 ---p 00000000 00:00 0 
7fb44c47f000-7fb44c57d000 rw-p 00000000 00:00 0                          [stack:14559]
7fb44c57d000-7fb44c580000 ---p 00000000 00:00 0 
7fb44c580000-7fb44c67e000 rw-p 00000000 00:00 0                          [stack:14558]
7fb44c67e000-7fb44cd60000 r--p 00000000 08:07 1056383                    /usr/lib/locale/locale-archive
7fb44cd60000-7fb44cd63000 ---p 00000000 00:00 0 
7fb44cd63000-7fb44ce61000 rw-p 00000000 00:00 0                          [stack:14557]
7fb44ce61000-7fb44ce64000 ---p 00000000 00:00 0 
7fb44ce64000-7fb44cf62000 rw-p 00000000 00:00 0                          [stack:14556]
7fb44cf62000-7fb44cf63000 ---p 00000000 00:00 0 
7fb44cf63000-7fb44e060000 rw-p 00000000 00:00 0                          [stack:14555]
7fb44e060000-7fb44e212000 r--s 01d2e000 08:07 3149006                    /usr/lib/jvm/java-7-openjdk-amd64/jre/lib/rt.jar
7fb44e212000-7fb450aa6000 rw-p 00000000 00:00 0 
7fb450aa6000-7fb450aa7000 ---p 00000000 00:00 0 
7fb450aa7000-7fb450ba7000 rw-p 00000000 00:00 0                          [stack:14554]
7fb450ba7000-7fb450ba8000 ---p 00000000 00:00 0 
7fb450ba8000-7fb450ca8000 rw-p 00000000 00:00 0                          [stack:14553]
7fb450ca8000-7fb450ca9000 ---p 00000000 00:00 0 
7fb450ca9000-7fb450da9000 rw-p 00000000 00:00 0                          [stack:14552]
7fb450da9000-7fb450daa000 ---p 00000000 00:00 0 
7fb450daa000-7fb450eca000 rw-p 00000000 00:00 0                          [stack:14551]
7fb450eca000-7fb451000000 rw-p 00000000 00:00 0 
7fb451000000-7fb451440000 rwxp 00000000 00:00 0 
7fb451440000-7fb454226000 rw-p 00000000 00:00 0 
7fb454226000-7fb458000000 ---p 00000000 00:00 0 
7fb458009000-7fb458014000 rw-p 00000000 00:00 0 
7fb458014000-7fb45805c000 rw-p 00000000 00:00 0 
7fb45805c000-7fb458067000 rw-p 00000000 00:00 0 
7fb458067000-7fb4580af000 rw-p 00000000 00:00 0 
7fb4580af000-7fb4580cf000 rw-p 00000000 00:00 0 
7fb4580cf000-7fb458204000 rw-p 00000000 00:00 0 
7fb458204000-7fb4582a2000 rw-p 00000000 00:00 0 
7fb4582a2000-7fb4582a3000 ---p 00000000 00:00 0 
7fb4582a3000-7fb4582af000 rw-p 00000000 00:00 0 
7fb4582af000-7fb4582b0000 rw-p 00000000 00:00 0 
7fb4582b0000-7fb4582b8000 r-xp 00000000 08:07 3149018                    /usr/lib/jvm/java-7-openjdk-amd64/jre/lib/amd64/libzip.so
7fb4582b8000-7fb4584b7000 ---p 00008000 08:07 3149018                    /usr/lib/jvm/java-7-openjdk-amd64/jre/lib/amd64/libzip.so
7fb4584b7000-7fb4584b8000 r--p 00007000 08:07 3149018                    /usr/lib/jvm/java-7-openjdk-amd64/jre/lib/amd64/libzip.so
7fb4584b8000-7fb4584b9000 rw-p 00008000 08:07 3149018                    /usr/lib/jvm/java-7-openjdk-amd64/jre/lib/amd64/libzip.so
7fb4584b9000-7fb4584c4000 r-xp 00000000 08:07 4198440                    /lib/x86_64-linux-gnu/libnss_files-2.19.so
7fb4584c4000-7fb4586c3000 ---p 0000b000 08:07 4198440                    /lib/x86_64-linux-gnu/libnss_files-2.19.so
7fb4586c3000-7fb4586c4000 r--p 0000a000 08:07 4198440                    /lib/x86_64-linux-gnu/libnss_files-2.19.so
7fb4586c4000-7fb4586c5000 rw-p 0000b000 08:07 4198440                    /lib/x86_64-linux-gnu/libnss_files-2.19.so
7fb4586c5000-7fb4586d0000 r-xp 00000000 08:07 4200064                    /lib/x86_64-linux-gnu/libnss_nis-2.19.so
7fb4586d0000-7fb4588cf000 ---p 0000b000 08:07 4200064                    /lib/x86_64-linux-gnu/libnss_nis-2.19.so
7fb4588cf000-7fb4588d0000 r--p 0000a000 08:07 4200064                    /lib/x86_64-linux-gnu/libnss_nis-2.19.so
7fb4588d0000-7fb4588d1000 rw-p 0000b000 08:07 4200064                    /lib/x86_64-linux-gnu/libnss_nis-2.19.so
7fb4588d1000-7fb4588e8000 r-xp 00000000 08:07 4199530                    /lib/x86_64-linux-gnu/libnsl-2.19.so
7fb4588e8000-7fb458ae7000 ---p 00017000 08:07 4199530                    /lib/x86_64-linux-gnu/libnsl-2.19.so
7fb458ae7000-7fb458ae8000 r--p 00016000 08:07 4199530                    /lib/x86_64-linux-gnu/libnsl-2.19.so
7fb458ae8000-7fb458ae9000 rw-p 00017000 08:07 4199530                    /lib/x86_64-linux-gnu/libnsl-2.19.so
7fb458ae9000-7fb458aeb000 rw-p 00000000 00:00 0 
7fb458aeb000-7fb458af4000 r-xp 00000000 08:07 4198482                    /lib/x86_64-linux-gnu/libnss_compat-2.19.so
7fb458af4000-7fb458cf3000 ---p 00009000 08:07 4198482                    /lib/x86_64-linux-gnu/libnss_compat-2.19.so
7fb458cf3000-7fb458cf4000 r--p 00008000 08:07 4198482                    /lib/x86_64-linux-gnu/libnss_compat-2.19.so
7fb458cf4000-7fb458cf5000 rw-p 00009000 08:07 4198482                    /lib/x86_64-linux-gnu/libnss_compat-2.19.so
7fb458cf5000-7fb458d20000 r-xp 00000000 08:07 3149029                    /usr/lib/jvm/java-7-openjdk-amd64/jre/lib/amd64/libjava.so
7fb458d20000-7fb458f20000 ---p 0002b000 08:07 3149029                    /usr/lib/jvm/java-7-openjdk-amd64/jre/lib/amd64/libjava.so
7fb458f20000-7fb458f21000 r--p 0002b000 08:07 3149029                    /usr/lib/jvm/java-7-openjdk-amd64/jre/lib/amd64/libjava.so
7fb458f21000-7fb458f23000 rw-p 0002c000 08:07 3149029                    /usr/lib/jvm/java-7-openjdk-amd64/jre/lib/amd64/libjava.so
7fb458f23000-7fb458f33000 r-xp 00000000 08:07 3149045                    /usr/lib/jvm/java-7-openjdk-amd64/jre/lib/amd64/libverify.so
7fb458f33000-7fb459132000 ---p 00010000 08:07 3149045                    /usr/lib/jvm/java-7-openjdk-amd64/jre/lib/amd64/libverify.so
7fb459132000-7fb459134000 r--p 0000f000 08:07 3149045                    /usr/lib/jvm/java-7-openjdk-amd64/jre/lib/amd64/libverify.so
7fb459134000-7fb459135000 rw-p 00011000 08:07 3149045                    /usr/lib/jvm/java-7-openjdk-amd64/jre/lib/amd64/libverify.so
7fb459135000-7fb45913c000 r-xp 00000000 08:07 4200061                    /lib/x86_64-linux-gnu/librt-2.19.so
7fb45913c000-7fb45933b000 ---p 00007000 08:07 4200061                    /lib/x86_64-linux-gnu/librt-2.19.so
7fb45933b000-7fb45933c000 r--p 00006000 08:07 4200061                    /lib/x86_64-linux-gnu/librt-2.19.so
7fb45933c000-7fb45933d000 rw-p 00007000 08:07 4200061                    /lib/x86_64-linux-gnu/librt-2.19.so
7fb45933d000-7fb459353000 r-xp 00000000 08:07 4223721                    /lib/x86_64-linux-gnu/libgcc_s.so.1
7fb459353000-7fb459552000 ---p 00016000 08:07 4223721                    /lib/x86_64-linux-gnu/libgcc_s.so.1
7fb459552000-7fb459553000 rw-p 00015000 08:07 4223721                    /lib/x86_64-linux-gnu/libgcc_s.so.1
7fb459553000-7fb459658000 r-xp 00000000 08:07 4198343                    /lib/x86_64-linux-gnu/libm-2.19.so
7fb459658000-7fb459857000 ---p 00105000 08:07 4198343                    /lib/x86_64-linux-gnu/libm-2.19.so
7fb459857000-7fb459858000 r--p 00104000 08:07 4198343                    /lib/x86_64-linux-gnu/libm-2.19.so
7fb459858000-7fb459859000 rw-p 00105000 08:07 4198343                    /lib/x86_64-linux-gnu/libm-2.19.so
7fb459859000-7fb45993f000 r-xp 00000000 08:07 1052838                    /usr/lib/x86_64-linux-gnu/libstdc++.so.6.0.19
7fb45993f000-7fb459b3e000 ---p 000e6000 08:07 1052838                    /usr/lib/x86_64-linux-gnu/libstdc++.so.6.0.19
7fb459b3e000-7fb459b46000 r--p 000e5000 08:07 1052838                    /usr/lib/x86_64-linux-gnu/libstdc++.so.6.0.19
7fb459b46000-7fb459b48000 rw-p 000ed000 08:07 1052838                    /usr/lib/x86_64-linux-gnu/libstdc++.so.6.0.19
7fb459b48000-7fb459b5d000 rw-p 00000000 00:00 0 
7fb459b5d000-7fb45a681000 r-xp 00000000 08:07 3149035                    /usr/lib/jvm/java-7-openjdk-amd64/jre/lib/amd64/server/libjvm.so
7fb45a681000-7fb45a881000 ---p 00b24000 08:07 3149035                    /usr/lib/jvm/java-7-openjdk-amd64/jre/lib/amd64/server/libjvm.so
7fb45a881000-7fb45a91b000 r--p 00b24000 08:07 3149035                    /usr/lib/jvm/java-7-openjdk-amd64/jre/lib/amd64/server/libjvm.so
7fb45a91b000-7fb45a93e000 rw-p 00bbe000 08:07 3149035                    /usr/lib/jvm/java-7-openjdk-amd64/jre/lib/amd64/server/libjvm.so
7fb45a93e000-7fb45a96c000 rw-p 00000000 00:00 0 
7fb45a96c000-7fb45a984000 r-xp 00000000 08:07 4198526                    /lib/x86_64-linux-gnu/libz.so.1.2.8
7fb45a984000-7fb45ab83000 ---p 00018000 08:07 4198526                    /lib/x86_64-linux-gnu/libz.so.1.2.8
7fb45ab83000-7fb45ab84000 r--p 00017000 08:07 4198526                    /lib/x86_64-linux-gnu/libz.so.1.2.8
7fb45ab84000-7fb45ab85000 rw-p 00018000 08:07 4198526                    /lib/x86_64-linux-gnu/libz.so.1.2.8
7fb45ab85000-7fb45ab9e000 r-xp 00000000 08:07 4200059                    /lib/x86_64-linux-gnu/libpthread-2.19.so
7fb45ab9e000-7fb45ad9d000 ---p 00019000 08:07 4200059                    /lib/x86_64-linux-gnu/libpthread-2.19.so
7fb45ad9d000-7fb45ad9e000 r--p 00018000 08:07 4200059                    /lib/x86_64-linux-gnu/libpthread-2.19.so
7fb45ad9e000-7fb45ad9f000 rw-p 00019000 08:07 4200059                    /lib/x86_64-linux-gnu/libpthread-2.19.so
7fb45ad9f000-7fb45ada3000 rw-p 00000000 00:00 0 
7fb45ada3000-7fb45ada6000 r-xp 00000000 08:07 4198451                    /lib/x86_64-linux-gnu/libdl-2.19.so
7fb45ada6000-7fb45afa5000 ---p 00003000 08:07 4198451                    /lib/x86_64-linux-gnu/libdl-2.19.so
7fb45afa5000-7fb45afa6000 r--p 00002000 08:07 4198451                    /lib/x86_64-linux-gnu/libdl-2.19.so
7fb45afa6000-7fb45afa7000 rw-p 00003000 08:07 4198451                    /lib/x86_64-linux-gnu/libdl-2.19.so
7fb45afa7000-7fb45b162000 r-xp 00000000 08:07 4200058                    /lib/x86_64-linux-gnu/libc-2.19.so
7fb45b162000-7fb45b361000 ---p 001bb000 08:07 4200058                    /lib/x86_64-linux-gnu/libc-2.19.so
7fb45b361000-7fb45b365000 r--p 001ba000 08:07 4200058                    /lib/x86_64-linux-gnu/libc-2.19.so
7fb45b365000-7fb45b367000 rw-p 001be000 08:07 4200058                    /lib/x86_64-linux-gnu/libc-2.19.so
7fb45b367000-7fb45b36c000 rw-p 00000000 00:00 0 
7fb45b36c000-7fb45b379000 r-xp 00000000 08:07 3149046                    /usr/lib/jvm/java-7-openjdk-amd64/jre/lib/amd64/jli/libjli.so
7fb45b379000-7fb45b578000 ---p 0000d000 08:07 3149046                    /usr/lib/jvm/java-7-openjdk-amd64/jre/lib/amd64/jli/libjli.so
7fb45b578000-7fb45b579000 r--p 0000c000 08:07 3149046                    /usr/lib/jvm/java-7-openjdk-amd64/jre/lib/amd64/jli/libjli.so
7fb45b579000-7fb45b57a000 rw-p 0000d000 08:07 3149046                    /usr/lib/jvm/java-7-openjdk-amd64/jre/lib/amd64/jli/libjli.so
7fb45b57a000-7fb45b59d000 r-xp 00000000 08:07 4200046                    /lib/x86_64-linux-gnu/ld-2.19.so
7fb45b5a0000-7fb45b5a5000 r--s 0004e000 08:07 3149062                    /usr/lib/jvm/java-7-openjdk-amd64/jre/lib/jsse.jar
7fb45b5a5000-7fb45b5b4000 r--s 000df000 08:07 3419560                    /home/sanket/android-sdks/build-tools/23.0.0/lib/dx.jar
7fb45b5b4000-7fb45b5c5000 rw-p 00000000 00:00 0 
7fb45b5c5000-7fb45b674000 rw-p 00000000 00:00 0 
7fb45b674000-7fb45b677000 ---p 00000000 00:00 0 
7fb45b677000-7fb45b77a000 rw-p 00000000 00:00 0                          [stack:14546]
7fb45b77b000-7fb45b77c000 rw-p 00000000 00:00 0 
7fb45b77c000-7fb45b77d000 r--s 00002000 08:07 3149003                    /usr/lib/jvm/java-7-openjdk-amd64/jre/lib/ext/dnsns.jar
7fb45b77d000-7fb45b781000 r--s 00085000 08:07 3148999                    /usr/lib/jvm/java-7-openjdk-amd64/jre/lib/ext/localedata.jar
7fb45b781000-7fb45b783000 r--s 00012000 08:07 3148998                    /usr/lib/jvm/java-7-openjdk-amd64/jre/lib/ext/zipfs.jar
7fb45b783000-7fb45b787000 r--s 0003c000 08:07 3149002                    /usr/lib/jvm/java-7-openjdk-amd64/jre/lib/ext/sunpkcs11.jar
7fb45b787000-7fb45b789000 r--s 00006000 08:07 1456370                    /usr/share/java/java-atk-wrapper.jar
7fb45b789000-7fb45b78d000 r--s 00034000 08:07 3149001                    /usr/lib/jvm/java-7-openjdk-amd64/jre/lib/ext/sunjce_provider.jar
7fb45b78d000-7fb45b790000 r--s 0000f000 08:07 3149000                    /usr/lib/jvm/java-7-openjdk-amd64/jre/lib/ext/icedtea-sound.jar
7fb45b790000-7fb45b798000 rw-s 00000000 08:07 536898                     /tmp/hsperfdata_sanket/14545
7fb45b798000-7fb45b799000 rw-p 00000000 00:00 0 
7fb45b799000-7fb45b79a000 ---p 00000000 00:00 0 
7fb45b79a000-7fb45b79c000 rw-p 00000000 00:00 0 
7fb45b79c000-7fb45b79d000 r--p 00022000 08:07 4200046                    /lib/x86_64-linux-gnu/ld-2.19.so
7fb45b79d000-7fb45b79e000 rw-p 00023000 08:07 4200046                    /lib/x86_64-linux-gnu/ld-2.19.so
7fb45b79e000-7fb45b79f000 rw-p 00000000 00:00 0 
7fff51438000-7fff5145a000 rw-p 00000000 00:00 0                          [stack]
7fff51518000-7fff5151a000 r-xp 00000000 00:00 0                          [vdso]
ffffffffff600000-ffffffffff601000 r-xp 00000000 00:00 0                  [vsyscall]

VM Arguments:
jvm_args: -Xmx1024M -Dfile.encoding=UTF-8 -Duser.country=US -Duser.language=en -Duser.variant 
java_command: com.android.dx.command.Main --dex --num-threads=4 --output /home/sanket/lokavidyaapp/app/build/intermediates/dex/debug /home/sanket/lokavidyaapp/app/build/intermediates/classes/debug /home/sanket/lokavidyaapp/app/build/intermediates/pre-dexed/debug/javax.inject-1-0b64f9413fa3755ee930a0fd931b6f28fcfd1ba8.jar /home/sanket/lokavidyaapp/app/build/intermediates/pre-dexed/debug/classes-80a15e0454f2b679d9ca342786226cf1f5cbd338.jar /home/sanket/lokavidyaapp/app/build/intermediates/pre-dexed/debug/support-annotations-23.0.0-41a437c02f7a6970c95c376ed6bdd70acb20bd01.jar /home/sanket/lokavidyaapp/app/build/intermediates/pre-dexed/debug/classes-4de696b8cd2c7fd52921df39407071d77e87f0ad.jar /home/sanket/lokavidyaapp/app/build/intermediates/pre-dexed/debug/javawriter-2.5.0-3a8d508bc10837ab8cbcf85fe449bc3dec7561df.jar /home/sanket/lokavidyaapp/app/build/intermediates/pre-dexed/debug/classes-9946c7561ec486b51eee390f106f62bd579179b7.jar /home/sanket/lokavidyaapp/app/build/intermediates/pre-dexed/debug/classes-933ffedcad5cb31d6ab3ccf7ef238196230202d9.jar /home/sanket/lokavidyaapp/app/build/intermediates/pre-dexed/debug/classes-3e3f061d8e3b328eb2bc8ba78f255a7e21c5d841.jar /home/sanket/lokavidyaapp/app/build/intermediates/pre-dexed/debug/okhttp-urlconnection-2.2.0-976743ddad9a3ef9722483664b09ec90ad5f909c.jar /home/sanket/lokavidyaapp/app/build/intermediates/pre-dexed/debug/hamcrest-core-1.1-d1ff4851f3e08b7c27c578db4d2ffedd55339e50.jar /home/sanket/lokavidyaapp/app/build/intermediates/pre-dexed/debug/butterknife-5.1.2-b3d4f342f7177b4c045966065578a25e60c3253d.jar /home/sanket/lokavidyaapp/app/build/intermediates/pre-dexed/debug/classes-62d53d01ed515e86cc58fa8bb36e263cf16f290d.jar /home/sanket/lokavidyaapp/app/build/intermediates/pre-dexed/debug/dagger-1.2.2-535aaddd739252e164b51798e401f84fb8e1be12.jar /home/sanket/lokavidyaapp/app/build/intermediates/pre-dexed/debug/classes-a08987c29be08b8f2b38e9ab9648710b321b9863.jar /home/sanket/lokavidyaapp/app/build/intermediates/pre-de
Launcher Type: SUN_STANDARD

Environment Variables:
PATH=/home/sanket/bin:/usr/local/sbin:/usr/local/bin:/usr/sbin:/usr/bin:/sbin:/bin:/usr/games:/usr/local/games
SHELL=/bin/bash
DISPLAY=:0

Signal Handlers:
SIGSEGV: [libjvm.so+0x9548f0], sa_mask[0]=0x7ffbfeff, sa_flags=0x10000004
SIGBUS: [libjvm.so+0x9548f0], sa_mask[0]=0x7ffbfeff, sa_flags=0x10000004
SIGFPE: [libjvm.so+0x7cb0b0], sa_mask[0]=0x7ffbfeff, sa_flags=0x10000004
SIGPIPE: [libjvm.so+0x7cb0b0], sa_mask[0]=0x7ffbfeff, sa_flags=0x10000004
SIGXFSZ: [libjvm.so+0x7cb0b0], sa_mask[0]=0x7ffbfeff, sa_flags=0x10000004
SIGILL: [libjvm.so+0x7cb0b0], sa_mask[0]=0x7ffbfeff, sa_flags=0x10000004
SIGUSR1: SIG_DFL, sa_mask[0]=0x00000000, sa_flags=0x00000000
SIGUSR2: [libjvm.so+0x7caf50], sa_mask[0]=0x00000004, sa_flags=0x10000004
SIGHUP: [libjvm.so+0x7cb130], sa_mask[0]=0x7ffbfeff, sa_flags=0x10000004
SIGINT: [libjvm.so+0x7cb130], sa_mask[0]=0x7ffbfeff, sa_flags=0x10000004
SIGTERM: [libjvm.so+0x7cb130], sa_mask[0]=0x7ffbfeff, sa_flags=0x10000004
SIGQUIT: [libjvm.so+0x7cb130], sa_mask[0]=0x7ffbfeff, sa_flags=0x10000004
SIGTRAP: SIG_DFL, sa_mask[0]=0x00000000, sa_flags=0x00000000


---------------  S Y S T E M  ---------------

OS:Ubuntu 14.04 (trusty)
uname:Linux 3.13.0-76-generic #120-Ubuntu SMP Mon Jan 18 15:59:10 UTC 2016 x86_64
libc:glibc 2.19 NPTL 2.19 
rlimit: STACK 8192k, CORE 0k, NPROC 30418, NOFILE 4096, AS infinity
load average:35.43 12.97 5.44

/proc/meminfo:
MemTotal:        3950084 kB
MemFree:          108572 kB
Buffers:             128 kB
Cached:           357084 kB
SwapCached:            0 kB
Active:          3328196 kB
Inactive:         352824 kB
Active(anon):    3327116 kB
Inactive(anon):   351472 kB
Active(file):       1080 kB
Inactive(file):     1352 kB
Unevictable:          32 kB
Mlocked:              32 kB
SwapTotal:             0 kB
SwapFree:              0 kB
Dirty:                24 kB
Writeback:            20 kB
AnonPages:       3324296 kB
Mapped:            75524 kB
Shmem:            354324 kB
Slab:              65088 kB
SReclaimable:      29988 kB
SUnreclaim:        35100 kB
KernelStack:        5568 kB
PageTables:        34140 kB
NFS_Unstable:          0 kB
Bounce:                0 kB
WritebackTmp:          0 kB
CommitLimit:     1975040 kB
Committed_AS:    8079264 kB
VmallocTotal:   34359738367 kB
VmallocUsed:      348320 kB
VmallocChunk:   34359318396 kB
HardwareCorrupted:     0 kB
AnonHugePages:   1462272 kB
HugePages_Total:       0
HugePages_Free:        0
HugePages_Rsvd:        0
HugePages_Surp:        0
Hugepagesize:       2048 kB
DirectMap4k:       72060 kB
DirectMap2M:     2975744 kB
DirectMap1G:     1048576 kB


CPU:total 4 (2 cores per cpu, 2 threads per core) family 6 model 69 stepping 1, cmov, cx8, fxsr, mmx, sse, sse2, sse3, ssse3, sse4.1, sse4.2, popcnt, avx, avx2, aes, erms, ht, tsc, tscinvbit

/proc/cpuinfo:
processor	: 0
vendor_id	: GenuineIntel
cpu family	: 6
model		: 69
model name	: Intel(R) Core(TM) i5-4210U CPU @ 1.70GHz
stepping	: 1
microcode	: 0x17
cpu MHz		: 1701.000
cache size	: 3072 KB
physical id	: 0
siblings	: 4
core id		: 0
cpu cores	: 2
apicid		: 0
initial apicid	: 0
fpu		: yes
fpu_exception	: yes
cpuid level	: 13
wp		: yes
flags		: fpu vme de pse tsc msr pae mce cx8 apic sep mtrr pge mca cmov pat pse36 clflush dts acpi mmx fxsr sse sse2 ss ht tm pbe syscall nx pdpe1gb rdtscp lm constant_tsc arch_perfmon pebs bts rep_good nopl xtopology nonstop_tsc aperfmperf eagerfpu pni pclmulqdq dtes64 monitor ds_cpl vmx est tm2 ssse3 fma cx16 xtpr pdcm pcid sse4_1 sse4_2 movbe popcnt tsc_deadline_timer aes xsave avx f16c rdrand lahf_lm abm ida arat epb xsaveopt pln pts dtherm tpr_shadow vnmi flexpriority ept vpid fsgsbase tsc_adjust bmi1 avx2 smep bmi2 erms invpcid
bogomips	: 3392.10
clflush size	: 64
cache_alignment	: 64
address sizes	: 39 bits physical, 48 bits virtual
power management:

processor	: 1
vendor_id	: GenuineIntel
cpu family	: 6
model		: 69
model name	: Intel(R) Core(TM) i5-4210U CPU @ 1.70GHz
stepping	: 1
microcode	: 0x17
cpu MHz		: 1700.000
cache size	: 3072 KB
physical id	: 0
siblings	: 4
core id		: 1
cpu cores	: 2
apicid		: 2
initial apicid	: 2
fpu		: yes
fpu_exception	: yes
cpuid level	: 13
wp		: yes
flags		: fpu vme de pse tsc msr pae mce cx8 apic sep mtrr pge mca cmov pat pse36 clflush dts acpi mmx fxsr sse sse2 ss ht tm pbe syscall nx pdpe1gb rdtscp lm constant_tsc arch_perfmon pebs bts rep_good nopl xtopology nonstop_tsc aperfmperf eagerfpu pni pclmulqdq dtes64 monitor ds_cpl vmx est tm2 ssse3 fma cx16 xtpr pdcm pcid sse4_1 sse4_2 movbe popcnt tsc_deadline_timer aes xsave avx f16c rdrand lahf_lm abm ida arat epb xsaveopt pln pts dtherm tpr_shadow vnmi flexpriority ept vpid fsgsbase tsc_adjust bmi1 avx2 smep bmi2 erms invpcid
bogomips	: 3392.10
clflush size	: 64
cache_alignment	: 64
address sizes	: 39 bits physical, 48 bits virtual
power management:

processor	: 2
vendor_id	: GenuineIntel
cpu family	: 6
model		: 69
model name	: Intel(R) Core(TM) i5-4210U CPU @ 1.70GHz
stepping	: 1
microcode	: 0x17
cpu MHz		: 1700.000
cache size	: 3072 KB
physical id	: 0
siblings	: 4
core id		: 0
cpu cores	: 2
apicid		: 1
initial apicid	: 1
fpu		: yes
fpu_exception	: yes
cpuid level	: 13
wp		: yes
flags		: fpu vme de pse tsc msr pae mce cx8 apic sep mtrr pge mca cmov pat pse36 clflush dts acpi mmx fxsr sse sse2 ss ht tm pbe syscall nx pdpe1gb rdtscp lm constant_tsc arch_perfmon pebs bts rep_good nopl xtopology nonstop_tsc aperfmperf eagerfpu pni pclmulqdq dtes64 monitor ds_cpl vmx est tm2 ssse3 fma cx16 xtpr pdcm pcid sse4_1 sse4_2 movbe popcnt tsc_deadline_timer aes xsave avx f16c rdrand lahf_lm abm ida arat epb xsaveopt pln pts dtherm tpr_shadow vnmi flexpriority ept vpid fsgsbase tsc_adjust bmi1 avx2 smep bmi2 erms invpcid
bogomips	: 3392.10
clflush size	: 64
cache_alignment	: 64
address sizes	: 39 bits physical, 48 bits virtual
power management:

processor	: 3
vendor_id	: GenuineIntel
cpu family	: 6
model		: 69
model name	: Intel(R) Core(TM) i5-4210U CPU @ 1.70GHz
stepping	: 1
microcode	: 0x17
cpu MHz		: 1700.000
cache size	: 3072 KB
physical id	: 0
siblings	: 4
core id		: 1
cpu cores	: 2
apicid		: 3
initial apicid	: 3
fpu		: yes
fpu_exception	: yes
cpuid level	: 13
wp		: yes
flags		: fpu vme de pse tsc msr pae mce cx8 apic sep mtrr pge mca cmov pat pse36 clflush dts acpi mmx fxsr sse sse2 ss ht tm pbe syscall nx pdpe1gb rdtscp lm constant_tsc arch_perfmon pebs bts rep_good nopl xtopology nonstop_tsc aperfmperf eagerfpu pni pclmulqdq dtes64 monitor ds_cpl vmx est tm2 ssse3 fma cx16 xtpr pdcm pcid sse4_1 sse4_2 movbe popcnt tsc_deadline_timer aes xsave avx f16c rdrand lahf_lm abm ida arat epb xsaveopt pln pts dtherm tpr_shadow vnmi flexpriority ept vpid fsgsbase tsc_adjust bmi1 avx2 smep bmi2 erms invpcid
bogomips	: 3392.10
clflush size	: 64
cache_alignment	: 64
address sizes	: 39 bits physical, 48 bits virtual
power management:



Memory: 4k page, physical 3950084k(108312k free), swap 0k(0k free)

vm_info: OpenJDK 64-Bit Server VM (24.91-b01) for linux-amd64 JRE (1.7.0_91-b02), built on Nov 19 2015 06:14:37 by "buildd" with gcc 4.8.2

time: Wed Feb 24 19:11:08 2016
elapsed time: 96 seconds

