#
# There is insufficient memory for the Java Runtime Environment to continue.
# Native memory allocation (malloc) failed to allocate 73400320 bytes for committing reserved memory.
# Possible reasons:
#   The system is out of physical RAM or swap space
#   In 32 bit mode, the process size limit was hit
# Possible solutions:
#   Reduce memory load on the system
#   Increase physical memory or swap space
#   Check if swap backing store is full
#   Use 64 bit Java on a 64 bit OS
#   Decrease Java heap size (-Xmx/-Xms)
#   Decrease number of Java threads
#   Decrease Java thread stack sizes (-Xss)
#   Set larger code cache with -XX:ReservedCodeCacheSize=
# This output file may be truncated or incomplete.
#
#  Out of Memory Error (os_linux.cpp:2827), pid=9016, tid=140652814554880
#
# JRE version: OpenJDK Runtime Environment (7.0_91-b02) (build 1.7.0_91-b02)
# Java VM: OpenJDK 64-Bit Server VM (24.91-b01 mixed mode linux-amd64 compressed oops)
# Derivative: IcedTea 2.6.3
# Distribution: Ubuntu 14.04 LTS, package 7u91-2.6.3-0ubuntu0.14.04.1
# Failed to write core dump. Core dumps have been disabled. To enable core dumping, try "ulimit -c unlimited" before starting Java again
#

---------------  T H R E A D  ---------------

Current thread (0x00007fec54078000):  VMThread [stack: 0x00007fec48fc5000,0x00007fec490c6000] [id=9026]

Stack: [0x00007fec48fc5000,0x00007fec490c6000],  sp=0x00007fec490c4490,  free space=1021k
Native frames: (J=compiled Java code, j=interpreted, Vv=VM code, C=native code)
V  [libjvm.so+0x953e15]  VMError::report_and_die()+0x175
V  [libjvm.so+0x48fd94]  report_vm_out_of_memory(char const*, int, unsigned long, char const*)+0x74
V  [libjvm.so+0x7cf87b]  os::pd_commit_memory(char*, unsigned long, unsigned long, bool)+0xeb
V  [libjvm.so+0x7ca33f]  os::commit_memory(char*, unsigned long, unsigned long, bool)+0x1f
V  [libjvm.so+0x83dacb]  PSVirtualSpace::expand_by(unsigned long)+0x5b
V  [libjvm.so+0x83e930]  PSYoungGen::resize_generation(unsigned long, unsigned long)+0xb0
V  [libjvm.so+0x83f01b]  PSYoungGen::resize(unsigned long, unsigned long)+0x1b
V  [libjvm.so+0x83b258]  PSScavenge::invoke_no_policy()+0xd68
V  [libjvm.so+0x83bac8]  PSScavenge::invoke()+0x38
V  [libjvm.so+0x7f2083]  ParallelScavengeHeap::failed_mem_allocate(unsigned long)+0x63
V  [libjvm.so+0x955814]  VM_ParallelGCFailedAllocation::doit()+0x84
V  [libjvm.so+0x959917]  VM_Operation::evaluate()+0x47
V  [libjvm.so+0x9583d8]  VMThread::evaluate_operation(VM_Operation*)+0x318
V  [libjvm.so+0x958839]  VMThread::loop()+0x219
V  [libjvm.so+0x958c82]  VMThread::run()+0x72
V  [libjvm.so+0x7cc742]  java_start(Thread*)+0xf2

VM_Operation (0x00007fec43efd080): ParallelGCFailedAllocation, mode: safepoint, requested by thread 0x00007fec54152000


---------------  P R O C E S S  ---------------

Java Threads: ( => current thread )
  0x00007fec54156000 JavaThread "pool-1-thread-4" [_thread_blocked, id=9038, stack(0x00007fec43bfc000,0x00007fec43cfd000)]
  0x00007fec54154000 JavaThread "pool-1-thread-3" [_thread_blocked, id=9037, stack(0x00007fec43cfd000,0x00007fec43dfe000)]
  0x00007fec54152000 JavaThread "pool-1-thread-2" [_thread_blocked, id=9036, stack(0x00007fec43dfe000,0x00007fec43eff000)]
  0x00007fec54150800 JavaThread "pool-2-thread-1" [_thread_blocked, id=9035, stack(0x00007fec43eff000,0x00007fec44000000)]
  0x00007fec5414f800 JavaThread "pool-1-thread-1" [_thread_blocked, id=9034, stack(0x00007fec480db000,0x00007fec481dc000)]
  0x00007fec540b1800 JavaThread "Service Thread" daemon [_thread_blocked, id=9032, stack(0x00007fec482dd000,0x00007fec483de000)]
  0x00007fec540af000 JavaThread "C2 CompilerThread1" daemon [_thread_blocked, id=9031, stack(0x00007fec483de000,0x00007fec484df000)]
  0x00007fec540ac000 JavaThread "C2 CompilerThread0" daemon [_thread_blocked, id=9030, stack(0x00007fec484df000,0x00007fec485e0000)]
  0x00007fec540aa000 JavaThread "Signal Dispatcher" daemon [_thread_blocked, id=9029, stack(0x00007fec485e0000,0x00007fec486e1000)]
  0x00007fec5407e000 JavaThread "Finalizer" daemon [_thread_blocked, id=9028, stack(0x00007fec48dc3000,0x00007fec48ec4000)]
  0x00007fec5407c000 JavaThread "Reference Handler" daemon [_thread_blocked, id=9027, stack(0x00007fec48ec4000,0x00007fec48fc5000)]
  0x00007fec5400c800 JavaThread "main" [_thread_blocked, id=9021, stack(0x00007fec5b72b000,0x00007fec5b82c000)]

Other Threads:
=>0x00007fec54078000 VMThread [stack: 0x00007fec48fc5000,0x00007fec490c6000] [id=9026]
  0x00007fec540bc000 WatcherThread [stack: 0x00007fec481dc000,0x00007fec482dd000] [id=9033]

VM state:at safepoint (normal execution)

VM Mutex/Monitor currently owned by a thread:  ([mutex/lock_event])
[0x00007fec540089e0] Threads_lock - owner thread: 0x00007fec54078000
[0x00007fec54008ee0] Heap_lock - owner thread: 0x00007fec54152000

Heap
 PSYoungGen      total 72192K, used 9212K [0x00000000eaa80000, 0x00000000efa80000, 0x0000000100000000)
  eden space 62976K, 0% used [0x00000000eaa80000,0x00000000eaa80000,0x00000000ee800000)
  from space 9216K, 99% used [0x00000000ee800000,0x00000000ef0ff2f0,0x00000000ef100000)
  to   space 8704K, 0% used [0x00000000ef100000,0x00000000ef100000,0x00000000ef980000)
 ParOldGen       total 40960K, used 25545K [0x00000000c0000000, 0x00000000c2800000, 0x00000000eaa80000)
  object space 40960K, 62% used [0x00000000c0000000,0x00000000c18f2540,0x00000000c2800000)
 PSPermGen       total 21504K, used 5684K [0x00000000b5a00000, 0x00000000b6f00000, 0x00000000c0000000)
  object space 21504K, 26% used [0x00000000b5a00000,0x00000000b5f8d358,0x00000000b6f00000)

Card table byte_map: [0x00007fec58116000,0x00007fec5836a000] byte_map_base: 0x00007fec57b69000

Polling page: 0x00007fec5b853000

Code Cache  [0x00007fec51000000, 0x00007fec51270000, 0x00007fec54000000)
 total_blobs=524 nmethods=311 adapters=166 free_code_cache=47872Kb largest_free_block=48967616

Compilation events (10 events):
Event: 4.536 Thread 0x00007fec540ac000 nmethod 308 0x00007fec51119510 code [0x00007fec511196a0, 0x00007fec51119b48]
Event: 4.536 Thread 0x00007fec540ac000  309             com.android.dx.rop.code.RegisterSpecSet::localItemToSpec (49 bytes)
Event: 4.549 Thread 0x00007fec540ac000 nmethod 309 0x00007fec51118ad0 code [0x00007fec51118c40, 0x00007fec51119098]
Event: 4.549 Thread 0x00007fec540ac000  310             com.android.dx.ssa.NormalSsaInsn::<init> (15 bytes)
Event: 4.550 Thread 0x00007fec540ac000 nmethod 310 0x00007fec51116310 code [0x00007fec51116460, 0x00007fec51116518]
Event: 4.550 Thread 0x00007fec540ac000  312             com.android.dx.ssa.SCCP::simulateStmt (481 bytes)
Event: 4.786 Thread 0x00007fec540ac000 nmethod 312 0x00007fec51145ed0 code [0x00007fec51146420, 0x00007fec51148c60]
Event: 4.786 Thread 0x00007fec540ac000  313             com.android.dx.ssa.SsaMethod$2::visitNonMoveInsn (6 bytes)
Event: 4.786 Thread 0x00007fec540ac000 nmethod 313 0x00007fec511160d0 code [0x00007fec51116220, 0x00007fec51116288]
Event: 4.786 Thread 0x00007fec540ac000  314   !         com.android.dx.cf.code.Ropper::processBlock (1101 bytes)

GC Heap History (10 events):
Event: 2.167 GC heap after
Heap after GC invocations=2 (full 0):
 PSYoungGen      total 18432K, used 2544K [0x00000000eaa80000, 0x00000000ece80000, 0x0000000100000000)
  eden space 15872K, 0% used [0x00000000eaa80000,0x00000000eaa80000,0x00000000eba00000)
  from space 2560K, 99% used [0x00000000ebc80000,0x00000000ebefc038,0x00000000ebf00000)
  to   space 2560K, 0% used [0x00000000eba00000,0x00000000eba00000,0x00000000ebc80000)
 ParOldGen       total 40960K, used 5664K [0x00000000c0000000, 0x00000000c2800000, 0x00000000eaa80000)
  object space 40960K, 13% used [0x00000000c0000000,0x00000000c05882a0,0x00000000c2800000)
 PSPermGen       total 21504K, used 5470K [0x00000000b5a00000, 0x00000000b6f00000, 0x00000000c0000000)
  object space 21504K, 25% used [0x00000000b5a00000,0x00000000b5f57830,0x00000000b6f00000)
}
Event: 2.562 GC heap before
{Heap before GC invocations=3 (full 0):
 PSYoungGen      total 18432K, used 18416K [0x00000000eaa80000, 0x00000000ece80000, 0x0000000100000000)
  eden space 15872K, 100% used [0x00000000eaa80000,0x00000000eba00000,0x00000000eba00000)
  from space 2560K, 99% used [0x00000000ebc80000,0x00000000ebefc038,0x00000000ebf00000)
  to   space 2560K, 0% used [0x00000000eba00000,0x00000000eba00000,0x00000000ebc80000)
 ParOldGen       total 40960K, used 5664K [0x00000000c0000000, 0x00000000c2800000, 0x00000000eaa80000)
  object space 40960K, 13% used [0x00000000c0000000,0x00000000c05882a0,0x00000000c2800000)
 PSPermGen       total 21504K, used 5536K [0x00000000b5a00000, 0x00000000b6f00000, 0x00000000c0000000)
  object space 21504K, 25% used [0x00000000b5a00000,0x00000000b5f682e8,0x00000000b6f00000)
Event: 2.570 GC heap after
Heap after GC invocations=3 (full 0):
 PSYoungGen      total 18432K, used 2528K [0x00000000eaa80000, 0x00000000ece80000, 0x0000000100000000)
  eden space 15872K, 0% used [0x00000000eaa80000,0x00000000eaa80000,0x00000000eba00000)
  from space 2560K, 98% used [0x00000000eba00000,0x00000000ebc78048,0x00000000ebc80000)
  to   space 2560K, 0% used [0x00000000ecc00000,0x00000000ecc00000,0x00000000ece80000)
 ParOldGen       total 40960K, used 8655K [0x00000000c0000000, 0x00000000c2800000, 0x00000000eaa80000)
  object space 40960K, 21% used [0x00000000c0000000,0x00000000c0873f18,0x00000000c2800000)
 PSPermGen       total 21504K, used 5536K [0x00000000b5a00000, 0x00000000b6f00000, 0x00000000c0000000)
  object space 21504K, 25% used [0x00000000b5a00000,0x00000000b5f682e8,0x00000000b6f00000)
}
Event: 2.905 GC heap before
{Heap before GC invocations=4 (full 0):
 PSYoungGen      total 18432K, used 18400K [0x00000000eaa80000, 0x00000000ece80000, 0x0000000100000000)
  eden space 15872K, 100% used [0x00000000eaa80000,0x00000000eba00000,0x00000000eba00000)
  from space 2560K, 98% used [0x00000000eba00000,0x00000000ebc78048,0x00000000ebc80000)
  to   space 2560K, 0% used [0x00000000ecc00000,0x00000000ecc00000,0x00000000ece80000)
 ParOldGen       total 40960K, used 8655K [0x00000000c0000000, 0x00000000c2800000, 0x00000000eaa80000)
  object space 40960K, 21% used [0x00000000c0000000,0x00000000c0873f18,0x00000000c2800000)
 PSPermGen       total 21504K, used 5601K [0x00000000b5a00000, 0x00000000b6f00000, 0x00000000c0000000)
  object space 21504K, 26% used [0x00000000b5a00000,0x00000000b5f787f8,0x00000000b6f00000)
Event: 2.915 GC heap after
Heap after GC invocations=4 (full 0):
 PSYoungGen      total 34304K, used 2528K [0x00000000eaa80000, 0x00000000ece80000, 0x0000000100000000)
  eden space 31744K, 0% used [0x00000000eaa80000,0x00000000eaa80000,0x00000000ec980000)
  from space 2560K, 98% used [0x00000000ecc00000,0x00000000ece78028,0x00000000ece80000)
  to   space 2560K, 0% used [0x00000000ec980000,0x00000000ec980000,0x00000000ecc00000)
 ParOldGen       total 40960K, used 12305K [0x00000000c0000000, 0x00000000c2800000, 0x00000000eaa80000)
  object space 40960K, 30% used [0x00000000c0000000,0x00000000c0c04498,0x00000000c2800000)
 PSPermGen       total 21504K, used 5601K [0x00000000b5a00000, 0x00000000b6f00000, 0x00000000c0000000)
  object space 21504K, 26% used [0x00000000b5a00000,0x00000000b5f787f8,0x00000000b6f00000)
}
Event: 3.510 GC heap before
{Heap before GC invocations=5 (full 0):
 PSYoungGen      total 34304K, used 34272K [0x00000000eaa80000, 0x00000000ece80000, 0x0000000100000000)
  eden space 31744K, 100% used [0x00000000eaa80000,0x00000000ec980000,0x00000000ec980000)
  from space 2560K, 98% used [0x00000000ecc00000,0x00000000ece78028,0x00000000ece80000)
  to   space 2560K, 0% used [0x00000000ec980000,0x00000000ec980000,0x00000000ecc00000)
 ParOldGen       total 40960K, used 12305K [0x00000000c0000000, 0x00000000c2800000, 0x00000000eaa80000)
  object space 40960K, 30% used [0x00000000c0000000,0x00000000c0c04498,0x00000000c2800000)
 PSPermGen       total 21504K, used 5627K [0x00000000b5a00000, 0x00000000b6f00000, 0x00000000c0000000)
  object space 21504K, 26% used [0x00000000b5a00000,0x00000000b5f7ec58,0x00000000b6f00000)
Event: 3.539 GC heap after
Heap after GC invocations=5 (full 0):
 PSYoungGen      total 34304K, used 2528K [0x00000000eaa80000, 0x00000000ef980000, 0x0000000100000000)
  eden space 31744K, 0% used [0x00000000eaa80000,0x00000000eaa80000,0x00000000ec980000)
  from space 2560K, 98% used [0x00000000ec980000,0x00000000ecbf8018,0x00000000ecc00000)
  to   space 8704K, 0% used [0x00000000ef100000,0x00000000ef100000,0x00000000ef980000)
 ParOldGen       total 40960K, used 17942K [0x00000000c0000000, 0x00000000c2800000, 0x00000000eaa80000)
  object space 40960K, 43% used [0x00000000c0000000,0x00000000c1185a90,0x00000000c2800000)
 PSPermGen       total 21504K, used 5627K [0x00000000b5a00000, 0x00000000b6f00000, 0x00000000c0000000)
  object space 21504K, 26% used [0x00000000b5a00000,0x00000000b5f7ec58,0x00000000b6f00000)
}
Event: 4.036 GC heap before
{Heap before GC invocations=6 (full 0):
 PSYoungGen      total 34304K, used 34272K [0x00000000eaa80000, 0x00000000ef980000, 0x0000000100000000)
  eden space 31744K, 100% used [0x00000000eaa80000,0x00000000ec980000,0x00000000ec980000)
  from space 2560K, 98% used [0x00000000ec980000,0x00000000ecbf8018,0x00000000ecc00000)
  to   space 8704K, 0% used [0x00000000ef100000,0x00000000ef100000,0x00000000ef980000)
 ParOldGen       total 40960K, used 17942K [0x00000000c0000000, 0x00000000c2800000, 0x00000000eaa80000)
  object space 40960K, 43% used [0x00000000c0000000,0x00000000c1185a90,0x00000000c2800000)
 PSPermGen       total 21504K, used 5650K [0x00000000b5a00000, 0x00000000b6f00000, 0x00000000c0000000)
  object space 21504K, 26% used [0x00000000b5a00000,0x00000000b5f849e0,0x00000000b6f00000)
Event: 4.069 GC heap after
Heap after GC invocations=6 (full 0):
 PSYoungGen      total 71680K, used 7648K [0x00000000eaa80000, 0x00000000efa80000, 0x0000000100000000)
  eden space 62976K, 0% used [0x00000000eaa80000,0x00000000eaa80000,0x00000000ee800000)
  from space 8704K, 87% used [0x00000000ef100000,0x00000000ef8781b0,0x00000000ef980000)
  to   space 9216K, 0% used [0x00000000ee800000,0x00000000ee800000,0x00000000ef100000)
 ParOldGen       total 40960K, used 17942K [0x00000000c0000000, 0x00000000c2800000, 0x00000000eaa80000)
  object space 40960K, 43% used [0x00000000c0000000,0x00000000c1185a90,0x00000000c2800000)
 PSPermGen       total 21504K, used 5650K [0x00000000b5a00000, 0x00000000b6f00000, 0x00000000c0000000)
  object space 21504K, 26% used [0x00000000b5a00000,0x00000000b5f849e0,0x00000000b6f00000)
}
Event: 5.045 GC heap before
{Heap before GC invocations=7 (full 0):
 PSYoungGen      total 71680K, used 70624K [0x00000000eaa80000, 0x00000000efa80000, 0x0000000100000000)
  eden space 62976K, 100% used [0x00000000eaa80000,0x00000000ee800000,0x00000000ee800000)
  from space 8704K, 87% used [0x00000000ef100000,0x00000000ef8781b0,0x00000000ef980000)
  to   space 9216K, 0% used [0x00000000ee800000,0x00000000ee800000,0x00000000ef100000)
 ParOldGen       total 40960K, used 17942K [0x00000000c0000000, 0x00000000c2800000, 0x00000000eaa80000)
  object space 40960K, 43% used [0x00000000c0000000,0x00000000c1185a90,0x00000000c2800000)
 PSPermGen       total 21504K, used 5684K [0x00000000b5a00000, 0x00000000b6f00000, 0x00000000c0000000)
  object space 21504K, 26% used [0x00000000b5a00000,0x00000000b5f8d358,0x00000000b6f00000)

Deoptimization events (10 events):
Event: 2.149 Thread 0x00007fec5400c800 Uncommon trap: reason=unstable_if action=reinterpret pc=0x00007fec510872f0 method=com.android.dx.rop.cst.StdConstantPool.set(ILcom/android/dx/rop/cst/Constant;)V @ 12
Event: 2.149 Thread 0x00007fec5400c800 Uncommon trap: reason=unstable_if action=reinterpret pc=0x00007fec5108a150 method=com.android.dx.cf.cst.ConstantPoolParser.parse()V @ 113
Event: 2.364 Thread 0x00007fec54156000 Uncommon trap: reason=unstable_if action=reinterpret pc=0x00007fec510c2290 method=com.android.dx.rop.code.RegisterSpecSet.put(Lcom/android/dx/rop/code/RegisterSpec;)V @ 77
Event: 2.364 Thread 0x00007fec54156000 Uncommon trap: reason=unstable_if action=reinterpret pc=0x00007fec510911f8 method=com.android.dx.rop.code.RegisterSpecSet.put(Lcom/android/dx/rop/code/RegisterSpec;)V @ 77
Event: 2.364 Thread 0x00007fec54156000 Uncommon trap: reason=unstable_if action=reinterpret pc=0x00007fec510b2ec0 method=com.android.dx.rop.code.RegisterSpecSet.put(Lcom/android/dx/rop/code/RegisterSpec;)V @ 77
Event: 2.380 Thread 0x00007fec54156000 Uncommon trap: reason=class_check action=maybe_recompile pc=0x00007fec51092efc method=java.util.HashMap.put(Ljava/lang/Object;Ljava/lang/Object;)Ljava/lang/Object; @ 83
Event: 3.311 Thread 0x00007fec5414f800 Uncommon trap: reason=unstable_if action=reinterpret pc=0x00007fec51064ec4 method=com.android.dx.rop.cst.Constant.compareTo(Lcom/android/dx/rop/cst/Constant;)I @ 12
Event: 3.906 Thread 0x00007fec5400c800 Uncommon trap: reason=class_check action=maybe_recompile pc=0x00007fec51092efc method=java.util.HashMap.put(Ljava/lang/Object;Ljava/lang/Object;)Ljava/lang/Object; @ 83
Event: 3.906 Thread 0x00007fec5400c800 Uncommon trap: reason=class_check action=maybe_recompile pc=0x00007fec51092efc method=java.util.HashMap.put(Ljava/lang/Object;Ljava/lang/Object;)Ljava/lang/Object; @ 83
Event: 4.092 Thread 0x00007fec5400c800 Uncommon trap: reason=class_check action=maybe_recompile pc=0x00007fec51092efc method=java.util.HashMap.put(Ljava/lang/Object;Ljava/lang/Object;)Ljava/lang/Object; @ 83

Internal exceptions (10 events):
Event: 1.756 Thread 0x00007fec5400c800 Threw 0x00000000eabf12f0 at /build/openjdk-7-zaTxYK/openjdk-7-7u91-2.6.3/build/openjdk/hotspot/src/share/vm/prims/jvm.cpp:1322
Event: 1.762 Thread 0x00007fec54156000 Threw 0x00000000eac3eb80 at /build/openjdk-7-zaTxYK/openjdk-7-7u91-2.6.3/build/openjdk/hotspot/src/share/vm/prims/jvm.cpp:1322
Event: 1.787 Thread 0x00007fec54156000 Threw 0x00000000ead0b0a0 at /build/openjdk-7-zaTxYK/openjdk-7-7u91-2.6.3/build/openjdk/hotspot/src/share/vm/prims/jvm.cpp:1322
Event: 1.794 Thread 0x00007fec5400c800 Threw 0x00000000eada1660 at /build/openjdk-7-zaTxYK/openjdk-7-7u91-2.6.3/build/openjdk/hotspot/src/share/vm/prims/jvm.cpp:1322
Event: 1.826 Thread 0x00007fec54156000 Threw 0x00000000eae937f8 at /build/openjdk-7-zaTxYK/openjdk-7-7u91-2.6.3/build/openjdk/hotspot/src/share/vm/prims/jvm.cpp:1322
Event: 1.958 Thread 0x00007fec54156000 Implicit null exception at 0x00007fec5109ddc0 to 0x00007fec5109e859
Event: 2.048 Thread 0x00007fec54152000 Implicit null exception at 0x00007fec510a60ca to 0x00007fec510a7fd5
Event: 2.740 Thread 0x00007fec5400c800 Threw 0x00000000eb32a890 at /build/openjdk-7-zaTxYK/openjdk-7-7u91-2.6.3/build/openjdk/hotspot/src/share/vm/prims/jvm.cpp:1322
Event: 2.892 Thread 0x00007fec54154000 Threw 0x00000000eb9abca8 at /build/openjdk-7-zaTxYK/openjdk-7-7u91-2.6.3/build/openjdk/hotspot/src/share/vm/prims/jvm.cpp:1322
Event: 2.932 Thread 0x00007fec5414f800 Threw 0x00000000eab6d8e8 at /build/openjdk-7-zaTxYK/openjdk-7-7u91-2.6.3/build/openjdk/hotspot/src/share/vm/prims/jvm.cpp:1322

Events (10 events):
Event: 3.906 Thread 0x00007fec5400c800 DEOPT UNPACKING pc=0x00007fec51039445 sp=0x00007fec5b829248 mode 2
Event: 3.906 Thread 0x00007fec5400c800 Uncommon trap: trap_request=0xffffffde fr.pc=0x00007fec51092efc
Event: 3.906 Thread 0x00007fec5400c800 DEOPT PACKING pc=0x00007fec51092efc sp=0x00007fec5b829280
Event: 3.906 Thread 0x00007fec5400c800 DEOPT UNPACKING pc=0x00007fec51039445 sp=0x00007fec5b829248 mode 2
Event: 4.035 Executing VM operation: ParallelGCFailedAllocation
Event: 4.069 Executing VM operation: ParallelGCFailedAllocation done
Event: 4.092 Thread 0x00007fec5400c800 Uncommon trap: trap_request=0xffffffde fr.pc=0x00007fec51092efc
Event: 4.092 Thread 0x00007fec5400c800 DEOPT PACKING pc=0x00007fec51092efc sp=0x00007fec5b829380
Event: 4.092 Thread 0x00007fec5400c800 DEOPT UNPACKING pc=0x00007fec51039445 sp=0x00007fec5b829348 mode 2
Event: 5.045 Executing VM operation: ParallelGCFailedAllocation


Dynamic libraries:
00400000-00401000 r-xp 00000000 08:07 3148986                            /usr/lib/jvm/java-7-openjdk-amd64/jre/bin/java
00600000-00601000 r--p 00000000 08:07 3148986                            /usr/lib/jvm/java-7-openjdk-amd64/jre/bin/java
00601000-00602000 rw-p 00001000 08:07 3148986                            /usr/lib/jvm/java-7-openjdk-amd64/jre/bin/java
01145000-01166000 rw-p 00000000 00:00 0                                  [heap]
b5a00000-b6f00000 rw-p 00000000 00:00 0 
b6f00000-c0000000 rw-p 00000000 00:00 0 
c0000000-c2800000 rw-p 00000000 00:00 0 
c2800000-eaa80000 rw-p 00000000 00:00 0 
eaa80000-efa80000 rw-p 00000000 00:00 0 
f4080000-100000000 rw-p 00000000 00:00 0 
7fec04000000-7fec0403f000 rw-p 00000000 00:00 0 
7fec0403f000-7fec08000000 ---p 00000000 00:00 0 
7fec08000000-7fec08034000 rw-p 00000000 00:00 0 
7fec08034000-7fec0c000000 ---p 00000000 00:00 0 
7fec0c000000-7fec0c021000 rw-p 00000000 00:00 0 
7fec0c021000-7fec10000000 ---p 00000000 00:00 0 
7fec10000000-7fec1002e000 rw-p 00000000 00:00 0 
7fec1002e000-7fec14000000 ---p 00000000 00:00 0 
7fec14000000-7fec14021000 rw-p 00000000 00:00 0 
7fec14021000-7fec18000000 ---p 00000000 00:00 0 
7fec18000000-7fec18021000 rw-p 00000000 00:00 0 
7fec18021000-7fec1c000000 ---p 00000000 00:00 0 
7fec1c000000-7fec1d807000 rw-p 00000000 00:00 0 
7fec1d807000-7fec20000000 ---p 00000000 00:00 0 
7fec20000000-7fec20021000 rw-p 00000000 00:00 0 
7fec20021000-7fec24000000 ---p 00000000 00:00 0 
7fec24000000-7fec24021000 rw-p 00000000 00:00 0 
7fec24021000-7fec28000000 ---p 00000000 00:00 0 
7fec28000000-7fec2928a000 rw-p 00000000 00:00 0 
7fec2928a000-7fec2c000000 ---p 00000000 00:00 0 
7fec2c000000-7fec2c021000 rw-p 00000000 00:00 0 
7fec2c021000-7fec30000000 ---p 00000000 00:00 0 
7fec30000000-7fec30021000 rw-p 00000000 00:00 0 
7fec30021000-7fec34000000 ---p 00000000 00:00 0 
7fec34000000-7fec34021000 rw-p 00000000 00:00 0 
7fec34021000-7fec38000000 ---p 00000000 00:00 0 
7fec38000000-7fec38242000 rw-p 00000000 00:00 0 
7fec38242000-7fec3c000000 ---p 00000000 00:00 0 
7fec3c000000-7fec3c021000 rw-p 00000000 00:00 0 
7fec3c021000-7fec40000000 ---p 00000000 00:00 0 
7fec43bfc000-7fec43bff000 ---p 00000000 00:00 0 
7fec43bff000-7fec43cfd000 rw-p 00000000 00:00 0                          [stack:9038]
7fec43cfd000-7fec43d00000 ---p 00000000 00:00 0 
7fec43d00000-7fec43dfe000 rw-p 00000000 00:00 0                          [stack:9037]
7fec43dfe000-7fec43e01000 ---p 00000000 00:00 0 
7fec43e01000-7fec43eff000 rw-p 00000000 00:00 0                          [stack:9036]
7fec43eff000-7fec43f02000 ---p 00000000 00:00 0 
7fec43f02000-7fec44000000 rw-p 00000000 00:00 0                          [stack:9035]
7fec44000000-7fec44021000 rw-p 00000000 00:00 0 
7fec44021000-7fec48000000 ---p 00000000 00:00 0 
7fec480db000-7fec480de000 ---p 00000000 00:00 0 
7fec480de000-7fec481dc000 rw-p 00000000 00:00 0                          [stack:9034]
7fec481dc000-7fec481dd000 ---p 00000000 00:00 0 
7fec481dd000-7fec482dd000 rw-p 00000000 00:00 0                          [stack:9033]
7fec482dd000-7fec482e0000 ---p 00000000 00:00 0 
7fec482e0000-7fec483de000 rw-p 00000000 00:00 0                          [stack:9032]
7fec483de000-7fec483e1000 ---p 00000000 00:00 0 
7fec483e1000-7fec484df000 rw-p 00000000 00:00 0                          [stack:9031]
7fec484df000-7fec484e2000 ---p 00000000 00:00 0 
7fec484e2000-7fec485e0000 rw-p 00000000 00:00 0                          [stack:9030]
7fec485e0000-7fec485e3000 ---p 00000000 00:00 0 
7fec485e3000-7fec486e1000 rw-p 00000000 00:00 0                          [stack:9029]
7fec486e1000-7fec48dc3000 r--p 00000000 08:07 1056383                    /usr/lib/locale/locale-archive
7fec48dc3000-7fec48dc6000 ---p 00000000 00:00 0 
7fec48dc6000-7fec48ec4000 rw-p 00000000 00:00 0                          [stack:9028]
7fec48ec4000-7fec48ec7000 ---p 00000000 00:00 0 
7fec48ec7000-7fec48fc5000 rw-p 00000000 00:00 0                          [stack:9027]
7fec48fc5000-7fec48fc6000 ---p 00000000 00:00 0 
7fec48fc6000-7fec4c000000 rw-p 00000000 00:00 0                          [stack:9026]
7fec4c000000-7fec4c021000 rw-p 00000000 00:00 0 
7fec4c021000-7fec50000000 ---p 00000000 00:00 0 
7fec50059000-7fec5062b000 rw-p 00000000 00:00 0 
7fec5062b000-7fec507dd000 r--s 01d2e000 08:07 3149006                    /usr/lib/jvm/java-7-openjdk-amd64/jre/lib/rt.jar
7fec507dd000-7fec50aa6000 rw-p 00000000 00:00 0 
7fec50aa6000-7fec50aa7000 ---p 00000000 00:00 0 
7fec50aa7000-7fec50ba7000 rw-p 00000000 00:00 0                          [stack:9025]
7fec50ba7000-7fec50ba8000 ---p 00000000 00:00 0 
7fec50ba8000-7fec50ca8000 rw-p 00000000 00:00 0                          [stack:9024]
7fec50ca8000-7fec50ca9000 ---p 00000000 00:00 0 
7fec50ca9000-7fec50da9000 rw-p 00000000 00:00 0                          [stack:9023]
7fec50da9000-7fec50daa000 ---p 00000000 00:00 0 
7fec50daa000-7fec50ebe000 rw-p 00000000 00:00 0                          [stack:9022]
7fec50ebe000-7fec51000000 rw-p 00000000 00:00 0 
7fec51000000-7fec51270000 rwxp 00000000 00:00 0 
7fec51270000-7fec5419c000 rw-p 00000000 00:00 0 
7fec5419c000-7fec58000000 ---p 00000000 00:00 0 
7fec58010000-7fec5801f000 r--s 000df000 08:07 3419560                    /home/sanket/android-sdks/build-tools/23.0.0/lib/dx.jar
7fec5801f000-7fec580ce000 rw-p 00000000 00:00 0 
7fec580ce000-7fec58116000 rw-p 00000000 00:00 0 
7fec58116000-7fec58121000 rw-p 00000000 00:00 0 
7fec58121000-7fec58169000 rw-p 00000000 00:00 0 
7fec58169000-7fec5817d000 rw-p 00000000 00:00 0 
7fec5817d000-7fec582be000 rw-p 00000000 00:00 0 
7fec582be000-7fec582e7000 rw-p 00000000 00:00 0 
7fec582e7000-7fec58369000 rw-p 00000000 00:00 0 
7fec58369000-7fec5836a000 rw-p 00000000 00:00 0 
7fec5836a000-7fec58372000 r-xp 00000000 08:07 3149018                    /usr/lib/jvm/java-7-openjdk-amd64/jre/lib/amd64/libzip.so
7fec58372000-7fec58571000 ---p 00008000 08:07 3149018                    /usr/lib/jvm/java-7-openjdk-amd64/jre/lib/amd64/libzip.so
7fec58571000-7fec58572000 r--p 00007000 08:07 3149018                    /usr/lib/jvm/java-7-openjdk-amd64/jre/lib/amd64/libzip.so
7fec58572000-7fec58573000 rw-p 00008000 08:07 3149018                    /usr/lib/jvm/java-7-openjdk-amd64/jre/lib/amd64/libzip.so
7fec58573000-7fec5857e000 r-xp 00000000 08:07 4198440                    /lib/x86_64-linux-gnu/libnss_files-2.19.so
7fec5857e000-7fec5877d000 ---p 0000b000 08:07 4198440                    /lib/x86_64-linux-gnu/libnss_files-2.19.so
7fec5877d000-7fec5877e000 r--p 0000a000 08:07 4198440                    /lib/x86_64-linux-gnu/libnss_files-2.19.so
7fec5877e000-7fec5877f000 rw-p 0000b000 08:07 4198440                    /lib/x86_64-linux-gnu/libnss_files-2.19.so
7fec5877f000-7fec5878a000 r-xp 00000000 08:07 4200064                    /lib/x86_64-linux-gnu/libnss_nis-2.19.so
7fec5878a000-7fec58989000 ---p 0000b000 08:07 4200064                    /lib/x86_64-linux-gnu/libnss_nis-2.19.so
7fec58989000-7fec5898a000 r--p 0000a000 08:07 4200064                    /lib/x86_64-linux-gnu/libnss_nis-2.19.so
7fec5898a000-7fec5898b000 rw-p 0000b000 08:07 4200064                    /lib/x86_64-linux-gnu/libnss_nis-2.19.so
7fec5898b000-7fec589a2000 r-xp 00000000 08:07 4199530                    /lib/x86_64-linux-gnu/libnsl-2.19.so
7fec589a2000-7fec58ba1000 ---p 00017000 08:07 4199530                    /lib/x86_64-linux-gnu/libnsl-2.19.so
7fec58ba1000-7fec58ba2000 r--p 00016000 08:07 4199530                    /lib/x86_64-linux-gnu/libnsl-2.19.so
7fec58ba2000-7fec58ba3000 rw-p 00017000 08:07 4199530                    /lib/x86_64-linux-gnu/libnsl-2.19.so
7fec58ba3000-7fec58ba5000 rw-p 00000000 00:00 0 
7fec58ba5000-7fec58bae000 r-xp 00000000 08:07 4198482                    /lib/x86_64-linux-gnu/libnss_compat-2.19.so
7fec58bae000-7fec58dad000 ---p 00009000 08:07 4198482                    /lib/x86_64-linux-gnu/libnss_compat-2.19.so
7fec58dad000-7fec58dae000 r--p 00008000 08:07 4198482                    /lib/x86_64-linux-gnu/libnss_compat-2.19.so
7fec58dae000-7fec58daf000 rw-p 00009000 08:07 4198482                    /lib/x86_64-linux-gnu/libnss_compat-2.19.so
7fec58daf000-7fec58dda000 r-xp 00000000 08:07 3149029                    /usr/lib/jvm/java-7-openjdk-amd64/jre/lib/amd64/libjava.so
7fec58dda000-7fec58fda000 ---p 0002b000 08:07 3149029                    /usr/lib/jvm/java-7-openjdk-amd64/jre/lib/amd64/libjava.so
7fec58fda000-7fec58fdb000 r--p 0002b000 08:07 3149029                    /usr/lib/jvm/java-7-openjdk-amd64/jre/lib/amd64/libjava.so
7fec58fdb000-7fec58fdd000 rw-p 0002c000 08:07 3149029                    /usr/lib/jvm/java-7-openjdk-amd64/jre/lib/amd64/libjava.so
7fec58fdd000-7fec58fed000 r-xp 00000000 08:07 3149045                    /usr/lib/jvm/java-7-openjdk-amd64/jre/lib/amd64/libverify.so
7fec58fed000-7fec591ec000 ---p 00010000 08:07 3149045                    /usr/lib/jvm/java-7-openjdk-amd64/jre/lib/amd64/libverify.so
7fec591ec000-7fec591ee000 r--p 0000f000 08:07 3149045                    /usr/lib/jvm/java-7-openjdk-amd64/jre/lib/amd64/libverify.so
7fec591ee000-7fec591ef000 rw-p 00011000 08:07 3149045                    /usr/lib/jvm/java-7-openjdk-amd64/jre/lib/amd64/libverify.so
7fec591ef000-7fec591f6000 r-xp 00000000 08:07 4200061                    /lib/x86_64-linux-gnu/librt-2.19.so
7fec591f6000-7fec593f5000 ---p 00007000 08:07 4200061                    /lib/x86_64-linux-gnu/librt-2.19.so
7fec593f5000-7fec593f6000 r--p 00006000 08:07 4200061                    /lib/x86_64-linux-gnu/librt-2.19.so
7fec593f6000-7fec593f7000 rw-p 00007000 08:07 4200061                    /lib/x86_64-linux-gnu/librt-2.19.so
7fec593f7000-7fec5940d000 r-xp 00000000 08:07 4223721                    /lib/x86_64-linux-gnu/libgcc_s.so.1
7fec5940d000-7fec5960c000 ---p 00016000 08:07 4223721                    /lib/x86_64-linux-gnu/libgcc_s.so.1
7fec5960c000-7fec5960d000 rw-p 00015000 08:07 4223721                    /lib/x86_64-linux-gnu/libgcc_s.so.1
7fec5960d000-7fec59712000 r-xp 00000000 08:07 4198343                    /lib/x86_64-linux-gnu/libm-2.19.so
7fec59712000-7fec59911000 ---p 00105000 08:07 4198343                    /lib/x86_64-linux-gnu/libm-2.19.so
7fec59911000-7fec59912000 r--p 00104000 08:07 4198343                    /lib/x86_64-linux-gnu/libm-2.19.so
7fec59912000-7fec59913000 rw-p 00105000 08:07 4198343                    /lib/x86_64-linux-gnu/libm-2.19.so
7fec59913000-7fec599f9000 r-xp 00000000 08:07 1052838                    /usr/lib/x86_64-linux-gnu/libstdc++.so.6.0.19
7fec599f9000-7fec59bf8000 ---p 000e6000 08:07 1052838                    /usr/lib/x86_64-linux-gnu/libstdc++.so.6.0.19
7fec59bf8000-7fec59c00000 r--p 000e5000 08:07 1052838                    /usr/lib/x86_64-linux-gnu/libstdc++.so.6.0.19
7fec59c00000-7fec59c02000 rw-p 000ed000 08:07 1052838                    /usr/lib/x86_64-linux-gnu/libstdc++.so.6.0.19
7fec59c02000-7fec59c17000 rw-p 00000000 00:00 0 
7fec59c17000-7fec5a73b000 r-xp 00000000 08:07 3149035                    /usr/lib/jvm/java-7-openjdk-amd64/jre/lib/amd64/server/libjvm.so
7fec5a73b000-7fec5a93b000 ---p 00b24000 08:07 3149035                    /usr/lib/jvm/java-7-openjdk-amd64/jre/lib/amd64/server/libjvm.so
7fec5a93b000-7fec5a9d5000 r--p 00b24000 08:07 3149035                    /usr/lib/jvm/java-7-openjdk-amd64/jre/lib/amd64/server/libjvm.so
7fec5a9d5000-7fec5a9f8000 rw-p 00bbe000 08:07 3149035                    /usr/lib/jvm/java-7-openjdk-amd64/jre/lib/amd64/server/libjvm.so
7fec5a9f8000-7fec5aa26000 rw-p 00000000 00:00 0 
7fec5aa26000-7fec5aa3e000 r-xp 00000000 08:07 4198526                    /lib/x86_64-linux-gnu/libz.so.1.2.8
7fec5aa3e000-7fec5ac3d000 ---p 00018000 08:07 4198526                    /lib/x86_64-linux-gnu/libz.so.1.2.8
7fec5ac3d000-7fec5ac3e000 r--p 00017000 08:07 4198526                    /lib/x86_64-linux-gnu/libz.so.1.2.8
7fec5ac3e000-7fec5ac3f000 rw-p 00018000 08:07 4198526                    /lib/x86_64-linux-gnu/libz.so.1.2.8
7fec5ac3f000-7fec5ac58000 r-xp 00000000 08:07 4200059                    /lib/x86_64-linux-gnu/libpthread-2.19.so
7fec5ac58000-7fec5ae57000 ---p 00019000 08:07 4200059                    /lib/x86_64-linux-gnu/libpthread-2.19.so
7fec5ae57000-7fec5ae58000 r--p 00018000 08:07 4200059                    /lib/x86_64-linux-gnu/libpthread-2.19.so
7fec5ae58000-7fec5ae59000 rw-p 00019000 08:07 4200059                    /lib/x86_64-linux-gnu/libpthread-2.19.so
7fec5ae59000-7fec5ae5d000 rw-p 00000000 00:00 0 
7fec5ae5d000-7fec5ae60000 r-xp 00000000 08:07 4198451                    /lib/x86_64-linux-gnu/libdl-2.19.so
7fec5ae60000-7fec5b05f000 ---p 00003000 08:07 4198451                    /lib/x86_64-linux-gnu/libdl-2.19.so
7fec5b05f000-7fec5b060000 r--p 00002000 08:07 4198451                    /lib/x86_64-linux-gnu/libdl-2.19.so
7fec5b060000-7fec5b061000 rw-p 00003000 08:07 4198451                    /lib/x86_64-linux-gnu/libdl-2.19.so
7fec5b061000-7fec5b21c000 r-xp 00000000 08:07 4200058                    /lib/x86_64-linux-gnu/libc-2.19.so
7fec5b21c000-7fec5b41b000 ---p 001bb000 08:07 4200058                    /lib/x86_64-linux-gnu/libc-2.19.so
7fec5b41b000-7fec5b41f000 r--p 001ba000 08:07 4200058                    /lib/x86_64-linux-gnu/libc-2.19.so
7fec5b41f000-7fec5b421000 rw-p 001be000 08:07 4200058                    /lib/x86_64-linux-gnu/libc-2.19.so
7fec5b421000-7fec5b426000 rw-p 00000000 00:00 0 
7fec5b426000-7fec5b433000 r-xp 00000000 08:07 3149046                    /usr/lib/jvm/java-7-openjdk-amd64/jre/lib/amd64/jli/libjli.so
7fec5b433000-7fec5b632000 ---p 0000d000 08:07 3149046                    /usr/lib/jvm/java-7-openjdk-amd64/jre/lib/amd64/jli/libjli.so
7fec5b632000-7fec5b633000 r--p 0000c000 08:07 3149046                    /usr/lib/jvm/java-7-openjdk-amd64/jre/lib/amd64/jli/libjli.so
7fec5b633000-7fec5b634000 rw-p 0000d000 08:07 3149046                    /usr/lib/jvm/java-7-openjdk-amd64/jre/lib/amd64/jli/libjli.so
7fec5b634000-7fec5b657000 r-xp 00000000 08:07 4200046                    /lib/x86_64-linux-gnu/ld-2.19.so
7fec5b657000-7fec5b658000 rw-p 00000000 00:00 0 
7fec5b658000-7fec5b65c000 r--s 00085000 08:07 3148999                    /usr/lib/jvm/java-7-openjdk-amd64/jre/lib/ext/localedata.jar
7fec5b65c000-7fec5b65e000 r--s 00012000 08:07 3148998                    /usr/lib/jvm/java-7-openjdk-amd64/jre/lib/ext/zipfs.jar
7fec5b65e000-7fec5b662000 r--s 0003c000 08:07 3149002                    /usr/lib/jvm/java-7-openjdk-amd64/jre/lib/ext/sunpkcs11.jar
7fec5b662000-7fec5b664000 r--s 00006000 08:07 1456370                    /usr/share/java/java-atk-wrapper.jar
7fec5b664000-7fec5b668000 r--s 00034000 08:07 3149001                    /usr/lib/jvm/java-7-openjdk-amd64/jre/lib/ext/sunjce_provider.jar
7fec5b668000-7fec5b66b000 r--s 0000f000 08:07 3149000                    /usr/lib/jvm/java-7-openjdk-amd64/jre/lib/ext/icedtea-sound.jar
7fec5b66b000-7fec5b675000 rw-p 00000000 00:00 0 
7fec5b675000-7fec5b72b000 rw-p 00000000 00:00 0 
7fec5b72b000-7fec5b72e000 ---p 00000000 00:00 0 
7fec5b72e000-7fec5b831000 rw-p 00000000 00:00 0                          [stack:9021]
7fec5b831000-7fec5b832000 r--s 00002000 08:07 3149003                    /usr/lib/jvm/java-7-openjdk-amd64/jre/lib/ext/dnsns.jar
7fec5b832000-7fec5b84a000 rw-p 00000000 00:00 0 
7fec5b84a000-7fec5b852000 rw-s 00000000 08:07 524365                     /tmp/hsperfdata_sanket/9016
7fec5b852000-7fec5b853000 rw-p 00000000 00:00 0 
7fec5b853000-7fec5b854000 ---p 00000000 00:00 0 
7fec5b854000-7fec5b856000 rw-p 00000000 00:00 0 
7fec5b856000-7fec5b857000 r--p 00022000 08:07 4200046                    /lib/x86_64-linux-gnu/ld-2.19.so
7fec5b857000-7fec5b858000 rw-p 00023000 08:07 4200046                    /lib/x86_64-linux-gnu/ld-2.19.so
7fec5b858000-7fec5b859000 rw-p 00000000 00:00 0 
7ffc64d08000-7ffc64d2a000 rw-p 00000000 00:00 0                          [stack]
7ffc64df6000-7ffc64df8000 r-xp 00000000 00:00 0                          [vdso]
ffffffffff600000-ffffffffff601000 r-xp 00000000 00:00 0                  [vsyscall]

VM Arguments:
jvm_args: -Xmx1024M -Dfile.encoding=UTF-8 -Duser.country=US -Duser.language=en -Duser.variant 
java_command: com.android.dx.command.Main --dex --num-threads=4 --output /home/sanket/lokavidyaapp/app/build/intermediates/dex/debug /home/sanket/lokavidyaapp/app/build/intermediates/classes/debug /home/sanket/lokavidyaapp/app/build/intermediates/pre-dexed/debug/javax.inject-1-0b64f9413fa3755ee930a0fd931b6f28fcfd1ba8.jar /home/sanket/lokavidyaapp/app/build/intermediates/pre-dexed/debug/classes-80a15e0454f2b679d9ca342786226cf1f5cbd338.jar /home/sanket/lokavidyaapp/app/build/intermediates/pre-dexed/debug/support-annotations-23.0.0-41a437c02f7a6970c95c376ed6bdd70acb20bd01.jar /home/sanket/lokavidyaapp/app/build/intermediates/pre-dexed/debug/classes-4de696b8cd2c7fd52921df39407071d77e87f0ad.jar /home/sanket/lokavidyaapp/app/build/intermediates/pre-dexed/debug/javawriter-2.5.0-3a8d508bc10837ab8cbcf85fe449bc3dec7561df.jar /home/sanket/lokavidyaapp/app/build/intermediates/pre-dexed/debug/classes-9946c7561ec486b51eee390f106f62bd579179b7.jar /home/sanket/lokavidyaapp/app/build/intermediates/pre-dexed/debug/classes-933ffedcad5cb31d6ab3ccf7ef238196230202d9.jar /home/sanket/lokavidyaapp/app/build/intermediates/pre-dexed/debug/classes-3e3f061d8e3b328eb2bc8ba78f255a7e21c5d841.jar /home/sanket/lokavidyaapp/app/build/intermediates/pre-dexed/debug/okhttp-urlconnection-2.2.0-976743ddad9a3ef9722483664b09ec90ad5f909c.jar /home/sanket/lokavidyaapp/app/build/intermediates/pre-dexed/debug/hamcrest-core-1.1-d1ff4851f3e08b7c27c578db4d2ffedd55339e50.jar /home/sanket/lokavidyaapp/app/build/intermediates/pre-dexed/debug/butterknife-5.1.2-b3d4f342f7177b4c045966065578a25e60c3253d.jar /home/sanket/lokavidyaapp/app/build/intermediates/pre-dexed/debug/classes-62d53d01ed515e86cc58fa8bb36e263cf16f290d.jar /home/sanket/lokavidyaapp/app/build/intermediates/pre-dexed/debug/dagger-1.2.2-535aaddd739252e164b51798e401f84fb8e1be12.jar /home/sanket/lokavidyaapp/app/build/intermediates/pre-dexed/debug/classes-a08987c29be08b8f2b38e9ab9648710b321b9863.jar /home/sanket/lokavidyaapp/app/build/intermediates/pre-de
Launcher Type: SUN_STANDARD

Environment Variables:
PATH=/home/sanket/bin:/usr/local/sbin:/usr/local/bin:/usr/sbin:/usr/bin:/sbin:/bin:/usr/games:/usr/local/games
SHELL=/bin/bash
DISPLAY=:0

Signal Handlers:
SIGSEGV: [libjvm.so+0x9548f0], sa_mask[0]=0x7ffbfeff, sa_flags=0x10000004
SIGBUS: [libjvm.so+0x9548f0], sa_mask[0]=0x7ffbfeff, sa_flags=0x10000004
SIGFPE: [libjvm.so+0x7cb0b0], sa_mask[0]=0x7ffbfeff, sa_flags=0x10000004
SIGPIPE: [libjvm.so+0x7cb0b0], sa_mask[0]=0x7ffbfeff, sa_flags=0x10000004
SIGXFSZ: [libjvm.so+0x7cb0b0], sa_mask[0]=0x7ffbfeff, sa_flags=0x10000004
SIGILL: [libjvm.so+0x7cb0b0], sa_mask[0]=0x7ffbfeff, sa_flags=0x10000004
SIGUSR1: SIG_DFL, sa_mask[0]=0x00000000, sa_flags=0x00000000
SIGUSR2: [libjvm.so+0x7caf50], sa_mask[0]=0x00000004, sa_flags=0x10000004
SIGHUP: [libjvm.so+0x7cb130], sa_mask[0]=0x7ffbfeff, sa_flags=0x10000004
SIGINT: [libjvm.so+0x7cb130], sa_mask[0]=0x7ffbfeff, sa_flags=0x10000004
SIGTERM: [libjvm.so+0x7cb130], sa_mask[0]=0x7ffbfeff, sa_flags=0x10000004
SIGQUIT: [libjvm.so+0x7cb130], sa_mask[0]=0x7ffbfeff, sa_flags=0x10000004
SIGTRAP: SIG_DFL, sa_mask[0]=0x00000000, sa_flags=0x00000000


---------------  S Y S T E M  ---------------

OS:Ubuntu 14.04 (trusty)
uname:Linux 3.13.0-76-generic #120-Ubuntu SMP Mon Jan 18 15:59:10 UTC 2016 x86_64
libc:glibc 2.19 NPTL 2.19 
rlimit: STACK 8192k, CORE 0k, NPROC 30418, NOFILE 4096, AS infinity
load average:8.47 2.68 1.60

/proc/meminfo:
MemTotal:        3950084 kB
MemFree:          111228 kB
Buffers:             316 kB
Cached:           280564 kB
SwapCached:            0 kB
Active:          3409280 kB
Inactive:         276556 kB
Active(anon):    3407468 kB
Inactive(anon):   261520 kB
Active(file):       1812 kB
Inactive(file):    15036 kB
Unevictable:          48 kB
Mlocked:              48 kB
SwapTotal:             0 kB
SwapFree:              0 kB
Dirty:               244 kB
Writeback:             0 kB
AnonPages:       3405280 kB
Mapped:            41692 kB
Shmem:            263756 kB
Slab:              61532 kB
SReclaimable:      28080 kB
SUnreclaim:        33452 kB
KernelStack:        4568 kB
PageTables:        32284 kB
NFS_Unstable:          0 kB
Bounce:                0 kB
WritebackTmp:          0 kB
CommitLimit:     1975040 kB
Committed_AS:    6939384 kB
VmallocTotal:   34359738367 kB
VmallocUsed:      348320 kB
VmallocChunk:   34359366012 kB
HardwareCorrupted:     0 kB
AnonHugePages:   1757184 kB
HugePages_Total:       0
HugePages_Free:        0
HugePages_Rsvd:        0
HugePages_Surp:        0
Hugepagesize:       2048 kB
DirectMap4k:      113020 kB
DirectMap2M:     3983360 kB
DirectMap1G:           0 kB


CPU:total 4 (2 cores per cpu, 2 threads per core) family 6 model 69 stepping 1, cmov, cx8, fxsr, mmx, sse, sse2, sse3, ssse3, sse4.1, sse4.2, popcnt, avx, avx2, aes, erms, ht, tsc, tscinvbit

/proc/cpuinfo:
processor	: 0
vendor_id	: GenuineIntel
cpu family	: 6
model		: 69
model name	: Intel(R) Core(TM) i5-4210U CPU @ 1.70GHz
stepping	: 1
microcode	: 0x17
cpu MHz		: 1701.000
cache size	: 3072 KB
physical id	: 0
siblings	: 4
core id		: 0
cpu cores	: 2
apicid		: 0
initial apicid	: 0
fpu		: yes
fpu_exception	: yes
cpuid level	: 13
wp		: yes
flags		: fpu vme de pse tsc msr pae mce cx8 apic sep mtrr pge mca cmov pat pse36 clflush dts acpi mmx fxsr sse sse2 ss ht tm pbe syscall nx pdpe1gb rdtscp lm constant_tsc arch_perfmon pebs bts rep_good nopl xtopology nonstop_tsc aperfmperf eagerfpu pni pclmulqdq dtes64 monitor ds_cpl vmx est tm2 ssse3 fma cx16 xtpr pdcm pcid sse4_1 sse4_2 movbe popcnt tsc_deadline_timer aes xsave avx f16c rdrand lahf_lm abm ida arat epb xsaveopt pln pts dtherm tpr_shadow vnmi flexpriority ept vpid fsgsbase tsc_adjust bmi1 avx2 smep bmi2 erms invpcid
bogomips	: 3391.98
clflush size	: 64
cache_alignment	: 64
address sizes	: 39 bits physical, 48 bits virtual
power management:

processor	: 1
vendor_id	: GenuineIntel
cpu family	: 6
model		: 69
model name	: Intel(R) Core(TM) i5-4210U CPU @ 1.70GHz
stepping	: 1
microcode	: 0x17
cpu MHz		: 782.000
cache size	: 3072 KB
physical id	: 0
siblings	: 4
core id		: 1
cpu cores	: 2
apicid		: 2
initial apicid	: 2
fpu		: yes
fpu_exception	: yes
cpuid level	: 13
wp		: yes
flags		: fpu vme de pse tsc msr pae mce cx8 apic sep mtrr pge mca cmov pat pse36 clflush dts acpi mmx fxsr sse sse2 ss ht tm pbe syscall nx pdpe1gb rdtscp lm constant_tsc arch_perfmon pebs bts rep_good nopl xtopology nonstop_tsc aperfmperf eagerfpu pni pclmulqdq dtes64 monitor ds_cpl vmx est tm2 ssse3 fma cx16 xtpr pdcm pcid sse4_1 sse4_2 movbe popcnt tsc_deadline_timer aes xsave avx f16c rdrand lahf_lm abm ida arat epb xsaveopt pln pts dtherm tpr_shadow vnmi flexpriority ept vpid fsgsbase tsc_adjust bmi1 avx2 smep bmi2 erms invpcid
bogomips	: 3391.98
clflush size	: 64
cache_alignment	: 64
address sizes	: 39 bits physical, 48 bits virtual
power management:

processor	: 2
vendor_id	: GenuineIntel
cpu family	: 6
model		: 69
model name	: Intel(R) Core(TM) i5-4210U CPU @ 1.70GHz
stepping	: 1
microcode	: 0x17
cpu MHz		: 782.000
cache size	: 3072 KB
physical id	: 0
siblings	: 4
core id		: 0
cpu cores	: 2
apicid		: 1
initial apicid	: 1
fpu		: yes
fpu_exception	: yes
cpuid level	: 13
wp		: yes
flags		: fpu vme de pse tsc msr pae mce cx8 apic sep mtrr pge mca cmov pat pse36 clflush dts acpi mmx fxsr sse sse2 ss ht tm pbe syscall nx pdpe1gb rdtscp lm constant_tsc arch_perfmon pebs bts rep_good nopl xtopology nonstop_tsc aperfmperf eagerfpu pni pclmulqdq dtes64 monitor ds_cpl vmx est tm2 ssse3 fma cx16 xtpr pdcm pcid sse4_1 sse4_2 movbe popcnt tsc_deadline_timer aes xsave avx f16c rdrand lahf_lm abm ida arat epb xsaveopt pln pts dtherm tpr_shadow vnmi flexpriority ept vpid fsgsbase tsc_adjust bmi1 avx2 smep bmi2 erms invpcid
bogomips	: 3391.98
clflush size	: 64
cache_alignment	: 64
address sizes	: 39 bits physical, 48 bits virtual
power management:

processor	: 3
vendor_id	: GenuineIntel
cpu family	: 6
model		: 69
model name	: Intel(R) Core(TM) i5-4210U CPU @ 1.70GHz
stepping	: 1
microcode	: 0x17
cpu MHz		: 1700.000
cache size	: 3072 KB
physical id	: 0
siblings	: 4
core id		: 1
cpu cores	: 2
apicid		: 3
initial apicid	: 3
fpu		: yes
fpu_exception	: yes
cpuid level	: 13
wp		: yes
flags		: fpu vme de pse tsc msr pae mce cx8 apic sep mtrr pge mca cmov pat pse36 clflush dts acpi mmx fxsr sse sse2 ss ht tm pbe syscall nx pdpe1gb rdtscp lm constant_tsc arch_perfmon pebs bts rep_good nopl xtopology nonstop_tsc aperfmperf eagerfpu pni pclmulqdq dtes64 monitor ds_cpl vmx est tm2 ssse3 fma cx16 xtpr pdcm pcid sse4_1 sse4_2 movbe popcnt tsc_deadline_timer aes xsave avx f16c rdrand lahf_lm abm ida arat epb xsaveopt pln pts dtherm tpr_shadow vnmi flexpriority ept vpid fsgsbase tsc_adjust bmi1 avx2 smep bmi2 erms invpcid
bogomips	: 3391.98
clflush size	: 64
cache_alignment	: 64
address sizes	: 39 bits physical, 48 bits virtual
power management:



Memory: 4k page, physical 3950084k(111228k free), swap 0k(0k free)

vm_info: OpenJDK 64-Bit Server VM (24.91-b01) for linux-amd64 JRE (1.7.0_91-b02), built on Nov 19 2015 06:14:37 by "buildd" with gcc 4.8.2

time: Wed Mar 16 20:24:06 2016
elapsed time: 25 seconds

