#
# There is insufficient memory for the Java Runtime Environment to continue.
# Native memory allocation (malloc) failed to allocate 88080384 bytes for committing reserved memory.
# Possible reasons:
#   The system is out of physical RAM or swap space
#   In 32 bit mode, the process size limit was hit
# Possible solutions:
#   Reduce memory load on the system
#   Increase physical memory or swap space
#   Check if swap backing store is full
#   Use 64 bit Java on a 64 bit OS
#   Decrease Java heap size (-Xmx/-Xms)
#   Decrease number of Java threads
#   Decrease Java thread stack sizes (-Xss)
#   Set larger code cache with -XX:ReservedCodeCacheSize=
# This output file may be truncated or incomplete.
#
#  Out of Memory Error (os_linux.cpp:2827), pid=4147, tid=140131027695360
#
# JRE version: OpenJDK Runtime Environment (7.0_91-b02) (build 1.7.0_91-b02)
# Java VM: OpenJDK 64-Bit Server VM (24.91-b01 mixed mode linux-amd64 compressed oops)
# Derivative: IcedTea 2.6.3
# Distribution: Ubuntu 14.04 LTS, package 7u91-2.6.3-0ubuntu0.14.04.1
# Failed to write core dump. Core dumps have been disabled. To enable core dumping, try "ulimit -c unlimited" before starting Java again
#

---------------  T H R E A D  ---------------

Current thread (0x00007f72c8075800):  VMThread [stack: 0x00007f72cc10b000,0x00007f72cc20c000] [id=4156]

Stack: [0x00007f72cc10b000,0x00007f72cc20c000],  sp=0x00007f72cc20a490,  free space=1021k
Native frames: (J=compiled Java code, j=interpreted, Vv=VM code, C=native code)
V  [libjvm.so+0x953e15]  VMError::report_and_die()+0x175
V  [libjvm.so+0x48fd94]  report_vm_out_of_memory(char const*, int, unsigned long, char const*)+0x74
V  [libjvm.so+0x7cf87b]  os::pd_commit_memory(char*, unsigned long, unsigned long, bool)+0xeb
V  [libjvm.so+0x7ca33f]  os::commit_memory(char*, unsigned long, unsigned long, bool)+0x1f
V  [libjvm.so+0x83dacb]  PSVirtualSpace::expand_by(unsigned long)+0x5b
V  [libjvm.so+0x83e930]  PSYoungGen::resize_generation(unsigned long, unsigned long)+0xb0
V  [libjvm.so+0x83f01b]  PSYoungGen::resize(unsigned long, unsigned long)+0x1b
V  [libjvm.so+0x83b258]  PSScavenge::invoke_no_policy()+0xd68
V  [libjvm.so+0x83bac8]  PSScavenge::invoke()+0x38
V  [libjvm.so+0x7f2083]  ParallelScavengeHeap::failed_mem_allocate(unsigned long)+0x63
V  [libjvm.so+0x955814]  VM_ParallelGCFailedAllocation::doit()+0x84
V  [libjvm.so+0x959917]  VM_Operation::evaluate()+0x47
V  [libjvm.so+0x9583d8]  VMThread::evaluate_operation(VM_Operation*)+0x318
V  [libjvm.so+0x958839]  VMThread::loop()+0x219
V  [libjvm.so+0x958c82]  VMThread::run()+0x72
V  [libjvm.so+0x7cc742]  java_start(Thread*)+0xf2

VM_Operation (0x00007f72c0407d60): ParallelGCFailedAllocation, mode: safepoint, requested by thread 0x00007f72c8197000


---------------  P R O C E S S  ---------------

Java Threads: ( => current thread )
  0x00007f72c819d800 JavaThread "pool-1-thread-4" [_thread_blocked, id=4168, stack(0x00007f72c0107000,0x00007f72c0208000)]
  0x00007f72c819b800 JavaThread "pool-1-thread-3" [_thread_blocked, id=4167, stack(0x00007f72c0208000,0x00007f72c0309000)]
  0x00007f72c8197000 JavaThread "pool-1-thread-2" [_thread_blocked, id=4166, stack(0x00007f72c0309000,0x00007f72c040a000)]
  0x00007f72c8195800 JavaThread "pool-2-thread-1" [_thread_blocked, id=4165, stack(0x00007f72c040a000,0x00007f72c050b000)]
  0x00007f72c8193800 JavaThread "pool-1-thread-1" [_thread_blocked, id=4164, stack(0x00007f72c050b000,0x00007f72c060c000)]
  0x00007f72c80b1800 JavaThread "Service Thread" daemon [_thread_blocked, id=4162, stack(0x00007f72c1ee9000,0x00007f72c1fea000)]
  0x00007f72c80af000 JavaThread "C2 CompilerThread1" daemon [_thread_blocked, id=4161, stack(0x00007f72c1fea000,0x00007f72c20eb000)]
  0x00007f72c80ac000 JavaThread "C2 CompilerThread0" daemon [_thread_blocked, id=4160, stack(0x00007f72c20eb000,0x00007f72c21ec000)]
  0x00007f72c80aa000 JavaThread "Signal Dispatcher" daemon [_thread_blocked, id=4159, stack(0x00007f72c21ec000,0x00007f72c22ed000)]
  0x00007f72c807c000 JavaThread "Finalizer" daemon [_thread_blocked, id=4158, stack(0x00007f72c29cf000,0x00007f72c2ad0000)]
  0x00007f72c807a000 JavaThread "Reference Handler" daemon [_thread_blocked, id=4157, stack(0x00007f72cc00a000,0x00007f72cc10b000)]
  0x00007f72c800a000 JavaThread "main" [_thread_blocked, id=4149, stack(0x00007f72d12ce000,0x00007f72d13cf000)]

Other Threads:
=>0x00007f72c8075800 VMThread [stack: 0x00007f72cc10b000,0x00007f72cc20c000] [id=4156]
  0x00007f72c80bc000 WatcherThread [stack: 0x00007f72c1de8000,0x00007f72c1ee9000] [id=4163]

VM state:at safepoint (normal execution)

VM Mutex/Monitor currently owned by a thread:  ([mutex/lock_event])
[0x00007f72c8006860] Threads_lock - owner thread: 0x00007f72c8075800
[0x00007f72c8006d60] Heap_lock - owner thread: 0x00007f72c8197000

Heap
 PSYoungGen      total 66048K, used 2549K [0x00000000eaa80000, 0x00000000eed80000, 0x0000000100000000)
  eden space 63488K, 0% used [0x00000000eaa80000,0x00000000eaa80000,0x00000000ee880000)
  from space 2560K, 99% used [0x00000000ee880000,0x00000000eeafd408,0x00000000eeb00000)
  to   space 2560K, 0% used [0x00000000eeb00000,0x00000000eeb00000,0x00000000eed80000)
 ParOldGen       total 40960K, used 26657K [0x00000000c0000000, 0x00000000c2800000, 0x00000000eaa80000)
  object space 40960K, 65% used [0x00000000c0000000,0x00000000c1a08588,0x00000000c2800000)
 PSPermGen       total 21504K, used 6106K [0x00000000b5a00000, 0x00000000b6f00000, 0x00000000c0000000)
  object space 21504K, 28% used [0x00000000b5a00000,0x00000000b5ff6850,0x00000000b6f00000)

Card table byte_map: [0x00007f72cdcb4000,0x00007f72cdf08000] byte_map_base: 0x00007f72cd707000

Polling page: 0x00007f72d13f1000

Code Cache  [0x00007f72c5000000, 0x00007f72c5270000, 0x00007f72c8000000)
 total_blobs=479 nmethods=248 adapters=184 free_code_cache=48137Kb largest_free_block=49250880

Compilation events (10 events):
Event: 9.671 Thread 0x00007f72c80af000 nmethod 245 0x00007f72c50ea150 code [0x00007f72c50ea280, 0x00007f72c50ea2f8]
Event: 9.671 Thread 0x00007f72c80af000  246             java.util.HashMap::<init> (119 bytes)
Event: 9.672 Thread 0x00007f72c80af000 nmethod 246 0x00007f72c50f69d0 code [0x00007f72c50f6b20, 0x00007f72c50f6c98]
Event: 9.672 Thread 0x00007f72c80af000  247             java.util.HashMap::init (1 bytes)
Event: 9.672 Thread 0x00007f72c80af000 nmethod 247 0x00007f72c50e9f50 code [0x00007f72c50ea080, 0x00007f72c50ea0d8]
Event: 9.672 Thread 0x00007f72c80af000  248             com.android.dx.ssa.SCCP::simulateBlock (54 bytes)
Event: 10.686 Thread 0x00007f72c80af000 nmethod 248 0x00007f72c50fcd10 code [0x00007f72c50fd260, 0x00007f72c5100060]
Event: 10.686 Thread 0x00007f72c80af000  249             com.android.dx.rop.cst.CstType::compareTo0 (25 bytes)
Event: 10.687 Thread 0x00007f72c80af000 nmethod 249 0x00007f72c50d9690 code [0x00007f72c50d97e0, 0x00007f72c50d99d8]
Event: 10.687 Thread 0x00007f72c80af000  250             com.android.dx.ssa.SsaBasicBlock::newFromRop (183 bytes)

GC Heap History (9 events):
Event: 2.101 GC heap before
{Heap before GC invocations=1 (full 0):
 PSYoungGen      total 18432K, used 15872K [0x00000000eaa80000, 0x00000000ebf00000, 0x0000000100000000)
  eden space 15872K, 100% used [0x00000000eaa80000,0x00000000eba00000,0x00000000eba00000)
  from space 2560K, 0% used [0x00000000ebc80000,0x00000000ebc80000,0x00000000ebf00000)
  to   space 2560K, 0% used [0x00000000eba00000,0x00000000eba00000,0x00000000ebc80000)
 ParOldGen       total 40960K, used 0K [0x00000000c0000000, 0x00000000c2800000, 0x00000000eaa80000)
  object space 40960K, 0% used [0x00000000c0000000,0x00000000c0000000,0x00000000c2800000)
 PSPermGen       total 21504K, used 5793K [0x00000000b5a00000, 0x00000000b6f00000, 0x00000000c0000000)
  object space 21504K, 26% used [0x00000000b5a00000,0x00000000b5fa8768,0x00000000b6f00000)
Event: 2.131 GC heap after
Heap after GC invocations=1 (full 0):
 PSYoungGen      total 18432K, used 2535K [0x00000000eaa80000, 0x00000000ece80000, 0x0000000100000000)
  eden space 15872K, 0% used [0x00000000eaa80000,0x00000000eaa80000,0x00000000eba00000)
  from space 2560K, 99% used [0x00000000eba00000,0x00000000ebc79c88,0x00000000ebc80000)
  to   space 2560K, 0% used [0x00000000ecc00000,0x00000000ecc00000,0x00000000ece80000)
 ParOldGen       total 40960K, used 1789K [0x00000000c0000000, 0x00000000c2800000, 0x00000000eaa80000)
  object space 40960K, 4% used [0x00000000c0000000,0x00000000c01bf550,0x00000000c2800000)
 PSPermGen       total 21504K, used 5793K [0x00000000b5a00000, 0x00000000b6f00000, 0x00000000c0000000)
  object space 21504K, 26% used [0x00000000b5a00000,0x00000000b5fa8768,0x00000000b6f00000)
}
Event: 3.350 GC heap before
{Heap before GC invocations=2 (full 0):
 PSYoungGen      total 18432K, used 18407K [0x00000000eaa80000, 0x00000000ece80000, 0x0000000100000000)
  eden space 15872K, 100% used [0x00000000eaa80000,0x00000000eba00000,0x00000000eba00000)
  from space 2560K, 99% used [0x00000000eba00000,0x00000000ebc79c88,0x00000000ebc80000)
  to   space 2560K, 0% used [0x00000000ecc00000,0x00000000ecc00000,0x00000000ece80000)
 ParOldGen       total 40960K, used 1789K [0x00000000c0000000, 0x00000000c2800000, 0x00000000eaa80000)
  object space 40960K, 4% used [0x00000000c0000000,0x00000000c01bf550,0x00000000c2800000)
 PSPermGen       total 21504K, used 5956K [0x00000000b5a00000, 0x00000000b6f00000, 0x00000000c0000000)
  object space 21504K, 27% used [0x00000000b5a00000,0x00000000b5fd1000,0x00000000b6f00000)
Event: 3.381 GC heap after
Heap after GC invocations=2 (full 0):
 PSYoungGen      total 34304K, used 2535K [0x00000000eaa80000, 0x00000000ece80000, 0x0000000100000000)
  eden space 31744K, 0% used [0x00000000eaa80000,0x00000000eaa80000,0x00000000ec980000)
  from space 2560K, 99% used [0x00000000ecc00000,0x00000000ece79c88,0x00000000ece80000)
  to   space 2560K, 0% used [0x00000000ec980000,0x00000000ec980000,0x00000000ecc00000)
 ParOldGen       total 40960K, used 4498K [0x00000000c0000000, 0x00000000c2800000, 0x00000000eaa80000)
  object space 40960K, 10% used [0x00000000c0000000,0x00000000c04649f8,0x00000000c2800000)
 PSPermGen       total 21504K, used 5956K [0x00000000b5a00000, 0x00000000b6f00000, 0x00000000c0000000)
  object space 21504K, 27% used [0x00000000b5a00000,0x00000000b5fd1000,0x00000000b6f00000)
}
Event: 5.576 GC heap before
{Heap before GC invocations=3 (full 0):
 PSYoungGen      total 34304K, used 34279K [0x00000000eaa80000, 0x00000000ece80000, 0x0000000100000000)
  eden space 31744K, 100% used [0x00000000eaa80000,0x00000000ec980000,0x00000000ec980000)
  from space 2560K, 99% used [0x00000000ecc00000,0x00000000ece79c88,0x00000000ece80000)
  to   space 2560K, 0% used [0x00000000ec980000,0x00000000ec980000,0x00000000ecc00000)
 ParOldGen       total 40960K, used 4498K [0x00000000c0000000, 0x00000000c2800000, 0x00000000eaa80000)
  object space 40960K, 10% used [0x00000000c0000000,0x00000000c04649f8,0x00000000c2800000)
 PSPermGen       total 21504K, used 6020K [0x00000000b5a00000, 0x00000000b6f00000, 0x00000000c0000000)
  object space 21504K, 27% used [0x00000000b5a00000,0x00000000b5fe1098,0x00000000b6f00000)
Event: 5.649 GC heap after
Heap after GC invocations=3 (full 0):
 PSYoungGen      total 34304K, used 2546K [0x00000000eaa80000, 0x00000000eed80000, 0x0000000100000000)
  eden space 31744K, 0% used [0x00000000eaa80000,0x00000000eaa80000,0x00000000ec980000)
  from space 2560K, 99% used [0x00000000ec980000,0x00000000ecbfc848,0x00000000ecc00000)
  to   space 2560K, 0% used [0x00000000eeb00000,0x00000000eeb00000,0x00000000eed80000)
 ParOldGen       total 40960K, used 10395K [0x00000000c0000000, 0x00000000c2800000, 0x00000000eaa80000)
  object space 40960K, 25% used [0x00000000c0000000,0x00000000c0a26e10,0x00000000c2800000)
 PSPermGen       total 21504K, used 6020K [0x00000000b5a00000, 0x00000000b6f00000, 0x00000000c0000000)
  object space 21504K, 27% used [0x00000000b5a00000,0x00000000b5fe1098,0x00000000b6f00000)
}
Event: 7.106 GC heap before
{Heap before GC invocations=4 (full 0):
 PSYoungGen      total 34304K, used 34290K [0x00000000eaa80000, 0x00000000eed80000, 0x0000000100000000)
  eden space 31744K, 100% used [0x00000000eaa80000,0x00000000ec980000,0x00000000ec980000)
  from space 2560K, 99% used [0x00000000ec980000,0x00000000ecbfc848,0x00000000ecc00000)
  to   space 2560K, 0% used [0x00000000eeb00000,0x00000000eeb00000,0x00000000eed80000)
 ParOldGen       total 40960K, used 10395K [0x00000000c0000000, 0x00000000c2800000, 0x00000000eaa80000)
  object space 40960K, 25% used [0x00000000c0000000,0x00000000c0a26e10,0x00000000c2800000)
 PSPermGen       total 21504K, used 6057K [0x00000000b5a00000, 0x00000000b6f00000, 0x00000000c0000000)
  object space 21504K, 28% used [0x00000000b5a00000,0x00000000b5fea4f8,0x00000000b6f00000)
Event: 7.169 GC heap after
Heap after GC invocations=4 (full 0):
 PSYoungGen      total 66048K, used 2530K [0x00000000eaa80000, 0x00000000eed80000, 0x0000000100000000)
  eden space 63488K, 0% used [0x00000000eaa80000,0x00000000eaa80000,0x00000000ee880000)
  from space 2560K, 98% used [0x00000000eeb00000,0x00000000eed78980,0x00000000eed80000)
  to   space 2560K, 0% used [0x00000000ee880000,0x00000000ee880000,0x00000000eeb00000)
 ParOldGen       total 40960K, used 16506K [0x00000000c0000000, 0x00000000c2800000, 0x00000000eaa80000)
  object space 40960K, 40% used [0x00000000c0000000,0x00000000c101eaa0,0x00000000c2800000)
 PSPermGen       total 21504K, used 6057K [0x00000000b5a00000, 0x00000000b6f00000, 0x00000000c0000000)
  object space 21504K, 28% used [0x00000000b5a00000,0x00000000b5fea4f8,0x00000000b6f00000)
}
Event: 10.884 GC heap before
{Heap before GC invocations=5 (full 0):
 PSYoungGen      total 66048K, used 66018K [0x00000000eaa80000, 0x00000000eed80000, 0x0000000100000000)
  eden space 63488K, 100% used [0x00000000eaa80000,0x00000000ee880000,0x00000000ee880000)
  from space 2560K, 98% used [0x00000000eeb00000,0x00000000eed78980,0x00000000eed80000)
  to   space 2560K, 0% used [0x00000000ee880000,0x00000000ee880000,0x00000000eeb00000)
 ParOldGen       total 40960K, used 16506K [0x00000000c0000000, 0x00000000c2800000, 0x00000000eaa80000)
  object space 40960K, 40% used [0x00000000c0000000,0x00000000c101eaa0,0x00000000c2800000)
 PSPermGen       total 21504K, used 6106K [0x00000000b5a00000, 0x00000000b6f00000, 0x00000000c0000000)
  object space 21504K, 28% used [0x00000000b5a00000,0x00000000b5ff6850,0x00000000b6f00000)

Deoptimization events (10 events):
Event: 1.884 Thread 0x00007f72c819b800 Uncommon trap: reason=class_check action=maybe_recompile pc=0x00007f72c507509c method=com.android.dx.ssa.NormalSsaInsn.accept(Lcom/android/dx/ssa/SsaInsn$Visitor;)V @ 9
Event: 2.195 Thread 0x00007f72c800a000 Uncommon trap: reason=unstable_if action=reinterpret pc=0x00007f72c507d588 method=com.android.dx.ssa.SsaRenamer$BlockRenamer.addMapping(ILcom/android/dx/rop/code/RegisterSpec;)V @ 120
Event: 2.350 Thread 0x00007f72c8193800 Uncommon trap: reason=class_check action=maybe_recompile pc=0x00007f72c507509c method=com.android.dx.ssa.NormalSsaInsn.accept(Lcom/android/dx/ssa/SsaInsn$Visitor;)V @ 9
Event: 2.351 Thread 0x00007f72c8193800 Uncommon trap: reason=class_check action=maybe_recompile pc=0x00007f72c507509c method=com.android.dx.ssa.NormalSsaInsn.accept(Lcom/android/dx/ssa/SsaInsn$Visitor;)V @ 9
Event: 3.234 Thread 0x00007f72c8197000 Uncommon trap: reason=unstable_if action=reinterpret pc=0x00007f72c5085bc4 method=com.android.dx.rop.cst.Constant.compareTo(Lcom/android/dx/rop/cst/Constant;)I @ 12
Event: 3.600 Thread 0x00007f72c800a000 Uncommon trap: reason=null_check action=make_not_entrant pc=0x00007f72c509ff8c method=com.android.dx.ssa.SsaRenamer.getLocalForNewReg(I)Lcom/android/dx/rop/code/LocalItem; @ 19
Event: 3.662 Thread 0x00007f72c8193800 Uncommon trap: reason=unstable_if action=reinterpret pc=0x00007f72c5084d90 method=com.android.dx.rop.code.RegisterSpec.equals(ILcom/android/dx/rop/type/TypeBearer;Lcom/android/dx/rop/code/LocalItem;)Z @ 42
Event: 4.285 Thread 0x00007f72c8197000 Uncommon trap: reason=unstable_if action=reinterpret pc=0x00007f72c509af04 method=com.android.dx.rop.code.LocalItem.compareHandlesNulls(Lcom/android/dx/rop/cst/CstString;Lcom/android/dx/rop/cst/CstString;)I @ 8
Event: 8.956 Thread 0x00007f72c800a000 Uncommon trap: reason=unstable_if action=reinterpret pc=0x00007f72c50ee964 method=com.android.dx.ssa.SCCP.simulateBranch(Lcom/android/dx/ssa/SsaInsn;)V @ 548
Event: 9.183 Thread 0x00007f72c819d800 Uncommon trap: reason=unstable_if action=reinterpret pc=0x00007f72c50dee18 method=com.android.dx.ssa.Dominators.run()V @ 346

Internal exceptions (10 events):
Event: 1.692 Thread 0x00007f72c8197000 Threw 0x00000000eb510df8 at /build/openjdk-7-zaTxYK/openjdk-7-7u91-2.6.3/build/openjdk/hotspot/src/share/vm/prims/jvm.cpp:1322
Event: 1.947 Thread 0x00007f72c800a000 Threw 0x00000000eb783060 at /build/openjdk-7-zaTxYK/openjdk-7-7u91-2.6.3/build/openjdk/hotspot/src/share/vm/prims/jvm.cpp:1322
Event: 2.068 Thread 0x00007f72c800a000 Threw 0x00000000eb8f00d0 at /build/openjdk-7-zaTxYK/openjdk-7-7u91-2.6.3/build/openjdk/hotspot/src/share/vm/prims/jvm.cpp:1322
Event: 2.069 Thread 0x00007f72c800a000 Threw 0x00000000eb8fa9d0 at /build/openjdk-7-zaTxYK/openjdk-7-7u91-2.6.3/build/openjdk/hotspot/src/share/vm/prims/jvm.cpp:1322
Event: 2.070 Thread 0x00007f72c800a000 Threw 0x00000000eb8fd588 at /build/openjdk-7-zaTxYK/openjdk-7-7u91-2.6.3/build/openjdk/hotspot/src/share/vm/prims/jvm.cpp:1322
Event: 3.506 Thread 0x00007f72c800a000 Threw 0x00000000eadbb298 at /build/openjdk-7-zaTxYK/openjdk-7-7u91-2.6.3/build/openjdk/hotspot/src/share/vm/prims/jvm.cpp:1322
Event: 3.600 Thread 0x00007f72c800a000 Implicit null exception at 0x00007f72c509f0ec to 0x00007f72c509ff69
Event: 4.158 Thread 0x00007f72c819b800 Threw 0x00000000eb6a3ef0 at /build/openjdk-7-zaTxYK/openjdk-7-7u91-2.6.3/build/openjdk/hotspot/src/share/vm/prims/jvm.cpp:1322
Event: 4.285 Thread 0x00007f72c8197000 Implicit null exception at 0x00007f72c509ad0e to 0x00007f72c509aef1
Event: 5.464 Thread 0x00007f72c8193800 Threw 0x00000000ec7ace88 at /build/openjdk-7-zaTxYK/openjdk-7-7u91-2.6.3/build/openjdk/hotspot/src/share/vm/prims/jvm.cpp:1322

Events (10 events):
Event: 7.169 Executing VM operation: ParallelGCFailedAllocation done
Event: 7.439 Thread 0x00007f72c80af000 flushing nmethod 0x00007f72c50609d0
Event: 8.817 Thread 0x00007f72c80af000 flushing nmethod 0x00007f72c5070e50
Event: 8.956 Thread 0x00007f72c800a000 Uncommon trap: trap_request=0xffffff75 fr.pc=0x00007f72c50ee964
Event: 8.956 Thread 0x00007f72c800a000 DEOPT PACKING pc=0x00007f72c50ee964 sp=0x00007f72d13cc8c0
Event: 8.956 Thread 0x00007f72c800a000 DEOPT UNPACKING pc=0x00007f72c5039445 sp=0x00007f72d13cc898 mode 2
Event: 9.183 Thread 0x00007f72c819d800 Uncommon trap: trap_request=0xffffff75 fr.pc=0x00007f72c50dee18
Event: 9.183 Thread 0x00007f72c819d800 DEOPT PACKING pc=0x00007f72c50dee18 sp=0x00007f72c0206060
Event: 9.183 Thread 0x00007f72c819d800 DEOPT UNPACKING pc=0x00007f72c5039445 sp=0x00007f72c0206078 mode 2
Event: 10.855 Executing VM operation: ParallelGCFailedAllocation


Dynamic libraries:
00400000-00401000 r-xp 00000000 08:07 3148986                            /usr/lib/jvm/java-7-openjdk-amd64/jre/bin/java
00600000-00601000 r--p 00000000 08:07 3148986                            /usr/lib/jvm/java-7-openjdk-amd64/jre/bin/java
00601000-00602000 rw-p 00001000 08:07 3148986                            /usr/lib/jvm/java-7-openjdk-amd64/jre/bin/java
016a6000-016c7000 rw-p 00000000 00:00 0                                  [heap]
b5a00000-b6f00000 rw-p 00000000 00:00 0 
b6f00000-c0000000 rw-p 00000000 00:00 0 
c0000000-c2800000 rw-p 00000000 00:00 0 
c2800000-eaa80000 rw-p 00000000 00:00 0 
eaa80000-eed80000 rw-p 00000000 00:00 0 
f4180000-100000000 rw-p 00000000 00:00 0 
7f727c000000-7f727c02e000 rw-p 00000000 00:00 0 
7f727c02e000-7f7280000000 ---p 00000000 00:00 0 
7f7280000000-7f7280021000 rw-p 00000000 00:00 0 
7f7280021000-7f7284000000 ---p 00000000 00:00 0 
7f7284000000-7f7284021000 rw-p 00000000 00:00 0 
7f7284021000-7f7288000000 ---p 00000000 00:00 0 
7f7288000000-7f728802b000 rw-p 00000000 00:00 0 
7f728802b000-7f728c000000 ---p 00000000 00:00 0 
7f728c000000-7f728c021000 rw-p 00000000 00:00 0 
7f728c021000-7f7290000000 ---p 00000000 00:00 0 
7f7290000000-7f729003a000 rw-p 00000000 00:00 0 
7f729003a000-7f7294000000 ---p 00000000 00:00 0 
7f7294000000-7f7294e9c000 rw-p 00000000 00:00 0 
7f7294e9c000-7f7298000000 ---p 00000000 00:00 0 
7f7298000000-7f7298021000 rw-p 00000000 00:00 0 
7f7298021000-7f729c000000 ---p 00000000 00:00 0 
7f729c000000-7f729c021000 rw-p 00000000 00:00 0 
7f729c021000-7f72a0000000 ---p 00000000 00:00 0 
7f72a0000000-7f72a12b4000 rw-p 00000000 00:00 0 
7f72a12b4000-7f72a4000000 ---p 00000000 00:00 0 
7f72a4000000-7f72a4021000 rw-p 00000000 00:00 0 
7f72a4021000-7f72a8000000 ---p 00000000 00:00 0 
7f72a8000000-7f72a8021000 rw-p 00000000 00:00 0 
7f72a8021000-7f72ac000000 ---p 00000000 00:00 0 
7f72ac000000-7f72ac021000 rw-p 00000000 00:00 0 
7f72ac021000-7f72b0000000 ---p 00000000 00:00 0 
7f72b0000000-7f72b0242000 rw-p 00000000 00:00 0 
7f72b0242000-7f72b4000000 ---p 00000000 00:00 0 
7f72b4000000-7f72b4021000 rw-p 00000000 00:00 0 
7f72b4021000-7f72b8000000 ---p 00000000 00:00 0 
7f72b8000000-7f72b8021000 rw-p 00000000 00:00 0 
7f72b8021000-7f72bc000000 ---p 00000000 00:00 0 
7f72bc000000-7f72bc021000 rw-p 00000000 00:00 0 
7f72bc021000-7f72c0000000 ---p 00000000 00:00 0 
7f72c0107000-7f72c010a000 ---p 00000000 00:00 0 
7f72c010a000-7f72c0208000 rw-p 00000000 00:00 0                          [stack:4168]
7f72c0208000-7f72c020b000 ---p 00000000 00:00 0 
7f72c020b000-7f72c0309000 rw-p 00000000 00:00 0                          [stack:4167]
7f72c0309000-7f72c030c000 ---p 00000000 00:00 0 
7f72c030c000-7f72c040a000 rw-p 00000000 00:00 0                          [stack:4166]
7f72c040a000-7f72c040d000 ---p 00000000 00:00 0 
7f72c040d000-7f72c050b000 rw-p 00000000 00:00 0                          [stack:4165]
7f72c050b000-7f72c050e000 ---p 00000000 00:00 0 
7f72c050e000-7f72c063d000 rw-p 00000000 00:00 0                          [stack:4164]
7f72c063d000-7f72c067a000 r-xp 00000000 08:07 4198346                    /lib/x86_64-linux-gnu/libpcre.so.3.13.1
7f72c067a000-7f72c0879000 ---p 0003d000 08:07 4198346                    /lib/x86_64-linux-gnu/libpcre.so.3.13.1
7f72c0879000-7f72c087a000 r--p 0003c000 08:07 4198346                    /lib/x86_64-linux-gnu/libpcre.so.3.13.1
7f72c087a000-7f72c087b000 rw-p 0003d000 08:07 4198346                    /lib/x86_64-linux-gnu/libpcre.so.3.13.1
7f72c087b000-7f72c0882000 r-xp 00000000 08:07 1071226                    /usr/lib/x86_64-linux-gnu/libffi.so.6.0.1
7f72c0882000-7f72c0a81000 ---p 00007000 08:07 1071226                    /usr/lib/x86_64-linux-gnu/libffi.so.6.0.1
7f72c0a81000-7f72c0a82000 r--p 00006000 08:07 1071226                    /usr/lib/x86_64-linux-gnu/libffi.so.6.0.1
7f72c0a82000-7f72c0a83000 rw-p 00007000 08:07 1071226                    /usr/lib/x86_64-linux-gnu/libffi.so.6.0.1
7f72c0a83000-7f72c0a9a000 r-xp 00000000 08:07 4198341                    /lib/x86_64-linux-gnu/libresolv-2.19.so
7f72c0a9a000-7f72c0c9a000 ---p 00017000 08:07 4198341                    /lib/x86_64-linux-gnu/libresolv-2.19.so
7f72c0c9a000-7f72c0c9b000 r--p 00017000 08:07 4198341                    /lib/x86_64-linux-gnu/libresolv-2.19.so
7f72c0c9b000-7f72c0c9c000 rw-p 00018000 08:07 4198341                    /lib/x86_64-linux-gnu/libresolv-2.19.so
7f72c0c9c000-7f72c0c9e000 rw-p 00000000 00:00 0 
7f72c0c9e000-7f72c0cbe000 r-xp 00000000 08:07 4198493                    /lib/x86_64-linux-gnu/libselinux.so.1
7f72c0cbe000-7f72c0ebd000 ---p 00020000 08:07 4198493                    /lib/x86_64-linux-gnu/libselinux.so.1
7f72c0ebd000-7f72c0ebe000 r--p 0001f000 08:07 4198493                    /lib/x86_64-linux-gnu/libselinux.so.1
7f72c0ebe000-7f72c0ebf000 rw-p 00020000 08:07 4198493                    /lib/x86_64-linux-gnu/libselinux.so.1
7f72c0ebf000-7f72c0ec1000 rw-p 00000000 00:00 0 
7f72c0ec1000-7f72c0ec4000 r-xp 00000000 08:07 1048940                    /usr/lib/x86_64-linux-gnu/libgmodule-2.0.so.0.4002.0
7f72c0ec4000-7f72c10c3000 ---p 00003000 08:07 1048940                    /usr/lib/x86_64-linux-gnu/libgmodule-2.0.so.0.4002.0
7f72c10c3000-7f72c10c4000 r--p 00002000 08:07 1048940                    /usr/lib/x86_64-linux-gnu/libgmodule-2.0.so.0.4002.0
7f72c10c4000-7f72c10c5000 rw-p 00003000 08:07 1048940                    /usr/lib/x86_64-linux-gnu/libgmodule-2.0.so.0.4002.0
7f72c10c5000-7f72c11cb000 r-xp 00000000 08:07 4198308                    /lib/x86_64-linux-gnu/libglib-2.0.so.0.4002.0
7f72c11cb000-7f72c13ca000 ---p 00106000 08:07 4198308                    /lib/x86_64-linux-gnu/libglib-2.0.so.0.4002.0
7f72c13ca000-7f72c13cb000 r--p 00105000 08:07 4198308                    /lib/x86_64-linux-gnu/libglib-2.0.so.0.4002.0
7f72c13cb000-7f72c13cc000 rw-p 00106000 08:07 4198308                    /lib/x86_64-linux-gnu/libglib-2.0.so.0.4002.0
7f72c13cc000-7f72c13cd000 rw-p 00000000 00:00 0 
7f72c13cd000-7f72c141c000 r-xp 00000000 08:07 1048958                    /usr/lib/x86_64-linux-gnu/libgobject-2.0.so.0.4002.0
7f72c141c000-7f72c161c000 ---p 0004f000 08:07 1048958                    /usr/lib/x86_64-linux-gnu/libgobject-2.0.so.0.4002.0
7f72c161c000-7f72c161d000 r--p 0004f000 08:07 1048958                    /usr/lib/x86_64-linux-gnu/libgobject-2.0.so.0.4002.0
7f72c161d000-7f72c161e000 rw-p 00050000 08:07 1048958                    /usr/lib/x86_64-linux-gnu/libgobject-2.0.so.0.4002.0
7f72c161e000-7f72c178a000 r-xp 00000000 08:07 1048962                    /usr/lib/x86_64-linux-gnu/libgio-2.0.so.0.4002.0
7f72c178a000-7f72c1989000 ---p 0016c000 08:07 1048962                    /usr/lib/x86_64-linux-gnu/libgio-2.0.so.0.4002.0
7f72c1989000-7f72c198d000 r--p 0016b000 08:07 1048962                    /usr/lib/x86_64-linux-gnu/libgio-2.0.so.0.4002.0
7f72c198d000-7f72c198f000 rw-p 0016f000 08:07 1048962                    /usr/lib/x86_64-linux-gnu/libgio-2.0.so.0.4002.0
7f72c198f000-7f72c1991000 rw-p 00000000 00:00 0 
7f72c19af000-7f72c19c6000 r-xp 00000000 08:07 3149050                    /usr/lib/jvm/java-7-openjdk-amd64/jre/lib/amd64/libnet.so
7f72c19c6000-7f72c1bc5000 ---p 00017000 08:07 3149050                    /usr/lib/jvm/java-7-openjdk-amd64/jre/lib/amd64/libnet.so
7f72c1bc5000-7f72c1bc6000 r--p 00016000 08:07 3149050                    /usr/lib/jvm/java-7-openjdk-amd64/jre/lib/amd64/libnet.so
7f72c1bc6000-7f72c1bc7000 rw-p 00017000 08:07 3149050                    /usr/lib/jvm/java-7-openjdk-amd64/jre/lib/amd64/libnet.so
7f72c1bc7000-7f72c1bd7000 r-xp 00000000 08:07 3149013                    /usr/lib/jvm/java-7-openjdk-amd64/jre/lib/amd64/libnio.so
7f72c1bd7000-7f72c1dd7000 ---p 00010000 08:07 3149013                    /usr/lib/jvm/java-7-openjdk-amd64/jre/lib/amd64/libnio.so
7f72c1dd7000-7f72c1dd8000 r--p 00010000 08:07 3149013                    /usr/lib/jvm/java-7-openjdk-amd64/jre/lib/amd64/libnio.so
7f72c1dd8000-7f72c1dd9000 rw-p 00011000 08:07 3149013                    /usr/lib/jvm/java-7-openjdk-amd64/jre/lib/amd64/libnio.so
7f72c1dd9000-7f72c1de8000 r--s 000df000 08:07 3419560                    /home/sanket/android-sdks/build-tools/23.0.0/lib/dx.jar
7f72c1de8000-7f72c1de9000 ---p 00000000 00:00 0 
7f72c1de9000-7f72c1ee9000 rw-p 00000000 00:00 0                          [stack:4163]
7f72c1ee9000-7f72c1eec000 ---p 00000000 00:00 0 
7f72c1eec000-7f72c1fea000 rw-p 00000000 00:00 0                          [stack:4162]
7f72c1fea000-7f72c1fed000 ---p 00000000 00:00 0 
7f72c1fed000-7f72c20eb000 rw-p 00000000 00:00 0                          [stack:4161]
7f72c20eb000-7f72c20ee000 ---p 00000000 00:00 0 
7f72c20ee000-7f72c21ec000 rw-p 00000000 00:00 0                          [stack:4160]
7f72c21ec000-7f72c21ef000 ---p 00000000 00:00 0 
7f72c21ef000-7f72c22ed000 rw-p 00000000 00:00 0                          [stack:4159]
7f72c22ed000-7f72c29cf000 r--p 00000000 08:07 1056383                    /usr/lib/locale/locale-archive
7f72c29cf000-7f72c29d2000 ---p 00000000 00:00 0 
7f72c29d2000-7f72c5000000 rw-p 00000000 00:00 0                          [stack:4158]
7f72c5000000-7f72c5270000 rwxp 00000000 00:00 0 
7f72c5270000-7f72c81c8000 rw-p 00000000 00:00 0 
7f72c81c8000-7f72cc000000 ---p 00000000 00:00 0 
7f72cc005000-7f72cc00a000 r--s 00043000 08:07 536846                     /home/sanket/.gradle/caches/modules-2/files-2.1/com.squareup.okhttp/okhttp/2.3.0/2e7bc7033dc2c8423e661224171b3133fb155b28/okhttp-2.3.0.jar
7f72cc00a000-7f72cc00d000 ---p 00000000 00:00 0 
7f72cc00d000-7f72cc10b000 rw-p 00000000 00:00 0                          [stack:4157]
7f72cc10b000-7f72cc10c000 ---p 00000000 00:00 0 
7f72cc10c000-7f72cd209000 rw-p 00000000 00:00 0                          [stack:4156]
7f72cd209000-7f72cd3bb000 r--s 01d2e000 08:07 3149006                    /usr/lib/jvm/java-7-openjdk-amd64/jre/lib/rt.jar
7f72cd3bb000-7f72cd707000 rw-p 00000000 00:00 0 
7f72cd707000-7f72cd708000 ---p 00000000 00:00 0 
7f72cd708000-7f72cd808000 rw-p 00000000 00:00 0                          [stack:4155]
7f72cd808000-7f72cd809000 ---p 00000000 00:00 0 
7f72cd809000-7f72cd909000 rw-p 00000000 00:00 0                          [stack:4154]
7f72cd909000-7f72cd90a000 ---p 00000000 00:00 0 
7f72cd90a000-7f72cda0a000 rw-p 00000000 00:00 0                          [stack:4153]
7f72cda0a000-7f72cda0b000 ---p 00000000 00:00 0 
7f72cda0b000-7f72cdb16000 rw-p 00000000 00:00 0                          [stack:4152]
7f72cdb16000-7f72cdb5e000 rw-p 00000000 00:00 0 
7f72cdb5e000-7f72cdb72000 rw-p 00000000 00:00 0 
7f72cdb72000-7f72cdcb4000 rw-p 00000000 00:00 0 
7f72cdcb4000-7f72cdcbf000 rw-p 00000000 00:00 0 
7f72cdcbf000-7f72cdd07000 rw-p 00000000 00:00 0 
7f72cdd07000-7f72cdd1b000 rw-p 00000000 00:00 0 
7f72cdd1b000-7f72cde5c000 rw-p 00000000 00:00 0 
7f72cde5c000-7f72cde7e000 rw-p 00000000 00:00 0 
7f72cde7e000-7f72cdf07000 rw-p 00000000 00:00 0 
7f72cdf07000-7f72cdf08000 rw-p 00000000 00:00 0 
7f72cdf08000-7f72cdf10000 r-xp 00000000 08:07 3149018                    /usr/lib/jvm/java-7-openjdk-amd64/jre/lib/amd64/libzip.so
7f72cdf10000-7f72ce10f000 ---p 00008000 08:07 3149018                    /usr/lib/jvm/java-7-openjdk-amd64/jre/lib/amd64/libzip.so
7f72ce10f000-7f72ce110000 r--p 00007000 08:07 3149018                    /usr/lib/jvm/java-7-openjdk-amd64/jre/lib/amd64/libzip.so
7f72ce110000-7f72ce111000 rw-p 00008000 08:07 3149018                    /usr/lib/jvm/java-7-openjdk-amd64/jre/lib/amd64/libzip.so
7f72ce111000-7f72ce11c000 r-xp 00000000 08:07 4198440                    /lib/x86_64-linux-gnu/libnss_files-2.19.so
7f72ce11c000-7f72ce31b000 ---p 0000b000 08:07 4198440                    /lib/x86_64-linux-gnu/libnss_files-2.19.so
7f72ce31b000-7f72ce31c000 r--p 0000a000 08:07 4198440                    /lib/x86_64-linux-gnu/libnss_files-2.19.so
7f72ce31c000-7f72ce31d000 rw-p 0000b000 08:07 4198440                    /lib/x86_64-linux-gnu/libnss_files-2.19.so
7f72ce31d000-7f72ce328000 r-xp 00000000 08:07 4200064                    /lib/x86_64-linux-gnu/libnss_nis-2.19.so
7f72ce328000-7f72ce527000 ---p 0000b000 08:07 4200064                    /lib/x86_64-linux-gnu/libnss_nis-2.19.so
7f72ce527000-7f72ce528000 r--p 0000a000 08:07 4200064                    /lib/x86_64-linux-gnu/libnss_nis-2.19.so
7f72ce528000-7f72ce529000 rw-p 0000b000 08:07 4200064                    /lib/x86_64-linux-gnu/libnss_nis-2.19.so
7f72ce529000-7f72ce540000 r-xp 00000000 08:07 4199530                    /lib/x86_64-linux-gnu/libnsl-2.19.so
7f72ce540000-7f72ce73f000 ---p 00017000 08:07 4199530                    /lib/x86_64-linux-gnu/libnsl-2.19.so
7f72ce73f000-7f72ce740000 r--p 00016000 08:07 4199530                    /lib/x86_64-linux-gnu/libnsl-2.19.so
7f72ce740000-7f72ce741000 rw-p 00017000 08:07 4199530                    /lib/x86_64-linux-gnu/libnsl-2.19.so
7f72ce741000-7f72ce743000 rw-p 00000000 00:00 0 
7f72ce743000-7f72ce74c000 r-xp 00000000 08:07 4198482                    /lib/x86_64-linux-gnu/libnss_compat-2.19.so
7f72ce74c000-7f72ce94b000 ---p 00009000 08:07 4198482                    /lib/x86_64-linux-gnu/libnss_compat-2.19.so
7f72ce94b000-7f72ce94c000 r--p 00008000 08:07 4198482                    /lib/x86_64-linux-gnu/libnss_compat-2.19.so
7f72ce94c000-7f72ce94d000 rw-p 00009000 08:07 4198482                    /lib/x86_64-linux-gnu/libnss_compat-2.19.so
7f72ce94d000-7f72ce978000 r-xp 00000000 08:07 3149029                    /usr/lib/jvm/java-7-openjdk-amd64/jre/lib/amd64/libjava.so
7f72ce978000-7f72ceb78000 ---p 0002b000 08:07 3149029                    /usr/lib/jvm/java-7-openjdk-amd64/jre/lib/amd64/libjava.so
7f72ceb78000-7f72ceb79000 r--p 0002b000 08:07 3149029                    /usr/lib/jvm/java-7-openjdk-amd64/jre/lib/amd64/libjava.so
7f72ceb79000-7f72ceb7b000 rw-p 0002c000 08:07 3149029                    /usr/lib/jvm/java-7-openjdk-amd64/jre/lib/amd64/libjava.so
7f72ceb7b000-7f72ceb8b000 r-xp 00000000 08:07 3149045                    /usr/lib/jvm/java-7-openjdk-amd64/jre/lib/amd64/libverify.so
7f72ceb8b000-7f72ced8a000 ---p 00010000 08:07 3149045                    /usr/lib/jvm/java-7-openjdk-amd64/jre/lib/amd64/libverify.so
7f72ced8a000-7f72ced8c000 r--p 0000f000 08:07 3149045                    /usr/lib/jvm/java-7-openjdk-amd64/jre/lib/amd64/libverify.so
7f72ced8c000-7f72ced8d000 rw-p 00011000 08:07 3149045                    /usr/lib/jvm/java-7-openjdk-amd64/jre/lib/amd64/libverify.so
7f72ced8d000-7f72ced94000 r-xp 00000000 08:07 4200061                    /lib/x86_64-linux-gnu/librt-2.19.so
7f72ced94000-7f72cef93000 ---p 00007000 08:07 4200061                    /lib/x86_64-linux-gnu/librt-2.19.so
7f72cef93000-7f72cef94000 r--p 00006000 08:07 4200061                    /lib/x86_64-linux-gnu/librt-2.19.so
7f72cef94000-7f72cef95000 rw-p 00007000 08:07 4200061                    /lib/x86_64-linux-gnu/librt-2.19.so
7f72cef95000-7f72cefab000 r-xp 00000000 08:07 4223721                    /lib/x86_64-linux-gnu/libgcc_s.so.1
7f72cefab000-7f72cf1aa000 ---p 00016000 08:07 4223721                    /lib/x86_64-linux-gnu/libgcc_s.so.1
7f72cf1aa000-7f72cf1ab000 rw-p 00015000 08:07 4223721                    /lib/x86_64-linux-gnu/libgcc_s.so.1
7f72cf1ab000-7f72cf2b0000 r-xp 00000000 08:07 4198343                    /lib/x86_64-linux-gnu/libm-2.19.so
7f72cf2b0000-7f72cf4af000 ---p 00105000 08:07 4198343                    /lib/x86_64-linux-gnu/libm-2.19.so
7f72cf4af000-7f72cf4b0000 r--p 00104000 08:07 4198343                    /lib/x86_64-linux-gnu/libm-2.19.so
7f72cf4b0000-7f72cf4b1000 rw-p 00105000 08:07 4198343                    /lib/x86_64-linux-gnu/libm-2.19.so
7f72cf4b1000-7f72cf597000 r-xp 00000000 08:07 1052838                    /usr/lib/x86_64-linux-gnu/libstdc++.so.6.0.19
7f72cf597000-7f72cf796000 ---p 000e6000 08:07 1052838                    /usr/lib/x86_64-linux-gnu/libstdc++.so.6.0.19
7f72cf796000-7f72cf79e000 r--p 000e5000 08:07 1052838                    /usr/lib/x86_64-linux-gnu/libstdc++.so.6.0.19
7f72cf79e000-7f72cf7a0000 rw-p 000ed000 08:07 1052838                    /usr/lib/x86_64-linux-gnu/libstdc++.so.6.0.19
7f72cf7a0000-7f72cf7b5000 rw-p 00000000 00:00 0 
7f72cf7b5000-7f72d02d9000 r-xp 00000000 08:07 3149035                    /usr/lib/jvm/java-7-openjdk-amd64/jre/lib/amd64/server/libjvm.so
7f72d02d9000-7f72d04d9000 ---p 00b24000 08:07 3149035                    /usr/lib/jvm/java-7-openjdk-amd64/jre/lib/amd64/server/libjvm.so
7f72d04d9000-7f72d0573000 r--p 00b24000 08:07 3149035                    /usr/lib/jvm/java-7-openjdk-amd64/jre/lib/amd64/server/libjvm.so
7f72d0573000-7f72d0596000 rw-p 00bbe000 08:07 3149035                    /usr/lib/jvm/java-7-openjdk-amd64/jre/lib/amd64/server/libjvm.so
7f72d0596000-7f72d05c4000 rw-p 00000000 00:00 0 
7f72d05c4000-7f72d05dc000 r-xp 00000000 08:07 4198526                    /lib/x86_64-linux-gnu/libz.so.1.2.8
7f72d05dc000-7f72d07db000 ---p 00018000 08:07 4198526                    /lib/x86_64-linux-gnu/libz.so.1.2.8
7f72d07db000-7f72d07dc000 r--p 00017000 08:07 4198526                    /lib/x86_64-linux-gnu/libz.so.1.2.8
7f72d07dc000-7f72d07dd000 rw-p 00018000 08:07 4198526                    /lib/x86_64-linux-gnu/libz.so.1.2.8
7f72d07dd000-7f72d07f6000 r-xp 00000000 08:07 4200059                    /lib/x86_64-linux-gnu/libpthread-2.19.so
7f72d07f6000-7f72d09f5000 ---p 00019000 08:07 4200059                    /lib/x86_64-linux-gnu/libpthread-2.19.so
7f72d09f5000-7f72d09f6000 r--p 00018000 08:07 4200059                    /lib/x86_64-linux-gnu/libpthread-2.19.so
7f72d09f6000-7f72d09f7000 rw-p 00019000 08:07 4200059                    /lib/x86_64-linux-gnu/libpthread-2.19.so
7f72d09f7000-7f72d09fb000 rw-p 00000000 00:00 0 
7f72d09fb000-7f72d09fe000 r-xp 00000000 08:07 4198451                    /lib/x86_64-linux-gnu/libdl-2.19.so
7f72d09fe000-7f72d0bfd000 ---p 00003000 08:07 4198451                    /lib/x86_64-linux-gnu/libdl-2.19.so
7f72d0bfd000-7f72d0bfe000 r--p 00002000 08:07 4198451                    /lib/x86_64-linux-gnu/libdl-2.19.so
7f72d0bfe000-7f72d0bff000 rw-p 00003000 08:07 4198451                    /lib/x86_64-linux-gnu/libdl-2.19.so
7f72d0bff000-7f72d0dba000 r-xp 00000000 08:07 4200058                    /lib/x86_64-linux-gnu/libc-2.19.so
7f72d0dba000-7f72d0fb9000 ---p 001bb000 08:07 4200058                    /lib/x86_64-linux-gnu/libc-2.19.so
7f72d0fb9000-7f72d0fbd000 r--p 001ba000 08:07 4200058                    /lib/x86_64-linux-gnu/libc-2.19.so
7f72d0fbd000-7f72d0fbf000 rw-p 001be000 08:07 4200058                    /lib/x86_64-linux-gnu/libc-2.19.so
7f72d0fbf000-7f72d0fc4000 rw-p 00000000 00:00 0 
7f72d0fc4000-7f72d0fd1000 r-xp 00000000 08:07 3149046                    /usr/lib/jvm/java-7-openjdk-amd64/jre/lib/amd64/jli/libjli.so
7f72d0fd1000-7f72d11d0000 ---p 0000d000 08:07 3149046                    /usr/lib/jvm/java-7-openjdk-amd64/jre/lib/amd64/jli/libjli.so
7f72d11d0000-7f72d11d1000 r--p 0000c000 08:07 3149046                    /usr/lib/jvm/java-7-openjdk-amd64/jre/lib/amd64/jli/libjli.so
7f72d11d1000-7f72d11d2000 rw-p 0000d000 08:07 3149046                    /usr/lib/jvm/java-7-openjdk-amd64/jre/lib/amd64/jli/libjli.so
7f72d11d2000-7f72d11f5000 r-xp 00000000 08:07 4200046                    /lib/x86_64-linux-gnu/ld-2.19.so
7f72d11f5000-7f72d1218000 rw-p 00000000 00:00 0 
7f72d1218000-7f72d12ce000 rw-p 00000000 00:00 0 
7f72d12ce000-7f72d12d1000 ---p 00000000 00:00 0 
7f72d12d1000-7f72d13d4000 rw-p 00000000 00:00 0                          [stack:4149]
7f72d13d4000-7f72d13d5000 r--s 00002000 08:07 3149003                    /usr/lib/jvm/java-7-openjdk-amd64/jre/lib/ext/dnsns.jar
7f72d13d5000-7f72d13d9000 r--s 00085000 08:07 3148999                    /usr/lib/jvm/java-7-openjdk-amd64/jre/lib/ext/localedata.jar
7f72d13d9000-7f72d13db000 r--s 00012000 08:07 3148998                    /usr/lib/jvm/java-7-openjdk-amd64/jre/lib/ext/zipfs.jar
7f72d13db000-7f72d13df000 r--s 0003c000 08:07 3149002                    /usr/lib/jvm/java-7-openjdk-amd64/jre/lib/ext/sunpkcs11.jar
7f72d13df000-7f72d13e1000 r--s 00006000 08:07 1456370                    /usr/share/java/java-atk-wrapper.jar
7f72d13e1000-7f72d13e5000 r--s 00034000 08:07 3149001                    /usr/lib/jvm/java-7-openjdk-amd64/jre/lib/ext/sunjce_provider.jar
7f72d13e5000-7f72d13e8000 r--s 0000f000 08:07 3149000                    /usr/lib/jvm/java-7-openjdk-amd64/jre/lib/ext/icedtea-sound.jar
7f72d13e8000-7f72d13f0000 rw-s 00000000 08:07 536830                     /tmp/hsperfdata_sanket/4147
7f72d13f0000-7f72d13f1000 rw-p 00000000 00:00 0 
7f72d13f1000-7f72d13f2000 ---p 00000000 00:00 0 
7f72d13f2000-7f72d13f4000 rw-p 00000000 00:00 0 
7f72d13f4000-7f72d13f5000 r--p 00022000 08:07 4200046                    /lib/x86_64-linux-gnu/ld-2.19.so
7f72d13f5000-7f72d13f6000 rw-p 00023000 08:07 4200046                    /lib/x86_64-linux-gnu/ld-2.19.so
7f72d13f6000-7f72d13f7000 rw-p 00000000 00:00 0 
7ffc3af5b000-7ffc3af7c000 rw-p 00000000 00:00 0                          [stack]
7ffc3afa6000-7ffc3afa8000 r-xp 00000000 00:00 0                          [vdso]
ffffffffff600000-ffffffffff601000 r-xp 00000000 00:00 0                  [vsyscall]

VM Arguments:
jvm_args: -Xmx1024M -Dfile.encoding=UTF-8 -Duser.country=US -Duser.language=en -Duser.variant 
java_command: com.android.dx.command.Main --dex --num-threads=4 --output /home/sanket/lokavidyaapp/app/build/intermediates/pre-dexed/debug/okhttp-2.3.0-9d1b2a39cb889334ac8e58ea7524c1e13987f816.jar /home/sanket/.gradle/caches/modules-2/files-2.1/com.squareup.okhttp/okhttp/2.3.0/2e7bc7033dc2c8423e661224171b3133fb155b28/okhttp-2.3.0.jar
Launcher Type: SUN_STANDARD

Environment Variables:
PATH=/home/sanket/bin:/usr/local/sbin:/usr/local/bin:/usr/sbin:/usr/bin:/sbin:/bin:/usr/games:/usr/local/games
SHELL=/bin/bash
DISPLAY=:0

Signal Handlers:
SIGSEGV: [libjvm.so+0x9548f0], sa_mask[0]=0x7ffbfeff, sa_flags=0x10000004
SIGBUS: [libjvm.so+0x9548f0], sa_mask[0]=0x7ffbfeff, sa_flags=0x10000004
SIGFPE: [libjvm.so+0x7cb0b0], sa_mask[0]=0x7ffbfeff, sa_flags=0x10000004
SIGPIPE: [libjvm.so+0x7cb0b0], sa_mask[0]=0x7ffbfeff, sa_flags=0x10000004
SIGXFSZ: [libjvm.so+0x7cb0b0], sa_mask[0]=0x7ffbfeff, sa_flags=0x10000004
SIGILL: [libjvm.so+0x7cb0b0], sa_mask[0]=0x7ffbfeff, sa_flags=0x10000004
SIGUSR1: SIG_DFL, sa_mask[0]=0x00000000, sa_flags=0x00000000
SIGUSR2: [libjvm.so+0x7caf50], sa_mask[0]=0x00000004, sa_flags=0x10000004
SIGHUP: [libjvm.so+0x7cb130], sa_mask[0]=0x7ffbfeff, sa_flags=0x10000004
SIGINT: [libjvm.so+0x7cb130], sa_mask[0]=0x7ffbfeff, sa_flags=0x10000004
SIGTERM: [libjvm.so+0x7cb130], sa_mask[0]=0x7ffbfeff, sa_flags=0x10000004
SIGQUIT: [libjvm.so+0x7cb130], sa_mask[0]=0x7ffbfeff, sa_flags=0x10000004
SIGTRAP: SIG_DFL, sa_mask[0]=0x00000000, sa_flags=0x00000000


---------------  S Y S T E M  ---------------

OS:Ubuntu 14.04 (trusty)
uname:Linux 3.13.0-76-generic #120-Ubuntu SMP Mon Jan 18 15:59:10 UTC 2016 x86_64
libc:glibc 2.19 NPTL 2.19 
rlimit: STACK 8192k, CORE 0k, NPROC 30418, NOFILE 4096, AS infinity
load average:9.43 3.03 1.79

/proc/meminfo:
MemTotal:        3950084 kB
MemFree:          102084 kB
Buffers:             308 kB
Cached:           219668 kB
SwapCached:            0 kB
Active:          3480768 kB
Inactive:         210184 kB
Active(anon):    3473228 kB
Inactive(anon):   200292 kB
Active(file):       7540 kB
Inactive(file):     9892 kB
Unevictable:          32 kB
Mlocked:              32 kB
SwapTotal:             0 kB
SwapFree:              0 kB
Dirty:              2040 kB
Writeback:             0 kB
AnonPages:       3471652 kB
Mapped:            54948 kB
Shmem:            201920 kB
Slab:              62576 kB
SReclaimable:      30104 kB
SUnreclaim:        32472 kB
KernelStack:        5104 kB
PageTables:        34280 kB
NFS_Unstable:          0 kB
Bounce:                0 kB
WritebackTmp:          0 kB
CommitLimit:     1975040 kB
Committed_AS:    7420608 kB
VmallocTotal:   34359738367 kB
VmallocUsed:      348344 kB
VmallocChunk:   34359378396 kB
HardwareCorrupted:     0 kB
AnonHugePages:   1562624 kB
HugePages_Total:       0
HugePages_Free:        0
HugePages_Rsvd:        0
HugePages_Surp:        0
Hugepagesize:       2048 kB
DirectMap4k:       92540 kB
DirectMap2M:     2955264 kB
DirectMap1G:     1048576 kB


CPU:total 4 (2 cores per cpu, 2 threads per core) family 6 model 69 stepping 1, cmov, cx8, fxsr, mmx, sse, sse2, sse3, ssse3, sse4.1, sse4.2, popcnt, avx, avx2, aes, erms, ht, tsc, tscinvbit

/proc/cpuinfo:
processor	: 0
vendor_id	: GenuineIntel
cpu family	: 6
model		: 69
model name	: Intel(R) Core(TM) i5-4210U CPU @ 1.70GHz
stepping	: 1
microcode	: 0x17
cpu MHz		: 1700.000
cache size	: 3072 KB
physical id	: 0
siblings	: 4
core id		: 0
cpu cores	: 2
apicid		: 0
initial apicid	: 0
fpu		: yes
fpu_exception	: yes
cpuid level	: 13
wp		: yes
flags		: fpu vme de pse tsc msr pae mce cx8 apic sep mtrr pge mca cmov pat pse36 clflush dts acpi mmx fxsr sse sse2 ss ht tm pbe syscall nx pdpe1gb rdtscp lm constant_tsc arch_perfmon pebs bts rep_good nopl xtopology nonstop_tsc aperfmperf eagerfpu pni pclmulqdq dtes64 monitor ds_cpl vmx est tm2 ssse3 fma cx16 xtpr pdcm pcid sse4_1 sse4_2 movbe popcnt tsc_deadline_timer aes xsave avx f16c rdrand lahf_lm abm ida arat epb xsaveopt pln pts dtherm tpr_shadow vnmi flexpriority ept vpid fsgsbase tsc_adjust bmi1 avx2 smep bmi2 erms invpcid
bogomips	: 3391.96
clflush size	: 64
cache_alignment	: 64
address sizes	: 39 bits physical, 48 bits virtual
power management:

processor	: 1
vendor_id	: GenuineIntel
cpu family	: 6
model		: 69
model name	: Intel(R) Core(TM) i5-4210U CPU @ 1.70GHz
stepping	: 1
microcode	: 0x17
cpu MHz		: 1700.000
cache size	: 3072 KB
physical id	: 0
siblings	: 4
core id		: 1
cpu cores	: 2
apicid		: 2
initial apicid	: 2
fpu		: yes
fpu_exception	: yes
cpuid level	: 13
wp		: yes
flags		: fpu vme de pse tsc msr pae mce cx8 apic sep mtrr pge mca cmov pat pse36 clflush dts acpi mmx fxsr sse sse2 ss ht tm pbe syscall nx pdpe1gb rdtscp lm constant_tsc arch_perfmon pebs bts rep_good nopl xtopology nonstop_tsc aperfmperf eagerfpu pni pclmulqdq dtes64 monitor ds_cpl vmx est tm2 ssse3 fma cx16 xtpr pdcm pcid sse4_1 sse4_2 movbe popcnt tsc_deadline_timer aes xsave avx f16c rdrand lahf_lm abm ida arat epb xsaveopt pln pts dtherm tpr_shadow vnmi flexpriority ept vpid fsgsbase tsc_adjust bmi1 avx2 smep bmi2 erms invpcid
bogomips	: 3391.96
clflush size	: 64
cache_alignment	: 64
address sizes	: 39 bits physical, 48 bits virtual
power management:

processor	: 2
vendor_id	: GenuineIntel
cpu family	: 6
model		: 69
model name	: Intel(R) Core(TM) i5-4210U CPU @ 1.70GHz
stepping	: 1
microcode	: 0x17
cpu MHz		: 1700.000
cache size	: 3072 KB
physical id	: 0
siblings	: 4
core id		: 0
cpu cores	: 2
apicid		: 1
initial apicid	: 1
fpu		: yes
fpu_exception	: yes
cpuid level	: 13
wp		: yes
flags		: fpu vme de pse tsc msr pae mce cx8 apic sep mtrr pge mca cmov pat pse36 clflush dts acpi mmx fxsr sse sse2 ss ht tm pbe syscall nx pdpe1gb rdtscp lm constant_tsc arch_perfmon pebs bts rep_good nopl xtopology nonstop_tsc aperfmperf eagerfpu pni pclmulqdq dtes64 monitor ds_cpl vmx est tm2 ssse3 fma cx16 xtpr pdcm pcid sse4_1 sse4_2 movbe popcnt tsc_deadline_timer aes xsave avx f16c rdrand lahf_lm abm ida arat epb xsaveopt pln pts dtherm tpr_shadow vnmi flexpriority ept vpid fsgsbase tsc_adjust bmi1 avx2 smep bmi2 erms invpcid
bogomips	: 3391.96
clflush size	: 64
cache_alignment	: 64
address sizes	: 39 bits physical, 48 bits virtual
power management:

processor	: 3
vendor_id	: GenuineIntel
cpu family	: 6
model		: 69
model name	: Intel(R) Core(TM) i5-4210U CPU @ 1.70GHz
stepping	: 1
microcode	: 0x17
cpu MHz		: 1700.000
cache size	: 3072 KB
physical id	: 0
siblings	: 4
core id		: 1
cpu cores	: 2
apicid		: 3
initial apicid	: 3
fpu		: yes
fpu_exception	: yes
cpuid level	: 13
wp		: yes
flags		: fpu vme de pse tsc msr pae mce cx8 apic sep mtrr pge mca cmov pat pse36 clflush dts acpi mmx fxsr sse sse2 ss ht tm pbe syscall nx pdpe1gb rdtscp lm constant_tsc arch_perfmon pebs bts rep_good nopl xtopology nonstop_tsc aperfmperf eagerfpu pni pclmulqdq dtes64 monitor ds_cpl vmx est tm2 ssse3 fma cx16 xtpr pdcm pcid sse4_1 sse4_2 movbe popcnt tsc_deadline_timer aes xsave avx f16c rdrand lahf_lm abm ida arat epb xsaveopt pln pts dtherm tpr_shadow vnmi flexpriority ept vpid fsgsbase tsc_adjust bmi1 avx2 smep bmi2 erms invpcid
bogomips	: 3391.96
clflush size	: 64
cache_alignment	: 64
address sizes	: 39 bits physical, 48 bits virtual
power management:



Memory: 4k page, physical 3950084k(102084k free), swap 0k(0k free)

vm_info: OpenJDK 64-Bit Server VM (24.91-b01) for linux-amd64 JRE (1.7.0_91-b02), built on Nov 19 2015 06:14:37 by "buildd" with gcc 4.8.2

time: Wed Feb  3 15:39:18 2016
elapsed time: 13 seconds

