#
# There is insufficient memory for the Java Runtime Environment to continue.
# Native memory allocation (malloc) failed to allocate 76546048 bytes for committing reserved memory.
# Possible reasons:
#   The system is out of physical RAM or swap space
#   In 32 bit mode, the process size limit was hit
# Possible solutions:
#   Reduce memory load on the system
#   Increase physical memory or swap space
#   Check if swap backing store is full
#   Use 64 bit Java on a 64 bit OS
#   Decrease Java heap size (-Xmx/-Xms)
#   Decrease number of Java threads
#   Decrease Java thread stack sizes (-Xss)
#   Set larger code cache with -XX:ReservedCodeCacheSize=
# This output file may be truncated or incomplete.
#
#  Out of Memory Error (os_linux.cpp:2827), pid=13183, tid=140604284561152
#
# JRE version: OpenJDK Runtime Environment (7.0_91-b02) (build 1.7.0_91-b02)
# Java VM: OpenJDK 64-Bit Server VM (24.91-b01 mixed mode linux-amd64 compressed oops)
# Derivative: IcedTea 2.6.3
# Distribution: Ubuntu 14.04 LTS, package 7u91-2.6.3-0ubuntu0.14.04.1
# Failed to write core dump. Core dumps have been disabled. To enable core dumping, try "ulimit -c unlimited" before starting Java again
#

---------------  T H R E A D  ---------------

Current thread (0x00007fe100077800):  VMThread [stack: 0x00007fe0fc5f6000,0x00007fe0fc6f7000] [id=13194]

Stack: [0x00007fe0fc5f6000,0x00007fe0fc6f7000],  sp=0x00007fe0fc6f5490,  free space=1021k
Native frames: (J=compiled Java code, j=interpreted, Vv=VM code, C=native code)
V  [libjvm.so+0x953e15]  VMError::report_and_die()+0x175
V  [libjvm.so+0x48fd94]  report_vm_out_of_memory(char const*, int, unsigned long, char const*)+0x74
V  [libjvm.so+0x7cf87b]  os::pd_commit_memory(char*, unsigned long, unsigned long, bool)+0xeb
V  [libjvm.so+0x7ca33f]  os::commit_memory(char*, unsigned long, unsigned long, bool)+0x1f
V  [libjvm.so+0x83dacb]  PSVirtualSpace::expand_by(unsigned long)+0x5b
V  [libjvm.so+0x83e930]  PSYoungGen::resize_generation(unsigned long, unsigned long)+0xb0
V  [libjvm.so+0x83f01b]  PSYoungGen::resize(unsigned long, unsigned long)+0x1b
V  [libjvm.so+0x83b258]  PSScavenge::invoke_no_policy()+0xd68
V  [libjvm.so+0x83bac8]  PSScavenge::invoke()+0x38
V  [libjvm.so+0x7f2083]  ParallelScavengeHeap::failed_mem_allocate(unsigned long)+0x63
V  [libjvm.so+0x955814]  VM_ParallelGCFailedAllocation::doit()+0x84
V  [libjvm.so+0x959917]  VM_Operation::evaluate()+0x47
V  [libjvm.so+0x9583d8]  VMThread::evaluate_operation(VM_Operation*)+0x318
V  [libjvm.so+0x958839]  VMThread::loop()+0x219
V  [libjvm.so+0x958c82]  VMThread::run()+0x72
V  [libjvm.so+0x7cc742]  java_start(Thread*)+0xf2

VM_Operation (0x00007fe1088fb500): ParallelGCFailedAllocation, mode: safepoint, requested by thread 0x00007fe10000c000


---------------  P R O C E S S  ---------------

Java Threads: ( => current thread )
  0x00007fe1000b1000 JavaThread "Service Thread" daemon [_thread_blocked, id=13200, stack(0x00007fe0f52ed000,0x00007fe0f53ee000)]
  0x00007fe1000ae800 JavaThread "C2 CompilerThread1" daemon [_thread_blocked, id=13199, stack(0x00007fe0fc0f1000,0x00007fe0fc1f2000)]
  0x00007fe1000ab800 JavaThread "C2 CompilerThread0" daemon [_thread_blocked, id=13198, stack(0x00007fe0fc1f2000,0x00007fe0fc2f3000)]
  0x00007fe1000a9800 JavaThread "Signal Dispatcher" daemon [_thread_blocked, id=13197, stack(0x00007fe0fc2f3000,0x00007fe0fc3f4000)]
  0x00007fe10007e000 JavaThread "Finalizer" daemon [_thread_blocked, id=13196, stack(0x00007fe0fc3f4000,0x00007fe0fc4f5000)]
  0x00007fe10007c000 JavaThread "Reference Handler" daemon [_thread_blocked, id=13195, stack(0x00007fe0fc4f5000,0x00007fe0fc5f6000)]
  0x00007fe10000c000 JavaThread "main" [_thread_blocked, id=13189, stack(0x00007fe1087fc000,0x00007fe1088fd000)]

Other Threads:
=>0x00007fe100077800 VMThread [stack: 0x00007fe0fc5f6000,0x00007fe0fc6f7000] [id=13194]
  0x00007fe1000bb800 WatcherThread [stack: 0x00007fe0f51ec000,0x00007fe0f52ed000] [id=13201]

VM state:at safepoint (normal execution)

VM Mutex/Monitor currently owned by a thread:  ([mutex/lock_event])
[0x00007fe100008340] Threads_lock - owner thread: 0x00007fe100077800
[0x00007fe100008840] Heap_lock - owner thread: 0x00007fe10000c000

Heap
 PSYoungGen      total 253952K, used 17538K [0x00000000eaa80000, 0x00000000fb700000, 0x0000000100000000)
  eden space 233984K, 0% used [0x00000000eaa80000,0x00000000eaa80000,0x00000000f8f00000)
  from space 19968K, 87% used [0x00000000f9000000,0x00000000fa120b98,0x00000000fa380000)
  to   space 9216K, 0% used [0x00000000fae00000,0x00000000fae00000,0x00000000fb700000)
 ParOldGen       total 57344K, used 29328K [0x00000000c0000000, 0x00000000c3800000, 0x00000000eaa80000)
  object space 57344K, 51% used [0x00000000c0000000,0x00000000c1ca41f8,0x00000000c3800000)
 PSPermGen       total 21504K, used 7726K [0x00000000b5a00000, 0x00000000b6f00000, 0x00000000c0000000)
  object space 21504K, 35% used [0x00000000b5a00000,0x00000000b618ba28,0x00000000b6f00000)

Card table byte_map: [0x00007fe1051e2000,0x00007fe105436000] byte_map_base: 0x00007fe104c35000

Polling page: 0x00007fe10891f000

Code Cache  [0x00007fe0fd000000, 0x00007fe0fd400000, 0x00007fe100000000)
 total_blobs=1551 nmethods=1297 adapters=207 free_code_cache=45125Kb largest_free_block=46151808

Compilation events (10 events):
Event: 19.417 Thread 0x00007fe1000ab800 nmethod 1328 0x00007fe0fd3dee50 code [0x00007fe0fd3def80, 0x00007fe0fd3defd8]
Event: 19.417 Thread 0x00007fe1000ab800 1329             com.android.dx.io.instructions.FiveRegisterDecodedInstruction::getA (5 bytes)
Event: 19.417 Thread 0x00007fe1000ab800 nmethod 1329 0x00007fe0fd3f4d10 code [0x00007fe0fd3f4e40, 0x00007fe0fd3f4e98]
Event: 19.417 Thread 0x00007fe1000ab800 1330             com.android.dx.io.instructions.FiveRegisterDecodedInstruction::getB (5 bytes)
Event: 19.417 Thread 0x00007fe1000ab800 nmethod 1330 0x00007fe0fd2f2390 code [0x00007fe0fd2f24c0, 0x00007fe0fd2f2518]
Event: 19.417 Thread 0x00007fe1000ab800 1331             com.android.dx.io.instructions.FiveRegisterDecodedInstruction::getC (5 bytes)
Event: 19.417 Thread 0x00007fe1000ab800 nmethod 1331 0x00007fe0fd2f2bd0 code [0x00007fe0fd2f2d00, 0x00007fe0fd2f2d58]
Event: 19.417 Thread 0x00007fe1000ab800 1332             com.android.dx.io.instructions.FiveRegisterDecodedInstruction::getD (5 bytes)
Event: 19.417 Thread 0x00007fe1000ab800 nmethod 1332 0x00007fe0fd2f29d0 code [0x00007fe0fd2f2b00, 0x00007fe0fd2f2b58]
Event: 19.418 Thread 0x00007fe1000ae800 nmethod 1326 0x00007fe0fd3f2550 code [0x00007fe0fd3f26a0, 0x00007fe0fd3f29b8]

GC Heap History (10 events):
Event: 6.827 GC heap after
Heap after GC invocations=5 (full 0):
 PSYoungGen      total 66048K, used 2529K [0x00000000eaa80000, 0x00000000f4080000, 0x0000000100000000)
  eden space 63488K, 0% used [0x00000000eaa80000,0x00000000eaa80000,0x00000000ee880000)
  from space 2560K, 98% used [0x00000000ee880000,0x00000000eeaf8468,0x00000000eeb00000)
  to   space 13312K, 0% used [0x00000000f3380000,0x00000000f3380000,0x00000000f4080000)
 ParOldGen       total 40960K, used 26096K [0x00000000c0000000, 0x00000000c2800000, 0x00000000eaa80000)
  object space 40960K, 63% used [0x00000000c0000000,0x00000000c197c080,0x00000000c2800000)
 PSPermGen       total 21504K, used 5664K [0x00000000b5a00000, 0x00000000b6f00000, 0x00000000c0000000)
  object space 21504K, 26% used [0x00000000b5a00000,0x00000000b5f88218,0x00000000b6f00000)
}
Event: 17.609 GC heap before
{Heap before GC invocations=6 (full 0):
 PSYoungGen      total 66048K, used 66017K [0x00000000eaa80000, 0x00000000f4080000, 0x0000000100000000)
  eden space 63488K, 100% used [0x00000000eaa80000,0x00000000ee880000,0x00000000ee880000)
  from space 2560K, 98% used [0x00000000ee880000,0x00000000eeaf8468,0x00000000eeb00000)
  to   space 13312K, 0% used [0x00000000f3380000,0x00000000f3380000,0x00000000f4080000)
 ParOldGen       total 40960K, used 26096K [0x00000000c0000000, 0x00000000c2800000, 0x00000000eaa80000)
  object space 40960K, 63% used [0x00000000c0000000,0x00000000c197c080,0x00000000c2800000)
 PSPermGen       total 21504K, used 7528K [0x00000000b5a00000, 0x00000000b6f00000, 0x00000000c0000000)
  object space 21504K, 35% used [0x00000000b5a00000,0x00000000b615a120,0x00000000b6f00000)
Event: 17.649 GC heap after
Heap after GC invocations=6 (full 0):
 PSYoungGen      total 135680K, used 13303K [0x00000000eaa80000, 0x00000000f4980000, 0x0000000100000000)
  eden space 122368K, 0% used [0x00000000eaa80000,0x00000000eaa80000,0x00000000f2200000)
  from space 13312K, 99% used [0x00000000f3380000,0x00000000f407dd40,0x00000000f4080000)
  to   space 17920K, 0% used [0x00000000f2200000,0x00000000f2200000,0x00000000f3380000)
 ParOldGen       total 40960K, used 30110K [0x00000000c0000000, 0x00000000c2800000, 0x00000000eaa80000)
  object space 40960K, 73% used [0x00000000c0000000,0x00000000c1d67908,0x00000000c2800000)
 PSPermGen       total 21504K, used 7528K [0x00000000b5a00000, 0x00000000b6f00000, 0x00000000c0000000)
  object space 21504K, 35% used [0x00000000b5a00000,0x00000000b615a120,0x00000000b6f00000)
}
Event: 18.422 GC heap before
{Heap before GC invocations=7 (full 0):
 PSYoungGen      total 135680K, used 135671K [0x00000000eaa80000, 0x00000000f4980000, 0x0000000100000000)
  eden space 122368K, 100% used [0x00000000eaa80000,0x00000000f2200000,0x00000000f2200000)
  from space 13312K, 99% used [0x00000000f3380000,0x00000000f407dd40,0x00000000f4080000)
  to   space 17920K, 0% used [0x00000000f2200000,0x00000000f2200000,0x00000000f3380000)
 ParOldGen       total 40960K, used 30110K [0x00000000c0000000, 0x00000000c2800000, 0x00000000eaa80000)
  object space 40960K, 73% used [0x00000000c0000000,0x00000000c1d67908,0x00000000c2800000)
 PSPermGen       total 21504K, used 7704K [0x00000000b5a00000, 0x00000000b6f00000, 0x00000000c0000000)
  object space 21504K, 35% used [0x00000000b5a00000,0x00000000b6186190,0x00000000b6f00000)
Event: 18.454 GC heap after
Heap after GC invocations=7 (full 0):
 PSYoungGen      total 140288K, used 17529K [0x00000000eaa80000, 0x00000000fc280000, 0x0000000100000000)
  eden space 122368K, 0% used [0x00000000eaa80000,0x00000000eaa80000,0x00000000f2200000)
  from space 17920K, 97% used [0x00000000f2200000,0x00000000f331e420,0x00000000f3380000)
  to   space 20992K, 0% used [0x00000000fae00000,0x00000000fae00000,0x00000000fc280000)
 ParOldGen       total 40960K, used 31178K [0x00000000c0000000, 0x00000000c2800000, 0x00000000eaa80000)
  object space 40960K, 76% used [0x00000000c0000000,0x00000000c1e72ac0,0x00000000c2800000)
 PSPermGen       total 21504K, used 7704K [0x00000000b5a00000, 0x00000000b6f00000, 0x00000000c0000000)
  object space 21504K, 35% used [0x00000000b5a00000,0x00000000b6186190,0x00000000b6f00000)
}
Event: 18.454 GC heap before
{Heap before GC invocations=8 (full 1):
 PSYoungGen      total 140288K, used 17529K [0x00000000eaa80000, 0x00000000fc280000, 0x0000000100000000)
  eden space 122368K, 0% used [0x00000000eaa80000,0x00000000eaa80000,0x00000000f2200000)
  from space 17920K, 97% used [0x00000000f2200000,0x00000000f331e420,0x00000000f3380000)
  to   space 20992K, 0% used [0x00000000fae00000,0x00000000fae00000,0x00000000fc280000)
 ParOldGen       total 40960K, used 31178K [0x00000000c0000000, 0x00000000c2800000, 0x00000000eaa80000)
  object space 40960K, 76% used [0x00000000c0000000,0x00000000c1e72ac0,0x00000000c2800000)
 PSPermGen       total 21504K, used 7704K [0x00000000b5a00000, 0x00000000b6f00000, 0x00000000c0000000)
  object space 21504K, 35% used [0x00000000b5a00000,0x00000000b6186190,0x00000000b6f00000)
Event: 18.606 GC heap after
Heap after GC invocations=8 (full 1):
 PSYoungGen      total 140288K, used 0K [0x00000000eaa80000, 0x00000000fc280000, 0x0000000100000000)
  eden space 122368K, 0% used [0x00000000eaa80000,0x00000000eaa80000,0x00000000f2200000)
  from space 17920K, 0% used [0x00000000f2200000,0x00000000f2200000,0x00000000f3380000)
  to   space 20992K, 0% used [0x00000000fae00000,0x00000000fae00000,0x00000000fc280000)
 ParOldGen       total 57344K, used 29328K [0x00000000c0000000, 0x00000000c3800000, 0x00000000eaa80000)
  object space 57344K, 51% used [0x00000000c0000000,0x00000000c1ca41f8,0x00000000c3800000)
 PSPermGen       total 21504K, used 7700K [0x00000000b5a00000, 0x00000000b6f00000, 0x00000000c0000000)
  object space 21504K, 35% used [0x00000000b5a00000,0x00000000b6185110,0x00000000b6f00000)
}
Event: 18.943 GC heap before
{Heap before GC invocations=9 (full 1):
 PSYoungGen      total 140288K, used 122368K [0x00000000eaa80000, 0x00000000fc280000, 0x0000000100000000)
  eden space 122368K, 100% used [0x00000000eaa80000,0x00000000f2200000,0x00000000f2200000)
  from space 17920K, 0% used [0x00000000f2200000,0x00000000f2200000,0x00000000f3380000)
  to   space 20992K, 0% used [0x00000000fae00000,0x00000000fae00000,0x00000000fc280000)
 ParOldGen       total 57344K, used 29328K [0x00000000c0000000, 0x00000000c3800000, 0x00000000eaa80000)
  object space 57344K, 51% used [0x00000000c0000000,0x00000000c1ca41f8,0x00000000c3800000)
 PSPermGen       total 21504K, used 7714K [0x00000000b5a00000, 0x00000000b6f00000, 0x00000000c0000000)
  object space 21504K, 35% used [0x00000000b5a00000,0x00000000b61889b0,0x00000000b6f00000)
Event: 18.949 GC heap after
Heap after GC invocations=9 (full 1):
 PSYoungGen      total 243200K, used 8708K [0x00000000eaa80000, 0x00000000fb700000, 0x0000000100000000)
  eden space 233984K, 0% used [0x00000000eaa80000,0x00000000eaa80000,0x00000000f8f00000)
  from space 9216K, 94% used [0x00000000fae00000,0x00000000fb6812b8,0x00000000fb700000)
  to   space 19968K, 0% used [0x00000000f9000000,0x00000000f9000000,0x00000000fa380000)
 ParOldGen       total 57344K, used 29328K [0x00000000c0000000, 0x00000000c3800000, 0x00000000eaa80000)
  object space 57344K, 51% used [0x00000000c0000000,0x00000000c1ca41f8,0x00000000c3800000)
 PSPermGen       total 21504K, used 7714K [0x00000000b5a00000, 0x00000000b6f00000, 0x00000000c0000000)
  object space 21504K, 35% used [0x00000000b5a00000,0x00000000b61889b0,0x00000000b6f00000)
}
Event: 19.446 GC heap before
{Heap before GC invocations=10 (full 1):
 PSYoungGen      total 243200K, used 242692K [0x00000000eaa80000, 0x00000000fb700000, 0x0000000100000000)
  eden space 233984K, 100% used [0x00000000eaa80000,0x00000000f8f00000,0x00000000f8f00000)
  from space 9216K, 94% used [0x00000000fae00000,0x00000000fb6812b8,0x00000000fb700000)
  to   space 19968K, 0% used [0x00000000f9000000,0x00000000f9000000,0x00000000fa380000)
 ParOldGen       total 57344K, used 29328K [0x00000000c0000000, 0x00000000c3800000, 0x00000000eaa80000)
  object space 57344K, 51% used [0x00000000c0000000,0x00000000c1ca41f8,0x00000000c3800000)
 PSPermGen       total 21504K, used 7726K [0x00000000b5a00000, 0x00000000b6f00000, 0x00000000c0000000)
  object space 21504K, 35% used [0x00000000b5a00000,0x00000000b618ba28,0x00000000b6f00000)

Deoptimization events (10 events):
Event: 18.614 Thread 0x00007fe10000c000 Uncommon trap: reason=array_check action=maybe_recompile pc=0x00007fe0fd3a3fc8 method=java.util.TimSort.binarySort([Ljava/lang/Object;IIILjava/util/Comparator;)V @ 215
Event: 18.614 Thread 0x00007fe10000c000 Uncommon trap: reason=array_check action=maybe_recompile pc=0x00007fe0fd3a41b4 method=java.util.TimSort.binarySort([Ljava/lang/Object;IIILjava/util/Comparator;)V @ 183
Event: 18.614 Thread 0x00007fe10000c000 Uncommon trap: reason=array_check action=maybe_recompile pc=0x00007fe0fd3a41b4 method=java.util.TimSort.binarySort([Ljava/lang/Object;IIILjava/util/Comparator;)V @ 183
Event: 18.634 Thread 0x00007fe10000c000 Uncommon trap: reason=array_check action=maybe_recompile pc=0x00007fe0fd391750 method=java.util.ComparableTimSort.binarySort([Ljava/lang/Object;III)V @ 193
Event: 18.729 Thread 0x00007fe10000c000 Uncommon trap: reason=array_check action=maybe_recompile pc=0x00007fe0fd3bea48 method=java.util.TimSort.binarySort([Ljava/lang/Object;IIILjava/util/Comparator;)V @ 193
Event: 18.729 Thread 0x00007fe10000c000 Uncommon trap: reason=array_check action=maybe_recompile pc=0x00007fe0fd3bea48 method=java.util.TimSort.binarySort([Ljava/lang/Object;IIILjava/util/Comparator;)V @ 193
Event: 18.805 Thread 0x00007fe10000c000 Uncommon trap: reason=array_check action=maybe_recompile pc=0x00007fe0fd3c9020 method=java.util.ComparableTimSort.binarySort([Ljava/lang/Object;III)V @ 215
Event: 18.847 Thread 0x00007fe10000c000 Uncommon trap: reason=array_check action=maybe_recompile pc=0x00007fe0fd3c9020 method=java.util.ComparableTimSort.binarySort([Ljava/lang/Object;III)V @ 215
Event: 19.066 Thread 0x00007fe10000c000 Uncommon trap: reason=array_check action=maybe_recompile pc=0x00007fe0fd2d9be8 method=java.util.ComparableTimSort.binarySort([Ljava/lang/Object;III)V @ 183
Event: 19.113 Thread 0x00007fe10000c000 Uncommon trap: reason=array_check action=maybe_recompile pc=0x00007fe0fd2d9be8 method=java.util.ComparableTimSort.binarySort([Ljava/lang/Object;III)V @ 183

Internal exceptions (10 events):
Event: 17.425 Thread 0x00007fe10000c000 Threw 0x00000000ee23b4b8 at /build/openjdk-7-zaTxYK/openjdk-7-7u91-2.6.3/build/openjdk/hotspot/src/share/vm/prims/jvm.cpp:1322
Event: 17.425 Thread 0x00007fe10000c000 Threw 0x00000000ee23f150 at /build/openjdk-7-zaTxYK/openjdk-7-7u91-2.6.3/build/openjdk/hotspot/src/share/vm/prims/jvm.cpp:1322
Event: 17.425 Thread 0x00007fe10000c000 Threw 0x00000000ee242f38 at /build/openjdk-7-zaTxYK/openjdk-7-7u91-2.6.3/build/openjdk/hotspot/src/share/vm/prims/jvm.cpp:1322
Event: 17.426 Thread 0x00007fe10000c000 Threw 0x00000000ee2495b8 at /build/openjdk-7-zaTxYK/openjdk-7-7u91-2.6.3/build/openjdk/hotspot/src/share/vm/prims/jvm.cpp:1322
Event: 17.427 Thread 0x00007fe10000c000 Threw 0x00000000ee24d0d0 at /build/openjdk-7-zaTxYK/openjdk-7-7u91-2.6.3/build/openjdk/hotspot/src/share/vm/prims/jvm.cpp:1322
Event: 17.427 Thread 0x00007fe10000c000 Threw 0x00000000ee250de0 at /build/openjdk-7-zaTxYK/openjdk-7-7u91-2.6.3/build/openjdk/hotspot/src/share/vm/prims/jvm.cpp:1322
Event: 17.427 Thread 0x00007fe10000c000 Threw 0x00000000ee254860 at /build/openjdk-7-zaTxYK/openjdk-7-7u91-2.6.3/build/openjdk/hotspot/src/share/vm/prims/jvm.cpp:1322
Event: 17.429 Thread 0x00007fe10000c000 Threw 0x00000000ee29c338 at /build/openjdk-7-zaTxYK/openjdk-7-7u91-2.6.3/build/openjdk/hotspot/src/share/vm/prims/jvm.cpp:1322
Event: 17.429 Thread 0x00007fe10000c000 Threw 0x00000000ee29eef8 at /build/openjdk-7-zaTxYK/openjdk-7-7u91-2.6.3/build/openjdk/hotspot/src/share/vm/prims/jvm.cpp:1322
Event: 17.815 Thread 0x00007fe10000c000 Threw 0x00000000eba8ebb0 at /build/openjdk-7-zaTxYK/openjdk-7-7u91-2.6.3/build/openjdk/hotspot/src/share/vm/prims/jvm.cpp:1322

Events (10 events):
Event: 18.981 Thread 0x00007fe1000ae800 flushing nmethod 0x00007fe0fd2e7590
Event: 18.981 Thread 0x00007fe1000ae800 flushing nmethod 0x00007fe0fd2eb790
Event: 18.981 Thread 0x00007fe1000ae800 flushing nmethod 0x00007fe0fd2ef850
Event: 19.066 Thread 0x00007fe10000c000 Uncommon trap: trap_request=0xffffffd6 fr.pc=0x00007fe0fd2d9be8
Event: 19.066 Thread 0x00007fe10000c000 DEOPT PACKING pc=0x00007fe0fd2d9be8 sp=0x00007fe1088fb450
Event: 19.066 Thread 0x00007fe10000c000 DEOPT UNPACKING pc=0x00007fe0fd039445 sp=0x00007fe1088fb418 mode 2
Event: 19.113 Thread 0x00007fe10000c000 Uncommon trap: trap_request=0xffffffd6 fr.pc=0x00007fe0fd2d9be8
Event: 19.113 Thread 0x00007fe10000c000 DEOPT PACKING pc=0x00007fe0fd2d9be8 sp=0x00007fe1088fb450
Event: 19.113 Thread 0x00007fe10000c000 DEOPT UNPACKING pc=0x00007fe0fd039445 sp=0x00007fe1088fb418 mode 2
Event: 19.446 Executing VM operation: ParallelGCFailedAllocation


Dynamic libraries:
00400000-00401000 r-xp 00000000 08:07 3148986                            /usr/lib/jvm/java-7-openjdk-amd64/jre/bin/java
00600000-00601000 r--p 00000000 08:07 3148986                            /usr/lib/jvm/java-7-openjdk-amd64/jre/bin/java
00601000-00602000 rw-p 00001000 08:07 3148986                            /usr/lib/jvm/java-7-openjdk-amd64/jre/bin/java
013a3000-013c4000 rw-p 00000000 00:00 0                                  [heap]
b5a00000-b6f00000 rw-p 00000000 00:00 0 
b6f00000-c0000000 rw-p 00000000 00:00 0 
c0000000-c3800000 rw-p 00000000 00:00 0 
c3800000-eaa80000 rw-p 00000000 00:00 0 
eaa80000-fb700000 rw-p 00000000 00:00 0 
7fe0b0000000-7fe0b0066000 rw-p 00000000 00:00 0 
7fe0b0066000-7fe0b4000000 ---p 00000000 00:00 0 
7fe0b4000000-7fe0b4021000 rw-p 00000000 00:00 0 
7fe0b4021000-7fe0b8000000 ---p 00000000 00:00 0 
7fe0b8000000-7fe0b8021000 rw-p 00000000 00:00 0 
7fe0b8021000-7fe0bc000000 ---p 00000000 00:00 0 
7fe0bc000000-7fe0bc03b000 rw-p 00000000 00:00 0 
7fe0bc03b000-7fe0c0000000 ---p 00000000 00:00 0 
7fe0c0000000-7fe0c0021000 rw-p 00000000 00:00 0 
7fe0c0021000-7fe0c4000000 ---p 00000000 00:00 0 
7fe0c4000000-7fe0c4021000 rw-p 00000000 00:00 0 
7fe0c4021000-7fe0c8000000 ---p 00000000 00:00 0 
7fe0c8000000-7fe0c9375000 rw-p 00000000 00:00 0 
7fe0c9375000-7fe0cc000000 ---p 00000000 00:00 0 
7fe0cc000000-7fe0cc021000 rw-p 00000000 00:00 0 
7fe0cc021000-7fe0d0000000 ---p 00000000 00:00 0 
7fe0d0000000-7fe0d0021000 rw-p 00000000 00:00 0 
7fe0d0021000-7fe0d4000000 ---p 00000000 00:00 0 
7fe0d4000000-7fe0d56cd000 rw-p 00000000 00:00 0 
7fe0d56cd000-7fe0d8000000 ---p 00000000 00:00 0 
7fe0d8000000-7fe0d8021000 rw-p 00000000 00:00 0 
7fe0d8021000-7fe0dc000000 ---p 00000000 00:00 0 
7fe0dc000000-7fe0dc021000 rw-p 00000000 00:00 0 
7fe0dc021000-7fe0e0000000 ---p 00000000 00:00 0 
7fe0e0000000-7fe0e0021000 rw-p 00000000 00:00 0 
7fe0e0021000-7fe0e4000000 ---p 00000000 00:00 0 
7fe0e4000000-7fe0e4242000 rw-p 00000000 00:00 0 
7fe0e4242000-7fe0e8000000 ---p 00000000 00:00 0 
7fe0e8000000-7fe0e8021000 rw-p 00000000 00:00 0 
7fe0e8021000-7fe0ec000000 ---p 00000000 00:00 0 
7fe0ef474000-7fe0ef4b1000 r-xp 00000000 08:07 4198346                    /lib/x86_64-linux-gnu/libpcre.so.3.13.1
7fe0ef4b1000-7fe0ef6b0000 ---p 0003d000 08:07 4198346                    /lib/x86_64-linux-gnu/libpcre.so.3.13.1
7fe0ef6b0000-7fe0ef6b1000 r--p 0003c000 08:07 4198346                    /lib/x86_64-linux-gnu/libpcre.so.3.13.1
7fe0ef6b1000-7fe0ef6b2000 rw-p 0003d000 08:07 4198346                    /lib/x86_64-linux-gnu/libpcre.so.3.13.1
7fe0ef6b2000-7fe0ef6b9000 r-xp 00000000 08:07 1071226                    /usr/lib/x86_64-linux-gnu/libffi.so.6.0.1
7fe0ef6b9000-7fe0ef8b8000 ---p 00007000 08:07 1071226                    /usr/lib/x86_64-linux-gnu/libffi.so.6.0.1
7fe0ef8b8000-7fe0ef8b9000 r--p 00006000 08:07 1071226                    /usr/lib/x86_64-linux-gnu/libffi.so.6.0.1
7fe0ef8b9000-7fe0ef8ba000 rw-p 00007000 08:07 1071226                    /usr/lib/x86_64-linux-gnu/libffi.so.6.0.1
7fe0ef8ba000-7fe0ef8d1000 r-xp 00000000 08:07 4198341                    /lib/x86_64-linux-gnu/libresolv-2.19.so
7fe0ef8d1000-7fe0efad1000 ---p 00017000 08:07 4198341                    /lib/x86_64-linux-gnu/libresolv-2.19.so
7fe0efad1000-7fe0efad2000 r--p 00017000 08:07 4198341                    /lib/x86_64-linux-gnu/libresolv-2.19.so
7fe0efad2000-7fe0efad3000 rw-p 00018000 08:07 4198341                    /lib/x86_64-linux-gnu/libresolv-2.19.so
7fe0efad3000-7fe0efad5000 rw-p 00000000 00:00 0 
7fe0efad5000-7fe0efaf5000 r-xp 00000000 08:07 4198493                    /lib/x86_64-linux-gnu/libselinux.so.1
7fe0efaf5000-7fe0efcf4000 ---p 00020000 08:07 4198493                    /lib/x86_64-linux-gnu/libselinux.so.1
7fe0efcf4000-7fe0efcf5000 r--p 0001f000 08:07 4198493                    /lib/x86_64-linux-gnu/libselinux.so.1
7fe0efcf5000-7fe0efcf6000 rw-p 00020000 08:07 4198493                    /lib/x86_64-linux-gnu/libselinux.so.1
7fe0efcf6000-7fe0efcf8000 rw-p 00000000 00:00 0 
7fe0efcf8000-7fe0efdfe000 r-xp 00000000 08:07 4198308                    /lib/x86_64-linux-gnu/libglib-2.0.so.0.4002.0
7fe0efdfe000-7fe0efffd000 ---p 00106000 08:07 4198308                    /lib/x86_64-linux-gnu/libglib-2.0.so.0.4002.0
7fe0efffd000-7fe0efffe000 r--p 00105000 08:07 4198308                    /lib/x86_64-linux-gnu/libglib-2.0.so.0.4002.0
7fe0efffe000-7fe0effff000 rw-p 00106000 08:07 4198308                    /lib/x86_64-linux-gnu/libglib-2.0.so.0.4002.0
7fe0effff000-7fe0f0000000 rw-p 00000000 00:00 0 
7fe0f0000000-7fe0f0021000 rw-p 00000000 00:00 0 
7fe0f0021000-7fe0f4000000 ---p 00000000 00:00 0 
7fe0f40f5000-7fe0f40f8000 r-xp 00000000 08:07 1048940                    /usr/lib/x86_64-linux-gnu/libgmodule-2.0.so.0.4002.0
7fe0f40f8000-7fe0f42f7000 ---p 00003000 08:07 1048940                    /usr/lib/x86_64-linux-gnu/libgmodule-2.0.so.0.4002.0
7fe0f42f7000-7fe0f42f8000 r--p 00002000 08:07 1048940                    /usr/lib/x86_64-linux-gnu/libgmodule-2.0.so.0.4002.0
7fe0f42f8000-7fe0f42f9000 rw-p 00003000 08:07 1048940                    /usr/lib/x86_64-linux-gnu/libgmodule-2.0.so.0.4002.0
7fe0f42f9000-7fe0f4348000 r-xp 00000000 08:07 1048958                    /usr/lib/x86_64-linux-gnu/libgobject-2.0.so.0.4002.0
7fe0f4348000-7fe0f4548000 ---p 0004f000 08:07 1048958                    /usr/lib/x86_64-linux-gnu/libgobject-2.0.so.0.4002.0
7fe0f4548000-7fe0f4549000 r--p 0004f000 08:07 1048958                    /usr/lib/x86_64-linux-gnu/libgobject-2.0.so.0.4002.0
7fe0f4549000-7fe0f454a000 rw-p 00050000 08:07 1048958                    /usr/lib/x86_64-linux-gnu/libgobject-2.0.so.0.4002.0
7fe0f454a000-7fe0f46b6000 r-xp 00000000 08:07 1048962                    /usr/lib/x86_64-linux-gnu/libgio-2.0.so.0.4002.0
7fe0f46b6000-7fe0f48b5000 ---p 0016c000 08:07 1048962                    /usr/lib/x86_64-linux-gnu/libgio-2.0.so.0.4002.0
7fe0f48b5000-7fe0f48b9000 r--p 0016b000 08:07 1048962                    /usr/lib/x86_64-linux-gnu/libgio-2.0.so.0.4002.0
7fe0f48b9000-7fe0f48bb000 rw-p 0016f000 08:07 1048962                    /usr/lib/x86_64-linux-gnu/libgio-2.0.so.0.4002.0
7fe0f48bb000-7fe0f48bd000 rw-p 00000000 00:00 0 
7fe0f48bd000-7fe0f48d4000 r-xp 00000000 08:07 3149050                    /usr/lib/jvm/java-7-openjdk-amd64/jre/lib/amd64/libnet.so
7fe0f48d4000-7fe0f4ad3000 ---p 00017000 08:07 3149050                    /usr/lib/jvm/java-7-openjdk-amd64/jre/lib/amd64/libnet.so
7fe0f4ad3000-7fe0f4ad4000 r--p 00016000 08:07 3149050                    /usr/lib/jvm/java-7-openjdk-amd64/jre/lib/amd64/libnet.so
7fe0f4ad4000-7fe0f4ad5000 rw-p 00017000 08:07 3149050                    /usr/lib/jvm/java-7-openjdk-amd64/jre/lib/amd64/libnet.so
7fe0f4ad5000-7fe0f4ae5000 r-xp 00000000 08:07 3149013                    /usr/lib/jvm/java-7-openjdk-amd64/jre/lib/amd64/libnio.so
7fe0f4ae5000-7fe0f4ce5000 ---p 00010000 08:07 3149013                    /usr/lib/jvm/java-7-openjdk-amd64/jre/lib/amd64/libnio.so
7fe0f4ce5000-7fe0f4ce6000 r--p 00010000 08:07 3149013                    /usr/lib/jvm/java-7-openjdk-amd64/jre/lib/amd64/libnio.so
7fe0f4ce6000-7fe0f4ce7000 rw-p 00011000 08:07 3149013                    /usr/lib/jvm/java-7-openjdk-amd64/jre/lib/amd64/libnio.so
7fe0f4ce7000-7fe0f4cea000 ---p 00000000 00:00 0 
7fe0f4cea000-7fe0f4de8000 rw-p 00000000 00:00 0 
7fe0f4de8000-7fe0f4deb000 ---p 00000000 00:00 0 
7fe0f4deb000-7fe0f4ee9000 rw-p 00000000 00:00 0 
7fe0f4ee9000-7fe0f4eec000 ---p 00000000 00:00 0 
7fe0f4eec000-7fe0f4fea000 rw-p 00000000 00:00 0 
7fe0f4fea000-7fe0f4fed000 ---p 00000000 00:00 0 
7fe0f4fed000-7fe0f50eb000 rw-p 00000000 00:00 0 
7fe0f50eb000-7fe0f50ee000 ---p 00000000 00:00 0 
7fe0f50ee000-7fe0f51ec000 rw-p 00000000 00:00 0 
7fe0f51ec000-7fe0f51ed000 ---p 00000000 00:00 0 
7fe0f51ed000-7fe0f52ed000 rw-p 00000000 00:00 0                          [stack:13201]
7fe0f52ed000-7fe0f52f0000 ---p 00000000 00:00 0 
7fe0f52f0000-7fe0f53ee000 rw-p 00000000 00:00 0                          [stack:13200]
7fe0f53ee000-7fe0f5ad0000 r--p 00000000 08:07 1056383                    /usr/lib/locale/locale-archive
7fe0f5ad0000-7fe0f8000000 rw-p 00000000 00:00 0 
7fe0f8000000-7fe0f8021000 rw-p 00000000 00:00 0 
7fe0f8021000-7fe0fc000000 ---p 00000000 00:00 0 
7fe0fc0f1000-7fe0fc0f4000 ---p 00000000 00:00 0 
7fe0fc0f4000-7fe0fc1f2000 rw-p 00000000 00:00 0                          [stack:13199]
7fe0fc1f2000-7fe0fc1f5000 ---p 00000000 00:00 0 
7fe0fc1f5000-7fe0fc2f3000 rw-p 00000000 00:00 0                          [stack:13198]
7fe0fc2f3000-7fe0fc2f6000 ---p 00000000 00:00 0 
7fe0fc2f6000-7fe0fc3f4000 rw-p 00000000 00:00 0                          [stack:13197]
7fe0fc3f4000-7fe0fc3f7000 ---p 00000000 00:00 0 
7fe0fc3f7000-7fe0fc4f5000 rw-p 00000000 00:00 0                          [stack:13196]
7fe0fc4f5000-7fe0fc4f8000 ---p 00000000 00:00 0 
7fe0fc4f8000-7fe0fc5f6000 rw-p 00000000 00:00 0                          [stack:13195]
7fe0fc5f6000-7fe0fc5f7000 ---p 00000000 00:00 0 
7fe0fc5f7000-7fe0fd000000 rw-p 00000000 00:00 0                          [stack:13194]
7fe0fd000000-7fe0fd400000 rwxp 00000000 00:00 0 
7fe0fd400000-7fe100215000 rw-p 00000000 00:00 0 
7fe100215000-7fe104000000 ---p 00000000 00:00 0 
7fe10402f000-7fe104034000 r--s 0004e000 08:07 3149062                    /usr/lib/jvm/java-7-openjdk-amd64/jre/lib/jsse.jar
7fe104034000-7fe104043000 r--s 000df000 08:07 3419560                    /home/sanket/android-sdks/build-tools/23.0.0/lib/dx.jar
7fe104043000-7fe104737000 rw-p 00000000 00:00 0 
7fe104737000-7fe1048e9000 r--s 01d2e000 08:07 3149006                    /usr/lib/jvm/java-7-openjdk-amd64/jre/lib/rt.jar
7fe1048e9000-7fe104c35000 rw-p 00000000 00:00 0 
7fe104c35000-7fe104c36000 ---p 00000000 00:00 0 
7fe104c36000-7fe104d36000 rw-p 00000000 00:00 0                          [stack:13193]
7fe104d36000-7fe104d37000 ---p 00000000 00:00 0 
7fe104d37000-7fe104e37000 rw-p 00000000 00:00 0                          [stack:13192]
7fe104e37000-7fe104e38000 ---p 00000000 00:00 0 
7fe104e38000-7fe104f38000 rw-p 00000000 00:00 0                          [stack:13191]
7fe104f38000-7fe104f39000 ---p 00000000 00:00 0 
7fe104f39000-7fe105044000 rw-p 00000000 00:00 0                          [stack:13190]
7fe105044000-7fe10508c000 rw-p 00000000 00:00 0 
7fe10508c000-7fe1050a8000 rw-p 00000000 00:00 0 
7fe1050a8000-7fe1051e2000 rw-p 00000000 00:00 0 
7fe1051e2000-7fe1051ed000 rw-p 00000000 00:00 0 
7fe1051ed000-7fe105235000 rw-p 00000000 00:00 0 
7fe105235000-7fe105251000 rw-p 00000000 00:00 0 
7fe105251000-7fe10538a000 rw-p 00000000 00:00 0 
7fe10538a000-7fe105411000 rw-p 00000000 00:00 0 
7fe105411000-7fe105417000 ---p 00000000 00:00 0 
7fe105417000-7fe105435000 rw-p 00000000 00:00 0 
7fe105435000-7fe105436000 rw-p 00000000 00:00 0 
7fe105436000-7fe10543e000 r-xp 00000000 08:07 3149018                    /usr/lib/jvm/java-7-openjdk-amd64/jre/lib/amd64/libzip.so
7fe10543e000-7fe10563d000 ---p 00008000 08:07 3149018                    /usr/lib/jvm/java-7-openjdk-amd64/jre/lib/amd64/libzip.so
7fe10563d000-7fe10563e000 r--p 00007000 08:07 3149018                    /usr/lib/jvm/java-7-openjdk-amd64/jre/lib/amd64/libzip.so
7fe10563e000-7fe10563f000 rw-p 00008000 08:07 3149018                    /usr/lib/jvm/java-7-openjdk-amd64/jre/lib/amd64/libzip.so
7fe10563f000-7fe10564a000 r-xp 00000000 08:07 4198440                    /lib/x86_64-linux-gnu/libnss_files-2.19.so
7fe10564a000-7fe105849000 ---p 0000b000 08:07 4198440                    /lib/x86_64-linux-gnu/libnss_files-2.19.so
7fe105849000-7fe10584a000 r--p 0000a000 08:07 4198440                    /lib/x86_64-linux-gnu/libnss_files-2.19.so
7fe10584a000-7fe10584b000 rw-p 0000b000 08:07 4198440                    /lib/x86_64-linux-gnu/libnss_files-2.19.so
7fe10584b000-7fe105856000 r-xp 00000000 08:07 4200064                    /lib/x86_64-linux-gnu/libnss_nis-2.19.so
7fe105856000-7fe105a55000 ---p 0000b000 08:07 4200064                    /lib/x86_64-linux-gnu/libnss_nis-2.19.so
7fe105a55000-7fe105a56000 r--p 0000a000 08:07 4200064                    /lib/x86_64-linux-gnu/libnss_nis-2.19.so
7fe105a56000-7fe105a57000 rw-p 0000b000 08:07 4200064                    /lib/x86_64-linux-gnu/libnss_nis-2.19.so
7fe105a57000-7fe105a6e000 r-xp 00000000 08:07 4199530                    /lib/x86_64-linux-gnu/libnsl-2.19.so
7fe105a6e000-7fe105c6d000 ---p 00017000 08:07 4199530                    /lib/x86_64-linux-gnu/libnsl-2.19.so
7fe105c6d000-7fe105c6e000 r--p 00016000 08:07 4199530                    /lib/x86_64-linux-gnu/libnsl-2.19.so
7fe105c6e000-7fe105c6f000 rw-p 00017000 08:07 4199530                    /lib/x86_64-linux-gnu/libnsl-2.19.so
7fe105c6f000-7fe105c71000 rw-p 00000000 00:00 0 
7fe105c71000-7fe105c7a000 r-xp 00000000 08:07 4198482                    /lib/x86_64-linux-gnu/libnss_compat-2.19.so
7fe105c7a000-7fe105e79000 ---p 00009000 08:07 4198482                    /lib/x86_64-linux-gnu/libnss_compat-2.19.so
7fe105e79000-7fe105e7a000 r--p 00008000 08:07 4198482                    /lib/x86_64-linux-gnu/libnss_compat-2.19.so
7fe105e7a000-7fe105e7b000 rw-p 00009000 08:07 4198482                    /lib/x86_64-linux-gnu/libnss_compat-2.19.so
7fe105e7b000-7fe105ea6000 r-xp 00000000 08:07 3149029                    /usr/lib/jvm/java-7-openjdk-amd64/jre/lib/amd64/libjava.so
7fe105ea6000-7fe1060a6000 ---p 0002b000 08:07 3149029                    /usr/lib/jvm/java-7-openjdk-amd64/jre/lib/amd64/libjava.so
7fe1060a6000-7fe1060a7000 r--p 0002b000 08:07 3149029                    /usr/lib/jvm/java-7-openjdk-amd64/jre/lib/amd64/libjava.so
7fe1060a7000-7fe1060a9000 rw-p 0002c000 08:07 3149029                    /usr/lib/jvm/java-7-openjdk-amd64/jre/lib/amd64/libjava.so
7fe1060a9000-7fe1060b9000 r-xp 00000000 08:07 3149045                    /usr/lib/jvm/java-7-openjdk-amd64/jre/lib/amd64/libverify.so
7fe1060b9000-7fe1062b8000 ---p 00010000 08:07 3149045                    /usr/lib/jvm/java-7-openjdk-amd64/jre/lib/amd64/libverify.so
7fe1062b8000-7fe1062ba000 r--p 0000f000 08:07 3149045                    /usr/lib/jvm/java-7-openjdk-amd64/jre/lib/amd64/libverify.so
7fe1062ba000-7fe1062bb000 rw-p 00011000 08:07 3149045                    /usr/lib/jvm/java-7-openjdk-amd64/jre/lib/amd64/libverify.so
7fe1062bb000-7fe1062c2000 r-xp 00000000 08:07 4200061                    /lib/x86_64-linux-gnu/librt-2.19.so
7fe1062c2000-7fe1064c1000 ---p 00007000 08:07 4200061                    /lib/x86_64-linux-gnu/librt-2.19.so
7fe1064c1000-7fe1064c2000 r--p 00006000 08:07 4200061                    /lib/x86_64-linux-gnu/librt-2.19.so
7fe1064c2000-7fe1064c3000 rw-p 00007000 08:07 4200061                    /lib/x86_64-linux-gnu/librt-2.19.so
7fe1064c3000-7fe1064d9000 r-xp 00000000 08:07 4223721                    /lib/x86_64-linux-gnu/libgcc_s.so.1
7fe1064d9000-7fe1066d8000 ---p 00016000 08:07 4223721                    /lib/x86_64-linux-gnu/libgcc_s.so.1
7fe1066d8000-7fe1066d9000 rw-p 00015000 08:07 4223721                    /lib/x86_64-linux-gnu/libgcc_s.so.1
7fe1066d9000-7fe1067de000 r-xp 00000000 08:07 4198343                    /lib/x86_64-linux-gnu/libm-2.19.so
7fe1067de000-7fe1069dd000 ---p 00105000 08:07 4198343                    /lib/x86_64-linux-gnu/libm-2.19.so
7fe1069dd000-7fe1069de000 r--p 00104000 08:07 4198343                    /lib/x86_64-linux-gnu/libm-2.19.so
7fe1069de000-7fe1069df000 rw-p 00105000 08:07 4198343                    /lib/x86_64-linux-gnu/libm-2.19.so
7fe1069df000-7fe106ac5000 r-xp 00000000 08:07 1052838                    /usr/lib/x86_64-linux-gnu/libstdc++.so.6.0.19
7fe106ac5000-7fe106cc4000 ---p 000e6000 08:07 1052838                    /usr/lib/x86_64-linux-gnu/libstdc++.so.6.0.19
7fe106cc4000-7fe106ccc000 r--p 000e5000 08:07 1052838                    /usr/lib/x86_64-linux-gnu/libstdc++.so.6.0.19
7fe106ccc000-7fe106cce000 rw-p 000ed000 08:07 1052838                    /usr/lib/x86_64-linux-gnu/libstdc++.so.6.0.19
7fe106cce000-7fe106ce3000 rw-p 00000000 00:00 0 
7fe106ce3000-7fe107807000 r-xp 00000000 08:07 3149035                    /usr/lib/jvm/java-7-openjdk-amd64/jre/lib/amd64/server/libjvm.so
7fe107807000-7fe107a07000 ---p 00b24000 08:07 3149035                    /usr/lib/jvm/java-7-openjdk-amd64/jre/lib/amd64/server/libjvm.so
7fe107a07000-7fe107aa1000 r--p 00b24000 08:07 3149035                    /usr/lib/jvm/java-7-openjdk-amd64/jre/lib/amd64/server/libjvm.so
7fe107aa1000-7fe107ac4000 rw-p 00bbe000 08:07 3149035                    /usr/lib/jvm/java-7-openjdk-amd64/jre/lib/amd64/server/libjvm.so
7fe107ac4000-7fe107af2000 rw-p 00000000 00:00 0 
7fe107af2000-7fe107b0a000 r-xp 00000000 08:07 4198526                    /lib/x86_64-linux-gnu/libz.so.1.2.8
7fe107b0a000-7fe107d09000 ---p 00018000 08:07 4198526                    /lib/x86_64-linux-gnu/libz.so.1.2.8
7fe107d09000-7fe107d0a000 r--p 00017000 08:07 4198526                    /lib/x86_64-linux-gnu/libz.so.1.2.8
7fe107d0a000-7fe107d0b000 rw-p 00018000 08:07 4198526                    /lib/x86_64-linux-gnu/libz.so.1.2.8
7fe107d0b000-7fe107d24000 r-xp 00000000 08:07 4200059                    /lib/x86_64-linux-gnu/libpthread-2.19.so
7fe107d24000-7fe107f23000 ---p 00019000 08:07 4200059                    /lib/x86_64-linux-gnu/libpthread-2.19.so
7fe107f23000-7fe107f24000 r--p 00018000 08:07 4200059                    /lib/x86_64-linux-gnu/libpthread-2.19.so
7fe107f24000-7fe107f25000 rw-p 00019000 08:07 4200059                    /lib/x86_64-linux-gnu/libpthread-2.19.so
7fe107f25000-7fe107f29000 rw-p 00000000 00:00 0 
7fe107f29000-7fe107f2c000 r-xp 00000000 08:07 4198451                    /lib/x86_64-linux-gnu/libdl-2.19.so
7fe107f2c000-7fe10812b000 ---p 00003000 08:07 4198451                    /lib/x86_64-linux-gnu/libdl-2.19.so
7fe10812b000-7fe10812c000 r--p 00002000 08:07 4198451                    /lib/x86_64-linux-gnu/libdl-2.19.so
7fe10812c000-7fe10812d000 rw-p 00003000 08:07 4198451                    /lib/x86_64-linux-gnu/libdl-2.19.so
7fe10812d000-7fe1082e8000 r-xp 00000000 08:07 4200058                    /lib/x86_64-linux-gnu/libc-2.19.so
7fe1082e8000-7fe1084e7000 ---p 001bb000 08:07 4200058                    /lib/x86_64-linux-gnu/libc-2.19.so
7fe1084e7000-7fe1084eb000 r--p 001ba000 08:07 4200058                    /lib/x86_64-linux-gnu/libc-2.19.so
7fe1084eb000-7fe1084ed000 rw-p 001be000 08:07 4200058                    /lib/x86_64-linux-gnu/libc-2.19.so
7fe1084ed000-7fe1084f2000 rw-p 00000000 00:00 0 
7fe1084f2000-7fe1084ff000 r-xp 00000000 08:07 3149046                    /usr/lib/jvm/java-7-openjdk-amd64/jre/lib/amd64/jli/libjli.so
7fe1084ff000-7fe1086fe000 ---p 0000d000 08:07 3149046                    /usr/lib/jvm/java-7-openjdk-amd64/jre/lib/amd64/jli/libjli.so
7fe1086fe000-7fe1086ff000 r--p 0000c000 08:07 3149046                    /usr/lib/jvm/java-7-openjdk-amd64/jre/lib/amd64/jli/libjli.so
7fe1086ff000-7fe108700000 rw-p 0000d000 08:07 3149046                    /usr/lib/jvm/java-7-openjdk-amd64/jre/lib/amd64/jli/libjli.so
7fe108700000-7fe108723000 r-xp 00000000 08:07 4200046                    /lib/x86_64-linux-gnu/ld-2.19.so
7fe108723000-7fe10874c000 rw-p 00000000 00:00 0 
7fe10874c000-7fe1087fc000 rw-p 00000000 00:00 0 
7fe1087fc000-7fe1087ff000 ---p 00000000 00:00 0 
7fe1087ff000-7fe108902000 rw-p 00000000 00:00 0                          [stack:13189]
7fe108902000-7fe108903000 r--s 00002000 08:07 3149003                    /usr/lib/jvm/java-7-openjdk-amd64/jre/lib/ext/dnsns.jar
7fe108903000-7fe108907000 r--s 00085000 08:07 3148999                    /usr/lib/jvm/java-7-openjdk-amd64/jre/lib/ext/localedata.jar
7fe108907000-7fe108909000 r--s 00012000 08:07 3148998                    /usr/lib/jvm/java-7-openjdk-amd64/jre/lib/ext/zipfs.jar
7fe108909000-7fe10890d000 r--s 0003c000 08:07 3149002                    /usr/lib/jvm/java-7-openjdk-amd64/jre/lib/ext/sunpkcs11.jar
7fe10890d000-7fe10890f000 r--s 00006000 08:07 1456370                    /usr/share/java/java-atk-wrapper.jar
7fe10890f000-7fe108913000 r--s 00034000 08:07 3149001                    /usr/lib/jvm/java-7-openjdk-amd64/jre/lib/ext/sunjce_provider.jar
7fe108913000-7fe108916000 r--s 0000f000 08:07 3149000                    /usr/lib/jvm/java-7-openjdk-amd64/jre/lib/ext/icedtea-sound.jar
7fe108916000-7fe10891e000 rw-s 00000000 08:07 538269                     /tmp/hsperfdata_sanket/13183
7fe10891e000-7fe10891f000 rw-p 00000000 00:00 0 
7fe10891f000-7fe108920000 ---p 00000000 00:00 0 
7fe108920000-7fe108922000 rw-p 00000000 00:00 0 
7fe108922000-7fe108923000 r--p 00022000 08:07 4200046                    /lib/x86_64-linux-gnu/ld-2.19.so
7fe108923000-7fe108924000 rw-p 00023000 08:07 4200046                    /lib/x86_64-linux-gnu/ld-2.19.so
7fe108924000-7fe108925000 rw-p 00000000 00:00 0 
7ffea2b8d000-7ffea2baf000 rw-p 00000000 00:00 0                          [stack]
7ffea2be2000-7ffea2be4000 r-xp 00000000 00:00 0                          [vdso]
ffffffffff600000-ffffffffff601000 r-xp 00000000 00:00 0                  [vsyscall]

VM Arguments:
jvm_args: -Xmx1024M -Dfile.encoding=UTF-8 -Duser.country=US -Duser.language=en -Duser.variant 
java_command: com.android.dx.command.Main --dex --num-threads=4 --output /home/sanket/lokavidyaapp/app/build/intermediates/dex/debug /home/sanket/lokavidyaapp/app/build/intermediates/classes/debug /home/sanket/lokavidyaapp/app/build/intermediates/pre-dexed/debug/javax.inject-1-0b64f9413fa3755ee930a0fd931b6f28fcfd1ba8.jar /home/sanket/lokavidyaapp/app/build/intermediates/pre-dexed/debug/support-annotations-23.0.0-41a437c02f7a6970c95c376ed6bdd70acb20bd01.jar /home/sanket/lokavidyaapp/app/build/intermediates/pre-dexed/debug/classes-4de696b8cd2c7fd52921df39407071d77e87f0ad.jar /home/sanket/lokavidyaapp/app/build/intermediates/pre-dexed/debug/javawriter-2.5.0-3a8d508bc10837ab8cbcf85fe449bc3dec7561df.jar /home/sanket/lokavidyaapp/app/build/intermediates/pre-dexed/debug/classes-9946c7561ec486b51eee390f106f62bd579179b7.jar /home/sanket/lokavidyaapp/app/build/intermediates/pre-dexed/debug/classes-933ffedcad5cb31d6ab3ccf7ef238196230202d9.jar /home/sanket/lokavidyaapp/app/build/intermediates/pre-dexed/debug/classes-3e3f061d8e3b328eb2bc8ba78f255a7e21c5d841.jar /home/sanket/lokavidyaapp/app/build/intermediates/pre-dexed/debug/okhttp-urlconnection-2.2.0-976743ddad9a3ef9722483664b09ec90ad5f909c.jar /home/sanket/lokavidyaapp/app/build/intermediates/pre-dexed/debug/butterknife-5.1.2-b3d4f342f7177b4c045966065578a25e60c3253d.jar /home/sanket/lokavidyaapp/app/build/intermediates/pre-dexed/debug/classes-62d53d01ed515e86cc58fa8bb36e263cf16f290d.jar /home/sanket/lokavidyaapp/app/build/intermediates/pre-dexed/debug/dagger-1.2.2-535aaddd739252e164b51798e401f84fb8e1be12.jar /home/sanket/lokavidyaapp/app/build/intermediates/pre-dexed/debug/classes-a08987c29be08b8f2b38e9ab9648710b321b9863.jar /home/sanket/lokavidyaapp/app/build/intermediates/pre-dexed/debug/okio-1.3.0-0142cacad9fb31a4c96c9dd698abb91efe6d30a0.jar /home/sanket/lokavidyaapp/app/build/intermediates/pre-dexed/debug/dagger-compiler-1.2.2-7be9a82b60fc011b33e043a701870302c8455329.jar /home/sanket/lokavidyaapp/app/build/intermediates
Launcher Type: SUN_STANDARD

Environment Variables:
PATH=/home/sanket/bin:/usr/local/sbin:/usr/local/bin:/usr/sbin:/usr/bin:/sbin:/bin:/usr/games:/usr/local/games
SHELL=/bin/bash
DISPLAY=:0

Signal Handlers:
SIGSEGV: [libjvm.so+0x9548f0], sa_mask[0]=0x7ffbfeff, sa_flags=0x10000004
SIGBUS: [libjvm.so+0x9548f0], sa_mask[0]=0x7ffbfeff, sa_flags=0x10000004
SIGFPE: [libjvm.so+0x7cb0b0], sa_mask[0]=0x7ffbfeff, sa_flags=0x10000004
SIGPIPE: [libjvm.so+0x7cb0b0], sa_mask[0]=0x7ffbfeff, sa_flags=0x10000004
SIGXFSZ: [libjvm.so+0x7cb0b0], sa_mask[0]=0x7ffbfeff, sa_flags=0x10000004
SIGILL: [libjvm.so+0x7cb0b0], sa_mask[0]=0x7ffbfeff, sa_flags=0x10000004
SIGUSR1: SIG_DFL, sa_mask[0]=0x00000000, sa_flags=0x00000000
SIGUSR2: [libjvm.so+0x7caf50], sa_mask[0]=0x00000004, sa_flags=0x10000004
SIGHUP: [libjvm.so+0x7cb130], sa_mask[0]=0x7ffbfeff, sa_flags=0x10000004
SIGINT: [libjvm.so+0x7cb130], sa_mask[0]=0x7ffbfeff, sa_flags=0x10000004
SIGTERM: [libjvm.so+0x7cb130], sa_mask[0]=0x7ffbfeff, sa_flags=0x10000004
SIGQUIT: [libjvm.so+0x7cb130], sa_mask[0]=0x7ffbfeff, sa_flags=0x10000004
SIGTRAP: SIG_DFL, sa_mask[0]=0x00000000, sa_flags=0x00000000


---------------  S Y S T E M  ---------------

OS:Ubuntu 14.04 (trusty)
uname:Linux 3.13.0-76-generic #120-Ubuntu SMP Mon Jan 18 15:59:10 UTC 2016 x86_64
libc:glibc 2.19 NPTL 2.19 
rlimit: STACK 8192k, CORE 0k, NPROC 30418, NOFILE 4096, AS infinity
load average:4.53 1.61 1.00

/proc/meminfo:
MemTotal:        3950084 kB
MemFree:          121864 kB
Buffers:             452 kB
Cached:           375148 kB
SwapCached:            0 kB
Active:          3281880 kB
Inactive:         371832 kB
Active(anon):    3280144 kB
Inactive(anon):   360776 kB
Active(file):       1736 kB
Inactive(file):    11056 kB
Unevictable:          64 kB
Mlocked:              64 kB
SwapTotal:             0 kB
SwapFree:              0 kB
Dirty:               388 kB
Writeback:             0 kB
AnonPages:       3278412 kB
Mapped:           113320 kB
Shmem:            362572 kB
Slab:              68824 kB
SReclaimable:      30768 kB
SUnreclaim:        38056 kB
KernelStack:        5208 kB
PageTables:        42592 kB
NFS_Unstable:          0 kB
Bounce:                0 kB
WritebackTmp:          0 kB
CommitLimit:     1975040 kB
Committed_AS:    8796604 kB
VmallocTotal:   34359738367 kB
VmallocUsed:      348352 kB
VmallocChunk:   34359326736 kB
HardwareCorrupted:     0 kB
AnonHugePages:    684032 kB
HugePages_Total:       0
HugePages_Free:        0
HugePages_Rsvd:        0
HugePages_Surp:        0
Hugepagesize:       2048 kB
DirectMap4k:       96636 kB
DirectMap2M:     3999744 kB
DirectMap1G:           0 kB


CPU:total 4 (2 cores per cpu, 2 threads per core) family 6 model 69 stepping 1, cmov, cx8, fxsr, mmx, sse, sse2, sse3, ssse3, sse4.1, sse4.2, popcnt, avx, avx2, aes, erms, ht, tsc, tscinvbit

/proc/cpuinfo:
processor	: 0
vendor_id	: GenuineIntel
cpu family	: 6
model		: 69
model name	: Intel(R) Core(TM) i5-4210U CPU @ 1.70GHz
stepping	: 1
microcode	: 0x17
cpu MHz		: 1701.000
cache size	: 3072 KB
physical id	: 0
siblings	: 4
core id		: 0
cpu cores	: 2
apicid		: 0
initial apicid	: 0
fpu		: yes
fpu_exception	: yes
cpuid level	: 13
wp		: yes
flags		: fpu vme de pse tsc msr pae mce cx8 apic sep mtrr pge mca cmov pat pse36 clflush dts acpi mmx fxsr sse sse2 ss ht tm pbe syscall nx pdpe1gb rdtscp lm constant_tsc arch_perfmon pebs bts rep_good nopl xtopology nonstop_tsc aperfmperf eagerfpu pni pclmulqdq dtes64 monitor ds_cpl vmx est tm2 ssse3 fma cx16 xtpr pdcm pcid sse4_1 sse4_2 movbe popcnt tsc_deadline_timer aes xsave avx f16c rdrand lahf_lm abm ida arat epb xsaveopt pln pts dtherm tpr_shadow vnmi flexpriority ept vpid fsgsbase tsc_adjust bmi1 avx2 smep bmi2 erms invpcid
bogomips	: 3392.41
clflush size	: 64
cache_alignment	: 64
address sizes	: 39 bits physical, 48 bits virtual
power management:

processor	: 1
vendor_id	: GenuineIntel
cpu family	: 6
model		: 69
model name	: Intel(R) Core(TM) i5-4210U CPU @ 1.70GHz
stepping	: 1
microcode	: 0x17
cpu MHz		: 1700.000
cache size	: 3072 KB
physical id	: 0
siblings	: 4
core id		: 1
cpu cores	: 2
apicid		: 2
initial apicid	: 2
fpu		: yes
fpu_exception	: yes
cpuid level	: 13
wp		: yes
flags		: fpu vme de pse tsc msr pae mce cx8 apic sep mtrr pge mca cmov pat pse36 clflush dts acpi mmx fxsr sse sse2 ss ht tm pbe syscall nx pdpe1gb rdtscp lm constant_tsc arch_perfmon pebs bts rep_good nopl xtopology nonstop_tsc aperfmperf eagerfpu pni pclmulqdq dtes64 monitor ds_cpl vmx est tm2 ssse3 fma cx16 xtpr pdcm pcid sse4_1 sse4_2 movbe popcnt tsc_deadline_timer aes xsave avx f16c rdrand lahf_lm abm ida arat epb xsaveopt pln pts dtherm tpr_shadow vnmi flexpriority ept vpid fsgsbase tsc_adjust bmi1 avx2 smep bmi2 erms invpcid
bogomips	: 3392.41
clflush size	: 64
cache_alignment	: 64
address sizes	: 39 bits physical, 48 bits virtual
power management:

processor	: 2
vendor_id	: GenuineIntel
cpu family	: 6
model		: 69
model name	: Intel(R) Core(TM) i5-4210U CPU @ 1.70GHz
stepping	: 1
microcode	: 0x17
cpu MHz		: 1700.000
cache size	: 3072 KB
physical id	: 0
siblings	: 4
core id		: 0
cpu cores	: 2
apicid		: 1
initial apicid	: 1
fpu		: yes
fpu_exception	: yes
cpuid level	: 13
wp		: yes
flags		: fpu vme de pse tsc msr pae mce cx8 apic sep mtrr pge mca cmov pat pse36 clflush dts acpi mmx fxsr sse sse2 ss ht tm pbe syscall nx pdpe1gb rdtscp lm constant_tsc arch_perfmon pebs bts rep_good nopl xtopology nonstop_tsc aperfmperf eagerfpu pni pclmulqdq dtes64 monitor ds_cpl vmx est tm2 ssse3 fma cx16 xtpr pdcm pcid sse4_1 sse4_2 movbe popcnt tsc_deadline_timer aes xsave avx f16c rdrand lahf_lm abm ida arat epb xsaveopt pln pts dtherm tpr_shadow vnmi flexpriority ept vpid fsgsbase tsc_adjust bmi1 avx2 smep bmi2 erms invpcid
bogomips	: 3392.41
clflush size	: 64
cache_alignment	: 64
address sizes	: 39 bits physical, 48 bits virtual
power management:

processor	: 3
vendor_id	: GenuineIntel
cpu family	: 6
model		: 69
model name	: Intel(R) Core(TM) i5-4210U CPU @ 1.70GHz
stepping	: 1
microcode	: 0x17
cpu MHz		: 1700.000
cache size	: 3072 KB
physical id	: 0
siblings	: 4
core id		: 1
cpu cores	: 2
apicid		: 3
initial apicid	: 3
fpu		: yes
fpu_exception	: yes
cpuid level	: 13
wp		: yes
flags		: fpu vme de pse tsc msr pae mce cx8 apic sep mtrr pge mca cmov pat pse36 clflush dts acpi mmx fxsr sse sse2 ss ht tm pbe syscall nx pdpe1gb rdtscp lm constant_tsc arch_perfmon pebs bts rep_good nopl xtopology nonstop_tsc aperfmperf eagerfpu pni pclmulqdq dtes64 monitor ds_cpl vmx est tm2 ssse3 fma cx16 xtpr pdcm pcid sse4_1 sse4_2 movbe popcnt tsc_deadline_timer aes xsave avx f16c rdrand lahf_lm abm ida arat epb xsaveopt pln pts dtherm tpr_shadow vnmi flexpriority ept vpid fsgsbase tsc_adjust bmi1 avx2 smep bmi2 erms invpcid
bogomips	: 3392.41
clflush size	: 64
cache_alignment	: 64
address sizes	: 39 bits physical, 48 bits virtual
power management:



Memory: 4k page, physical 3950084k(121864k free), swap 0k(0k free)

vm_info: OpenJDK 64-Bit Server VM (24.91-b01) for linux-amd64 JRE (1.7.0_91-b02), built on Nov 19 2015 06:14:37 by "buildd" with gcc 4.8.2

time: Thu Feb 11 14:57:16 2016
elapsed time: 31 seconds

