#
# There is insufficient memory for the Java Runtime Environment to continue.
# Native memory allocation (malloc) failed to allocate 76546048 bytes for committing reserved memory.
# Possible reasons:
#   The system is out of physical RAM or swap space
#   In 32 bit mode, the process size limit was hit
# Possible solutions:
#   Reduce memory load on the system
#   Increase physical memory or swap space
#   Check if swap backing store is full
#   Use 64 bit Java on a 64 bit OS
#   Decrease Java heap size (-Xmx/-Xms)
#   Decrease number of Java threads
#   Decrease Java thread stack sizes (-Xss)
#   Set larger code cache with -XX:ReservedCodeCacheSize=
# This output file may be truncated or incomplete.
#
#  Out of Memory Error (os_linux.cpp:2827), pid=704, tid=140144046708480
#
# JRE version: OpenJDK Runtime Environment (7.0_91-b02) (build 1.7.0_91-b02)
# Java VM: OpenJDK 64-Bit Server VM (24.91-b01 mixed mode linux-amd64 compressed oops)
# Derivative: IcedTea 2.6.3
# Distribution: Ubuntu 14.04 LTS, package 7u91-2.6.3-0ubuntu0.14.04.1
# Failed to write core dump. Core dumps have been disabled. To enable core dumping, try "ulimit -c unlimited" before starting Java again
#

---------------  T H R E A D  ---------------

Current thread (0x00007f75d8077000):  VMThread [stack: 0x00007f75d40f1000,0x00007f75d41f2000] [id=714]

Stack: [0x00007f75d40f1000,0x00007f75d41f2000],  sp=0x00007f75d41f0490,  free space=1021k
Native frames: (J=compiled Java code, j=interpreted, Vv=VM code, C=native code)
V  [libjvm.so+0x953e15]  VMError::report_and_die()+0x175
V  [libjvm.so+0x48fd94]  report_vm_out_of_memory(char const*, int, unsigned long, char const*)+0x74
V  [libjvm.so+0x7cf87b]  os::pd_commit_memory(char*, unsigned long, unsigned long, bool)+0xeb
V  [libjvm.so+0x7ca33f]  os::commit_memory(char*, unsigned long, unsigned long, bool)+0x1f
V  [libjvm.so+0x83dacb]  PSVirtualSpace::expand_by(unsigned long)+0x5b
V  [libjvm.so+0x83e930]  PSYoungGen::resize_generation(unsigned long, unsigned long)+0xb0
V  [libjvm.so+0x83f01b]  PSYoungGen::resize(unsigned long, unsigned long)+0x1b
V  [libjvm.so+0x83b258]  PSScavenge::invoke_no_policy()+0xd68
V  [libjvm.so+0x83bac8]  PSScavenge::invoke()+0x38
V  [libjvm.so+0x7f2083]  ParallelScavengeHeap::failed_mem_allocate(unsigned long)+0x63
V  [libjvm.so+0x955814]  VM_ParallelGCFailedAllocation::doit()+0x84
V  [libjvm.so+0x959917]  VM_Operation::evaluate()+0x47
V  [libjvm.so+0x9583d8]  VMThread::evaluate_operation(VM_Operation*)+0x318
V  [libjvm.so+0x958839]  VMThread::loop()+0x219
V  [libjvm.so+0x958c82]  VMThread::run()+0x72
V  [libjvm.so+0x7cc742]  java_start(Thread*)+0xf2

VM_Operation (0x00007f75e04033e0): ParallelGCFailedAllocation, mode: safepoint, requested by thread 0x00007f75d800b800


---------------  P R O C E S S  ---------------

Java Threads: ( => current thread )
  0x00007f75d80b0800 JavaThread "Service Thread" daemon [_thread_blocked, id=720, stack(0x00007f75ccde8000,0x00007f75ccee9000)]
  0x00007f75d80ae800 JavaThread "C2 CompilerThread1" daemon [_thread_blocked, id=719, stack(0x00007f75ccee9000,0x00007f75ccfea000)]
  0x00007f75d80ab800 JavaThread "C2 CompilerThread0" daemon [_thread_blocked, id=718, stack(0x00007f75ccfea000,0x00007f75cd0eb000)]
  0x00007f75d80a9000 JavaThread "Signal Dispatcher" daemon [_thread_blocked, id=717, stack(0x00007f75cd0eb000,0x00007f75cd1ec000)]
  0x00007f75d807d800 JavaThread "Finalizer" daemon [_thread_blocked, id=716, stack(0x00007f75cd8ce000,0x00007f75cd9cf000)]
  0x00007f75d807b800 JavaThread "Reference Handler" daemon [_thread_blocked, id=715, stack(0x00007f75cd9cf000,0x00007f75cdad0000)]
  0x00007f75d800b800 JavaThread "main" [_thread_blocked, id=709, stack(0x00007f75e0304000,0x00007f75e0405000)]

Other Threads:
=>0x00007f75d8077000 VMThread [stack: 0x00007f75d40f1000,0x00007f75d41f2000] [id=714]
  0x00007f75d80bb800 WatcherThread [stack: 0x00007f75ccce7000,0x00007f75ccde8000] [id=721]

VM state:at safepoint (normal execution)

VM Mutex/Monitor currently owned by a thread:  ([mutex/lock_event])
[0x00007f75d8007da0] Threads_lock - owner thread: 0x00007f75d8077000
[0x00007f75d80082a0] Heap_lock - owner thread: 0x00007f75d800b800

Heap
 PSYoungGen      total 214528K, used 15002K [0x00000000eaa80000, 0x00000000f8c80000, 0x0000000100000000)
  eden space 197632K, 0% used [0x00000000eaa80000,0x00000000eaa80000,0x00000000f6b80000)
  from space 16896K, 88% used [0x00000000f6b80000,0x00000000f7a26a78,0x00000000f7c00000)
  to   space 16896K, 0% used [0x00000000f7c00000,0x00000000f7c00000,0x00000000f8c80000)
 ParOldGen       total 56320K, used 50792K [0x00000000c0000000, 0x00000000c3700000, 0x00000000eaa80000)
  object space 56320K, 90% used [0x00000000c0000000,0x00000000c319a208,0x00000000c3700000)
 PSPermGen       total 21504K, used 7712K [0x00000000b5a00000, 0x00000000b6f00000, 0x00000000c0000000)
  object space 21504K, 35% used [0x00000000b5a00000,0x00000000b6188170,0x00000000b6f00000)

Card table byte_map: [0x00007f75dccea000,0x00007f75dcf3e000] byte_map_base: 0x00007f75dc73d000

Polling page: 0x00007f75e0427000

Code Cache  [0x00007f75d5000000, 0x00007f75d53f0000, 0x00007f75d8000000)
 total_blobs=1514 nmethods=1260 adapters=207 free_code_cache=45192Kb largest_free_block=46220096

Compilation events (10 events):
Event: 8.778 Thread 0x00007f75d80ae800 nmethod 1280 0x00007f75d5310310 code [0x00007f75d5310440, 0x00007f75d5310498]
Event: 8.820 Thread 0x00007f75d80ab800 1281             com.android.dx.io.instructions.InstructionCodec$22::decode (37 bytes)
Event: 8.820 Thread 0x00007f75d80ae800 1282             com.android.dx.io.instructions.InstructionCodec$22::encode (31 bytes)
Event: 8.823 Thread 0x00007f75d80ae800 nmethod 1282 0x00007f75d53dc4d0 code [0x00007f75d53dc640, 0x00007f75d53dc898]
Event: 8.823 Thread 0x00007f75d80ae800 1283             com.android.dx.io.instructions.DecodedInstruction::getLiteralInt (53 bytes)
Event: 8.823 Thread 0x00007f75d80ab800 nmethod 1281 0x00007f75d53e3e50 code [0x00007f75d53e3fc0, 0x00007f75d53e4218]
Event: 8.823 Thread 0x00007f75d80ae800 nmethod 1283 0x00007f75d53dc290 code [0x00007f75d53dc3c0, 0x00007f75d53dc438]
Event: 8.877 Thread 0x00007f75d80ab800 1284             java.util.ComparableTimSort::gallopLeft (327 bytes)
Event: 8.899 Thread 0x00007f75d80ab800 nmethod 1284 0x00007f75d53e8a50 code [0x00007f75d53e8d20, 0x00007f75d53ea310]
Event: 8.998 Thread 0x00007f75d80ae800 1285 %           java.util.ComparableTimSort::mergeLo @ 143 (652 bytes)

GC Heap History (10 events):
Event: 7.002 GC heap after
Heap after GC invocations=7 (full 0):
 PSYoungGen      total 71680K, used 9202K [0x00000000eaa80000, 0x00000000f4080000, 0x0000000100000000)
  eden space 62464K, 0% used [0x00000000eaa80000,0x00000000eaa80000,0x00000000ee780000)
  from space 9216K, 99% used [0x00000000ee780000,0x00000000ef07c8b8,0x00000000ef080000)
  to   space 14336K, 0% used [0x00000000f3280000,0x00000000f3280000,0x00000000f4080000)
 ParOldGen       total 40960K, used 25821K [0x00000000c0000000, 0x00000000c2800000, 0x00000000eaa80000)
  object space 40960K, 63% used [0x00000000c0000000,0x00000000c1937498,0x00000000c2800000)
 PSPermGen       total 21504K, used 7508K [0x00000000b5a00000, 0x00000000b6f00000, 0x00000000c0000000)
  object space 21504K, 34% used [0x00000000b5a00000,0x00000000b6155300,0x00000000b6f00000)
}
Event: 7.522 GC heap before
{Heap before GC invocations=8 (full 0):
 PSYoungGen      total 71680K, used 71666K [0x00000000eaa80000, 0x00000000f4080000, 0x0000000100000000)
  eden space 62464K, 100% used [0x00000000eaa80000,0x00000000ee780000,0x00000000ee780000)
  from space 9216K, 99% used [0x00000000ee780000,0x00000000ef07c8b8,0x00000000ef080000)
  to   space 14336K, 0% used [0x00000000f3280000,0x00000000f3280000,0x00000000f4080000)
 ParOldGen       total 40960K, used 25821K [0x00000000c0000000, 0x00000000c2800000, 0x00000000eaa80000)
  object space 40960K, 63% used [0x00000000c0000000,0x00000000c1937498,0x00000000c2800000)
 PSPermGen       total 21504K, used 7587K [0x00000000b5a00000, 0x00000000b6f00000, 0x00000000c0000000)
  object space 21504K, 35% used [0x00000000b5a00000,0x00000000b6168f68,0x00000000b6f00000)
Event: 7.536 GC heap after
Heap after GC invocations=8 (full 0):
 PSYoungGen      total 137728K, used 12848K [0x00000000eaa80000, 0x00000000f4380000, 0x0000000100000000)
  eden space 123392K, 0% used [0x00000000eaa80000,0x00000000eaa80000,0x00000000f2300000)
  from space 14336K, 89% used [0x00000000f3280000,0x00000000f3f0c098,0x00000000f4080000)
  to   space 15872K, 0% used [0x00000000f2300000,0x00000000f2300000,0x00000000f3280000)
 ParOldGen       total 40960K, used 26113K [0x00000000c0000000, 0x00000000c2800000, 0x00000000eaa80000)
  object space 40960K, 63% used [0x00000000c0000000,0x00000000c19804e8,0x00000000c2800000)
 PSPermGen       total 21504K, used 7587K [0x00000000b5a00000, 0x00000000b6f00000, 0x00000000c0000000)
  object space 21504K, 35% used [0x00000000b5a00000,0x00000000b6168f68,0x00000000b6f00000)
}
Event: 8.019 GC heap before
{Heap before GC invocations=9 (full 0):
 PSYoungGen      total 137728K, used 136240K [0x00000000eaa80000, 0x00000000f4380000, 0x0000000100000000)
  eden space 123392K, 100% used [0x00000000eaa80000,0x00000000f2300000,0x00000000f2300000)
  from space 14336K, 89% used [0x00000000f3280000,0x00000000f3f0c098,0x00000000f4080000)
  to   space 15872K, 0% used [0x00000000f2300000,0x00000000f2300000,0x00000000f3280000)
 ParOldGen       total 40960K, used 26113K [0x00000000c0000000, 0x00000000c2800000, 0x00000000eaa80000)
  object space 40960K, 63% used [0x00000000c0000000,0x00000000c19804e8,0x00000000c2800000)
 PSPermGen       total 21504K, used 7697K [0x00000000b5a00000, 0x00000000b6f00000, 0x00000000c0000000)
  object space 21504K, 35% used [0x00000000b5a00000,0x00000000b6184740,0x00000000b6f00000)
Event: 8.045 GC heap after
Heap after GC invocations=9 (full 0):
 PSYoungGen      total 139264K, used 12342K [0x00000000eaa80000, 0x00000000f8c80000, 0x0000000100000000)
  eden space 123392K, 0% used [0x00000000eaa80000,0x00000000eaa80000,0x00000000f2300000)
  from space 15872K, 77% used [0x00000000f2300000,0x00000000f2f0d898,0x00000000f3280000)
  to   space 16896K, 0% used [0x00000000f7c00000,0x00000000f7c00000,0x00000000f8c80000)
 ParOldGen       total 40960K, used 28771K [0x00000000c0000000, 0x00000000c2800000, 0x00000000eaa80000)
  object space 40960K, 70% used [0x00000000c0000000,0x00000000c1c18d30,0x00000000c2800000)
 PSPermGen       total 21504K, used 7697K [0x00000000b5a00000, 0x00000000b6f00000, 0x00000000c0000000)
  object space 21504K, 35% used [0x00000000b5a00000,0x00000000b6184740,0x00000000b6f00000)
}
Event: 8.413 GC heap before
{Heap before GC invocations=10 (full 0):
 PSYoungGen      total 139264K, used 135734K [0x00000000eaa80000, 0x00000000f8c80000, 0x0000000100000000)
  eden space 123392K, 100% used [0x00000000eaa80000,0x00000000f2300000,0x00000000f2300000)
  from space 15872K, 77% used [0x00000000f2300000,0x00000000f2f0d898,0x00000000f3280000)
  to   space 16896K, 0% used [0x00000000f7c00000,0x00000000f7c00000,0x00000000f8c80000)
 ParOldGen       total 40960K, used 28771K [0x00000000c0000000, 0x00000000c2800000, 0x00000000eaa80000)
  object space 40960K, 70% used [0x00000000c0000000,0x00000000c1c18d30,0x00000000c2800000)
 PSPermGen       total 21504K, used 7707K [0x00000000b5a00000, 0x00000000b6f00000, 0x00000000c0000000)
  object space 21504K, 35% used [0x00000000b5a00000,0x00000000b6186da0,0x00000000b6f00000)
Event: 8.427 GC heap after
Heap after GC invocations=10 (full 0):
 PSYoungGen      total 214528K, used 11384K [0x00000000eaa80000, 0x00000000f8c80000, 0x0000000100000000)
  eden space 197632K, 0% used [0x00000000eaa80000,0x00000000eaa80000,0x00000000f6b80000)
  from space 16896K, 67% used [0x00000000f7c00000,0x00000000f871e258,0x00000000f8c80000)
  to   space 16896K, 0% used [0x00000000f6b80000,0x00000000f6b80000,0x00000000f7c00000)
 ParOldGen       total 40960K, used 35070K [0x00000000c0000000, 0x00000000c2800000, 0x00000000eaa80000)
  object space 40960K, 85% used [0x00000000c0000000,0x00000000c223f890,0x00000000c2800000)
 PSPermGen       total 21504K, used 7707K [0x00000000b5a00000, 0x00000000b6f00000, 0x00000000c0000000)
  object space 21504K, 35% used [0x00000000b5a00000,0x00000000b6186da0,0x00000000b6f00000)
}
Event: 8.444 GC heap before
{Heap before GC invocations=11 (full 1):
 PSYoungGen      total 214528K, used 11384K [0x00000000eaa80000, 0x00000000f8c80000, 0x0000000100000000)
  eden space 197632K, 0% used [0x00000000eaa80000,0x00000000eaa80000,0x00000000f6b80000)
  from space 16896K, 67% used [0x00000000f7c00000,0x00000000f871e258,0x00000000f8c80000)
  to   space 16896K, 0% used [0x00000000f6b80000,0x00000000f6b80000,0x00000000f7c00000)
 ParOldGen       total 40960K, used 35070K [0x00000000c0000000, 0x00000000c2800000, 0x00000000eaa80000)
  object space 40960K, 85% used [0x00000000c0000000,0x00000000c223f890,0x00000000c2800000)
 PSPermGen       total 21504K, used 7707K [0x00000000b5a00000, 0x00000000b6f00000, 0x00000000c0000000)
  object space 21504K, 35% used [0x00000000b5a00000,0x00000000b6186da0,0x00000000b6f00000)
Event: 8.601 GC heap after
Heap after GC invocations=11 (full 1):
 PSYoungGen      total 214528K, used 0K [0x00000000eaa80000, 0x00000000f8c80000, 0x0000000100000000)
  eden space 197632K, 0% used [0x00000000eaa80000,0x00000000eaa80000,0x00000000f6b80000)
  from space 16896K, 0% used [0x00000000f7c00000,0x00000000f7c00000,0x00000000f8c80000)
  to   space 16896K, 0% used [0x00000000f6b80000,0x00000000f6b80000,0x00000000f7c00000)
 ParOldGen       total 56320K, used 26135K [0x00000000c0000000, 0x00000000c3700000, 0x00000000eaa80000)
  object space 56320K, 46% used [0x00000000c0000000,0x00000000c1985cd0,0x00000000c3700000)
 PSPermGen       total 21504K, used 7703K [0x00000000b5a00000, 0x00000000b6f00000, 0x00000000c0000000)
  object space 21504K, 35% used [0x00000000b5a00000,0x00000000b6185f40,0x00000000b6f00000)
}
Event: 9.006 GC heap before
{Heap before GC invocations=12 (full 1):
 PSYoungGen      total 214528K, used 197632K [0x00000000eaa80000, 0x00000000f8c80000, 0x0000000100000000)
  eden space 197632K, 100% used [0x00000000eaa80000,0x00000000f6b80000,0x00000000f6b80000)
  from space 16896K, 0% used [0x00000000f7c00000,0x00000000f7c00000,0x00000000f8c80000)
  to   space 16896K, 0% used [0x00000000f6b80000,0x00000000f6b80000,0x00000000f7c00000)
 ParOldGen       total 56320K, used 26135K [0x00000000c0000000, 0x00000000c3700000, 0x00000000eaa80000)
  object space 56320K, 46% used [0x00000000c0000000,0x00000000c1985cd0,0x00000000c3700000)
 PSPermGen       total 21504K, used 7712K [0x00000000b5a00000, 0x00000000b6f00000, 0x00000000c0000000)
  object space 21504K, 35% used [0x00000000b5a00000,0x00000000b6188170,0x00000000b6f00000)

Deoptimization events (10 events):
Event: 8.193 Thread 0x00007f75d800b800 Uncommon trap: reason=unstable_if action=reinterpret pc=0x00007f75d52fb194 method=com.android.dex.Mutf8.encode([BILjava/lang/String;)V @ 24
Event: 8.338 Thread 0x00007f75d800b800 Uncommon trap: reason=unstable_if action=reinterpret pc=0x00007f75d533148c method=com.android.dex.Mutf8.countBytes(Ljava/lang/String;Z)J @ 28
Event: 8.392 Thread 0x00007f75d800b800 Uncommon trap: reason=unstable_if action=reinterpret pc=0x00007f75d5339b40 method=com.android.dex.Mutf8.countBytes(Ljava/lang/String;Z)J @ 28
Event: 8.652 Thread 0x00007f75d800b800 Uncommon trap: reason=unstable_if action=reinterpret pc=0x00007f75d533aeac method=com.android.dex.Mutf8.countBytes(Ljava/lang/String;Z)J @ 28
Event: 8.652 Thread 0x00007f75d800b800 Uncommon trap: reason=unstable_if action=reinterpret pc=0x00007f75d53bf7b4 method=com.android.dex.Mutf8.decode(Lcom/android/dex/util/ByteInput;[C)Ljava/lang/String; @ 54
Event: 8.652 Thread 0x00007f75d800b800 Uncommon trap: reason=unstable_if action=reinterpret pc=0x00007f75d52fcb98 method=com.android.dex.Mutf8.countBytes(Ljava/lang/String;Z)J @ 35
Event: 8.654 Thread 0x00007f75d800b800 Uncommon trap: reason=unstable_if action=reinterpret pc=0x00007f75d53abc4c method=com.android.dex.Mutf8.countBytes(Ljava/lang/String;Z)J @ 35
Event: 8.654 Thread 0x00007f75d800b800 Uncommon trap: reason=unstable_if action=reinterpret pc=0x00007f75d53d47b4 method=com.android.dex.Mutf8.encode([BILjava/lang/String;)V @ 31
Event: 8.658 Thread 0x00007f75d800b800 Uncommon trap: reason=unstable_if action=reinterpret pc=0x00007f75d53de458 method=com.android.dex.Mutf8.encode([BILjava/lang/String;)V @ 31
Event: 8.875 Thread 0x00007f75d800b800 Uncommon trap: reason=unstable_if action=reinterpret pc=0x00007f75d53e7498 method=java.util.ComparableTimSort.mergeLo(IIII)V @ 506

Internal exceptions (10 events):
Event: 6.781 Thread 0x00007f75d800b800 Threw 0x00000000ee204618 at /build/openjdk-7-zaTxYK/openjdk-7-7u91-2.6.3/build/openjdk/hotspot/src/share/vm/prims/jvm.cpp:1322
Event: 6.782 Thread 0x00007f75d800b800 Threw 0x00000000ee2082b0 at /build/openjdk-7-zaTxYK/openjdk-7-7u91-2.6.3/build/openjdk/hotspot/src/share/vm/prims/jvm.cpp:1322
Event: 6.782 Thread 0x00007f75d800b800 Threw 0x00000000ee20c098 at /build/openjdk-7-zaTxYK/openjdk-7-7u91-2.6.3/build/openjdk/hotspot/src/share/vm/prims/jvm.cpp:1322
Event: 6.783 Thread 0x00007f75d800b800 Threw 0x00000000ee212080 at /build/openjdk-7-zaTxYK/openjdk-7-7u91-2.6.3/build/openjdk/hotspot/src/share/vm/prims/jvm.cpp:1322
Event: 6.783 Thread 0x00007f75d800b800 Threw 0x00000000ee215b98 at /build/openjdk-7-zaTxYK/openjdk-7-7u91-2.6.3/build/openjdk/hotspot/src/share/vm/prims/jvm.cpp:1322
Event: 6.783 Thread 0x00007f75d800b800 Threw 0x00000000ee2198a8 at /build/openjdk-7-zaTxYK/openjdk-7-7u91-2.6.3/build/openjdk/hotspot/src/share/vm/prims/jvm.cpp:1322
Event: 6.784 Thread 0x00007f75d800b800 Threw 0x00000000ee21d328 at /build/openjdk-7-zaTxYK/openjdk-7-7u91-2.6.3/build/openjdk/hotspot/src/share/vm/prims/jvm.cpp:1322
Event: 6.786 Thread 0x00007f75d800b800 Threw 0x00000000ee224de8 at /build/openjdk-7-zaTxYK/openjdk-7-7u91-2.6.3/build/openjdk/hotspot/src/share/vm/prims/jvm.cpp:1322
Event: 6.786 Thread 0x00007f75d800b800 Threw 0x00000000ee2279a8 at /build/openjdk-7-zaTxYK/openjdk-7-7u91-2.6.3/build/openjdk/hotspot/src/share/vm/prims/jvm.cpp:1322
Event: 7.249 Thread 0x00007f75d800b800 Threw 0x00000000ebf35d88 at /build/openjdk-7-zaTxYK/openjdk-7-7u91-2.6.3/build/openjdk/hotspot/src/share/vm/prims/jvm.cpp:1322

Events (10 events):
Event: 8.654 Thread 0x00007f75d800b800 DEOPT PACKING pc=0x00007f75d53d47b4 sp=0x00007f75e0403460
Event: 8.654 Thread 0x00007f75d800b800 DEOPT UNPACKING pc=0x00007f75d5039445 sp=0x00007f75e0403428 mode 2
Event: 8.658 Thread 0x00007f75d800b800 Uncommon trap: trap_request=0xffffff75 fr.pc=0x00007f75d53de458
Event: 8.658 Thread 0x00007f75d800b800 DEOPT PACKING pc=0x00007f75d53de458 sp=0x00007f75e0403450
Event: 8.658 Thread 0x00007f75d800b800 DEOPT UNPACKING pc=0x00007f75d5039445 sp=0x00007f75e0403418 mode 2
Event: 8.700 Thread 0x00007f75d80ae800 flushing nmethod 0x00007f75d5310310
Event: 8.875 Thread 0x00007f75d800b800 Uncommon trap: trap_request=0xffffff75 fr.pc=0x00007f75d53e7498
Event: 8.875 Thread 0x00007f75d800b800 DEOPT PACKING pc=0x00007f75d53e7498 sp=0x00007f75e0403350
Event: 8.875 Thread 0x00007f75d800b800 DEOPT UNPACKING pc=0x00007f75d5039445 sp=0x00007f75e0403368 mode 2
Event: 9.006 Executing VM operation: ParallelGCFailedAllocation


Dynamic libraries:
00400000-00401000 r-xp 00000000 08:07 3148986                            /usr/lib/jvm/java-7-openjdk-amd64/jre/bin/java
00600000-00601000 r--p 00000000 08:07 3148986                            /usr/lib/jvm/java-7-openjdk-amd64/jre/bin/java
00601000-00602000 rw-p 00001000 08:07 3148986                            /usr/lib/jvm/java-7-openjdk-amd64/jre/bin/java
00f2f000-00f50000 rw-p 00000000 00:00 0                                  [heap]
b5a00000-b6f00000 rw-p 00000000 00:00 0 
b6f00000-c0000000 rw-p 00000000 00:00 0 
c0000000-c3700000 rw-p 00000000 00:00 0 
c3700000-eaa80000 rw-p 00000000 00:00 0 
eaa80000-f8c80000 rw-p 00000000 00:00 0 
fd580000-100000000 rw-p 00000000 00:00 0 
7f7588000000-7f7588051000 rw-p 00000000 00:00 0 
7f7588051000-7f758c000000 ---p 00000000 00:00 0 
7f758c000000-7f758c021000 rw-p 00000000 00:00 0 
7f758c021000-7f7590000000 ---p 00000000 00:00 0 
7f7590000000-7f7590021000 rw-p 00000000 00:00 0 
7f7590021000-7f7594000000 ---p 00000000 00:00 0 
7f7594000000-7f759402a000 rw-p 00000000 00:00 0 
7f759402a000-7f7598000000 ---p 00000000 00:00 0 
7f7598000000-7f7598021000 rw-p 00000000 00:00 0 
7f7598021000-7f759c000000 ---p 00000000 00:00 0 
7f759c000000-7f759c024000 rw-p 00000000 00:00 0 
7f759c024000-7f75a0000000 ---p 00000000 00:00 0 
7f75a0000000-7f75a13e0000 rw-p 00000000 00:00 0 
7f75a13e0000-7f75a4000000 ---p 00000000 00:00 0 
7f75a4000000-7f75a4021000 rw-p 00000000 00:00 0 
7f75a4021000-7f75a8000000 ---p 00000000 00:00 0 
7f75a8000000-7f75a8021000 rw-p 00000000 00:00 0 
7f75a8021000-7f75ac000000 ---p 00000000 00:00 0 
7f75ac000000-7f75ad4fd000 rw-p 00000000 00:00 0 
7f75ad4fd000-7f75b0000000 ---p 00000000 00:00 0 
7f75b0000000-7f75b0021000 rw-p 00000000 00:00 0 
7f75b0021000-7f75b4000000 ---p 00000000 00:00 0 
7f75b4000000-7f75b4021000 rw-p 00000000 00:00 0 
7f75b4021000-7f75b8000000 ---p 00000000 00:00 0 
7f75b8000000-7f75b8021000 rw-p 00000000 00:00 0 
7f75b8021000-7f75bc000000 ---p 00000000 00:00 0 
7f75bc000000-7f75bc242000 rw-p 00000000 00:00 0 
7f75bc242000-7f75c0000000 ---p 00000000 00:00 0 
7f75c0000000-7f75c0021000 rw-p 00000000 00:00 0 
7f75c0021000-7f75c4000000 ---p 00000000 00:00 0 
7f75c701f000-7f75c705c000 r-xp 00000000 08:07 4198346                    /lib/x86_64-linux-gnu/libpcre.so.3.13.1
7f75c705c000-7f75c725b000 ---p 0003d000 08:07 4198346                    /lib/x86_64-linux-gnu/libpcre.so.3.13.1
7f75c725b000-7f75c725c000 r--p 0003c000 08:07 4198346                    /lib/x86_64-linux-gnu/libpcre.so.3.13.1
7f75c725c000-7f75c725d000 rw-p 0003d000 08:07 4198346                    /lib/x86_64-linux-gnu/libpcre.so.3.13.1
7f75c725d000-7f75c7264000 r-xp 00000000 08:07 1071226                    /usr/lib/x86_64-linux-gnu/libffi.so.6.0.1
7f75c7264000-7f75c7463000 ---p 00007000 08:07 1071226                    /usr/lib/x86_64-linux-gnu/libffi.so.6.0.1
7f75c7463000-7f75c7464000 r--p 00006000 08:07 1071226                    /usr/lib/x86_64-linux-gnu/libffi.so.6.0.1
7f75c7464000-7f75c7465000 rw-p 00007000 08:07 1071226                    /usr/lib/x86_64-linux-gnu/libffi.so.6.0.1
7f75c7465000-7f75c747c000 r-xp 00000000 08:07 4198341                    /lib/x86_64-linux-gnu/libresolv-2.19.so
7f75c747c000-7f75c767c000 ---p 00017000 08:07 4198341                    /lib/x86_64-linux-gnu/libresolv-2.19.so
7f75c767c000-7f75c767d000 r--p 00017000 08:07 4198341                    /lib/x86_64-linux-gnu/libresolv-2.19.so
7f75c767d000-7f75c767e000 rw-p 00018000 08:07 4198341                    /lib/x86_64-linux-gnu/libresolv-2.19.so
7f75c767e000-7f75c7680000 rw-p 00000000 00:00 0 
7f75c7680000-7f75c76a0000 r-xp 00000000 08:07 4198493                    /lib/x86_64-linux-gnu/libselinux.so.1
7f75c76a0000-7f75c789f000 ---p 00020000 08:07 4198493                    /lib/x86_64-linux-gnu/libselinux.so.1
7f75c789f000-7f75c78a0000 r--p 0001f000 08:07 4198493                    /lib/x86_64-linux-gnu/libselinux.so.1
7f75c78a0000-7f75c78a1000 rw-p 00020000 08:07 4198493                    /lib/x86_64-linux-gnu/libselinux.so.1
7f75c78a1000-7f75c78a3000 rw-p 00000000 00:00 0 
7f75c78a3000-7f75c78a6000 r-xp 00000000 08:07 1048940                    /usr/lib/x86_64-linux-gnu/libgmodule-2.0.so.0.4002.0
7f75c78a6000-7f75c7aa5000 ---p 00003000 08:07 1048940                    /usr/lib/x86_64-linux-gnu/libgmodule-2.0.so.0.4002.0
7f75c7aa5000-7f75c7aa6000 r--p 00002000 08:07 1048940                    /usr/lib/x86_64-linux-gnu/libgmodule-2.0.so.0.4002.0
7f75c7aa6000-7f75c7aa7000 rw-p 00003000 08:07 1048940                    /usr/lib/x86_64-linux-gnu/libgmodule-2.0.so.0.4002.0
7f75c7aa7000-7f75c7bad000 r-xp 00000000 08:07 4198308                    /lib/x86_64-linux-gnu/libglib-2.0.so.0.4002.0
7f75c7bad000-7f75c7dac000 ---p 00106000 08:07 4198308                    /lib/x86_64-linux-gnu/libglib-2.0.so.0.4002.0
7f75c7dac000-7f75c7dad000 r--p 00105000 08:07 4198308                    /lib/x86_64-linux-gnu/libglib-2.0.so.0.4002.0
7f75c7dad000-7f75c7dae000 rw-p 00106000 08:07 4198308                    /lib/x86_64-linux-gnu/libglib-2.0.so.0.4002.0
7f75c7dae000-7f75c7daf000 rw-p 00000000 00:00 0 
7f75c7daf000-7f75c7dfe000 r-xp 00000000 08:07 1048958                    /usr/lib/x86_64-linux-gnu/libgobject-2.0.so.0.4002.0
7f75c7dfe000-7f75c7ffe000 ---p 0004f000 08:07 1048958                    /usr/lib/x86_64-linux-gnu/libgobject-2.0.so.0.4002.0
7f75c7ffe000-7f75c7fff000 r--p 0004f000 08:07 1048958                    /usr/lib/x86_64-linux-gnu/libgobject-2.0.so.0.4002.0
7f75c7fff000-7f75c8000000 rw-p 00050000 08:07 1048958                    /usr/lib/x86_64-linux-gnu/libgobject-2.0.so.0.4002.0
7f75c8000000-7f75c8021000 rw-p 00000000 00:00 0 
7f75c8021000-7f75cc000000 ---p 00000000 00:00 0 
7f75cc045000-7f75cc1b1000 r-xp 00000000 08:07 1048962                    /usr/lib/x86_64-linux-gnu/libgio-2.0.so.0.4002.0
7f75cc1b1000-7f75cc3b0000 ---p 0016c000 08:07 1048962                    /usr/lib/x86_64-linux-gnu/libgio-2.0.so.0.4002.0
7f75cc3b0000-7f75cc3b4000 r--p 0016b000 08:07 1048962                    /usr/lib/x86_64-linux-gnu/libgio-2.0.so.0.4002.0
7f75cc3b4000-7f75cc3b6000 rw-p 0016f000 08:07 1048962                    /usr/lib/x86_64-linux-gnu/libgio-2.0.so.0.4002.0
7f75cc3b6000-7f75cc3b8000 rw-p 00000000 00:00 0 
7f75cc3b8000-7f75cc3cf000 r-xp 00000000 08:07 3149050                    /usr/lib/jvm/java-7-openjdk-amd64/jre/lib/amd64/libnet.so
7f75cc3cf000-7f75cc5ce000 ---p 00017000 08:07 3149050                    /usr/lib/jvm/java-7-openjdk-amd64/jre/lib/amd64/libnet.so
7f75cc5ce000-7f75cc5cf000 r--p 00016000 08:07 3149050                    /usr/lib/jvm/java-7-openjdk-amd64/jre/lib/amd64/libnet.so
7f75cc5cf000-7f75cc5d0000 rw-p 00017000 08:07 3149050                    /usr/lib/jvm/java-7-openjdk-amd64/jre/lib/amd64/libnet.so
7f75cc5d0000-7f75cc5e0000 r-xp 00000000 08:07 3149013                    /usr/lib/jvm/java-7-openjdk-amd64/jre/lib/amd64/libnio.so
7f75cc5e0000-7f75cc7e0000 ---p 00010000 08:07 3149013                    /usr/lib/jvm/java-7-openjdk-amd64/jre/lib/amd64/libnio.so
7f75cc7e0000-7f75cc7e1000 r--p 00010000 08:07 3149013                    /usr/lib/jvm/java-7-openjdk-amd64/jre/lib/amd64/libnio.so
7f75cc7e1000-7f75cc7e2000 rw-p 00011000 08:07 3149013                    /usr/lib/jvm/java-7-openjdk-amd64/jre/lib/amd64/libnio.so
7f75cc7e2000-7f75cc7e5000 ---p 00000000 00:00 0 
7f75cc7e5000-7f75cc8e3000 rw-p 00000000 00:00 0 
7f75cc8e3000-7f75cc8e6000 ---p 00000000 00:00 0 
7f75cc8e6000-7f75cc9e4000 rw-p 00000000 00:00 0 
7f75cc9e4000-7f75cc9e7000 ---p 00000000 00:00 0 
7f75cc9e7000-7f75ccae5000 rw-p 00000000 00:00 0 
7f75ccae5000-7f75ccae8000 ---p 00000000 00:00 0 
7f75ccae8000-7f75ccbe6000 rw-p 00000000 00:00 0 
7f75ccbe6000-7f75ccbe9000 ---p 00000000 00:00 0 
7f75ccbe9000-7f75ccce7000 rw-p 00000000 00:00 0 
7f75ccce7000-7f75ccce8000 ---p 00000000 00:00 0 
7f75ccce8000-7f75ccde8000 rw-p 00000000 00:00 0                          [stack:721]
7f75ccde8000-7f75ccdeb000 ---p 00000000 00:00 0 
7f75ccdeb000-7f75ccee9000 rw-p 00000000 00:00 0                          [stack:720]
7f75ccee9000-7f75cceec000 ---p 00000000 00:00 0 
7f75cceec000-7f75ccfea000 rw-p 00000000 00:00 0                          [stack:719]
7f75ccfea000-7f75ccfed000 ---p 00000000 00:00 0 
7f75ccfed000-7f75cd0eb000 rw-p 00000000 00:00 0                          [stack:718]
7f75cd0eb000-7f75cd0ee000 ---p 00000000 00:00 0 
7f75cd0ee000-7f75cd1ec000 rw-p 00000000 00:00 0                          [stack:717]
7f75cd1ec000-7f75cd8ce000 r--p 00000000 08:07 1056383                    /usr/lib/locale/locale-archive
7f75cd8ce000-7f75cd8d1000 ---p 00000000 00:00 0 
7f75cd8d1000-7f75cd9cf000 rw-p 00000000 00:00 0                          [stack:716]
7f75cd9cf000-7f75cd9d2000 ---p 00000000 00:00 0 
7f75cd9d2000-7f75d0000000 rw-p 00000000 00:00 0                          [stack:715]
7f75d0000000-7f75d0021000 rw-p 00000000 00:00 0 
7f75d0021000-7f75d4000000 ---p 00000000 00:00 0 
7f75d40f1000-7f75d40f2000 ---p 00000000 00:00 0 
7f75d40f2000-7f75d5000000 rw-p 00000000 00:00 0                          [stack:714]
7f75d5000000-7f75d53f0000 rwxp 00000000 00:00 0 
7f75d53f0000-7f75d821b000 rw-p 00000000 00:00 0 
7f75d821b000-7f75dc000000 ---p 00000000 00:00 0 
7f75dc03c000-7f75dc041000 r--s 0004e000 08:07 3149062                    /usr/lib/jvm/java-7-openjdk-amd64/jre/lib/jsse.jar
7f75dc041000-7f75dc050000 r--s 000df000 08:07 3419560                    /home/sanket/android-sdks/build-tools/23.0.0/lib/dx.jar
7f75dc050000-7f75dc23f000 rw-p 00000000 00:00 0 
7f75dc23f000-7f75dc3f1000 r--s 01d2e000 08:07 3149006                    /usr/lib/jvm/java-7-openjdk-amd64/jre/lib/rt.jar
7f75dc3f1000-7f75dc73d000 rw-p 00000000 00:00 0 
7f75dc73d000-7f75dc73e000 ---p 00000000 00:00 0 
7f75dc73e000-7f75dc83e000 rw-p 00000000 00:00 0                          [stack:713]
7f75dc83e000-7f75dc83f000 ---p 00000000 00:00 0 
7f75dc83f000-7f75dc93f000 rw-p 00000000 00:00 0                          [stack:712]
7f75dc93f000-7f75dc940000 ---p 00000000 00:00 0 
7f75dc940000-7f75dca40000 rw-p 00000000 00:00 0                          [stack:711]
7f75dca40000-7f75dca41000 ---p 00000000 00:00 0 
7f75dca41000-7f75dcb4c000 rw-p 00000000 00:00 0                          [stack:710]
7f75dcb4c000-7f75dcb94000 rw-p 00000000 00:00 0 
7f75dcb94000-7f75dcbb0000 rw-p 00000000 00:00 0 
7f75dcbb0000-7f75dccea000 rw-p 00000000 00:00 0 
7f75dccea000-7f75dccf5000 rw-p 00000000 00:00 0 
7f75dccf5000-7f75dcd3d000 rw-p 00000000 00:00 0 
7f75dcd3d000-7f75dcd59000 rw-p 00000000 00:00 0 
7f75dcd59000-7f75dce92000 rw-p 00000000 00:00 0 
7f75dce92000-7f75dcf04000 rw-p 00000000 00:00 0 
7f75dcf04000-7f75dcf3d000 rw-p 00000000 00:00 0 
7f75dcf3d000-7f75dcf3e000 rw-p 00000000 00:00 0 
7f75dcf3e000-7f75dcf46000 r-xp 00000000 08:07 3149018                    /usr/lib/jvm/java-7-openjdk-amd64/jre/lib/amd64/libzip.so
7f75dcf46000-7f75dd145000 ---p 00008000 08:07 3149018                    /usr/lib/jvm/java-7-openjdk-amd64/jre/lib/amd64/libzip.so
7f75dd145000-7f75dd146000 r--p 00007000 08:07 3149018                    /usr/lib/jvm/java-7-openjdk-amd64/jre/lib/amd64/libzip.so
7f75dd146000-7f75dd147000 rw-p 00008000 08:07 3149018                    /usr/lib/jvm/java-7-openjdk-amd64/jre/lib/amd64/libzip.so
7f75dd147000-7f75dd152000 r-xp 00000000 08:07 4198440                    /lib/x86_64-linux-gnu/libnss_files-2.19.so
7f75dd152000-7f75dd351000 ---p 0000b000 08:07 4198440                    /lib/x86_64-linux-gnu/libnss_files-2.19.so
7f75dd351000-7f75dd352000 r--p 0000a000 08:07 4198440                    /lib/x86_64-linux-gnu/libnss_files-2.19.so
7f75dd352000-7f75dd353000 rw-p 0000b000 08:07 4198440                    /lib/x86_64-linux-gnu/libnss_files-2.19.so
7f75dd353000-7f75dd35e000 r-xp 00000000 08:07 4200064                    /lib/x86_64-linux-gnu/libnss_nis-2.19.so
7f75dd35e000-7f75dd55d000 ---p 0000b000 08:07 4200064                    /lib/x86_64-linux-gnu/libnss_nis-2.19.so
7f75dd55d000-7f75dd55e000 r--p 0000a000 08:07 4200064                    /lib/x86_64-linux-gnu/libnss_nis-2.19.so
7f75dd55e000-7f75dd55f000 rw-p 0000b000 08:07 4200064                    /lib/x86_64-linux-gnu/libnss_nis-2.19.so
7f75dd55f000-7f75dd576000 r-xp 00000000 08:07 4199530                    /lib/x86_64-linux-gnu/libnsl-2.19.so
7f75dd576000-7f75dd775000 ---p 00017000 08:07 4199530                    /lib/x86_64-linux-gnu/libnsl-2.19.so
7f75dd775000-7f75dd776000 r--p 00016000 08:07 4199530                    /lib/x86_64-linux-gnu/libnsl-2.19.so
7f75dd776000-7f75dd777000 rw-p 00017000 08:07 4199530                    /lib/x86_64-linux-gnu/libnsl-2.19.so
7f75dd777000-7f75dd779000 rw-p 00000000 00:00 0 
7f75dd779000-7f75dd782000 r-xp 00000000 08:07 4198482                    /lib/x86_64-linux-gnu/libnss_compat-2.19.so
7f75dd782000-7f75dd981000 ---p 00009000 08:07 4198482                    /lib/x86_64-linux-gnu/libnss_compat-2.19.so
7f75dd981000-7f75dd982000 r--p 00008000 08:07 4198482                    /lib/x86_64-linux-gnu/libnss_compat-2.19.so
7f75dd982000-7f75dd983000 rw-p 00009000 08:07 4198482                    /lib/x86_64-linux-gnu/libnss_compat-2.19.so
7f75dd983000-7f75dd9ae000 r-xp 00000000 08:07 3149029                    /usr/lib/jvm/java-7-openjdk-amd64/jre/lib/amd64/libjava.so
7f75dd9ae000-7f75ddbae000 ---p 0002b000 08:07 3149029                    /usr/lib/jvm/java-7-openjdk-amd64/jre/lib/amd64/libjava.so
7f75ddbae000-7f75ddbaf000 r--p 0002b000 08:07 3149029                    /usr/lib/jvm/java-7-openjdk-amd64/jre/lib/amd64/libjava.so
7f75ddbaf000-7f75ddbb1000 rw-p 0002c000 08:07 3149029                    /usr/lib/jvm/java-7-openjdk-amd64/jre/lib/amd64/libjava.so
7f75ddbb1000-7f75ddbc1000 r-xp 00000000 08:07 3149045                    /usr/lib/jvm/java-7-openjdk-amd64/jre/lib/amd64/libverify.so
7f75ddbc1000-7f75dddc0000 ---p 00010000 08:07 3149045                    /usr/lib/jvm/java-7-openjdk-amd64/jre/lib/amd64/libverify.so
7f75dddc0000-7f75dddc2000 r--p 0000f000 08:07 3149045                    /usr/lib/jvm/java-7-openjdk-amd64/jre/lib/amd64/libverify.so
7f75dddc2000-7f75dddc3000 rw-p 00011000 08:07 3149045                    /usr/lib/jvm/java-7-openjdk-amd64/jre/lib/amd64/libverify.so
7f75dddc3000-7f75dddca000 r-xp 00000000 08:07 4200061                    /lib/x86_64-linux-gnu/librt-2.19.so
7f75dddca000-7f75ddfc9000 ---p 00007000 08:07 4200061                    /lib/x86_64-linux-gnu/librt-2.19.so
7f75ddfc9000-7f75ddfca000 r--p 00006000 08:07 4200061                    /lib/x86_64-linux-gnu/librt-2.19.so
7f75ddfca000-7f75ddfcb000 rw-p 00007000 08:07 4200061                    /lib/x86_64-linux-gnu/librt-2.19.so
7f75ddfcb000-7f75ddfe1000 r-xp 00000000 08:07 4223721                    /lib/x86_64-linux-gnu/libgcc_s.so.1
7f75ddfe1000-7f75de1e0000 ---p 00016000 08:07 4223721                    /lib/x86_64-linux-gnu/libgcc_s.so.1
7f75de1e0000-7f75de1e1000 rw-p 00015000 08:07 4223721                    /lib/x86_64-linux-gnu/libgcc_s.so.1
7f75de1e1000-7f75de2e6000 r-xp 00000000 08:07 4198343                    /lib/x86_64-linux-gnu/libm-2.19.so
7f75de2e6000-7f75de4e5000 ---p 00105000 08:07 4198343                    /lib/x86_64-linux-gnu/libm-2.19.so
7f75de4e5000-7f75de4e6000 r--p 00104000 08:07 4198343                    /lib/x86_64-linux-gnu/libm-2.19.so
7f75de4e6000-7f75de4e7000 rw-p 00105000 08:07 4198343                    /lib/x86_64-linux-gnu/libm-2.19.so
7f75de4e7000-7f75de5cd000 r-xp 00000000 08:07 1052838                    /usr/lib/x86_64-linux-gnu/libstdc++.so.6.0.19
7f75de5cd000-7f75de7cc000 ---p 000e6000 08:07 1052838                    /usr/lib/x86_64-linux-gnu/libstdc++.so.6.0.19
7f75de7cc000-7f75de7d4000 r--p 000e5000 08:07 1052838                    /usr/lib/x86_64-linux-gnu/libstdc++.so.6.0.19
7f75de7d4000-7f75de7d6000 rw-p 000ed000 08:07 1052838                    /usr/lib/x86_64-linux-gnu/libstdc++.so.6.0.19
7f75de7d6000-7f75de7eb000 rw-p 00000000 00:00 0 
7f75de7eb000-7f75df30f000 r-xp 00000000 08:07 3149035                    /usr/lib/jvm/java-7-openjdk-amd64/jre/lib/amd64/server/libjvm.so
7f75df30f000-7f75df50f000 ---p 00b24000 08:07 3149035                    /usr/lib/jvm/java-7-openjdk-amd64/jre/lib/amd64/server/libjvm.so
7f75df50f000-7f75df5a9000 r--p 00b24000 08:07 3149035                    /usr/lib/jvm/java-7-openjdk-amd64/jre/lib/amd64/server/libjvm.so
7f75df5a9000-7f75df5cc000 rw-p 00bbe000 08:07 3149035                    /usr/lib/jvm/java-7-openjdk-amd64/jre/lib/amd64/server/libjvm.so
7f75df5cc000-7f75df5fa000 rw-p 00000000 00:00 0 
7f75df5fa000-7f75df612000 r-xp 00000000 08:07 4198526                    /lib/x86_64-linux-gnu/libz.so.1.2.8
7f75df612000-7f75df811000 ---p 00018000 08:07 4198526                    /lib/x86_64-linux-gnu/libz.so.1.2.8
7f75df811000-7f75df812000 r--p 00017000 08:07 4198526                    /lib/x86_64-linux-gnu/libz.so.1.2.8
7f75df812000-7f75df813000 rw-p 00018000 08:07 4198526                    /lib/x86_64-linux-gnu/libz.so.1.2.8
7f75df813000-7f75df82c000 r-xp 00000000 08:07 4200059                    /lib/x86_64-linux-gnu/libpthread-2.19.so
7f75df82c000-7f75dfa2b000 ---p 00019000 08:07 4200059                    /lib/x86_64-linux-gnu/libpthread-2.19.so
7f75dfa2b000-7f75dfa2c000 r--p 00018000 08:07 4200059                    /lib/x86_64-linux-gnu/libpthread-2.19.so
7f75dfa2c000-7f75dfa2d000 rw-p 00019000 08:07 4200059                    /lib/x86_64-linux-gnu/libpthread-2.19.so
7f75dfa2d000-7f75dfa31000 rw-p 00000000 00:00 0 
7f75dfa31000-7f75dfa34000 r-xp 00000000 08:07 4198451                    /lib/x86_64-linux-gnu/libdl-2.19.so
7f75dfa34000-7f75dfc33000 ---p 00003000 08:07 4198451                    /lib/x86_64-linux-gnu/libdl-2.19.so
7f75dfc33000-7f75dfc34000 r--p 00002000 08:07 4198451                    /lib/x86_64-linux-gnu/libdl-2.19.so
7f75dfc34000-7f75dfc35000 rw-p 00003000 08:07 4198451                    /lib/x86_64-linux-gnu/libdl-2.19.so
7f75dfc35000-7f75dfdf0000 r-xp 00000000 08:07 4200058                    /lib/x86_64-linux-gnu/libc-2.19.so
7f75dfdf0000-7f75dffef000 ---p 001bb000 08:07 4200058                    /lib/x86_64-linux-gnu/libc-2.19.so
7f75dffef000-7f75dfff3000 r--p 001ba000 08:07 4200058                    /lib/x86_64-linux-gnu/libc-2.19.so
7f75dfff3000-7f75dfff5000 rw-p 001be000 08:07 4200058                    /lib/x86_64-linux-gnu/libc-2.19.so
7f75dfff5000-7f75dfffa000 rw-p 00000000 00:00 0 
7f75dfffa000-7f75e0007000 r-xp 00000000 08:07 3149046                    /usr/lib/jvm/java-7-openjdk-amd64/jre/lib/amd64/jli/libjli.so
7f75e0007000-7f75e0206000 ---p 0000d000 08:07 3149046                    /usr/lib/jvm/java-7-openjdk-amd64/jre/lib/amd64/jli/libjli.so
7f75e0206000-7f75e0207000 r--p 0000c000 08:07 3149046                    /usr/lib/jvm/java-7-openjdk-amd64/jre/lib/amd64/jli/libjli.so
7f75e0207000-7f75e0208000 rw-p 0000d000 08:07 3149046                    /usr/lib/jvm/java-7-openjdk-amd64/jre/lib/amd64/jli/libjli.so
7f75e0208000-7f75e022b000 r-xp 00000000 08:07 4200046                    /lib/x86_64-linux-gnu/ld-2.19.so
7f75e022b000-7f75e0254000 rw-p 00000000 00:00 0 
7f75e0254000-7f75e0304000 rw-p 00000000 00:00 0 
7f75e0304000-7f75e0307000 ---p 00000000 00:00 0 
7f75e0307000-7f75e040a000 rw-p 00000000 00:00 0                          [stack:709]
7f75e040a000-7f75e040b000 r--s 00002000 08:07 3149003                    /usr/lib/jvm/java-7-openjdk-amd64/jre/lib/ext/dnsns.jar
7f75e040b000-7f75e040f000 r--s 00085000 08:07 3148999                    /usr/lib/jvm/java-7-openjdk-amd64/jre/lib/ext/localedata.jar
7f75e040f000-7f75e0411000 r--s 00012000 08:07 3148998                    /usr/lib/jvm/java-7-openjdk-amd64/jre/lib/ext/zipfs.jar
7f75e0411000-7f75e0415000 r--s 0003c000 08:07 3149002                    /usr/lib/jvm/java-7-openjdk-amd64/jre/lib/ext/sunpkcs11.jar
7f75e0415000-7f75e0417000 r--s 00006000 08:07 1456370                    /usr/share/java/java-atk-wrapper.jar
7f75e0417000-7f75e041b000 r--s 00034000 08:07 3149001                    /usr/lib/jvm/java-7-openjdk-amd64/jre/lib/ext/sunjce_provider.jar
7f75e041b000-7f75e041e000 r--s 0000f000 08:07 3149000                    /usr/lib/jvm/java-7-openjdk-amd64/jre/lib/ext/icedtea-sound.jar
7f75e041e000-7f75e0426000 rw-s 00000000 08:07 536853                     /tmp/hsperfdata_sanket/704
7f75e0426000-7f75e0427000 rw-p 00000000 00:00 0 
7f75e0427000-7f75e0428000 ---p 00000000 00:00 0 
7f75e0428000-7f75e042a000 rw-p 00000000 00:00 0 
7f75e042a000-7f75e042b000 r--p 00022000 08:07 4200046                    /lib/x86_64-linux-gnu/ld-2.19.so
7f75e042b000-7f75e042c000 rw-p 00023000 08:07 4200046                    /lib/x86_64-linux-gnu/ld-2.19.so
7f75e042c000-7f75e042d000 rw-p 00000000 00:00 0 
7ffcafaee000-7ffcafb10000 rw-p 00000000 00:00 0                          [stack]
7ffcafb72000-7ffcafb74000 r-xp 00000000 00:00 0                          [vdso]
ffffffffff600000-ffffffffff601000 r-xp 00000000 00:00 0                  [vsyscall]

VM Arguments:
jvm_args: -Xmx1024M -Dfile.encoding=UTF-8 -Duser.country=US -Duser.language=en -Duser.variant 
java_command: com.android.dx.command.Main --dex --num-threads=4 --output /home/sanket/lokavidyaapp/app/build/intermediates/dex/debug /home/sanket/lokavidyaapp/app/build/intermediates/classes/debug /home/sanket/lokavidyaapp/app/build/intermediates/pre-dexed/debug/javax.inject-1-0b64f9413fa3755ee930a0fd931b6f28fcfd1ba8.jar /home/sanket/lokavidyaapp/app/build/intermediates/pre-dexed/debug/support-annotations-23.0.0-41a437c02f7a6970c95c376ed6bdd70acb20bd01.jar /home/sanket/lokavidyaapp/app/build/intermediates/pre-dexed/debug/javawriter-2.5.0-3a8d508bc10837ab8cbcf85fe449bc3dec7561df.jar /home/sanket/lokavidyaapp/app/build/intermediates/pre-dexed/debug/classes-9946c7561ec486b51eee390f106f62bd579179b7.jar /home/sanket/lokavidyaapp/app/build/intermediates/pre-dexed/debug/classes-933ffedcad5cb31d6ab3ccf7ef238196230202d9.jar /home/sanket/lokavidyaapp/app/build/intermediates/pre-dexed/debug/classes-3e3f061d8e3b328eb2bc8ba78f255a7e21c5d841.jar /home/sanket/lokavidyaapp/app/build/intermediates/pre-dexed/debug/okhttp-urlconnection-2.2.0-976743ddad9a3ef9722483664b09ec90ad5f909c.jar /home/sanket/lokavidyaapp/app/build/intermediates/pre-dexed/debug/butterknife-5.1.2-b3d4f342f7177b4c045966065578a25e60c3253d.jar /home/sanket/lokavidyaapp/app/build/intermediates/pre-dexed/debug/dagger-1.2.2-535aaddd739252e164b51798e401f84fb8e1be12.jar /home/sanket/lokavidyaapp/app/build/intermediates/pre-dexed/debug/classes-5c544c235141166f4ac169edb86c17617b49dabd.jar /home/sanket/lokavidyaapp/app/build/intermediates/pre-dexed/debug/okio-1.3.0-0142cacad9fb31a4c96c9dd698abb91efe6d30a0.jar /home/sanket/lokavidyaapp/app/build/intermediates/pre-dexed/debug/dagger-compiler-1.2.2-7be9a82b60fc011b33e043a701870302c8455329.jar /home/sanket/lokavidyaapp/app/build/intermediates/pre-dexed/debug/classes-19aa64ff8b564cc1eca1761211721def1ec26b92.jar /home/sanket/lokavidyaapp/app/build/intermediates/pre-dexed/debug/picasso-2.4.0-49da5b14e642f5132d25b7fb3fef55bb03b48420.jar /home/sanket/lokavidyaapp/app/build/interme
Launcher Type: SUN_STANDARD

Environment Variables:
PATH=/home/sanket/bin:/usr/local/sbin:/usr/local/bin:/usr/sbin:/usr/bin:/sbin:/bin:/usr/games:/usr/local/games
SHELL=/bin/bash
DISPLAY=:0

Signal Handlers:
SIGSEGV: [libjvm.so+0x9548f0], sa_mask[0]=0x7ffbfeff, sa_flags=0x10000004
SIGBUS: [libjvm.so+0x9548f0], sa_mask[0]=0x7ffbfeff, sa_flags=0x10000004
SIGFPE: [libjvm.so+0x7cb0b0], sa_mask[0]=0x7ffbfeff, sa_flags=0x10000004
SIGPIPE: [libjvm.so+0x7cb0b0], sa_mask[0]=0x7ffbfeff, sa_flags=0x10000004
SIGXFSZ: [libjvm.so+0x7cb0b0], sa_mask[0]=0x7ffbfeff, sa_flags=0x10000004
SIGILL: [libjvm.so+0x7cb0b0], sa_mask[0]=0x7ffbfeff, sa_flags=0x10000004
SIGUSR1: SIG_DFL, sa_mask[0]=0x00000000, sa_flags=0x00000000
SIGUSR2: [libjvm.so+0x7caf50], sa_mask[0]=0x00000004, sa_flags=0x10000004
SIGHUP: [libjvm.so+0x7cb130], sa_mask[0]=0x7ffbfeff, sa_flags=0x10000004
SIGINT: [libjvm.so+0x7cb130], sa_mask[0]=0x7ffbfeff, sa_flags=0x10000004
SIGTERM: [libjvm.so+0x7cb130], sa_mask[0]=0x7ffbfeff, sa_flags=0x10000004
SIGQUIT: [libjvm.so+0x7cb130], sa_mask[0]=0x7ffbfeff, sa_flags=0x10000004
SIGTRAP: SIG_DFL, sa_mask[0]=0x00000000, sa_flags=0x00000000


---------------  S Y S T E M  ---------------

OS:Ubuntu 14.04 (trusty)
uname:Linux 3.13.0-76-generic #120-Ubuntu SMP Mon Jan 18 15:59:10 UTC 2016 x86_64
libc:glibc 2.19 NPTL 2.19 
rlimit: STACK 8192k, CORE 0k, NPROC 30418, NOFILE 4096, AS infinity
load average:2.22 0.86 0.63

/proc/meminfo:
MemTotal:        3950084 kB
MemFree:          107384 kB
Buffers:             720 kB
Cached:           396780 kB
SwapCached:            0 kB
Active:          3296868 kB
Inactive:         385292 kB
Active(anon):    3288196 kB
Inactive(anon):   371884 kB
Active(file):       8672 kB
Inactive(file):    13408 kB
Unevictable:          48 kB
Mlocked:              48 kB
SwapTotal:             0 kB
SwapFree:              0 kB
Dirty:              1740 kB
Writeback:             0 kB
AnonPages:       3284848 kB
Mapped:            67780 kB
Shmem:            375280 kB
Slab:              66372 kB
SReclaimable:      30464 kB
SUnreclaim:        35908 kB
KernelStack:        4760 kB
PageTables:        34228 kB
NFS_Unstable:          0 kB
Bounce:                0 kB
WritebackTmp:          0 kB
CommitLimit:     1975040 kB
Committed_AS:    7365804 kB
VmallocTotal:   34359738367 kB
VmallocUsed:      348368 kB
VmallocChunk:   34359334780 kB
HardwareCorrupted:     0 kB
AnonHugePages:   1200128 kB
HugePages_Total:       0
HugePages_Free:        0
HugePages_Rsvd:        0
HugePages_Surp:        0
Hugepagesize:       2048 kB
DirectMap4k:      104828 kB
DirectMap2M:     2942976 kB
DirectMap1G:     1048576 kB


CPU:total 4 (2 cores per cpu, 2 threads per core) family 6 model 69 stepping 1, cmov, cx8, fxsr, mmx, sse, sse2, sse3, ssse3, sse4.1, sse4.2, popcnt, avx, avx2, aes, erms, ht, tsc, tscinvbit

/proc/cpuinfo:
processor	: 0
vendor_id	: GenuineIntel
cpu family	: 6
model		: 69
model name	: Intel(R) Core(TM) i5-4210U CPU @ 1.70GHz
stepping	: 1
microcode	: 0x17
cpu MHz		: 1701.000
cache size	: 3072 KB
physical id	: 0
siblings	: 4
core id		: 0
cpu cores	: 2
apicid		: 0
initial apicid	: 0
fpu		: yes
fpu_exception	: yes
cpuid level	: 13
wp		: yes
flags		: fpu vme de pse tsc msr pae mce cx8 apic sep mtrr pge mca cmov pat pse36 clflush dts acpi mmx fxsr sse sse2 ss ht tm pbe syscall nx pdpe1gb rdtscp lm constant_tsc arch_perfmon pebs bts rep_good nopl xtopology nonstop_tsc aperfmperf eagerfpu pni pclmulqdq dtes64 monitor ds_cpl vmx est tm2 ssse3 fma cx16 xtpr pdcm pcid sse4_1 sse4_2 movbe popcnt tsc_deadline_timer aes xsave avx f16c rdrand lahf_lm abm ida arat epb xsaveopt pln pts dtherm tpr_shadow vnmi flexpriority ept vpid fsgsbase tsc_adjust bmi1 avx2 smep bmi2 erms invpcid
bogomips	: 3391.96
clflush size	: 64
cache_alignment	: 64
address sizes	: 39 bits physical, 48 bits virtual
power management:

processor	: 1
vendor_id	: GenuineIntel
cpu family	: 6
model		: 69
model name	: Intel(R) Core(TM) i5-4210U CPU @ 1.70GHz
stepping	: 1
microcode	: 0x17
cpu MHz		: 1700.000
cache size	: 3072 KB
physical id	: 0
siblings	: 4
core id		: 1
cpu cores	: 2
apicid		: 2
initial apicid	: 2
fpu		: yes
fpu_exception	: yes
cpuid level	: 13
wp		: yes
flags		: fpu vme de pse tsc msr pae mce cx8 apic sep mtrr pge mca cmov pat pse36 clflush dts acpi mmx fxsr sse sse2 ss ht tm pbe syscall nx pdpe1gb rdtscp lm constant_tsc arch_perfmon pebs bts rep_good nopl xtopology nonstop_tsc aperfmperf eagerfpu pni pclmulqdq dtes64 monitor ds_cpl vmx est tm2 ssse3 fma cx16 xtpr pdcm pcid sse4_1 sse4_2 movbe popcnt tsc_deadline_timer aes xsave avx f16c rdrand lahf_lm abm ida arat epb xsaveopt pln pts dtherm tpr_shadow vnmi flexpriority ept vpid fsgsbase tsc_adjust bmi1 avx2 smep bmi2 erms invpcid
bogomips	: 3391.96
clflush size	: 64
cache_alignment	: 64
address sizes	: 39 bits physical, 48 bits virtual
power management:

processor	: 2
vendor_id	: GenuineIntel
cpu family	: 6
model		: 69
model name	: Intel(R) Core(TM) i5-4210U CPU @ 1.70GHz
stepping	: 1
microcode	: 0x17
cpu MHz		: 1300.000
cache size	: 3072 KB
physical id	: 0
siblings	: 4
core id		: 0
cpu cores	: 2
apicid		: 1
initial apicid	: 1
fpu		: yes
fpu_exception	: yes
cpuid level	: 13
wp		: yes
flags		: fpu vme de pse tsc msr pae mce cx8 apic sep mtrr pge mca cmov pat pse36 clflush dts acpi mmx fxsr sse sse2 ss ht tm pbe syscall nx pdpe1gb rdtscp lm constant_tsc arch_perfmon pebs bts rep_good nopl xtopology nonstop_tsc aperfmperf eagerfpu pni pclmulqdq dtes64 monitor ds_cpl vmx est tm2 ssse3 fma cx16 xtpr pdcm pcid sse4_1 sse4_2 movbe popcnt tsc_deadline_timer aes xsave avx f16c rdrand lahf_lm abm ida arat epb xsaveopt pln pts dtherm tpr_shadow vnmi flexpriority ept vpid fsgsbase tsc_adjust bmi1 avx2 smep bmi2 erms invpcid
bogomips	: 3391.96
clflush size	: 64
cache_alignment	: 64
address sizes	: 39 bits physical, 48 bits virtual
power management:

processor	: 3
vendor_id	: GenuineIntel
cpu family	: 6
model		: 69
model name	: Intel(R) Core(TM) i5-4210U CPU @ 1.70GHz
stepping	: 1
microcode	: 0x17
cpu MHz		: 1700.000
cache size	: 3072 KB
physical id	: 0
siblings	: 4
core id		: 1
cpu cores	: 2
apicid		: 3
initial apicid	: 3
fpu		: yes
fpu_exception	: yes
cpuid level	: 13
wp		: yes
flags		: fpu vme de pse tsc msr pae mce cx8 apic sep mtrr pge mca cmov pat pse36 clflush dts acpi mmx fxsr sse sse2 ss ht tm pbe syscall nx pdpe1gb rdtscp lm constant_tsc arch_perfmon pebs bts rep_good nopl xtopology nonstop_tsc aperfmperf eagerfpu pni pclmulqdq dtes64 monitor ds_cpl vmx est tm2 ssse3 fma cx16 xtpr pdcm pcid sse4_1 sse4_2 movbe popcnt tsc_deadline_timer aes xsave avx f16c rdrand lahf_lm abm ida arat epb xsaveopt pln pts dtherm tpr_shadow vnmi flexpriority ept vpid fsgsbase tsc_adjust bmi1 avx2 smep bmi2 erms invpcid
bogomips	: 3391.96
clflush size	: 64
cache_alignment	: 64
address sizes	: 39 bits physical, 48 bits virtual
power management:



Memory: 4k page, physical 3950084k(107136k free), swap 0k(0k free)

vm_info: OpenJDK 64-Bit Server VM (24.91-b01) for linux-amd64 JRE (1.7.0_91-b02), built on Nov 19 2015 06:14:37 by "buildd" with gcc 4.8.2

time: Thu Feb  4 19:10:14 2016
elapsed time: 10 seconds

