#
# There is insufficient memory for the Java Runtime Environment to continue.
# Native memory allocation (malloc) failed to allocate 74973184 bytes for committing reserved memory.
# Possible reasons:
#   The system is out of physical RAM or swap space
#   In 32 bit mode, the process size limit was hit
# Possible solutions:
#   Reduce memory load on the system
#   Increase physical memory or swap space
#   Check if swap backing store is full
#   Use 64 bit Java on a 64 bit OS
#   Decrease Java heap size (-Xmx/-Xms)
#   Decrease number of Java threads
#   Decrease Java thread stack sizes (-Xss)
#   Set larger code cache with -XX:ReservedCodeCacheSize=
# This output file may be truncated or incomplete.
#
#  Out of Memory Error (os_linux.cpp:2827), pid=7650, tid=140067894748928
#
# JRE version: OpenJDK Runtime Environment (7.0_91-b02) (build 1.7.0_91-b02)
# Java VM: OpenJDK 64-Bit Server VM (24.91-b01 mixed mode linux-amd64 compressed oops)
# Derivative: IcedTea 2.6.3
# Distribution: Ubuntu 14.04 LTS, package 7u91-2.6.3-0ubuntu0.14.04.1
# Failed to write core dump. Core dumps have been disabled. To enable core dumping, try "ulimit -c unlimited" before starting Java again
#

---------------  T H R E A D  ---------------

Current thread (0x00007f642c077000):  VMThread [stack: 0x00007f64190c6000,0x00007f64191c7000] [id=7660]

Stack: [0x00007f64190c6000,0x00007f64191c7000],  sp=0x00007f64191c5490,  free space=1021k
Native frames: (J=compiled Java code, j=interpreted, Vv=VM code, C=native code)
V  [libjvm.so+0x953e15]  VMError::report_and_die()+0x175
V  [libjvm.so+0x48fd94]  report_vm_out_of_memory(char const*, int, unsigned long, char const*)+0x74
V  [libjvm.so+0x7cf87b]  os::pd_commit_memory(char*, unsigned long, unsigned long, bool)+0xeb
V  [libjvm.so+0x7ca33f]  os::commit_memory(char*, unsigned long, unsigned long, bool)+0x1f
V  [libjvm.so+0x83dacb]  PSVirtualSpace::expand_by(unsigned long)+0x5b
V  [libjvm.so+0x83e930]  PSYoungGen::resize_generation(unsigned long, unsigned long)+0xb0
V  [libjvm.so+0x83f01b]  PSYoungGen::resize(unsigned long, unsigned long)+0x1b
V  [libjvm.so+0x83b258]  PSScavenge::invoke_no_policy()+0xd68
V  [libjvm.so+0x83bac8]  PSScavenge::invoke()+0x38
V  [libjvm.so+0x7f2083]  ParallelScavengeHeap::failed_mem_allocate(unsigned long)+0x63
V  [libjvm.so+0x955814]  VM_ParallelGCFailedAllocation::doit()+0x84
V  [libjvm.so+0x959917]  VM_Operation::evaluate()+0x47
V  [libjvm.so+0x9583d8]  VMThread::evaluate_operation(VM_Operation*)+0x318
V  [libjvm.so+0x958839]  VMThread::loop()+0x219
V  [libjvm.so+0x958c82]  VMThread::run()+0x72
V  [libjvm.so+0x7cc742]  java_start(Thread*)+0xf2

VM_Operation (0x00007f6433919630): ParallelGCFailedAllocation, mode: safepoint, requested by thread 0x00007f642c00b800


---------------  P R O C E S S  ---------------

Java Threads: ( => current thread )
  0x00007f642c0b0800 JavaThread "Service Thread" daemon [_thread_blocked, id=7666, stack(0x00007f64183de000,0x00007f64184df000)]
  0x00007f642c0ae800 JavaThread "C2 CompilerThread1" daemon [_thread_blocked, id=7665, stack(0x00007f64184df000,0x00007f64185e0000)]
  0x00007f642c0ab800 JavaThread "C2 CompilerThread0" daemon [_thread_blocked, id=7664, stack(0x00007f64185e0000,0x00007f64186e1000)]
  0x00007f642c0a9000 JavaThread "Signal Dispatcher" daemon [_thread_blocked, id=7663, stack(0x00007f64186e1000,0x00007f64187e2000)]
  0x00007f642c07d800 JavaThread "Finalizer" daemon [_thread_blocked, id=7662, stack(0x00007f6418ec4000,0x00007f6418fc5000)]
  0x00007f642c07b800 JavaThread "Reference Handler" daemon [_thread_blocked, id=7661, stack(0x00007f6418fc5000,0x00007f64190c6000)]
  0x00007f642c00b800 JavaThread "main" [_thread_blocked, id=7655, stack(0x00007f643381a000,0x00007f643391b000)]

Other Threads:
=>0x00007f642c077000 VMThread [stack: 0x00007f64190c6000,0x00007f64191c7000] [id=7660]
  0x00007f642c0bb800 WatcherThread [stack: 0x00007f64182dd000,0x00007f64183de000] [id=7667]

VM state:at safepoint (normal execution)

VM Mutex/Monitor currently owned by a thread:  ([mutex/lock_event])
[0x00007f642c007da0] Threads_lock - owner thread: 0x00007f642c077000
[0x00007f642c0082a0] Heap_lock - owner thread: 0x00007f642c00b800

Heap
 PSYoungGen      total 138752K, used 8470K [0x00000000eaa80000, 0x00000000f4080000, 0x0000000100000000)
  eden space 124416K, 0% used [0x00000000eaa80000,0x00000000eaa80000,0x00000000f2400000)
  from space 14336K, 59% used [0x00000000f2400000,0x00000000f2c45b28,0x00000000f3200000)
  to   space 13824K, 0% used [0x00000000f3200000,0x00000000f3200000,0x00000000f3f80000)
 ParOldGen       total 40960K, used 28035K [0x00000000c0000000, 0x00000000c2800000, 0x00000000eaa80000)
  object space 40960K, 68% used [0x00000000c0000000,0x00000000c1b60c58,0x00000000c2800000)
 PSPermGen       total 21504K, used 7695K [0x00000000b5a00000, 0x00000000b6f00000, 0x00000000c0000000)
  object space 21504K, 35% used [0x00000000b5a00000,0x00000000b6183dd8,0x00000000b6f00000)

Card table byte_map: [0x00007f6430200000,0x00007f6430454000] byte_map_base: 0x00007f642fc53000

Polling page: 0x00007f643393d000

Code Cache  [0x00007f6429000000, 0x00007f64293d0000, 0x00007f642c000000)
 total_blobs=1455 nmethods=1201 adapters=207 free_code_cache=45310Kb largest_free_block=46342720

Compilation events (10 events):
Event: 7.985 Thread 0x00007f642c0ab800 1215             com.android.dx.io.instructions.InstructionCodec$11::decode (38 bytes)
Event: 7.988 Thread 0x00007f642c0ab800 nmethod 1215 0x00007f64293c1ed0 code [0x00007f64293c2020, 0x00007f64293c2218]
Event: 7.988 Thread 0x00007f642c0ab800 1216             com.android.dx.io.instructions.InstructionCodec$11::encode (22 bytes)
Event: 7.988 Thread 0x00007f642c0ae800 nmethod 1214 0x00007f64293cb690 code [0x00007f64293cb860, 0x00007f64293cbc90]
Event: 7.991 Thread 0x00007f642c0ab800 nmethod 1216 0x00007f64293cb050 code [0x00007f64293cb1c0, 0x00007f64293cb3f8]
Event: 7.992 Thread 0x00007f642c0ae800 1217             com.android.dx.merge.DexMerger::transformClassDef (160 bytes)
Event: 7.992 Thread 0x00007f642c0ab800 1218             com.android.dx.merge.IndexMap::adjustAnnotationDirectory (18 bytes)
Event: 8.000 Thread 0x00007f642c0ab800 nmethod 1218 0x00007f64293c57d0 code [0x00007f64293c5960, 0x00007f64293c5c78]
Event: 8.000 Thread 0x00007f642c0ab800 1219             com.android.dx.merge.IndexMap::adjustStaticValues (18 bytes)
Event: 8.007 Thread 0x00007f642c0ab800 nmethod 1219 0x00007f64293c4f10 code [0x00007f64293c50a0, 0x00007f64293c53b8]

GC Heap History (10 events):
Event: 2.181 GC heap after
Heap after GC invocations=4 (full 0):
 PSYoungGen      total 34304K, used 2547K [0x00000000eaa80000, 0x00000000ece80000, 0x0000000100000000)
  eden space 31744K, 0% used [0x00000000eaa80000,0x00000000eaa80000,0x00000000ec980000)
  from space 2560K, 99% used [0x00000000ecc00000,0x00000000ece7ce30,0x00000000ece80000)
  to   space 2560K, 0% used [0x00000000ec980000,0x00000000ec980000,0x00000000ecc00000)
 ParOldGen       total 40960K, used 12284K [0x00000000c0000000, 0x00000000c2800000, 0x00000000eaa80000)
  object space 40960K, 29% used [0x00000000c0000000,0x00000000c0bff2d8,0x00000000c2800000)
 PSPermGen       total 21504K, used 5589K [0x00000000b5a00000, 0x00000000b6f00000, 0x00000000c0000000)
  object space 21504K, 25% used [0x00000000b5a00000,0x00000000b5f75690,0x00000000b6f00000)
}
Event: 2.802 GC heap before
{Heap before GC invocations=5 (full 0):
 PSYoungGen      total 34304K, used 34291K [0x00000000eaa80000, 0x00000000ece80000, 0x0000000100000000)
  eden space 31744K, 100% used [0x00000000eaa80000,0x00000000ec980000,0x00000000ec980000)
  from space 2560K, 99% used [0x00000000ecc00000,0x00000000ece7ce30,0x00000000ece80000)
  to   space 2560K, 0% used [0x00000000ec980000,0x00000000ec980000,0x00000000ecc00000)
 ParOldGen       total 40960K, used 12284K [0x00000000c0000000, 0x00000000c2800000, 0x00000000eaa80000)
  object space 40960K, 29% used [0x00000000c0000000,0x00000000c0bff2d8,0x00000000c2800000)
 PSPermGen       total 21504K, used 5621K [0x00000000b5a00000, 0x00000000b6f00000, 0x00000000c0000000)
  object space 21504K, 26% used [0x00000000b5a00000,0x00000000b5f7d458,0x00000000b6f00000)
Event: 2.817 GC heap after
Heap after GC invocations=5 (full 0):
 PSYoungGen      total 34304K, used 2546K [0x00000000eaa80000, 0x00000000ef880000, 0x0000000100000000)
  eden space 31744K, 0% used [0x00000000eaa80000,0x00000000eaa80000,0x00000000ec980000)
  from space 2560K, 99% used [0x00000000ec980000,0x00000000ecbfca90,0x00000000ecc00000)
  to   space 8192K, 0% used [0x00000000ef080000,0x00000000ef080000,0x00000000ef880000)
 ParOldGen       total 40960K, used 17030K [0x00000000c0000000, 0x00000000c2800000, 0x00000000eaa80000)
  object space 40960K, 41% used [0x00000000c0000000,0x00000000c10a1840,0x00000000c2800000)
 PSPermGen       total 21504K, used 5621K [0x00000000b5a00000, 0x00000000b6f00000, 0x00000000c0000000)
  object space 21504K, 26% used [0x00000000b5a00000,0x00000000b5f7d458,0x00000000b6f00000)
}
Event: 3.395 GC heap before
{Heap before GC invocations=6 (full 0):
 PSYoungGen      total 34304K, used 34290K [0x00000000eaa80000, 0x00000000ef880000, 0x0000000100000000)
  eden space 31744K, 100% used [0x00000000eaa80000,0x00000000ec980000,0x00000000ec980000)
  from space 2560K, 99% used [0x00000000ec980000,0x00000000ecbfca90,0x00000000ecc00000)
  to   space 8192K, 0% used [0x00000000ef080000,0x00000000ef080000,0x00000000ef880000)
 ParOldGen       total 40960K, used 17030K [0x00000000c0000000, 0x00000000c2800000, 0x00000000eaa80000)
  object space 40960K, 41% used [0x00000000c0000000,0x00000000c10a1840,0x00000000c2800000)
 PSPermGen       total 21504K, used 5645K [0x00000000b5a00000, 0x00000000b6f00000, 0x00000000c0000000)
  object space 21504K, 26% used [0x00000000b5a00000,0x00000000b5f83608,0x00000000b6f00000)
Event: 3.415 GC heap after
Heap after GC invocations=6 (full 0):
 PSYoungGen      total 70656K, used 8160K [0x00000000eaa80000, 0x00000000efa80000, 0x0000000100000000)
  eden space 62464K, 0% used [0x00000000eaa80000,0x00000000eaa80000,0x00000000ee780000)
  from space 8192K, 99% used [0x00000000ef080000,0x00000000ef878320,0x00000000ef880000)
  to   space 9216K, 0% used [0x00000000ee780000,0x00000000ee780000,0x00000000ef080000)
 ParOldGen       total 40960K, used 17230K [0x00000000c0000000, 0x00000000c2800000, 0x00000000eaa80000)
  object space 40960K, 42% used [0x00000000c0000000,0x00000000c10d3800,0x00000000c2800000)
 PSPermGen       total 21504K, used 5645K [0x00000000b5a00000, 0x00000000b6f00000, 0x00000000c0000000)
  object space 21504K, 26% used [0x00000000b5a00000,0x00000000b5f83608,0x00000000b6f00000)
}
Event: 6.990 GC heap before
{Heap before GC invocations=7 (full 0):
 PSYoungGen      total 70656K, used 69968K [0x00000000eaa80000, 0x00000000efa80000, 0x0000000100000000)
  eden space 62464K, 98% used [0x00000000eaa80000,0x00000000ee6dc098,0x00000000ee780000)
  from space 8192K, 99% used [0x00000000ef080000,0x00000000ef878320,0x00000000ef880000)
  to   space 9216K, 0% used [0x00000000ee780000,0x00000000ee780000,0x00000000ef080000)
 ParOldGen       total 40960K, used 17230K [0x00000000c0000000, 0x00000000c2800000, 0x00000000eaa80000)
  object space 40960K, 42% used [0x00000000c0000000,0x00000000c10d3800,0x00000000c2800000)
 PSPermGen       total 21504K, used 7513K [0x00000000b5a00000, 0x00000000b6f00000, 0x00000000c0000000)
  object space 21504K, 34% used [0x00000000b5a00000,0x00000000b6156660,0x00000000b6f00000)
Event: 7.025 GC heap after
Heap after GC invocations=7 (full 0):
 PSYoungGen      total 71680K, used 9204K [0x00000000eaa80000, 0x00000000f3f80000, 0x0000000100000000)
  eden space 62464K, 0% used [0x00000000eaa80000,0x00000000eaa80000,0x00000000ee780000)
  from space 9216K, 99% used [0x00000000ee780000,0x00000000ef07d350,0x00000000ef080000)
  to   space 13824K, 0% used [0x00000000f3200000,0x00000000f3200000,0x00000000f3f80000)
 ParOldGen       total 40960K, used 25039K [0x00000000c0000000, 0x00000000c2800000, 0x00000000eaa80000)
  object space 40960K, 61% used [0x00000000c0000000,0x00000000c1873dc8,0x00000000c2800000)
 PSPermGen       total 21504K, used 7513K [0x00000000b5a00000, 0x00000000b6f00000, 0x00000000c0000000)
  object space 21504K, 34% used [0x00000000b5a00000,0x00000000b6156660,0x00000000b6f00000)
}
Event: 7.476 GC heap before
{Heap before GC invocations=8 (full 0):
 PSYoungGen      total 71680K, used 71668K [0x00000000eaa80000, 0x00000000f3f80000, 0x0000000100000000)
  eden space 62464K, 100% used [0x00000000eaa80000,0x00000000ee780000,0x00000000ee780000)
  from space 9216K, 99% used [0x00000000ee780000,0x00000000ef07d350,0x00000000ef080000)
  to   space 13824K, 0% used [0x00000000f3200000,0x00000000f3200000,0x00000000f3f80000)
 ParOldGen       total 40960K, used 25039K [0x00000000c0000000, 0x00000000c2800000, 0x00000000eaa80000)
  object space 40960K, 61% used [0x00000000c0000000,0x00000000c1873dc8,0x00000000c2800000)
 PSPermGen       total 21504K, used 7583K [0x00000000b5a00000, 0x00000000b6f00000, 0x00000000c0000000)
  object space 21504K, 35% used [0x00000000b5a00000,0x00000000b6167fb8,0x00000000b6f00000)
Event: 7.496 GC heap after
Heap after GC invocations=8 (full 0):
 PSYoungGen      total 138240K, used 9744K [0x00000000eaa80000, 0x00000000f4080000, 0x0000000100000000)
  eden space 124416K, 0% used [0x00000000eaa80000,0x00000000eaa80000,0x00000000f2400000)
  from space 13824K, 70% used [0x00000000f3200000,0x00000000f3b842e8,0x00000000f3f80000)
  to   space 14336K, 0% used [0x00000000f2400000,0x00000000f2400000,0x00000000f3200000)
 ParOldGen       total 40960K, used 25679K [0x00000000c0000000, 0x00000000c2800000, 0x00000000eaa80000)
  object space 40960K, 62% used [0x00000000c0000000,0x00000000c1913e40,0x00000000c2800000)
 PSPermGen       total 21504K, used 7583K [0x00000000b5a00000, 0x00000000b6f00000, 0x00000000c0000000)
  object space 21504K, 35% used [0x00000000b5a00000,0x00000000b6167fb8,0x00000000b6f00000)
}
Event: 8.012 GC heap before
{Heap before GC invocations=9 (full 0):
 PSYoungGen      total 138240K, used 133972K [0x00000000eaa80000, 0x00000000f4080000, 0x0000000100000000)
  eden space 124416K, 99% used [0x00000000eaa80000,0x00000000f23d0f70,0x00000000f2400000)
  from space 13824K, 70% used [0x00000000f3200000,0x00000000f3b842e8,0x00000000f3f80000)
  to   space 14336K, 0% used [0x00000000f2400000,0x00000000f2400000,0x00000000f3200000)
 ParOldGen       total 40960K, used 25679K [0x00000000c0000000, 0x00000000c2800000, 0x00000000eaa80000)
  object space 40960K, 62% used [0x00000000c0000000,0x00000000c1913e40,0x00000000c2800000)
 PSPermGen       total 21504K, used 7695K [0x00000000b5a00000, 0x00000000b6f00000, 0x00000000c0000000)
  object space 21504K, 35% used [0x00000000b5a00000,0x00000000b6183dd8,0x00000000b6f00000)

Deoptimization events (10 events):
Event: 7.583 Thread 0x00007f642c00b800 Uncommon trap: reason=array_check action=maybe_recompile pc=0x00007f6429076910 method=java.util.ComparableTimSort.binarySort([Ljava/lang/Object;III)V @ 193
Event: 7.638 Thread 0x00007f642c00b800 Uncommon trap: reason=array_check action=maybe_recompile pc=0x00007f6429076910 method=java.util.ComparableTimSort.binarySort([Ljava/lang/Object;III)V @ 193
Event: 7.748 Thread 0x00007f642c00b800 Uncommon trap: reason=predicate action=maybe_recompile pc=0x00007f6429394190 method=java.util.TimSort.binarySort([Ljava/lang/Object;IIILjava/util/Comparator;)V @ 37
Event: 7.782 Thread 0x00007f642c00b800 Uncommon trap: reason=array_check action=maybe_recompile pc=0x00007f6429076910 method=java.util.ComparableTimSort.binarySort([Ljava/lang/Object;III)V @ 193
Event: 7.841 Thread 0x00007f642c00b800 Uncommon trap: reason=array_check action=maybe_recompile pc=0x00007f64293af178 method=java.util.TimSort.binarySort([Ljava/lang/Object;IIILjava/util/Comparator;)V @ 215
Event: 7.841 Thread 0x00007f642c00b800 Uncommon trap: reason=array_check action=maybe_recompile pc=0x00007f64293af364 method=java.util.TimSort.binarySort([Ljava/lang/Object;IIILjava/util/Comparator;)V @ 183
Event: 7.841 Thread 0x00007f642c00b800 Uncommon trap: reason=array_check action=maybe_recompile pc=0x00007f64293af364 method=java.util.TimSort.binarySort([Ljava/lang/Object;IIILjava/util/Comparator;)V @ 183
Event: 7.842 Thread 0x00007f642c00b800 Uncommon trap: reason=array_check action=maybe_recompile pc=0x00007f64293af27c method=java.util.TimSort.binarySort([Ljava/lang/Object;IIILjava/util/Comparator;)V @ 193
Event: 7.842 Thread 0x00007f642c00b800 Uncommon trap: reason=array_check action=maybe_recompile pc=0x00007f64293af364 method=java.util.TimSort.binarySort([Ljava/lang/Object;IIILjava/util/Comparator;)V @ 183
Event: 7.881 Thread 0x00007f642c00b800 Uncommon trap: reason=array_check action=maybe_recompile pc=0x00007f64293ae3e4 method=java.util.ComparableTimSort.binarySort([Ljava/lang/Object;III)V @ 215

Internal exceptions (10 events):
Event: 6.721 Thread 0x00007f642c00b800 Threw 0x00000000ede7f3e8 at /build/openjdk-7-zaTxYK/openjdk-7-7u91-2.6.3/build/openjdk/hotspot/src/share/vm/prims/jvm.cpp:1322
Event: 6.722 Thread 0x00007f642c00b800 Threw 0x00000000ede83000 at /build/openjdk-7-zaTxYK/openjdk-7-7u91-2.6.3/build/openjdk/hotspot/src/share/vm/prims/jvm.cpp:1322
Event: 6.722 Thread 0x00007f642c00b800 Threw 0x00000000ede86cf8 at /build/openjdk-7-zaTxYK/openjdk-7-7u91-2.6.3/build/openjdk/hotspot/src/share/vm/prims/jvm.cpp:1322
Event: 6.724 Thread 0x00007f642c00b800 Threw 0x00000000ede8b2e0 at /build/openjdk-7-zaTxYK/openjdk-7-7u91-2.6.3/build/openjdk/hotspot/src/share/vm/prims/jvm.cpp:1322
Event: 6.724 Thread 0x00007f642c00b800 Threw 0x00000000ede8edf8 at /build/openjdk-7-zaTxYK/openjdk-7-7u91-2.6.3/build/openjdk/hotspot/src/share/vm/prims/jvm.cpp:1322
Event: 6.725 Thread 0x00007f642c00b800 Threw 0x00000000ede92b08 at /build/openjdk-7-zaTxYK/openjdk-7-7u91-2.6.3/build/openjdk/hotspot/src/share/vm/prims/jvm.cpp:1322
Event: 6.725 Thread 0x00007f642c00b800 Threw 0x00000000ede96588 at /build/openjdk-7-zaTxYK/openjdk-7-7u91-2.6.3/build/openjdk/hotspot/src/share/vm/prims/jvm.cpp:1322
Event: 6.727 Thread 0x00007f642c00b800 Threw 0x00000000ede9e048 at /build/openjdk-7-zaTxYK/openjdk-7-7u91-2.6.3/build/openjdk/hotspot/src/share/vm/prims/jvm.cpp:1322
Event: 6.727 Thread 0x00007f642c00b800 Threw 0x00000000edea0c08 at /build/openjdk-7-zaTxYK/openjdk-7-7u91-2.6.3/build/openjdk/hotspot/src/share/vm/prims/jvm.cpp:1322
Event: 7.190 Thread 0x00007f642c00b800 Threw 0x00000000ebc4a830 at /build/openjdk-7-zaTxYK/openjdk-7-7u91-2.6.3/build/openjdk/hotspot/src/share/vm/prims/jvm.cpp:1322

Events (10 events):
Event: 7.842 Thread 0x00007f642c00b800 Uncommon trap: trap_request=0xffffffd6 fr.pc=0x00007f64293af27c
Event: 7.842 Thread 0x00007f642c00b800 DEOPT PACKING pc=0x00007f64293af27c sp=0x00007f64339194c0
Event: 7.842 Thread 0x00007f642c00b800 DEOPT UNPACKING pc=0x00007f6429039445 sp=0x00007f6433919488 mode 2
Event: 7.842 Thread 0x00007f642c00b800 Uncommon trap: trap_request=0xffffffd6 fr.pc=0x00007f64293af364
Event: 7.842 Thread 0x00007f642c00b800 DEOPT PACKING pc=0x00007f64293af364 sp=0x00007f64339194c0
Event: 7.842 Thread 0x00007f642c00b800 DEOPT UNPACKING pc=0x00007f6429039445 sp=0x00007f6433919488 mode 2
Event: 7.881 Thread 0x00007f642c00b800 Uncommon trap: trap_request=0xffffffd6 fr.pc=0x00007f64293ae3e4
Event: 7.881 Thread 0x00007f642c00b800 DEOPT PACKING pc=0x00007f64293ae3e4 sp=0x00007f6433919450
Event: 7.881 Thread 0x00007f642c00b800 DEOPT UNPACKING pc=0x00007f6429039445 sp=0x00007f6433919418 mode 2
Event: 8.012 Executing VM operation: ParallelGCFailedAllocation


Dynamic libraries:
00400000-00401000 r-xp 00000000 08:07 3148986                            /usr/lib/jvm/java-7-openjdk-amd64/jre/bin/java
00600000-00601000 r--p 00000000 08:07 3148986                            /usr/lib/jvm/java-7-openjdk-amd64/jre/bin/java
00601000-00602000 rw-p 00001000 08:07 3148986                            /usr/lib/jvm/java-7-openjdk-amd64/jre/bin/java
01f38000-01f59000 rw-p 00000000 00:00 0                                  [heap]
b5a00000-b6f00000 rw-p 00000000 00:00 0 
b6f00000-c0000000 rw-p 00000000 00:00 0 
c0000000-c2800000 rw-p 00000000 00:00 0 
c2800000-eaa80000 rw-p 00000000 00:00 0 
eaa80000-f4080000 rw-p 00000000 00:00 0 
f8800000-100000000 rw-p 00000000 00:00 0 
7f63dc000000-7f63dc032000 rw-p 00000000 00:00 0 
7f63dc032000-7f63e0000000 ---p 00000000 00:00 0 
7f63e0000000-7f63e0036000 rw-p 00000000 00:00 0 
7f63e0036000-7f63e4000000 ---p 00000000 00:00 0 
7f63e4000000-7f63e4021000 rw-p 00000000 00:00 0 
7f63e4021000-7f63e8000000 ---p 00000000 00:00 0 
7f63ea57f000-7f63ea5bc000 r-xp 00000000 08:07 4198346                    /lib/x86_64-linux-gnu/libpcre.so.3.13.1
7f63ea5bc000-7f63ea7bb000 ---p 0003d000 08:07 4198346                    /lib/x86_64-linux-gnu/libpcre.so.3.13.1
7f63ea7bb000-7f63ea7bc000 r--p 0003c000 08:07 4198346                    /lib/x86_64-linux-gnu/libpcre.so.3.13.1
7f63ea7bc000-7f63ea7bd000 rw-p 0003d000 08:07 4198346                    /lib/x86_64-linux-gnu/libpcre.so.3.13.1
7f63ea7bd000-7f63ea7c4000 r-xp 00000000 08:07 1071226                    /usr/lib/x86_64-linux-gnu/libffi.so.6.0.1
7f63ea7c4000-7f63ea9c3000 ---p 00007000 08:07 1071226                    /usr/lib/x86_64-linux-gnu/libffi.so.6.0.1
7f63ea9c3000-7f63ea9c4000 r--p 00006000 08:07 1071226                    /usr/lib/x86_64-linux-gnu/libffi.so.6.0.1
7f63ea9c4000-7f63ea9c5000 rw-p 00007000 08:07 1071226                    /usr/lib/x86_64-linux-gnu/libffi.so.6.0.1
7f63ea9c5000-7f63ea9dc000 r-xp 00000000 08:07 4198341                    /lib/x86_64-linux-gnu/libresolv-2.19.so
7f63ea9dc000-7f63eabdc000 ---p 00017000 08:07 4198341                    /lib/x86_64-linux-gnu/libresolv-2.19.so
7f63eabdc000-7f63eabdd000 r--p 00017000 08:07 4198341                    /lib/x86_64-linux-gnu/libresolv-2.19.so
7f63eabdd000-7f63eabde000 rw-p 00018000 08:07 4198341                    /lib/x86_64-linux-gnu/libresolv-2.19.so
7f63eabde000-7f63eabe0000 rw-p 00000000 00:00 0 
7f63eabe0000-7f63eac00000 r-xp 00000000 08:07 4198493                    /lib/x86_64-linux-gnu/libselinux.so.1
7f63eac00000-7f63eadff000 ---p 00020000 08:07 4198493                    /lib/x86_64-linux-gnu/libselinux.so.1
7f63eadff000-7f63eae00000 r--p 0001f000 08:07 4198493                    /lib/x86_64-linux-gnu/libselinux.so.1
7f63eae00000-7f63eae01000 rw-p 00020000 08:07 4198493                    /lib/x86_64-linux-gnu/libselinux.so.1
7f63eae01000-7f63eae03000 rw-p 00000000 00:00 0 
7f63eae03000-7f63eae06000 r-xp 00000000 08:07 1048940                    /usr/lib/x86_64-linux-gnu/libgmodule-2.0.so.0.4002.0
7f63eae06000-7f63eb005000 ---p 00003000 08:07 1048940                    /usr/lib/x86_64-linux-gnu/libgmodule-2.0.so.0.4002.0
7f63eb005000-7f63eb006000 r--p 00002000 08:07 1048940                    /usr/lib/x86_64-linux-gnu/libgmodule-2.0.so.0.4002.0
7f63eb006000-7f63eb007000 rw-p 00003000 08:07 1048940                    /usr/lib/x86_64-linux-gnu/libgmodule-2.0.so.0.4002.0
7f63eb007000-7f63eb10d000 r-xp 00000000 08:07 4198308                    /lib/x86_64-linux-gnu/libglib-2.0.so.0.4002.0
7f63eb10d000-7f63eb30c000 ---p 00106000 08:07 4198308                    /lib/x86_64-linux-gnu/libglib-2.0.so.0.4002.0
7f63eb30c000-7f63eb30d000 r--p 00105000 08:07 4198308                    /lib/x86_64-linux-gnu/libglib-2.0.so.0.4002.0
7f63eb30d000-7f63eb30e000 rw-p 00106000 08:07 4198308                    /lib/x86_64-linux-gnu/libglib-2.0.so.0.4002.0
7f63eb30e000-7f63eb30f000 rw-p 00000000 00:00 0 
7f63eb30f000-7f63eb35e000 r-xp 00000000 08:07 1048958                    /usr/lib/x86_64-linux-gnu/libgobject-2.0.so.0.4002.0
7f63eb35e000-7f63eb55e000 ---p 0004f000 08:07 1048958                    /usr/lib/x86_64-linux-gnu/libgobject-2.0.so.0.4002.0
7f63eb55e000-7f63eb55f000 r--p 0004f000 08:07 1048958                    /usr/lib/x86_64-linux-gnu/libgobject-2.0.so.0.4002.0
7f63eb55f000-7f63eb560000 rw-p 00050000 08:07 1048958                    /usr/lib/x86_64-linux-gnu/libgobject-2.0.so.0.4002.0
7f63eb560000-7f63eb6cc000 r-xp 00000000 08:07 1048962                    /usr/lib/x86_64-linux-gnu/libgio-2.0.so.0.4002.0
7f63eb6cc000-7f63eb8cb000 ---p 0016c000 08:07 1048962                    /usr/lib/x86_64-linux-gnu/libgio-2.0.so.0.4002.0
7f63eb8cb000-7f63eb8cf000 r--p 0016b000 08:07 1048962                    /usr/lib/x86_64-linux-gnu/libgio-2.0.so.0.4002.0
7f63eb8cf000-7f63eb8d1000 rw-p 0016f000 08:07 1048962                    /usr/lib/x86_64-linux-gnu/libgio-2.0.so.0.4002.0
7f63eb8d1000-7f63eb8d3000 rw-p 00000000 00:00 0 
7f63eb8d3000-7f63eb8ea000 r-xp 00000000 08:07 3149050                    /usr/lib/jvm/java-7-openjdk-amd64/jre/lib/amd64/libnet.so
7f63eb8ea000-7f63ebae9000 ---p 00017000 08:07 3149050                    /usr/lib/jvm/java-7-openjdk-amd64/jre/lib/amd64/libnet.so
7f63ebae9000-7f63ebaea000 r--p 00016000 08:07 3149050                    /usr/lib/jvm/java-7-openjdk-amd64/jre/lib/amd64/libnet.so
7f63ebaea000-7f63ebaeb000 rw-p 00017000 08:07 3149050                    /usr/lib/jvm/java-7-openjdk-amd64/jre/lib/amd64/libnet.so
7f63ebaeb000-7f63ebafb000 r-xp 00000000 08:07 3149013                    /usr/lib/jvm/java-7-openjdk-amd64/jre/lib/amd64/libnio.so
7f63ebafb000-7f63ebcfb000 ---p 00010000 08:07 3149013                    /usr/lib/jvm/java-7-openjdk-amd64/jre/lib/amd64/libnio.so
7f63ebcfb000-7f63ebcfc000 r--p 00010000 08:07 3149013                    /usr/lib/jvm/java-7-openjdk-amd64/jre/lib/amd64/libnio.so
7f63ebcfc000-7f63ebcfd000 rw-p 00011000 08:07 3149013                    /usr/lib/jvm/java-7-openjdk-amd64/jre/lib/amd64/libnio.so
7f63ebcfd000-7f63ebd00000 ---p 00000000 00:00 0 
7f63ebd00000-7f63ebdfe000 rw-p 00000000 00:00 0 
7f63ebdfe000-7f63ebe01000 ---p 00000000 00:00 0 
7f63ebe01000-7f63ebeff000 rw-p 00000000 00:00 0 
7f63ebeff000-7f63ebf02000 ---p 00000000 00:00 0 
7f63ebf02000-7f63ec000000 rw-p 00000000 00:00 0 
7f63ec000000-7f63ec032000 rw-p 00000000 00:00 0 
7f63ec032000-7f63f0000000 ---p 00000000 00:00 0 
7f63f0000000-7f63f0021000 rw-p 00000000 00:00 0 
7f63f0021000-7f63f4000000 ---p 00000000 00:00 0 
7f63f4000000-7f63f4021000 rw-p 00000000 00:00 0 
7f63f4021000-7f63f8000000 ---p 00000000 00:00 0 
7f63f8000000-7f63f8021000 rw-p 00000000 00:00 0 
7f63f8021000-7f63fc000000 ---p 00000000 00:00 0 
7f63fc000000-7f63fd740000 rw-p 00000000 00:00 0 
7f63fd740000-7f6400000000 ---p 00000000 00:00 0 
7f6400000000-7f6401484000 rw-p 00000000 00:00 0 
7f6401484000-7f6404000000 ---p 00000000 00:00 0 
7f6404000000-7f6404021000 rw-p 00000000 00:00 0 
7f6404021000-7f6408000000 ---p 00000000 00:00 0 
7f6408000000-7f6408021000 rw-p 00000000 00:00 0 
7f6408021000-7f640c000000 ---p 00000000 00:00 0 
7f640c000000-7f640c242000 rw-p 00000000 00:00 0 
7f640c242000-7f6410000000 ---p 00000000 00:00 0 
7f6410000000-7f6410021000 rw-p 00000000 00:00 0 
7f6410021000-7f6414000000 ---p 00000000 00:00 0 
7f6414000000-7f6414021000 rw-p 00000000 00:00 0 
7f6414021000-7f6418000000 ---p 00000000 00:00 0 
7f64180db000-7f64180de000 ---p 00000000 00:00 0 
7f64180de000-7f64181dc000 rw-p 00000000 00:00 0 
7f64181dc000-7f64181df000 ---p 00000000 00:00 0 
7f64181df000-7f64182dd000 rw-p 00000000 00:00 0 
7f64182dd000-7f64182de000 ---p 00000000 00:00 0 
7f64182de000-7f64183de000 rw-p 00000000 00:00 0                          [stack:7667]
7f64183de000-7f64183e1000 ---p 00000000 00:00 0 
7f64183e1000-7f64184df000 rw-p 00000000 00:00 0                          [stack:7666]
7f64184df000-7f64184e2000 ---p 00000000 00:00 0 
7f64184e2000-7f64185e0000 rw-p 00000000 00:00 0                          [stack:7665]
7f64185e0000-7f64185e3000 ---p 00000000 00:00 0 
7f64185e3000-7f64186e1000 rw-p 00000000 00:00 0                          [stack:7664]
7f64186e1000-7f64186e4000 ---p 00000000 00:00 0 
7f64186e4000-7f64187e2000 rw-p 00000000 00:00 0                          [stack:7663]
7f64187e2000-7f6418ec4000 r--p 00000000 08:07 1056383                    /usr/lib/locale/locale-archive
7f6418ec4000-7f6418ec7000 ---p 00000000 00:00 0 
7f6418ec7000-7f6418fc5000 rw-p 00000000 00:00 0                          [stack:7662]
7f6418fc5000-7f6418fc8000 ---p 00000000 00:00 0 
7f6418fc8000-7f64190c6000 rw-p 00000000 00:00 0                          [stack:7661]
7f64190c6000-7f64190c7000 ---p 00000000 00:00 0 
7f64190c7000-7f641c000000 rw-p 00000000 00:00 0                          [stack:7660]
7f641c000000-7f641c021000 rw-p 00000000 00:00 0 
7f641c021000-7f6420000000 ---p 00000000 00:00 0 
7f6420000000-7f6420021000 rw-p 00000000 00:00 0 
7f6420021000-7f6424000000 ---p 00000000 00:00 0 
7f6424000000-7f6424021000 rw-p 00000000 00:00 0 
7f6424021000-7f6428000000 ---p 00000000 00:00 0 
7f6428044000-7f6428053000 r--s 000df000 08:07 3419560                    /home/sanket/android-sdks/build-tools/23.0.0/lib/dx.jar
7f6428053000-7f6428726000 rw-p 00000000 00:00 0 
7f6428726000-7f64288d8000 r--s 01d2e000 08:07 3149006                    /usr/lib/jvm/java-7-openjdk-amd64/jre/lib/rt.jar
7f64288d8000-7f6428bfc000 rw-p 00000000 00:00 0 
7f6428bfc000-7f6428bfd000 ---p 00000000 00:00 0 
7f6428bfd000-7f6428cfd000 rw-p 00000000 00:00 0                          [stack:7659]
7f6428cfd000-7f6428cfe000 ---p 00000000 00:00 0 
7f6428cfe000-7f6428dfe000 rw-p 00000000 00:00 0                          [stack:7658]
7f6428dfe000-7f6428dff000 ---p 00000000 00:00 0 
7f6428dff000-7f6428eff000 rw-p 00000000 00:00 0                          [stack:7657]
7f6428eff000-7f6428f00000 ---p 00000000 00:00 0 
7f6428f00000-7f6429000000 rw-p 00000000 00:00 0                          [stack:7656]
7f6429000000-7f64293d0000 rwxp 00000000 00:00 0 
7f64293d0000-7f642c23e000 rw-p 00000000 00:00 0 
7f642c23e000-7f6430000000 ---p 00000000 00:00 0 
7f6430009000-7f643000e000 r--s 0004e000 08:07 3149062                    /usr/lib/jvm/java-7-openjdk-amd64/jre/lib/jsse.jar
7f643000e000-7f6430062000 rw-p 00000000 00:00 0 
7f6430062000-7f64300aa000 rw-p 00000000 00:00 0 
7f64300aa000-7f64300be000 rw-p 00000000 00:00 0 
7f64300be000-7f6430200000 rw-p 00000000 00:00 0 
7f6430200000-7f643020b000 rw-p 00000000 00:00 0 
7f643020b000-7f6430253000 rw-p 00000000 00:00 0 
7f6430253000-7f6430267000 rw-p 00000000 00:00 0 
7f6430267000-7f64303a8000 rw-p 00000000 00:00 0 
7f64303a8000-7f64303f4000 rw-p 00000000 00:00 0 
7f64303f4000-7f6430453000 rw-p 00000000 00:00 0 
7f6430453000-7f6430454000 rw-p 00000000 00:00 0 
7f6430454000-7f643045c000 r-xp 00000000 08:07 3149018                    /usr/lib/jvm/java-7-openjdk-amd64/jre/lib/amd64/libzip.so
7f643045c000-7f643065b000 ---p 00008000 08:07 3149018                    /usr/lib/jvm/java-7-openjdk-amd64/jre/lib/amd64/libzip.so
7f643065b000-7f643065c000 r--p 00007000 08:07 3149018                    /usr/lib/jvm/java-7-openjdk-amd64/jre/lib/amd64/libzip.so
7f643065c000-7f643065d000 rw-p 00008000 08:07 3149018                    /usr/lib/jvm/java-7-openjdk-amd64/jre/lib/amd64/libzip.so
7f643065d000-7f6430668000 r-xp 00000000 08:07 4198440                    /lib/x86_64-linux-gnu/libnss_files-2.19.so
7f6430668000-7f6430867000 ---p 0000b000 08:07 4198440                    /lib/x86_64-linux-gnu/libnss_files-2.19.so
7f6430867000-7f6430868000 r--p 0000a000 08:07 4198440                    /lib/x86_64-linux-gnu/libnss_files-2.19.so
7f6430868000-7f6430869000 rw-p 0000b000 08:07 4198440                    /lib/x86_64-linux-gnu/libnss_files-2.19.so
7f6430869000-7f6430874000 r-xp 00000000 08:07 4200064                    /lib/x86_64-linux-gnu/libnss_nis-2.19.so
7f6430874000-7f6430a73000 ---p 0000b000 08:07 4200064                    /lib/x86_64-linux-gnu/libnss_nis-2.19.so
7f6430a73000-7f6430a74000 r--p 0000a000 08:07 4200064                    /lib/x86_64-linux-gnu/libnss_nis-2.19.so
7f6430a74000-7f6430a75000 rw-p 0000b000 08:07 4200064                    /lib/x86_64-linux-gnu/libnss_nis-2.19.so
7f6430a75000-7f6430a8c000 r-xp 00000000 08:07 4199530                    /lib/x86_64-linux-gnu/libnsl-2.19.so
7f6430a8c000-7f6430c8b000 ---p 00017000 08:07 4199530                    /lib/x86_64-linux-gnu/libnsl-2.19.so
7f6430c8b000-7f6430c8c000 r--p 00016000 08:07 4199530                    /lib/x86_64-linux-gnu/libnsl-2.19.so
7f6430c8c000-7f6430c8d000 rw-p 00017000 08:07 4199530                    /lib/x86_64-linux-gnu/libnsl-2.19.so
7f6430c8d000-7f6430c8f000 rw-p 00000000 00:00 0 
7f6430c8f000-7f6430c98000 r-xp 00000000 08:07 4198482                    /lib/x86_64-linux-gnu/libnss_compat-2.19.so
7f6430c98000-7f6430e97000 ---p 00009000 08:07 4198482                    /lib/x86_64-linux-gnu/libnss_compat-2.19.so
7f6430e97000-7f6430e98000 r--p 00008000 08:07 4198482                    /lib/x86_64-linux-gnu/libnss_compat-2.19.so
7f6430e98000-7f6430e99000 rw-p 00009000 08:07 4198482                    /lib/x86_64-linux-gnu/libnss_compat-2.19.so
7f6430e99000-7f6430ec4000 r-xp 00000000 08:07 3149029                    /usr/lib/jvm/java-7-openjdk-amd64/jre/lib/amd64/libjava.so
7f6430ec4000-7f64310c4000 ---p 0002b000 08:07 3149029                    /usr/lib/jvm/java-7-openjdk-amd64/jre/lib/amd64/libjava.so
7f64310c4000-7f64310c5000 r--p 0002b000 08:07 3149029                    /usr/lib/jvm/java-7-openjdk-amd64/jre/lib/amd64/libjava.so
7f64310c5000-7f64310c7000 rw-p 0002c000 08:07 3149029                    /usr/lib/jvm/java-7-openjdk-amd64/jre/lib/amd64/libjava.so
7f64310c7000-7f64310d7000 r-xp 00000000 08:07 3149045                    /usr/lib/jvm/java-7-openjdk-amd64/jre/lib/amd64/libverify.so
7f64310d7000-7f64312d6000 ---p 00010000 08:07 3149045                    /usr/lib/jvm/java-7-openjdk-amd64/jre/lib/amd64/libverify.so
7f64312d6000-7f64312d8000 r--p 0000f000 08:07 3149045                    /usr/lib/jvm/java-7-openjdk-amd64/jre/lib/amd64/libverify.so
7f64312d8000-7f64312d9000 rw-p 00011000 08:07 3149045                    /usr/lib/jvm/java-7-openjdk-amd64/jre/lib/amd64/libverify.so
7f64312d9000-7f64312e0000 r-xp 00000000 08:07 4200061                    /lib/x86_64-linux-gnu/librt-2.19.so
7f64312e0000-7f64314df000 ---p 00007000 08:07 4200061                    /lib/x86_64-linux-gnu/librt-2.19.so
7f64314df000-7f64314e0000 r--p 00006000 08:07 4200061                    /lib/x86_64-linux-gnu/librt-2.19.so
7f64314e0000-7f64314e1000 rw-p 00007000 08:07 4200061                    /lib/x86_64-linux-gnu/librt-2.19.so
7f64314e1000-7f64314f7000 r-xp 00000000 08:07 4223721                    /lib/x86_64-linux-gnu/libgcc_s.so.1
7f64314f7000-7f64316f6000 ---p 00016000 08:07 4223721                    /lib/x86_64-linux-gnu/libgcc_s.so.1
7f64316f6000-7f64316f7000 rw-p 00015000 08:07 4223721                    /lib/x86_64-linux-gnu/libgcc_s.so.1
7f64316f7000-7f64317fc000 r-xp 00000000 08:07 4198343                    /lib/x86_64-linux-gnu/libm-2.19.so
7f64317fc000-7f64319fb000 ---p 00105000 08:07 4198343                    /lib/x86_64-linux-gnu/libm-2.19.so
7f64319fb000-7f64319fc000 r--p 00104000 08:07 4198343                    /lib/x86_64-linux-gnu/libm-2.19.so
7f64319fc000-7f64319fd000 rw-p 00105000 08:07 4198343                    /lib/x86_64-linux-gnu/libm-2.19.so
7f64319fd000-7f6431ae3000 r-xp 00000000 08:07 1052838                    /usr/lib/x86_64-linux-gnu/libstdc++.so.6.0.19
7f6431ae3000-7f6431ce2000 ---p 000e6000 08:07 1052838                    /usr/lib/x86_64-linux-gnu/libstdc++.so.6.0.19
7f6431ce2000-7f6431cea000 r--p 000e5000 08:07 1052838                    /usr/lib/x86_64-linux-gnu/libstdc++.so.6.0.19
7f6431cea000-7f6431cec000 rw-p 000ed000 08:07 1052838                    /usr/lib/x86_64-linux-gnu/libstdc++.so.6.0.19
7f6431cec000-7f6431d01000 rw-p 00000000 00:00 0 
7f6431d01000-7f6432825000 r-xp 00000000 08:07 3149035                    /usr/lib/jvm/java-7-openjdk-amd64/jre/lib/amd64/server/libjvm.so
7f6432825000-7f6432a25000 ---p 00b24000 08:07 3149035                    /usr/lib/jvm/java-7-openjdk-amd64/jre/lib/amd64/server/libjvm.so
7f6432a25000-7f6432abf000 r--p 00b24000 08:07 3149035                    /usr/lib/jvm/java-7-openjdk-amd64/jre/lib/amd64/server/libjvm.so
7f6432abf000-7f6432ae2000 rw-p 00bbe000 08:07 3149035                    /usr/lib/jvm/java-7-openjdk-amd64/jre/lib/amd64/server/libjvm.so
7f6432ae2000-7f6432b10000 rw-p 00000000 00:00 0 
7f6432b10000-7f6432b28000 r-xp 00000000 08:07 4198526                    /lib/x86_64-linux-gnu/libz.so.1.2.8
7f6432b28000-7f6432d27000 ---p 00018000 08:07 4198526                    /lib/x86_64-linux-gnu/libz.so.1.2.8
7f6432d27000-7f6432d28000 r--p 00017000 08:07 4198526                    /lib/x86_64-linux-gnu/libz.so.1.2.8
7f6432d28000-7f6432d29000 rw-p 00018000 08:07 4198526                    /lib/x86_64-linux-gnu/libz.so.1.2.8
7f6432d29000-7f6432d42000 r-xp 00000000 08:07 4200059                    /lib/x86_64-linux-gnu/libpthread-2.19.so
7f6432d42000-7f6432f41000 ---p 00019000 08:07 4200059                    /lib/x86_64-linux-gnu/libpthread-2.19.so
7f6432f41000-7f6432f42000 r--p 00018000 08:07 4200059                    /lib/x86_64-linux-gnu/libpthread-2.19.so
7f6432f42000-7f6432f43000 rw-p 00019000 08:07 4200059                    /lib/x86_64-linux-gnu/libpthread-2.19.so
7f6432f43000-7f6432f47000 rw-p 00000000 00:00 0 
7f6432f47000-7f6432f4a000 r-xp 00000000 08:07 4198451                    /lib/x86_64-linux-gnu/libdl-2.19.so
7f6432f4a000-7f6433149000 ---p 00003000 08:07 4198451                    /lib/x86_64-linux-gnu/libdl-2.19.so
7f6433149000-7f643314a000 r--p 00002000 08:07 4198451                    /lib/x86_64-linux-gnu/libdl-2.19.so
7f643314a000-7f643314b000 rw-p 00003000 08:07 4198451                    /lib/x86_64-linux-gnu/libdl-2.19.so
7f643314b000-7f6433306000 r-xp 00000000 08:07 4200058                    /lib/x86_64-linux-gnu/libc-2.19.so
7f6433306000-7f6433505000 ---p 001bb000 08:07 4200058                    /lib/x86_64-linux-gnu/libc-2.19.so
7f6433505000-7f6433509000 r--p 001ba000 08:07 4200058                    /lib/x86_64-linux-gnu/libc-2.19.so
7f6433509000-7f643350b000 rw-p 001be000 08:07 4200058                    /lib/x86_64-linux-gnu/libc-2.19.so
7f643350b000-7f6433510000 rw-p 00000000 00:00 0 
7f6433510000-7f643351d000 r-xp 00000000 08:07 3149046                    /usr/lib/jvm/java-7-openjdk-amd64/jre/lib/amd64/jli/libjli.so
7f643351d000-7f643371c000 ---p 0000d000 08:07 3149046                    /usr/lib/jvm/java-7-openjdk-amd64/jre/lib/amd64/jli/libjli.so
7f643371c000-7f643371d000 r--p 0000c000 08:07 3149046                    /usr/lib/jvm/java-7-openjdk-amd64/jre/lib/amd64/jli/libjli.so
7f643371d000-7f643371e000 rw-p 0000d000 08:07 3149046                    /usr/lib/jvm/java-7-openjdk-amd64/jre/lib/amd64/jli/libjli.so
7f643371e000-7f6433741000 r-xp 00000000 08:07 4200046                    /lib/x86_64-linux-gnu/ld-2.19.so
7f6433741000-7f643376a000 rw-p 00000000 00:00 0 
7f643376a000-7f643381a000 rw-p 00000000 00:00 0 
7f643381a000-7f643381d000 ---p 00000000 00:00 0 
7f643381d000-7f6433920000 rw-p 00000000 00:00 0                          [stack:7655]
7f6433920000-7f6433921000 r--s 00002000 08:07 3149003                    /usr/lib/jvm/java-7-openjdk-amd64/jre/lib/ext/dnsns.jar
7f6433921000-7f6433925000 r--s 00085000 08:07 3148999                    /usr/lib/jvm/java-7-openjdk-amd64/jre/lib/ext/localedata.jar
7f6433925000-7f6433927000 r--s 00012000 08:07 3148998                    /usr/lib/jvm/java-7-openjdk-amd64/jre/lib/ext/zipfs.jar
7f6433927000-7f643392b000 r--s 0003c000 08:07 3149002                    /usr/lib/jvm/java-7-openjdk-amd64/jre/lib/ext/sunpkcs11.jar
7f643392b000-7f643392d000 r--s 00006000 08:07 1456370                    /usr/share/java/java-atk-wrapper.jar
7f643392d000-7f6433931000 r--s 00034000 08:07 3149001                    /usr/lib/jvm/java-7-openjdk-amd64/jre/lib/ext/sunjce_provider.jar
7f6433931000-7f6433934000 r--s 0000f000 08:07 3149000                    /usr/lib/jvm/java-7-openjdk-amd64/jre/lib/ext/icedtea-sound.jar
7f6433934000-7f643393c000 rw-s 00000000 08:07 535228                     /tmp/hsperfdata_sanket/7650
7f643393c000-7f643393d000 rw-p 00000000 00:00 0 
7f643393d000-7f643393e000 ---p 00000000 00:00 0 
7f643393e000-7f6433940000 rw-p 00000000 00:00 0 
7f6433940000-7f6433941000 r--p 00022000 08:07 4200046                    /lib/x86_64-linux-gnu/ld-2.19.so
7f6433941000-7f6433942000 rw-p 00023000 08:07 4200046                    /lib/x86_64-linux-gnu/ld-2.19.so
7f6433942000-7f6433943000 rw-p 00000000 00:00 0 
7fff2c5f8000-7fff2c61a000 rw-p 00000000 00:00 0                          [stack]
7fff2c62c000-7fff2c62e000 r-xp 00000000 00:00 0                          [vdso]
ffffffffff600000-ffffffffff601000 r-xp 00000000 00:00 0                  [vsyscall]

VM Arguments:
jvm_args: -Xmx1024M -Dfile.encoding=UTF-8 -Duser.country=US -Duser.language=en -Duser.variant 
java_command: com.android.dx.command.Main --dex --num-threads=4 --output /home/sanket/lokavidyaapp/app/build/intermediates/dex/debug /home/sanket/lokavidyaapp/app/build/intermediates/classes/debug /home/sanket/lokavidyaapp/app/build/intermediates/pre-dexed/debug/javax.inject-1-0b64f9413fa3755ee930a0fd931b6f28fcfd1ba8.jar /home/sanket/lokavidyaapp/app/build/intermediates/pre-dexed/debug/support-annotations-23.0.0-41a437c02f7a6970c95c376ed6bdd70acb20bd01.jar /home/sanket/lokavidyaapp/app/build/intermediates/pre-dexed/debug/javawriter-2.5.0-3a8d508bc10837ab8cbcf85fe449bc3dec7561df.jar /home/sanket/lokavidyaapp/app/build/intermediates/pre-dexed/debug/classes-9946c7561ec486b51eee390f106f62bd579179b7.jar /home/sanket/lokavidyaapp/app/build/intermediates/pre-dexed/debug/classes-933ffedcad5cb31d6ab3ccf7ef238196230202d9.jar /home/sanket/lokavidyaapp/app/build/intermediates/pre-dexed/debug/classes-3e3f061d8e3b328eb2bc8ba78f255a7e21c5d841.jar /home/sanket/lokavidyaapp/app/build/intermediates/pre-dexed/debug/okhttp-urlconnection-2.2.0-976743ddad9a3ef9722483664b09ec90ad5f909c.jar /home/sanket/lokavidyaapp/app/build/intermediates/pre-dexed/debug/butterknife-5.1.2-b3d4f342f7177b4c045966065578a25e60c3253d.jar /home/sanket/lokavidyaapp/app/build/intermediates/pre-dexed/debug/dagger-1.2.2-535aaddd739252e164b51798e401f84fb8e1be12.jar /home/sanket/lokavidyaapp/app/build/intermediates/pre-dexed/debug/classes-5c544c235141166f4ac169edb86c17617b49dabd.jar /home/sanket/lokavidyaapp/app/build/intermediates/pre-dexed/debug/okio-1.3.0-0142cacad9fb31a4c96c9dd698abb91efe6d30a0.jar /home/sanket/lokavidyaapp/app/build/intermediates/pre-dexed/debug/dagger-compiler-1.2.2-7be9a82b60fc011b33e043a701870302c8455329.jar /home/sanket/lokavidyaapp/app/build/intermediates/pre-dexed/debug/classes-19aa64ff8b564cc1eca1761211721def1ec26b92.jar /home/sanket/lokavidyaapp/app/build/intermediates/pre-dexed/debug/picasso-2.4.0-49da5b14e642f5132d25b7fb3fef55bb03b48420.jar /home/sanket/lokavidyaapp/app/build/interme
Launcher Type: SUN_STANDARD

Environment Variables:
PATH=/home/sanket/bin:/usr/local/sbin:/usr/local/bin:/usr/sbin:/usr/bin:/sbin:/bin:/usr/games:/usr/local/games
SHELL=/bin/bash
DISPLAY=:0

Signal Handlers:
SIGSEGV: [libjvm.so+0x9548f0], sa_mask[0]=0x7ffbfeff, sa_flags=0x10000004
SIGBUS: [libjvm.so+0x9548f0], sa_mask[0]=0x7ffbfeff, sa_flags=0x10000004
SIGFPE: [libjvm.so+0x7cb0b0], sa_mask[0]=0x7ffbfeff, sa_flags=0x10000004
SIGPIPE: [libjvm.so+0x7cb0b0], sa_mask[0]=0x7ffbfeff, sa_flags=0x10000004
SIGXFSZ: [libjvm.so+0x7cb0b0], sa_mask[0]=0x7ffbfeff, sa_flags=0x10000004
SIGILL: [libjvm.so+0x7cb0b0], sa_mask[0]=0x7ffbfeff, sa_flags=0x10000004
SIGUSR1: SIG_DFL, sa_mask[0]=0x00000000, sa_flags=0x00000000
SIGUSR2: [libjvm.so+0x7caf50], sa_mask[0]=0x00000004, sa_flags=0x10000004
SIGHUP: [libjvm.so+0x7cb130], sa_mask[0]=0x7ffbfeff, sa_flags=0x10000004
SIGINT: [libjvm.so+0x7cb130], sa_mask[0]=0x7ffbfeff, sa_flags=0x10000004
SIGTERM: [libjvm.so+0x7cb130], sa_mask[0]=0x7ffbfeff, sa_flags=0x10000004
SIGQUIT: [libjvm.so+0x7cb130], sa_mask[0]=0x7ffbfeff, sa_flags=0x10000004
SIGTRAP: SIG_DFL, sa_mask[0]=0x00000000, sa_flags=0x00000000


---------------  S Y S T E M  ---------------

OS:Ubuntu 14.04 (trusty)
uname:Linux 3.13.0-76-generic #120-Ubuntu SMP Mon Jan 18 15:59:10 UTC 2016 x86_64
libc:glibc 2.19 NPTL 2.19 
rlimit: STACK 8192k, CORE 0k, NPROC 30418, NOFILE 4096, AS infinity
load average:1.70 0.97 0.78

/proc/meminfo:
MemTotal:        3950084 kB
MemFree:          130196 kB
Buffers:            1224 kB
Cached:           350364 kB
SwapCached:            0 kB
Active:          3319900 kB
Inactive:         342728 kB
Active(anon):    3314232 kB
Inactive(anon):   319308 kB
Active(file):       5668 kB
Inactive(file):    23420 kB
Unevictable:          32 kB
Mlocked:              32 kB
SwapTotal:             0 kB
SwapFree:              0 kB
Dirty:               236 kB
Writeback:             0 kB
AnonPages:       3311436 kB
Mapped:            78912 kB
Shmem:            322136 kB
Slab:              63172 kB
SReclaimable:      29732 kB
SUnreclaim:        33440 kB
KernelStack:        4520 kB
PageTables:        33936 kB
NFS_Unstable:          0 kB
Bounce:                0 kB
WritebackTmp:          0 kB
CommitLimit:     1975040 kB
Committed_AS:    7341112 kB
VmallocTotal:   34359738367 kB
VmallocUsed:      348256 kB
VmallocChunk:   34359363452 kB
HardwareCorrupted:     0 kB
AnonHugePages:   1103872 kB
HugePages_Total:       0
HugePages_Free:        0
HugePages_Rsvd:        0
HugePages_Surp:        0
Hugepagesize:       2048 kB
DirectMap4k:       92540 kB
DirectMap2M:     2955264 kB
DirectMap1G:     1048576 kB


CPU:total 4 (2 cores per cpu, 2 threads per core) family 6 model 69 stepping 1, cmov, cx8, fxsr, mmx, sse, sse2, sse3, ssse3, sse4.1, sse4.2, popcnt, avx, avx2, aes, erms, ht, tsc, tscinvbit

/proc/cpuinfo:
processor	: 0
vendor_id	: GenuineIntel
cpu family	: 6
model		: 69
model name	: Intel(R) Core(TM) i5-4210U CPU @ 1.70GHz
stepping	: 1
microcode	: 0x17
cpu MHz		: 782.000
cache size	: 3072 KB
physical id	: 0
siblings	: 4
core id		: 0
cpu cores	: 2
apicid		: 0
initial apicid	: 0
fpu		: yes
fpu_exception	: yes
cpuid level	: 13
wp		: yes
flags		: fpu vme de pse tsc msr pae mce cx8 apic sep mtrr pge mca cmov pat pse36 clflush dts acpi mmx fxsr sse sse2 ss ht tm pbe syscall nx pdpe1gb rdtscp lm constant_tsc arch_perfmon pebs bts rep_good nopl xtopology nonstop_tsc aperfmperf eagerfpu pni pclmulqdq dtes64 monitor ds_cpl vmx est tm2 ssse3 fma cx16 xtpr pdcm pcid sse4_1 sse4_2 movbe popcnt tsc_deadline_timer aes xsave avx f16c rdrand lahf_lm abm ida arat epb xsaveopt pln pts dtherm tpr_shadow vnmi flexpriority ept vpid fsgsbase tsc_adjust bmi1 avx2 smep bmi2 erms invpcid
bogomips	: 3392.24
clflush size	: 64
cache_alignment	: 64
address sizes	: 39 bits physical, 48 bits virtual
power management:

processor	: 1
vendor_id	: GenuineIntel
cpu family	: 6
model		: 69
model name	: Intel(R) Core(TM) i5-4210U CPU @ 1.70GHz
stepping	: 1
microcode	: 0x17
cpu MHz		: 782.000
cache size	: 3072 KB
physical id	: 0
siblings	: 4
core id		: 1
cpu cores	: 2
apicid		: 2
initial apicid	: 2
fpu		: yes
fpu_exception	: yes
cpuid level	: 13
wp		: yes
flags		: fpu vme de pse tsc msr pae mce cx8 apic sep mtrr pge mca cmov pat pse36 clflush dts acpi mmx fxsr sse sse2 ss ht tm pbe syscall nx pdpe1gb rdtscp lm constant_tsc arch_perfmon pebs bts rep_good nopl xtopology nonstop_tsc aperfmperf eagerfpu pni pclmulqdq dtes64 monitor ds_cpl vmx est tm2 ssse3 fma cx16 xtpr pdcm pcid sse4_1 sse4_2 movbe popcnt tsc_deadline_timer aes xsave avx f16c rdrand lahf_lm abm ida arat epb xsaveopt pln pts dtherm tpr_shadow vnmi flexpriority ept vpid fsgsbase tsc_adjust bmi1 avx2 smep bmi2 erms invpcid
bogomips	: 3392.24
clflush size	: 64
cache_alignment	: 64
address sizes	: 39 bits physical, 48 bits virtual
power management:

processor	: 2
vendor_id	: GenuineIntel
cpu family	: 6
model		: 69
model name	: Intel(R) Core(TM) i5-4210U CPU @ 1.70GHz
stepping	: 1
microcode	: 0x17
cpu MHz		: 782.000
cache size	: 3072 KB
physical id	: 0
siblings	: 4
core id		: 0
cpu cores	: 2
apicid		: 1
initial apicid	: 1
fpu		: yes
fpu_exception	: yes
cpuid level	: 13
wp		: yes
flags		: fpu vme de pse tsc msr pae mce cx8 apic sep mtrr pge mca cmov pat pse36 clflush dts acpi mmx fxsr sse sse2 ss ht tm pbe syscall nx pdpe1gb rdtscp lm constant_tsc arch_perfmon pebs bts rep_good nopl xtopology nonstop_tsc aperfmperf eagerfpu pni pclmulqdq dtes64 monitor ds_cpl vmx est tm2 ssse3 fma cx16 xtpr pdcm pcid sse4_1 sse4_2 movbe popcnt tsc_deadline_timer aes xsave avx f16c rdrand lahf_lm abm ida arat epb xsaveopt pln pts dtherm tpr_shadow vnmi flexpriority ept vpid fsgsbase tsc_adjust bmi1 avx2 smep bmi2 erms invpcid
bogomips	: 3392.24
clflush size	: 64
cache_alignment	: 64
address sizes	: 39 bits physical, 48 bits virtual
power management:

processor	: 3
vendor_id	: GenuineIntel
cpu family	: 6
model		: 69
model name	: Intel(R) Core(TM) i5-4210U CPU @ 1.70GHz
stepping	: 1
microcode	: 0x17
cpu MHz		: 1700.000
cache size	: 3072 KB
physical id	: 0
siblings	: 4
core id		: 1
cpu cores	: 2
apicid		: 3
initial apicid	: 3
fpu		: yes
fpu_exception	: yes
cpuid level	: 13
wp		: yes
flags		: fpu vme de pse tsc msr pae mce cx8 apic sep mtrr pge mca cmov pat pse36 clflush dts acpi mmx fxsr sse sse2 ss ht tm pbe syscall nx pdpe1gb rdtscp lm constant_tsc arch_perfmon pebs bts rep_good nopl xtopology nonstop_tsc aperfmperf eagerfpu pni pclmulqdq dtes64 monitor ds_cpl vmx est tm2 ssse3 fma cx16 xtpr pdcm pcid sse4_1 sse4_2 movbe popcnt tsc_deadline_timer aes xsave avx f16c rdrand lahf_lm abm ida arat epb xsaveopt pln pts dtherm tpr_shadow vnmi flexpriority ept vpid fsgsbase tsc_adjust bmi1 avx2 smep bmi2 erms invpcid
bogomips	: 3392.24
clflush size	: 64
cache_alignment	: 64
address sizes	: 39 bits physical, 48 bits virtual
power management:



Memory: 4k page, physical 3950084k(130196k free), swap 0k(0k free)

vm_info: OpenJDK 64-Bit Server VM (24.91-b01) for linux-amd64 JRE (1.7.0_91-b02), built on Nov 19 2015 06:14:37 by "buildd" with gcc 4.8.2

time: Wed Feb  3 03:06:39 2016
elapsed time: 10 seconds

