#
# There is insufficient memory for the Java Runtime Environment to continue.
# Native memory allocation (malloc) failed to allocate 75497472 bytes for committing reserved memory.
# Possible reasons:
#   The system is out of physical RAM or swap space
#   In 32 bit mode, the process size limit was hit
# Possible solutions:
#   Reduce memory load on the system
#   Increase physical memory or swap space
#   Check if swap backing store is full
#   Use 64 bit Java on a 64 bit OS
#   Decrease Java heap size (-Xmx/-Xms)
#   Decrease number of Java threads
#   Decrease Java thread stack sizes (-Xss)
#   Set larger code cache with -XX:ReservedCodeCacheSize=
# This output file may be truncated or incomplete.
#
#  Out of Memory Error (os_linux.cpp:2827), pid=17747, tid=140003187570432
#
# JRE version: OpenJDK Runtime Environment (7.0_91-b02) (build 1.7.0_91-b02)
# Java VM: OpenJDK 64-Bit Server VM (24.91-b01 mixed mode linux-amd64 compressed oops)
# Derivative: IcedTea 2.6.3
# Distribution: Ubuntu 14.04 LTS, package 7u91-2.6.3-0ubuntu0.14.04.1
# Failed to write core dump. Core dumps have been disabled. To enable core dumping, try "ulimit -c unlimited" before starting Java again
#

---------------  T H R E A D  ---------------

Current thread (0x00007f5504077000):  VMThread [stack: 0x00007f5508333000,0x00007f5508434000] [id=17757]

Stack: [0x00007f5508333000,0x00007f5508434000],  sp=0x00007f5508432490,  free space=1021k
Native frames: (J=compiled Java code, j=interpreted, Vv=VM code, C=native code)
V  [libjvm.so+0x953e15]  VMError::report_and_die()+0x175
V  [libjvm.so+0x48fd94]  report_vm_out_of_memory(char const*, int, unsigned long, char const*)+0x74
V  [libjvm.so+0x7cf87b]  os::pd_commit_memory(char*, unsigned long, unsigned long, bool)+0xeb
V  [libjvm.so+0x7ca33f]  os::commit_memory(char*, unsigned long, unsigned long, bool)+0x1f
V  [libjvm.so+0x83dacb]  PSVirtualSpace::expand_by(unsigned long)+0x5b
V  [libjvm.so+0x83e930]  PSYoungGen::resize_generation(unsigned long, unsigned long)+0xb0
V  [libjvm.so+0x83f01b]  PSYoungGen::resize(unsigned long, unsigned long)+0x1b
V  [libjvm.so+0x83b258]  PSScavenge::invoke_no_policy()+0xd68
V  [libjvm.so+0x83bac8]  PSScavenge::invoke()+0x38
V  [libjvm.so+0x7f2083]  ParallelScavengeHeap::failed_mem_allocate(unsigned long)+0x63
V  [libjvm.so+0x955814]  VM_ParallelGCFailedAllocation::doit()+0x84
V  [libjvm.so+0x959917]  VM_Operation::evaluate()+0x47
V  [libjvm.so+0x9583d8]  VMThread::evaluate_operation(VM_Operation*)+0x318
V  [libjvm.so+0x958839]  VMThread::loop()+0x219
V  [libjvm.so+0x958c82]  VMThread::run()+0x72
V  [libjvm.so+0x7cc742]  java_start(Thread*)+0xf2

VM_Operation (0x00007f550d5f53b0): ParallelGCFailedAllocation, mode: safepoint, requested by thread 0x00007f550400b800


---------------  P R O C E S S  ---------------

Java Threads: ( => current thread )
  0x00007f55040b0800 JavaThread "Service Thread" daemon [_thread_blocked, id=17763, stack(0x00007f54fe0eb000,0x00007f54fe1ec000)]
  0x00007f55040ae800 JavaThread "C2 CompilerThread1" daemon [_thread_blocked, id=17762, stack(0x00007f54fe1ec000,0x00007f54fe2ed000)]
  0x00007f55040ab800 JavaThread "C2 CompilerThread0" daemon [_thread_blocked, id=17761, stack(0x00007f54fe2ed000,0x00007f54fe3ee000)]
  0x00007f55040a9000 JavaThread "Signal Dispatcher" daemon [_thread_blocked, id=17760, stack(0x00007f5508030000,0x00007f5508131000)]
  0x00007f550407d800 JavaThread "Finalizer" daemon [_thread_blocked, id=17759, stack(0x00007f5508131000,0x00007f5508232000)]
  0x00007f550407b800 JavaThread "Reference Handler" daemon [_thread_blocked, id=17758, stack(0x00007f5508232000,0x00007f5508333000)]
  0x00007f550400b800 JavaThread "main" [_thread_blocked, id=17752, stack(0x00007f550d4f6000,0x00007f550d5f7000)]

Other Threads:
=>0x00007f5504077000 VMThread [stack: 0x00007f5508333000,0x00007f5508434000] [id=17757]
  0x00007f55040bb800 WatcherThread [stack: 0x00007f54fdfea000,0x00007f54fe0eb000] [id=17764]

VM state:at safepoint (normal execution)

VM Mutex/Monitor currently owned by a thread:  ([mutex/lock_event])
[0x00007f5504007da0] Threads_lock - owner thread: 0x00007f5504077000
[0x00007f55040082a0] Heap_lock - owner thread: 0x00007f550400b800

Heap
 PSYoungGen      total 214528K, used 14516K [0x00000000eaa80000, 0x00000000f8d80000, 0x0000000100000000)
  eden space 196608K, 0% used [0x00000000eaa80000,0x00000000eaa80000,0x00000000f6a80000)
  from space 17920K, 81% used [0x00000000f6a80000,0x00000000f78ad220,0x00000000f7c00000)
  to   space 17920K, 0% used [0x00000000f7c00000,0x00000000f7c00000,0x00000000f8d80000)
 ParOldGen       total 56832K, used 38809K [0x00000000c0000000, 0x00000000c3780000, 0x00000000eaa80000)
  object space 56832K, 68% used [0x00000000c0000000,0x00000000c25e6500,0x00000000c3780000)
 PSPermGen       total 21504K, used 7707K [0x00000000b5a00000, 0x00000000b6f00000, 0x00000000c0000000)
  object space 21504K, 35% used [0x00000000b5a00000,0x00000000b6186d30,0x00000000b6f00000)

Card table byte_map: [0x00007f5509edc000,0x00007f550a130000] byte_map_base: 0x00007f550992f000

Polling page: 0x00007f550d619000

Code Cache  [0x00007f5501000000, 0x00007f55013e0000, 0x00007f5504000000)
 total_blobs=1492 nmethods=1238 adapters=207 free_code_cache=45261Kb largest_free_block=46282048

Compilation events (10 events):
Event: 8.253 Thread 0x00007f55040ab800 1258             java.nio.Buffer::hasRemaining (17 bytes)
Event: 8.254 Thread 0x00007f55040ab800 nmethod 1258 0x00007f55013c8410 code [0x00007f55013c8540, 0x00007f55013c8598]
Event: 8.293 Thread 0x00007f55040ae800 1259             com.android.dx.io.instructions.InstructionCodec$22::decode (37 bytes)
Event: 8.294 Thread 0x00007f55040ab800 1260             com.android.dx.io.instructions.InstructionCodec$22::encode (31 bytes)
Event: 8.296 Thread 0x00007f55040ae800 nmethod 1259 0x00007f55013d5590 code [0x00007f55013d5700, 0x00007f55013d5958]
Event: 8.296 Thread 0x00007f55040ae800 1261             com.android.dx.io.instructions.DecodedInstruction::getLiteralInt (53 bytes)
Event: 8.296 Thread 0x00007f55040ab800 nmethod 1260 0x00007f55013d4f10 code [0x00007f55013d5080, 0x00007f55013d52d8]
Event: 8.296 Thread 0x00007f55040ae800 nmethod 1261 0x00007f55013acc50 code [0x00007f55013acd80, 0x00007f55013acdf8]
Event: 9.053 Thread 0x00007f55040ab800 1262             java.util.ComparableTimSort::gallopLeft (327 bytes)
Event: 9.092 Thread 0x00007f55040ab800 nmethod 1262 0x00007f55013da850 code [0x00007f55013dab00, 0x00007f55013db7f0]

GC Heap History (10 events):
Event: 6.544 GC heap after
Heap after GC invocations=7 (full 0):
 PSYoungGen      total 71680K, used 9200K [0x00000000eaa80000, 0x00000000f4080000, 0x0000000100000000)
  eden space 62464K, 0% used [0x00000000eaa80000,0x00000000eaa80000,0x00000000ee780000)
  from space 9216K, 99% used [0x00000000ee780000,0x00000000ef07c160,0x00000000ef080000)
  to   space 14336K, 0% used [0x00000000f3280000,0x00000000f3280000,0x00000000f4080000)
 ParOldGen       total 40960K, used 24728K [0x00000000c0000000, 0x00000000c2800000, 0x00000000eaa80000)
  object space 40960K, 60% used [0x00000000c0000000,0x00000000c18262c0,0x00000000c2800000)
 PSPermGen       total 21504K, used 7511K [0x00000000b5a00000, 0x00000000b6f00000, 0x00000000c0000000)
  object space 21504K, 34% used [0x00000000b5a00000,0x00000000b6155c98,0x00000000b6f00000)
}
Event: 6.981 GC heap before
{Heap before GC invocations=8 (full 0):
 PSYoungGen      total 71680K, used 71664K [0x00000000eaa80000, 0x00000000f4080000, 0x0000000100000000)
  eden space 62464K, 100% used [0x00000000eaa80000,0x00000000ee780000,0x00000000ee780000)
  from space 9216K, 99% used [0x00000000ee780000,0x00000000ef07c160,0x00000000ef080000)
  to   space 14336K, 0% used [0x00000000f3280000,0x00000000f3280000,0x00000000f4080000)
 ParOldGen       total 40960K, used 24728K [0x00000000c0000000, 0x00000000c2800000, 0x00000000eaa80000)
  object space 40960K, 60% used [0x00000000c0000000,0x00000000c18262c0,0x00000000c2800000)
 PSPermGen       total 21504K, used 7581K [0x00000000b5a00000, 0x00000000b6f00000, 0x00000000c0000000)
  object space 21504K, 35% used [0x00000000b5a00000,0x00000000b61675d0,0x00000000b6f00000)
Event: 6.995 GC heap after
Heap after GC invocations=8 (full 0):
 PSYoungGen      total 137216K, used 13717K [0x00000000eaa80000, 0x00000000f4480000, 0x0000000100000000)
  eden space 122880K, 0% used [0x00000000eaa80000,0x00000000eaa80000,0x00000000f2280000)
  from space 14336K, 95% used [0x00000000f3280000,0x00000000f3fe5498,0x00000000f4080000)
  to   space 16384K, 0% used [0x00000000f2280000,0x00000000f2280000,0x00000000f3280000)
 ParOldGen       total 40960K, used 25185K [0x00000000c0000000, 0x00000000c2800000, 0x00000000eaa80000)
  object space 40960K, 61% used [0x00000000c0000000,0x00000000c1898528,0x00000000c2800000)
 PSPermGen       total 21504K, used 7581K [0x00000000b5a00000, 0x00000000b6f00000, 0x00000000c0000000)
  object space 21504K, 35% used [0x00000000b5a00000,0x00000000b61675d0,0x00000000b6f00000)
}
Event: 7.569 GC heap before
{Heap before GC invocations=9 (full 0):
 PSYoungGen      total 137216K, used 136597K [0x00000000eaa80000, 0x00000000f4480000, 0x0000000100000000)
  eden space 122880K, 100% used [0x00000000eaa80000,0x00000000f2280000,0x00000000f2280000)
  from space 14336K, 95% used [0x00000000f3280000,0x00000000f3fe5498,0x00000000f4080000)
  to   space 16384K, 0% used [0x00000000f2280000,0x00000000f2280000,0x00000000f3280000)
 ParOldGen       total 40960K, used 25185K [0x00000000c0000000, 0x00000000c2800000, 0x00000000eaa80000)
  object space 40960K, 61% used [0x00000000c0000000,0x00000000c1898528,0x00000000c2800000)
 PSPermGen       total 21504K, used 7693K [0x00000000b5a00000, 0x00000000b6f00000, 0x00000000c0000000)
  object space 21504K, 35% used [0x00000000b5a00000,0x00000000b61835d8,0x00000000b6f00000)
Event: 7.588 GC heap after
Heap after GC invocations=9 (full 0):
 PSYoungGen      total 139264K, used 15140K [0x00000000eaa80000, 0x00000000f8d80000, 0x0000000100000000)
  eden space 122880K, 0% used [0x00000000eaa80000,0x00000000eaa80000,0x00000000f2280000)
  from space 16384K, 92% used [0x00000000f2280000,0x00000000f31492a8,0x00000000f3280000)
  to   space 17920K, 0% used [0x00000000f7c00000,0x00000000f7c00000,0x00000000f8d80000)
 ParOldGen       total 40960K, used 30153K [0x00000000c0000000, 0x00000000c2800000, 0x00000000eaa80000)
  object space 40960K, 73% used [0x00000000c0000000,0x00000000c1d727f8,0x00000000c2800000)
 PSPermGen       total 21504K, used 7693K [0x00000000b5a00000, 0x00000000b6f00000, 0x00000000c0000000)
  object space 21504K, 35% used [0x00000000b5a00000,0x00000000b61835d8,0x00000000b6f00000)
}
Event: 7.938 GC heap before
{Heap before GC invocations=10 (full 0):
 PSYoungGen      total 139264K, used 138020K [0x00000000eaa80000, 0x00000000f8d80000, 0x0000000100000000)
  eden space 122880K, 100% used [0x00000000eaa80000,0x00000000f2280000,0x00000000f2280000)
  from space 16384K, 92% used [0x00000000f2280000,0x00000000f31492a8,0x00000000f3280000)
  to   space 17920K, 0% used [0x00000000f7c00000,0x00000000f7c00000,0x00000000f8d80000)
 ParOldGen       total 40960K, used 30153K [0x00000000c0000000, 0x00000000c2800000, 0x00000000eaa80000)
  object space 40960K, 73% used [0x00000000c0000000,0x00000000c1d727f8,0x00000000c2800000)
 PSPermGen       total 21504K, used 7702K [0x00000000b5a00000, 0x00000000b6f00000, 0x00000000c0000000)
  object space 21504K, 35% used [0x00000000b5a00000,0x00000000b6185960,0x00000000b6f00000)
Event: 7.948 GC heap after
Heap after GC invocations=10 (full 0):
 PSYoungGen      total 214528K, used 11371K [0x00000000eaa80000, 0x00000000f8d80000, 0x0000000100000000)
  eden space 196608K, 0% used [0x00000000eaa80000,0x00000000eaa80000,0x00000000f6a80000)
  from space 17920K, 63% used [0x00000000f7c00000,0x00000000f871af68,0x00000000f8d80000)
  to   space 17920K, 0% used [0x00000000f6a80000,0x00000000f6a80000,0x00000000f7c00000)
 ParOldGen       total 40960K, used 35760K [0x00000000c0000000, 0x00000000c2800000, 0x00000000eaa80000)
  object space 40960K, 87% used [0x00000000c0000000,0x00000000c22ec318,0x00000000c2800000)
 PSPermGen       total 21504K, used 7702K [0x00000000b5a00000, 0x00000000b6f00000, 0x00000000c0000000)
  object space 21504K, 35% used [0x00000000b5a00000,0x00000000b6185960,0x00000000b6f00000)
}
Event: 7.948 GC heap before
{Heap before GC invocations=11 (full 1):
 PSYoungGen      total 214528K, used 11371K [0x00000000eaa80000, 0x00000000f8d80000, 0x0000000100000000)
  eden space 196608K, 0% used [0x00000000eaa80000,0x00000000eaa80000,0x00000000f6a80000)
  from space 17920K, 63% used [0x00000000f7c00000,0x00000000f871af68,0x00000000f8d80000)
  to   space 17920K, 0% used [0x00000000f6a80000,0x00000000f6a80000,0x00000000f7c00000)
 ParOldGen       total 40960K, used 35760K [0x00000000c0000000, 0x00000000c2800000, 0x00000000eaa80000)
  object space 40960K, 87% used [0x00000000c0000000,0x00000000c22ec318,0x00000000c2800000)
 PSPermGen       total 21504K, used 7702K [0x00000000b5a00000, 0x00000000b6f00000, 0x00000000c0000000)
  object space 21504K, 35% used [0x00000000b5a00000,0x00000000b6185960,0x00000000b6f00000)
Event: 8.085 GC heap after
Heap after GC invocations=11 (full 1):
 PSYoungGen      total 214528K, used 0K [0x00000000eaa80000, 0x00000000f8d80000, 0x0000000100000000)
  eden space 196608K, 0% used [0x00000000eaa80000,0x00000000eaa80000,0x00000000f6a80000)
  from space 17920K, 0% used [0x00000000f7c00000,0x00000000f7c00000,0x00000000f8d80000)
  to   space 17920K, 0% used [0x00000000f6a80000,0x00000000f6a80000,0x00000000f7c00000)
 ParOldGen       total 56832K, used 25918K [0x00000000c0000000, 0x00000000c3780000, 0x00000000eaa80000)
  object space 56832K, 45% used [0x00000000c0000000,0x00000000c194f8d0,0x00000000c3780000)
 PSPermGen       total 21504K, used 7698K [0x00000000b5a00000, 0x00000000b6f00000, 0x00000000c0000000)
  object space 21504K, 35% used [0x00000000b5a00000,0x00000000b6184b00,0x00000000b6f00000)
}
Event: 9.095 GC heap before
{Heap before GC invocations=12 (full 1):
 PSYoungGen      total 214528K, used 196608K [0x00000000eaa80000, 0x00000000f8d80000, 0x0000000100000000)
  eden space 196608K, 100% used [0x00000000eaa80000,0x00000000f6a80000,0x00000000f6a80000)
  from space 17920K, 0% used [0x00000000f7c00000,0x00000000f7c00000,0x00000000f8d80000)
  to   space 17920K, 0% used [0x00000000f6a80000,0x00000000f6a80000,0x00000000f7c00000)
 ParOldGen       total 56832K, used 25918K [0x00000000c0000000, 0x00000000c3780000, 0x00000000eaa80000)
  object space 56832K, 45% used [0x00000000c0000000,0x00000000c194f8d0,0x00000000c3780000)
 PSPermGen       total 21504K, used 7707K [0x00000000b5a00000, 0x00000000b6f00000, 0x00000000c0000000)
  object space 21504K, 35% used [0x00000000b5a00000,0x00000000b6186d30,0x00000000b6f00000)

Deoptimization events (10 events):
Event: 7.719 Thread 0x00007f550400b800 Uncommon trap: reason=unstable_if action=reinterpret pc=0x00007f550132853c method=com.android.dex.Mutf8.countBytes(Ljava/lang/String;Z)J @ 28
Event: 7.719 Thread 0x00007f550400b800 Uncommon trap: reason=unstable_if action=reinterpret pc=0x00007f55012e7d14 method=com.android.dex.Mutf8.encode([BILjava/lang/String;)V @ 24
Event: 7.834 Thread 0x00007f550400b800 Uncommon trap: reason=unstable_if action=reinterpret pc=0x00007f5501324460 method=com.android.dex.Mutf8.countBytes(Ljava/lang/String;Z)J @ 28
Event: 7.908 Thread 0x00007f550400b800 Uncommon trap: reason=unstable_if action=reinterpret pc=0x00007f550132a3a4 method=com.android.dex.Mutf8.countBytes(Ljava/lang/String;Z)J @ 28
Event: 8.128 Thread 0x00007f550400b800 Uncommon trap: reason=unstable_if action=reinterpret pc=0x00007f550132c854 method=com.android.dex.Mutf8.countBytes(Ljava/lang/String;Z)J @ 28
Event: 8.129 Thread 0x00007f550400b800 Uncommon trap: reason=unstable_if action=reinterpret pc=0x00007f55013c78b8 method=com.android.dex.Mutf8.decode(Lcom/android/dex/util/ByteInput;[C)Ljava/lang/String; @ 54
Event: 8.129 Thread 0x00007f550400b800 Uncommon trap: reason=unstable_if action=reinterpret pc=0x00007f55012e9698 method=com.android.dex.Mutf8.countBytes(Ljava/lang/String;Z)J @ 35
Event: 8.133 Thread 0x00007f550400b800 Uncommon trap: reason=unstable_if action=reinterpret pc=0x00007f55013abb0c method=com.android.dex.Mutf8.countBytes(Ljava/lang/String;Z)J @ 35
Event: 8.133 Thread 0x00007f550400b800 Uncommon trap: reason=unstable_if action=reinterpret pc=0x00007f55013cbbf4 method=com.android.dex.Mutf8.encode([BILjava/lang/String;)V @ 31
Event: 8.136 Thread 0x00007f550400b800 Uncommon trap: reason=unstable_if action=reinterpret pc=0x00007f55013cb0d8 method=com.android.dex.Mutf8.encode([BILjava/lang/String;)V @ 31

Internal exceptions (10 events):
Event: 6.252 Thread 0x00007f550400b800 Threw 0x00000000edeaaf70 at /build/openjdk-7-zaTxYK/openjdk-7-7u91-2.6.3/build/openjdk/hotspot/src/share/vm/prims/jvm.cpp:1322
Event: 6.252 Thread 0x00007f550400b800 Threw 0x00000000edeaec08 at /build/openjdk-7-zaTxYK/openjdk-7-7u91-2.6.3/build/openjdk/hotspot/src/share/vm/prims/jvm.cpp:1322
Event: 6.253 Thread 0x00007f550400b800 Threw 0x00000000edeb29f0 at /build/openjdk-7-zaTxYK/openjdk-7-7u91-2.6.3/build/openjdk/hotspot/src/share/vm/prims/jvm.cpp:1322
Event: 6.254 Thread 0x00007f550400b800 Threw 0x00000000edeb89d8 at /build/openjdk-7-zaTxYK/openjdk-7-7u91-2.6.3/build/openjdk/hotspot/src/share/vm/prims/jvm.cpp:1322
Event: 6.254 Thread 0x00007f550400b800 Threw 0x00000000edebc4f0 at /build/openjdk-7-zaTxYK/openjdk-7-7u91-2.6.3/build/openjdk/hotspot/src/share/vm/prims/jvm.cpp:1322
Event: 6.254 Thread 0x00007f550400b800 Threw 0x00000000edec0200 at /build/openjdk-7-zaTxYK/openjdk-7-7u91-2.6.3/build/openjdk/hotspot/src/share/vm/prims/jvm.cpp:1322
Event: 6.255 Thread 0x00007f550400b800 Threw 0x00000000edec3c80 at /build/openjdk-7-zaTxYK/openjdk-7-7u91-2.6.3/build/openjdk/hotspot/src/share/vm/prims/jvm.cpp:1322
Event: 6.257 Thread 0x00007f550400b800 Threw 0x00000000edecb740 at /build/openjdk-7-zaTxYK/openjdk-7-7u91-2.6.3/build/openjdk/hotspot/src/share/vm/prims/jvm.cpp:1322
Event: 6.257 Thread 0x00007f550400b800 Threw 0x00000000edece300 at /build/openjdk-7-zaTxYK/openjdk-7-7u91-2.6.3/build/openjdk/hotspot/src/share/vm/prims/jvm.cpp:1322
Event: 6.710 Thread 0x00007f550400b800 Threw 0x00000000ebc56d40 at /build/openjdk-7-zaTxYK/openjdk-7-7u91-2.6.3/build/openjdk/hotspot/src/share/vm/prims/jvm.cpp:1322

Events (10 events):
Event: 8.133 Thread 0x00007f550400b800 Uncommon trap: trap_request=0xffffff75 fr.pc=0x00007f55013abb0c
Event: 8.133 Thread 0x00007f550400b800 DEOPT PACKING pc=0x00007f55013abb0c sp=0x00007f550d5f5460
Event: 8.133 Thread 0x00007f550400b800 DEOPT UNPACKING pc=0x00007f5501039445 sp=0x00007f550d5f5418 mode 2
Event: 8.133 Thread 0x00007f550400b800 Uncommon trap: trap_request=0xffffff75 fr.pc=0x00007f55013cbbf4
Event: 8.133 Thread 0x00007f550400b800 DEOPT PACKING pc=0x00007f55013cbbf4 sp=0x00007f550d5f5460
Event: 8.133 Thread 0x00007f550400b800 DEOPT UNPACKING pc=0x00007f5501039445 sp=0x00007f550d5f5428 mode 2
Event: 8.136 Thread 0x00007f550400b800 Uncommon trap: trap_request=0xffffff75 fr.pc=0x00007f55013cb0d8
Event: 8.136 Thread 0x00007f550400b800 DEOPT PACKING pc=0x00007f55013cb0d8 sp=0x00007f550d5f5450
Event: 8.136 Thread 0x00007f550400b800 DEOPT UNPACKING pc=0x00007f5501039445 sp=0x00007f550d5f5418 mode 2
Event: 9.095 Executing VM operation: ParallelGCFailedAllocation


Dynamic libraries:
00400000-00401000 r-xp 00000000 08:07 3148986                            /usr/lib/jvm/java-7-openjdk-amd64/jre/bin/java
00600000-00601000 r--p 00000000 08:07 3148986                            /usr/lib/jvm/java-7-openjdk-amd64/jre/bin/java
00601000-00602000 rw-p 00001000 08:07 3148986                            /usr/lib/jvm/java-7-openjdk-amd64/jre/bin/java
00ecc000-00eed000 rw-p 00000000 00:00 0                                  [heap]
b5a00000-b6f00000 rw-p 00000000 00:00 0 
b6f00000-c0000000 rw-p 00000000 00:00 0 
c0000000-c3780000 rw-p 00000000 00:00 0 
c3780000-eaa80000 rw-p 00000000 00:00 0 
eaa80000-f8d80000 rw-p 00000000 00:00 0 
fd580000-100000000 rw-p 00000000 00:00 0 
7f54b0000000-7f54b0028000 rw-p 00000000 00:00 0 
7f54b0028000-7f54b4000000 ---p 00000000 00:00 0 
7f54b8000000-7f54b802a000 rw-p 00000000 00:00 0 
7f54b802a000-7f54bc000000 ---p 00000000 00:00 0 
7f54bc000000-7f54bc034000 rw-p 00000000 00:00 0 
7f54bc034000-7f54c0000000 ---p 00000000 00:00 0 
7f54c0000000-7f54c0025000 rw-p 00000000 00:00 0 
7f54c0025000-7f54c4000000 ---p 00000000 00:00 0 
7f54c4000000-7f54c4021000 rw-p 00000000 00:00 0 
7f54c4021000-7f54c8000000 ---p 00000000 00:00 0 
7f54c8000000-7f54c8021000 rw-p 00000000 00:00 0 
7f54c8021000-7f54cc000000 ---p 00000000 00:00 0 
7f54cc000000-7f54cc021000 rw-p 00000000 00:00 0 
7f54cc021000-7f54d0000000 ---p 00000000 00:00 0 
7f54d0000000-7f54d15bd000 rw-p 00000000 00:00 0 
7f54d15bd000-7f54d4000000 ---p 00000000 00:00 0 
7f54d4000000-7f54d538a000 rw-p 00000000 00:00 0 
7f54d538a000-7f54d8000000 ---p 00000000 00:00 0 
7f54d8000000-7f54d8021000 rw-p 00000000 00:00 0 
7f54d8021000-7f54dc000000 ---p 00000000 00:00 0 
7f54dc000000-7f54dc021000 rw-p 00000000 00:00 0 
7f54dc021000-7f54e0000000 ---p 00000000 00:00 0 
7f54e0000000-7f54e0242000 rw-p 00000000 00:00 0 
7f54e0242000-7f54e4000000 ---p 00000000 00:00 0 
7f54e4000000-7f54e4021000 rw-p 00000000 00:00 0 
7f54e4021000-7f54e8000000 ---p 00000000 00:00 0 
7f54e8000000-7f54e8021000 rw-p 00000000 00:00 0 
7f54e8021000-7f54ec000000 ---p 00000000 00:00 0 
7f54ec000000-7f54ec021000 rw-p 00000000 00:00 0 
7f54ec021000-7f54f0000000 ---p 00000000 00:00 0 
7f54f0000000-7f54f0021000 rw-p 00000000 00:00 0 
7f54f0021000-7f54f4000000 ---p 00000000 00:00 0 
7f54f8000000-7f54f8021000 rw-p 00000000 00:00 0 
7f54f8021000-7f54fc000000 ---p 00000000 00:00 0 
7f54fc367000-7f54fc3a4000 r-xp 00000000 08:07 4198346                    /lib/x86_64-linux-gnu/libpcre.so.3.13.1
7f54fc3a4000-7f54fc5a3000 ---p 0003d000 08:07 4198346                    /lib/x86_64-linux-gnu/libpcre.so.3.13.1
7f54fc5a3000-7f54fc5a4000 r--p 0003c000 08:07 4198346                    /lib/x86_64-linux-gnu/libpcre.so.3.13.1
7f54fc5a4000-7f54fc5a5000 rw-p 0003d000 08:07 4198346                    /lib/x86_64-linux-gnu/libpcre.so.3.13.1
7f54fc5a5000-7f54fc5ac000 r-xp 00000000 08:07 1071226                    /usr/lib/x86_64-linux-gnu/libffi.so.6.0.1
7f54fc5ac000-7f54fc7ab000 ---p 00007000 08:07 1071226                    /usr/lib/x86_64-linux-gnu/libffi.so.6.0.1
7f54fc7ab000-7f54fc7ac000 r--p 00006000 08:07 1071226                    /usr/lib/x86_64-linux-gnu/libffi.so.6.0.1
7f54fc7ac000-7f54fc7ad000 rw-p 00007000 08:07 1071226                    /usr/lib/x86_64-linux-gnu/libffi.so.6.0.1
7f54fc7ad000-7f54fc7c4000 r-xp 00000000 08:07 4198341                    /lib/x86_64-linux-gnu/libresolv-2.19.so
7f54fc7c4000-7f54fc9c4000 ---p 00017000 08:07 4198341                    /lib/x86_64-linux-gnu/libresolv-2.19.so
7f54fc9c4000-7f54fc9c5000 r--p 00017000 08:07 4198341                    /lib/x86_64-linux-gnu/libresolv-2.19.so
7f54fc9c5000-7f54fc9c6000 rw-p 00018000 08:07 4198341                    /lib/x86_64-linux-gnu/libresolv-2.19.so
7f54fc9c6000-7f54fc9c8000 rw-p 00000000 00:00 0 
7f54fc9c8000-7f54fc9e8000 r-xp 00000000 08:07 4198493                    /lib/x86_64-linux-gnu/libselinux.so.1
7f54fc9e8000-7f54fcbe7000 ---p 00020000 08:07 4198493                    /lib/x86_64-linux-gnu/libselinux.so.1
7f54fcbe7000-7f54fcbe8000 r--p 0001f000 08:07 4198493                    /lib/x86_64-linux-gnu/libselinux.so.1
7f54fcbe8000-7f54fcbe9000 rw-p 00020000 08:07 4198493                    /lib/x86_64-linux-gnu/libselinux.so.1
7f54fcbe9000-7f54fcbeb000 rw-p 00000000 00:00 0 
7f54fcbeb000-7f54fcbee000 r-xp 00000000 08:07 1048940                    /usr/lib/x86_64-linux-gnu/libgmodule-2.0.so.0.4002.0
7f54fcbee000-7f54fcded000 ---p 00003000 08:07 1048940                    /usr/lib/x86_64-linux-gnu/libgmodule-2.0.so.0.4002.0
7f54fcded000-7f54fcdee000 r--p 00002000 08:07 1048940                    /usr/lib/x86_64-linux-gnu/libgmodule-2.0.so.0.4002.0
7f54fcdee000-7f54fcdef000 rw-p 00003000 08:07 1048940                    /usr/lib/x86_64-linux-gnu/libgmodule-2.0.so.0.4002.0
7f54fcdef000-7f54fcef5000 r-xp 00000000 08:07 4198308                    /lib/x86_64-linux-gnu/libglib-2.0.so.0.4002.0
7f54fcef5000-7f54fd0f4000 ---p 00106000 08:07 4198308                    /lib/x86_64-linux-gnu/libglib-2.0.so.0.4002.0
7f54fd0f4000-7f54fd0f5000 r--p 00105000 08:07 4198308                    /lib/x86_64-linux-gnu/libglib-2.0.so.0.4002.0
7f54fd0f5000-7f54fd0f6000 rw-p 00106000 08:07 4198308                    /lib/x86_64-linux-gnu/libglib-2.0.so.0.4002.0
7f54fd0f6000-7f54fd0f7000 rw-p 00000000 00:00 0 
7f54fd0f7000-7f54fd146000 r-xp 00000000 08:07 1048958                    /usr/lib/x86_64-linux-gnu/libgobject-2.0.so.0.4002.0
7f54fd146000-7f54fd346000 ---p 0004f000 08:07 1048958                    /usr/lib/x86_64-linux-gnu/libgobject-2.0.so.0.4002.0
7f54fd346000-7f54fd347000 r--p 0004f000 08:07 1048958                    /usr/lib/x86_64-linux-gnu/libgobject-2.0.so.0.4002.0
7f54fd347000-7f54fd348000 rw-p 00050000 08:07 1048958                    /usr/lib/x86_64-linux-gnu/libgobject-2.0.so.0.4002.0
7f54fd348000-7f54fd4b4000 r-xp 00000000 08:07 1048962                    /usr/lib/x86_64-linux-gnu/libgio-2.0.so.0.4002.0
7f54fd4b4000-7f54fd6b3000 ---p 0016c000 08:07 1048962                    /usr/lib/x86_64-linux-gnu/libgio-2.0.so.0.4002.0
7f54fd6b3000-7f54fd6b7000 r--p 0016b000 08:07 1048962                    /usr/lib/x86_64-linux-gnu/libgio-2.0.so.0.4002.0
7f54fd6b7000-7f54fd6b9000 rw-p 0016f000 08:07 1048962                    /usr/lib/x86_64-linux-gnu/libgio-2.0.so.0.4002.0
7f54fd6b9000-7f54fd6bb000 rw-p 00000000 00:00 0 
7f54fd6bb000-7f54fd6d2000 r-xp 00000000 08:07 3149050                    /usr/lib/jvm/java-7-openjdk-amd64/jre/lib/amd64/libnet.so
7f54fd6d2000-7f54fd8d1000 ---p 00017000 08:07 3149050                    /usr/lib/jvm/java-7-openjdk-amd64/jre/lib/amd64/libnet.so
7f54fd8d1000-7f54fd8d2000 r--p 00016000 08:07 3149050                    /usr/lib/jvm/java-7-openjdk-amd64/jre/lib/amd64/libnet.so
7f54fd8d2000-7f54fd8d3000 rw-p 00017000 08:07 3149050                    /usr/lib/jvm/java-7-openjdk-amd64/jre/lib/amd64/libnet.so
7f54fd8d3000-7f54fd8e3000 r-xp 00000000 08:07 3149013                    /usr/lib/jvm/java-7-openjdk-amd64/jre/lib/amd64/libnio.so
7f54fd8e3000-7f54fdae3000 ---p 00010000 08:07 3149013                    /usr/lib/jvm/java-7-openjdk-amd64/jre/lib/amd64/libnio.so
7f54fdae3000-7f54fdae4000 r--p 00010000 08:07 3149013                    /usr/lib/jvm/java-7-openjdk-amd64/jre/lib/amd64/libnio.so
7f54fdae4000-7f54fdae5000 rw-p 00011000 08:07 3149013                    /usr/lib/jvm/java-7-openjdk-amd64/jre/lib/amd64/libnio.so
7f54fdae5000-7f54fdae8000 ---p 00000000 00:00 0 
7f54fdae8000-7f54fdbe6000 rw-p 00000000 00:00 0 
7f54fdbe6000-7f54fdbe9000 ---p 00000000 00:00 0 
7f54fdbe9000-7f54fdce7000 rw-p 00000000 00:00 0 
7f54fdce7000-7f54fdcea000 ---p 00000000 00:00 0 
7f54fdcea000-7f54fdde8000 rw-p 00000000 00:00 0 
7f54fdde8000-7f54fddeb000 ---p 00000000 00:00 0 
7f54fddeb000-7f54fdee9000 rw-p 00000000 00:00 0 
7f54fdee9000-7f54fdeec000 ---p 00000000 00:00 0 
7f54fdeec000-7f54fdfea000 rw-p 00000000 00:00 0 
7f54fdfea000-7f54fdfeb000 ---p 00000000 00:00 0 
7f54fdfeb000-7f54fe0eb000 rw-p 00000000 00:00 0                          [stack:17764]
7f54fe0eb000-7f54fe0ee000 ---p 00000000 00:00 0 
7f54fe0ee000-7f54fe1ec000 rw-p 00000000 00:00 0                          [stack:17763]
7f54fe1ec000-7f54fe1ef000 ---p 00000000 00:00 0 
7f54fe1ef000-7f54fe2ed000 rw-p 00000000 00:00 0                          [stack:17762]
7f54fe2ed000-7f54fe2f0000 ---p 00000000 00:00 0 
7f54fe2f0000-7f54fe3ee000 rw-p 00000000 00:00 0                          [stack:17761]
7f54fe3ee000-7f54fead0000 r--p 00000000 08:07 1056383                    /usr/lib/locale/locale-archive
7f54fead0000-7f5501000000 rw-p 00000000 00:00 0 
7f5501000000-7f55013e0000 rwxp 00000000 00:00 0 
7f55013e0000-7f5504262000 rw-p 00000000 00:00 0 
7f5504262000-7f5508000000 ---p 00000000 00:00 0 
7f550801c000-7f5508021000 r--s 0004e000 08:07 3149062                    /usr/lib/jvm/java-7-openjdk-amd64/jre/lib/jsse.jar
7f5508021000-7f5508030000 r--s 000df000 08:07 3419560                    /home/sanket/android-sdks/build-tools/23.0.0/lib/dx.jar
7f5508030000-7f5508033000 ---p 00000000 00:00 0 
7f5508033000-7f5508131000 rw-p 00000000 00:00 0                          [stack:17760]
7f5508131000-7f5508134000 ---p 00000000 00:00 0 
7f5508134000-7f5508232000 rw-p 00000000 00:00 0                          [stack:17759]
7f5508232000-7f5508235000 ---p 00000000 00:00 0 
7f5508235000-7f5508333000 rw-p 00000000 00:00 0                          [stack:17758]
7f5508333000-7f5508334000 ---p 00000000 00:00 0 
7f5508334000-7f5509431000 rw-p 00000000 00:00 0                          [stack:17757]
7f5509431000-7f55095e3000 r--s 01d2e000 08:07 3149006                    /usr/lib/jvm/java-7-openjdk-amd64/jre/lib/rt.jar
7f55095e3000-7f550992f000 rw-p 00000000 00:00 0 
7f550992f000-7f5509930000 ---p 00000000 00:00 0 
7f5509930000-7f5509a30000 rw-p 00000000 00:00 0                          [stack:17756]
7f5509a30000-7f5509a31000 ---p 00000000 00:00 0 
7f5509a31000-7f5509b31000 rw-p 00000000 00:00 0                          [stack:17755]
7f5509b31000-7f5509b32000 ---p 00000000 00:00 0 
7f5509b32000-7f5509c32000 rw-p 00000000 00:00 0                          [stack:17754]
7f5509c32000-7f5509c33000 ---p 00000000 00:00 0 
7f5509c33000-7f5509d3e000 rw-p 00000000 00:00 0                          [stack:17753]
7f5509d3e000-7f5509d86000 rw-p 00000000 00:00 0 
7f5509d86000-7f5509da2000 rw-p 00000000 00:00 0 
7f5509da2000-7f5509edc000 rw-p 00000000 00:00 0 
7f5509edc000-7f5509ee7000 rw-p 00000000 00:00 0 
7f5509ee7000-7f5509f2f000 rw-p 00000000 00:00 0 
7f5509f2f000-7f5509f4b000 rw-p 00000000 00:00 0 
7f5509f4b000-7f550a084000 rw-p 00000000 00:00 0 
7f550a084000-7f550a0f6000 rw-p 00000000 00:00 0 
7f550a0f6000-7f550a12f000 rw-p 00000000 00:00 0 
7f550a12f000-7f550a130000 rw-p 00000000 00:00 0 
7f550a130000-7f550a138000 r-xp 00000000 08:07 3149018                    /usr/lib/jvm/java-7-openjdk-amd64/jre/lib/amd64/libzip.so
7f550a138000-7f550a337000 ---p 00008000 08:07 3149018                    /usr/lib/jvm/java-7-openjdk-amd64/jre/lib/amd64/libzip.so
7f550a337000-7f550a338000 r--p 00007000 08:07 3149018                    /usr/lib/jvm/java-7-openjdk-amd64/jre/lib/amd64/libzip.so
7f550a338000-7f550a339000 rw-p 00008000 08:07 3149018                    /usr/lib/jvm/java-7-openjdk-amd64/jre/lib/amd64/libzip.so
7f550a339000-7f550a344000 r-xp 00000000 08:07 4198440                    /lib/x86_64-linux-gnu/libnss_files-2.19.so
7f550a344000-7f550a543000 ---p 0000b000 08:07 4198440                    /lib/x86_64-linux-gnu/libnss_files-2.19.so
7f550a543000-7f550a544000 r--p 0000a000 08:07 4198440                    /lib/x86_64-linux-gnu/libnss_files-2.19.so
7f550a544000-7f550a545000 rw-p 0000b000 08:07 4198440                    /lib/x86_64-linux-gnu/libnss_files-2.19.so
7f550a545000-7f550a550000 r-xp 00000000 08:07 4200064                    /lib/x86_64-linux-gnu/libnss_nis-2.19.so
7f550a550000-7f550a74f000 ---p 0000b000 08:07 4200064                    /lib/x86_64-linux-gnu/libnss_nis-2.19.so
7f550a74f000-7f550a750000 r--p 0000a000 08:07 4200064                    /lib/x86_64-linux-gnu/libnss_nis-2.19.so
7f550a750000-7f550a751000 rw-p 0000b000 08:07 4200064                    /lib/x86_64-linux-gnu/libnss_nis-2.19.so
7f550a751000-7f550a768000 r-xp 00000000 08:07 4199530                    /lib/x86_64-linux-gnu/libnsl-2.19.so
7f550a768000-7f550a967000 ---p 00017000 08:07 4199530                    /lib/x86_64-linux-gnu/libnsl-2.19.so
7f550a967000-7f550a968000 r--p 00016000 08:07 4199530                    /lib/x86_64-linux-gnu/libnsl-2.19.so
7f550a968000-7f550a969000 rw-p 00017000 08:07 4199530                    /lib/x86_64-linux-gnu/libnsl-2.19.so
7f550a969000-7f550a96b000 rw-p 00000000 00:00 0 
7f550a96b000-7f550a974000 r-xp 00000000 08:07 4198482                    /lib/x86_64-linux-gnu/libnss_compat-2.19.so
7f550a974000-7f550ab73000 ---p 00009000 08:07 4198482                    /lib/x86_64-linux-gnu/libnss_compat-2.19.so
7f550ab73000-7f550ab74000 r--p 00008000 08:07 4198482                    /lib/x86_64-linux-gnu/libnss_compat-2.19.so
7f550ab74000-7f550ab75000 rw-p 00009000 08:07 4198482                    /lib/x86_64-linux-gnu/libnss_compat-2.19.so
7f550ab75000-7f550aba0000 r-xp 00000000 08:07 3149029                    /usr/lib/jvm/java-7-openjdk-amd64/jre/lib/amd64/libjava.so
7f550aba0000-7f550ada0000 ---p 0002b000 08:07 3149029                    /usr/lib/jvm/java-7-openjdk-amd64/jre/lib/amd64/libjava.so
7f550ada0000-7f550ada1000 r--p 0002b000 08:07 3149029                    /usr/lib/jvm/java-7-openjdk-amd64/jre/lib/amd64/libjava.so
7f550ada1000-7f550ada3000 rw-p 0002c000 08:07 3149029                    /usr/lib/jvm/java-7-openjdk-amd64/jre/lib/amd64/libjava.so
7f550ada3000-7f550adb3000 r-xp 00000000 08:07 3149045                    /usr/lib/jvm/java-7-openjdk-amd64/jre/lib/amd64/libverify.so
7f550adb3000-7f550afb2000 ---p 00010000 08:07 3149045                    /usr/lib/jvm/java-7-openjdk-amd64/jre/lib/amd64/libverify.so
7f550afb2000-7f550afb4000 r--p 0000f000 08:07 3149045                    /usr/lib/jvm/java-7-openjdk-amd64/jre/lib/amd64/libverify.so
7f550afb4000-7f550afb5000 rw-p 00011000 08:07 3149045                    /usr/lib/jvm/java-7-openjdk-amd64/jre/lib/amd64/libverify.so
7f550afb5000-7f550afbc000 r-xp 00000000 08:07 4200061                    /lib/x86_64-linux-gnu/librt-2.19.so
7f550afbc000-7f550b1bb000 ---p 00007000 08:07 4200061                    /lib/x86_64-linux-gnu/librt-2.19.so
7f550b1bb000-7f550b1bc000 r--p 00006000 08:07 4200061                    /lib/x86_64-linux-gnu/librt-2.19.so
7f550b1bc000-7f550b1bd000 rw-p 00007000 08:07 4200061                    /lib/x86_64-linux-gnu/librt-2.19.so
7f550b1bd000-7f550b1d3000 r-xp 00000000 08:07 4223721                    /lib/x86_64-linux-gnu/libgcc_s.so.1
7f550b1d3000-7f550b3d2000 ---p 00016000 08:07 4223721                    /lib/x86_64-linux-gnu/libgcc_s.so.1
7f550b3d2000-7f550b3d3000 rw-p 00015000 08:07 4223721                    /lib/x86_64-linux-gnu/libgcc_s.so.1
7f550b3d3000-7f550b4d8000 r-xp 00000000 08:07 4198343                    /lib/x86_64-linux-gnu/libm-2.19.so
7f550b4d8000-7f550b6d7000 ---p 00105000 08:07 4198343                    /lib/x86_64-linux-gnu/libm-2.19.so
7f550b6d7000-7f550b6d8000 r--p 00104000 08:07 4198343                    /lib/x86_64-linux-gnu/libm-2.19.so
7f550b6d8000-7f550b6d9000 rw-p 00105000 08:07 4198343                    /lib/x86_64-linux-gnu/libm-2.19.so
7f550b6d9000-7f550b7bf000 r-xp 00000000 08:07 1052838                    /usr/lib/x86_64-linux-gnu/libstdc++.so.6.0.19
7f550b7bf000-7f550b9be000 ---p 000e6000 08:07 1052838                    /usr/lib/x86_64-linux-gnu/libstdc++.so.6.0.19
7f550b9be000-7f550b9c6000 r--p 000e5000 08:07 1052838                    /usr/lib/x86_64-linux-gnu/libstdc++.so.6.0.19
7f550b9c6000-7f550b9c8000 rw-p 000ed000 08:07 1052838                    /usr/lib/x86_64-linux-gnu/libstdc++.so.6.0.19
7f550b9c8000-7f550b9dd000 rw-p 00000000 00:00 0 
7f550b9dd000-7f550c501000 r-xp 00000000 08:07 3149035                    /usr/lib/jvm/java-7-openjdk-amd64/jre/lib/amd64/server/libjvm.so
7f550c501000-7f550c701000 ---p 00b24000 08:07 3149035                    /usr/lib/jvm/java-7-openjdk-amd64/jre/lib/amd64/server/libjvm.so
7f550c701000-7f550c79b000 r--p 00b24000 08:07 3149035                    /usr/lib/jvm/java-7-openjdk-amd64/jre/lib/amd64/server/libjvm.so
7f550c79b000-7f550c7be000 rw-p 00bbe000 08:07 3149035                    /usr/lib/jvm/java-7-openjdk-amd64/jre/lib/amd64/server/libjvm.so
7f550c7be000-7f550c7ec000 rw-p 00000000 00:00 0 
7f550c7ec000-7f550c804000 r-xp 00000000 08:07 4198526                    /lib/x86_64-linux-gnu/libz.so.1.2.8
7f550c804000-7f550ca03000 ---p 00018000 08:07 4198526                    /lib/x86_64-linux-gnu/libz.so.1.2.8
7f550ca03000-7f550ca04000 r--p 00017000 08:07 4198526                    /lib/x86_64-linux-gnu/libz.so.1.2.8
7f550ca04000-7f550ca05000 rw-p 00018000 08:07 4198526                    /lib/x86_64-linux-gnu/libz.so.1.2.8
7f550ca05000-7f550ca1e000 r-xp 00000000 08:07 4200059                    /lib/x86_64-linux-gnu/libpthread-2.19.so
7f550ca1e000-7f550cc1d000 ---p 00019000 08:07 4200059                    /lib/x86_64-linux-gnu/libpthread-2.19.so
7f550cc1d000-7f550cc1e000 r--p 00018000 08:07 4200059                    /lib/x86_64-linux-gnu/libpthread-2.19.so
7f550cc1e000-7f550cc1f000 rw-p 00019000 08:07 4200059                    /lib/x86_64-linux-gnu/libpthread-2.19.so
7f550cc1f000-7f550cc23000 rw-p 00000000 00:00 0 
7f550cc23000-7f550cc26000 r-xp 00000000 08:07 4198451                    /lib/x86_64-linux-gnu/libdl-2.19.so
7f550cc26000-7f550ce25000 ---p 00003000 08:07 4198451                    /lib/x86_64-linux-gnu/libdl-2.19.so
7f550ce25000-7f550ce26000 r--p 00002000 08:07 4198451                    /lib/x86_64-linux-gnu/libdl-2.19.so
7f550ce26000-7f550ce27000 rw-p 00003000 08:07 4198451                    /lib/x86_64-linux-gnu/libdl-2.19.so
7f550ce27000-7f550cfe2000 r-xp 00000000 08:07 4200058                    /lib/x86_64-linux-gnu/libc-2.19.so
7f550cfe2000-7f550d1e1000 ---p 001bb000 08:07 4200058                    /lib/x86_64-linux-gnu/libc-2.19.so
7f550d1e1000-7f550d1e5000 r--p 001ba000 08:07 4200058                    /lib/x86_64-linux-gnu/libc-2.19.so
7f550d1e5000-7f550d1e7000 rw-p 001be000 08:07 4200058                    /lib/x86_64-linux-gnu/libc-2.19.so
7f550d1e7000-7f550d1ec000 rw-p 00000000 00:00 0 
7f550d1ec000-7f550d1f9000 r-xp 00000000 08:07 3149046                    /usr/lib/jvm/java-7-openjdk-amd64/jre/lib/amd64/jli/libjli.so
7f550d1f9000-7f550d3f8000 ---p 0000d000 08:07 3149046                    /usr/lib/jvm/java-7-openjdk-amd64/jre/lib/amd64/jli/libjli.so
7f550d3f8000-7f550d3f9000 r--p 0000c000 08:07 3149046                    /usr/lib/jvm/java-7-openjdk-amd64/jre/lib/amd64/jli/libjli.so
7f550d3f9000-7f550d3fa000 rw-p 0000d000 08:07 3149046                    /usr/lib/jvm/java-7-openjdk-amd64/jre/lib/amd64/jli/libjli.so
7f550d3fa000-7f550d41d000 r-xp 00000000 08:07 4200046                    /lib/x86_64-linux-gnu/ld-2.19.so
7f550d41d000-7f550d446000 rw-p 00000000 00:00 0 
7f550d446000-7f550d4f6000 rw-p 00000000 00:00 0 
7f550d4f6000-7f550d4f9000 ---p 00000000 00:00 0 
7f550d4f9000-7f550d5fc000 rw-p 00000000 00:00 0                          [stack:17752]
7f550d5fc000-7f550d5fd000 r--s 00002000 08:07 3149003                    /usr/lib/jvm/java-7-openjdk-amd64/jre/lib/ext/dnsns.jar
7f550d5fd000-7f550d601000 r--s 00085000 08:07 3148999                    /usr/lib/jvm/java-7-openjdk-amd64/jre/lib/ext/localedata.jar
7f550d601000-7f550d603000 r--s 00012000 08:07 3148998                    /usr/lib/jvm/java-7-openjdk-amd64/jre/lib/ext/zipfs.jar
7f550d603000-7f550d607000 r--s 0003c000 08:07 3149002                    /usr/lib/jvm/java-7-openjdk-amd64/jre/lib/ext/sunpkcs11.jar
7f550d607000-7f550d609000 r--s 00006000 08:07 1456370                    /usr/share/java/java-atk-wrapper.jar
7f550d609000-7f550d60d000 r--s 00034000 08:07 3149001                    /usr/lib/jvm/java-7-openjdk-amd64/jre/lib/ext/sunjce_provider.jar
7f550d60d000-7f550d610000 r--s 0000f000 08:07 3149000                    /usr/lib/jvm/java-7-openjdk-amd64/jre/lib/ext/icedtea-sound.jar
7f550d610000-7f550d618000 rw-s 00000000 08:07 536857                     /tmp/hsperfdata_sanket/17747
7f550d618000-7f550d619000 rw-p 00000000 00:00 0 
7f550d619000-7f550d61a000 ---p 00000000 00:00 0 
7f550d61a000-7f550d61c000 rw-p 00000000 00:00 0 
7f550d61c000-7f550d61d000 r--p 00022000 08:07 4200046                    /lib/x86_64-linux-gnu/ld-2.19.so
7f550d61d000-7f550d61e000 rw-p 00023000 08:07 4200046                    /lib/x86_64-linux-gnu/ld-2.19.so
7f550d61e000-7f550d61f000 rw-p 00000000 00:00 0 
7fffe1f2b000-7fffe1f4d000 rw-p 00000000 00:00 0                          [stack]
7fffe1f98000-7fffe1f9a000 r-xp 00000000 00:00 0                          [vdso]
ffffffffff600000-ffffffffff601000 r-xp 00000000 00:00 0                  [vsyscall]

VM Arguments:
jvm_args: -Xmx1024M -Dfile.encoding=UTF-8 -Duser.country=US -Duser.language=en -Duser.variant 
java_command: com.android.dx.command.Main --dex --num-threads=4 --output /home/sanket/lokavidyaapp/app/build/intermediates/dex/debug /home/sanket/lokavidyaapp/app/build/intermediates/classes/debug /home/sanket/lokavidyaapp/app/build/intermediates/pre-dexed/debug/javax.inject-1-0b64f9413fa3755ee930a0fd931b6f28fcfd1ba8.jar /home/sanket/lokavidyaapp/app/build/intermediates/pre-dexed/debug/support-annotations-23.0.0-41a437c02f7a6970c95c376ed6bdd70acb20bd01.jar /home/sanket/lokavidyaapp/app/build/intermediates/pre-dexed/debug/javawriter-2.5.0-3a8d508bc10837ab8cbcf85fe449bc3dec7561df.jar /home/sanket/lokavidyaapp/app/build/intermediates/pre-dexed/debug/classes-9946c7561ec486b51eee390f106f62bd579179b7.jar /home/sanket/lokavidyaapp/app/build/intermediates/pre-dexed/debug/classes-933ffedcad5cb31d6ab3ccf7ef238196230202d9.jar /home/sanket/lokavidyaapp/app/build/intermediates/pre-dexed/debug/classes-3e3f061d8e3b328eb2bc8ba78f255a7e21c5d841.jar /home/sanket/lokavidyaapp/app/build/intermediates/pre-dexed/debug/okhttp-urlconnection-2.2.0-976743ddad9a3ef9722483664b09ec90ad5f909c.jar /home/sanket/lokavidyaapp/app/build/intermediates/pre-dexed/debug/butterknife-5.1.2-b3d4f342f7177b4c045966065578a25e60c3253d.jar /home/sanket/lokavidyaapp/app/build/intermediates/pre-dexed/debug/dagger-1.2.2-535aaddd739252e164b51798e401f84fb8e1be12.jar /home/sanket/lokavidyaapp/app/build/intermediates/pre-dexed/debug/classes-5c544c235141166f4ac169edb86c17617b49dabd.jar /home/sanket/lokavidyaapp/app/build/intermediates/pre-dexed/debug/okio-1.3.0-0142cacad9fb31a4c96c9dd698abb91efe6d30a0.jar /home/sanket/lokavidyaapp/app/build/intermediates/pre-dexed/debug/dagger-compiler-1.2.2-7be9a82b60fc011b33e043a701870302c8455329.jar /home/sanket/lokavidyaapp/app/build/intermediates/pre-dexed/debug/classes-19aa64ff8b564cc1eca1761211721def1ec26b92.jar /home/sanket/lokavidyaapp/app/build/intermediates/pre-dexed/debug/picasso-2.4.0-49da5b14e642f5132d25b7fb3fef55bb03b48420.jar /home/sanket/lokavidyaapp/app/build/interme
Launcher Type: SUN_STANDARD

Environment Variables:
PATH=/home/sanket/bin:/usr/local/sbin:/usr/local/bin:/usr/sbin:/usr/bin:/sbin:/bin:/usr/games:/usr/local/games
SHELL=/bin/bash
DISPLAY=:0

Signal Handlers:
SIGSEGV: [libjvm.so+0x9548f0], sa_mask[0]=0x7ffbfeff, sa_flags=0x10000004
SIGBUS: [libjvm.so+0x9548f0], sa_mask[0]=0x7ffbfeff, sa_flags=0x10000004
SIGFPE: [libjvm.so+0x7cb0b0], sa_mask[0]=0x7ffbfeff, sa_flags=0x10000004
SIGPIPE: [libjvm.so+0x7cb0b0], sa_mask[0]=0x7ffbfeff, sa_flags=0x10000004
SIGXFSZ: [libjvm.so+0x7cb0b0], sa_mask[0]=0x7ffbfeff, sa_flags=0x10000004
SIGILL: [libjvm.so+0x7cb0b0], sa_mask[0]=0x7ffbfeff, sa_flags=0x10000004
SIGUSR1: SIG_DFL, sa_mask[0]=0x00000000, sa_flags=0x00000000
SIGUSR2: [libjvm.so+0x7caf50], sa_mask[0]=0x00000004, sa_flags=0x10000004
SIGHUP: [libjvm.so+0x7cb130], sa_mask[0]=0x7ffbfeff, sa_flags=0x10000004
SIGINT: [libjvm.so+0x7cb130], sa_mask[0]=0x7ffbfeff, sa_flags=0x10000004
SIGTERM: [libjvm.so+0x7cb130], sa_mask[0]=0x7ffbfeff, sa_flags=0x10000004
SIGQUIT: [libjvm.so+0x7cb130], sa_mask[0]=0x7ffbfeff, sa_flags=0x10000004
SIGTRAP: SIG_DFL, sa_mask[0]=0x00000000, sa_flags=0x00000000


---------------  S Y S T E M  ---------------

OS:Ubuntu 14.04 (trusty)
uname:Linux 3.13.0-76-generic #120-Ubuntu SMP Mon Jan 18 15:59:10 UTC 2016 x86_64
libc:glibc 2.19 NPTL 2.19 
rlimit: STACK 8192k, CORE 0k, NPROC 30418, NOFILE 4096, AS infinity
load average:1.90 0.84 0.55

/proc/meminfo:
MemTotal:        3950084 kB
MemFree:          110640 kB
Buffers:            1504 kB
Cached:           407640 kB
SwapCached:            0 kB
Active:          3291324 kB
Inactive:         386756 kB
Active(anon):    3272140 kB
Inactive(anon):   363432 kB
Active(file):      19184 kB
Inactive(file):    23324 kB
Unevictable:          48 kB
Mlocked:              48 kB
SwapTotal:             0 kB
SwapFree:              0 kB
Dirty:               184 kB
Writeback:            32 kB
AnonPages:       3268820 kB
Mapped:           103540 kB
Shmem:            366792 kB
Slab:              64916 kB
SReclaimable:      29808 kB
SUnreclaim:        35108 kB
KernelStack:        4760 kB
PageTables:        33936 kB
NFS_Unstable:          0 kB
Bounce:                0 kB
WritebackTmp:          0 kB
CommitLimit:     1975040 kB
Committed_AS:    7346288 kB
VmallocTotal:   34359738367 kB
VmallocUsed:      348368 kB
VmallocChunk:   34359320188 kB
HardwareCorrupted:     0 kB
AnonHugePages:   1853440 kB
HugePages_Total:       0
HugePages_Free:        0
HugePages_Rsvd:        0
HugePages_Surp:        0
Hugepagesize:       2048 kB
DirectMap4k:      104828 kB
DirectMap2M:     2942976 kB
DirectMap1G:     1048576 kB


CPU:total 4 (2 cores per cpu, 2 threads per core) family 6 model 69 stepping 1, cmov, cx8, fxsr, mmx, sse, sse2, sse3, ssse3, sse4.1, sse4.2, popcnt, avx, avx2, aes, erms, ht, tsc, tscinvbit

/proc/cpuinfo:
processor	: 0
vendor_id	: GenuineIntel
cpu family	: 6
model		: 69
model name	: Intel(R) Core(TM) i5-4210U CPU @ 1.70GHz
stepping	: 1
microcode	: 0x17
cpu MHz		: 782.000
cache size	: 3072 KB
physical id	: 0
siblings	: 4
core id		: 0
cpu cores	: 2
apicid		: 0
initial apicid	: 0
fpu		: yes
fpu_exception	: yes
cpuid level	: 13
wp		: yes
flags		: fpu vme de pse tsc msr pae mce cx8 apic sep mtrr pge mca cmov pat pse36 clflush dts acpi mmx fxsr sse sse2 ss ht tm pbe syscall nx pdpe1gb rdtscp lm constant_tsc arch_perfmon pebs bts rep_good nopl xtopology nonstop_tsc aperfmperf eagerfpu pni pclmulqdq dtes64 monitor ds_cpl vmx est tm2 ssse3 fma cx16 xtpr pdcm pcid sse4_1 sse4_2 movbe popcnt tsc_deadline_timer aes xsave avx f16c rdrand lahf_lm abm ida arat epb xsaveopt pln pts dtherm tpr_shadow vnmi flexpriority ept vpid fsgsbase tsc_adjust bmi1 avx2 smep bmi2 erms invpcid
bogomips	: 3391.96
clflush size	: 64
cache_alignment	: 64
address sizes	: 39 bits physical, 48 bits virtual
power management:

processor	: 1
vendor_id	: GenuineIntel
cpu family	: 6
model		: 69
model name	: Intel(R) Core(TM) i5-4210U CPU @ 1.70GHz
stepping	: 1
microcode	: 0x17
cpu MHz		: 1700.000
cache size	: 3072 KB
physical id	: 0
siblings	: 4
core id		: 1
cpu cores	: 2
apicid		: 2
initial apicid	: 2
fpu		: yes
fpu_exception	: yes
cpuid level	: 13
wp		: yes
flags		: fpu vme de pse tsc msr pae mce cx8 apic sep mtrr pge mca cmov pat pse36 clflush dts acpi mmx fxsr sse sse2 ss ht tm pbe syscall nx pdpe1gb rdtscp lm constant_tsc arch_perfmon pebs bts rep_good nopl xtopology nonstop_tsc aperfmperf eagerfpu pni pclmulqdq dtes64 monitor ds_cpl vmx est tm2 ssse3 fma cx16 xtpr pdcm pcid sse4_1 sse4_2 movbe popcnt tsc_deadline_timer aes xsave avx f16c rdrand lahf_lm abm ida arat epb xsaveopt pln pts dtherm tpr_shadow vnmi flexpriority ept vpid fsgsbase tsc_adjust bmi1 avx2 smep bmi2 erms invpcid
bogomips	: 3391.96
clflush size	: 64
cache_alignment	: 64
address sizes	: 39 bits physical, 48 bits virtual
power management:

processor	: 2
vendor_id	: GenuineIntel
cpu family	: 6
model		: 69
model name	: Intel(R) Core(TM) i5-4210U CPU @ 1.70GHz
stepping	: 1
microcode	: 0x17
cpu MHz		: 900.000
cache size	: 3072 KB
physical id	: 0
siblings	: 4
core id		: 0
cpu cores	: 2
apicid		: 1
initial apicid	: 1
fpu		: yes
fpu_exception	: yes
cpuid level	: 13
wp		: yes
flags		: fpu vme de pse tsc msr pae mce cx8 apic sep mtrr pge mca cmov pat pse36 clflush dts acpi mmx fxsr sse sse2 ss ht tm pbe syscall nx pdpe1gb rdtscp lm constant_tsc arch_perfmon pebs bts rep_good nopl xtopology nonstop_tsc aperfmperf eagerfpu pni pclmulqdq dtes64 monitor ds_cpl vmx est tm2 ssse3 fma cx16 xtpr pdcm pcid sse4_1 sse4_2 movbe popcnt tsc_deadline_timer aes xsave avx f16c rdrand lahf_lm abm ida arat epb xsaveopt pln pts dtherm tpr_shadow vnmi flexpriority ept vpid fsgsbase tsc_adjust bmi1 avx2 smep bmi2 erms invpcid
bogomips	: 3391.96
clflush size	: 64
cache_alignment	: 64
address sizes	: 39 bits physical, 48 bits virtual
power management:

processor	: 3
vendor_id	: GenuineIntel
cpu family	: 6
model		: 69
model name	: Intel(R) Core(TM) i5-4210U CPU @ 1.70GHz
stepping	: 1
microcode	: 0x17
cpu MHz		: 782.000
cache size	: 3072 KB
physical id	: 0
siblings	: 4
core id		: 1
cpu cores	: 2
apicid		: 3
initial apicid	: 3
fpu		: yes
fpu_exception	: yes
cpuid level	: 13
wp		: yes
flags		: fpu vme de pse tsc msr pae mce cx8 apic sep mtrr pge mca cmov pat pse36 clflush dts acpi mmx fxsr sse sse2 ss ht tm pbe syscall nx pdpe1gb rdtscp lm constant_tsc arch_perfmon pebs bts rep_good nopl xtopology nonstop_tsc aperfmperf eagerfpu pni pclmulqdq dtes64 monitor ds_cpl vmx est tm2 ssse3 fma cx16 xtpr pdcm pcid sse4_1 sse4_2 movbe popcnt tsc_deadline_timer aes xsave avx f16c rdrand lahf_lm abm ida arat epb xsaveopt pln pts dtherm tpr_shadow vnmi flexpriority ept vpid fsgsbase tsc_adjust bmi1 avx2 smep bmi2 erms invpcid
bogomips	: 3391.96
clflush size	: 64
cache_alignment	: 64
address sizes	: 39 bits physical, 48 bits virtual
power management:



Memory: 4k page, physical 3950084k(110640k free), swap 0k(0k free)

vm_info: OpenJDK 64-Bit Server VM (24.91-b01) for linux-amd64 JRE (1.7.0_91-b02), built on Nov 19 2015 06:14:37 by "buildd" with gcc 4.8.2

time: Thu Feb  4 01:27:06 2016
elapsed time: 9 seconds

