#
# There is insufficient memory for the Java Runtime Environment to continue.
# Native memory allocation (malloc) failed to allocate 47185920 bytes for committing reserved memory.
# Possible reasons:
#   The system is out of physical RAM or swap space
#   In 32 bit mode, the process size limit was hit
# Possible solutions:
#   Reduce memory load on the system
#   Increase physical memory or swap space
#   Check if swap backing store is full
#   Use 64 bit Java on a 64 bit OS
#   Decrease Java heap size (-Xmx/-Xms)
#   Decrease number of Java threads
#   Decrease Java thread stack sizes (-Xss)
#   Set larger code cache with -XX:ReservedCodeCacheSize=
# This output file may be truncated or incomplete.
#
#  Out of Memory Error (os_linux.cpp:2827), pid=9055, tid=140276990752512
#
# JRE version: OpenJDK Runtime Environment (7.0_91-b02) (build 1.7.0_91-b02)
# Java VM: OpenJDK 64-Bit Server VM (24.91-b01 mixed mode linux-amd64 compressed oops)
# Derivative: IcedTea 2.6.3
# Distribution: Ubuntu 14.04 LTS, package 7u91-2.6.3-0ubuntu0.14.04.1
# Failed to write core dump. Core dumps have been disabled. To enable core dumping, try "ulimit -c unlimited" before starting Java again
#

---------------  T H R E A D  ---------------

Current thread (0x00007f94c4077000):  VMThread [stack: 0x00007f94c8243000,0x00007f94c8344000] [id=9066]

Stack: [0x00007f94c8243000,0x00007f94c8344000],  sp=0x00007f94c8342490,  free space=1021k
Native frames: (J=compiled Java code, j=interpreted, Vv=VM code, C=native code)
V  [libjvm.so+0x953e15]  VMError::report_and_die()+0x175
V  [libjvm.so+0x48fd94]  report_vm_out_of_memory(char const*, int, unsigned long, char const*)+0x74
V  [libjvm.so+0x7cf87b]  os::pd_commit_memory(char*, unsigned long, unsigned long, bool)+0xeb
V  [libjvm.so+0x7ca33f]  os::commit_memory(char*, unsigned long, unsigned long, bool)+0x1f
V  [libjvm.so+0x83dacb]  PSVirtualSpace::expand_by(unsigned long)+0x5b
V  [libjvm.so+0x83e930]  PSYoungGen::resize_generation(unsigned long, unsigned long)+0xb0
V  [libjvm.so+0x83f01b]  PSYoungGen::resize(unsigned long, unsigned long)+0x1b
V  [libjvm.so+0x83b258]  PSScavenge::invoke_no_policy()+0xd68
V  [libjvm.so+0x83bac8]  PSScavenge::invoke()+0x38
V  [libjvm.so+0x7f2083]  ParallelScavengeHeap::failed_mem_allocate(unsigned long)+0x63
V  [libjvm.so+0x955814]  VM_ParallelGCFailedAllocation::doit()+0x84
V  [libjvm.so+0x959917]  VM_Operation::evaluate()+0x47
V  [libjvm.so+0x9583d8]  VMThread::evaluate_operation(VM_Operation*)+0x318
V  [libjvm.so+0x958839]  VMThread::loop()+0x219
V  [libjvm.so+0x958c82]  VMThread::run()+0x72
V  [libjvm.so+0x7cc742]  java_start(Thread*)+0xf2

VM_Operation (0x00007f94cd505390): ParallelGCFailedAllocation, mode: safepoint, requested by thread 0x00007f94c400b800


---------------  P R O C E S S  ---------------

Java Threads: ( => current thread )
  0x00007f94c40b0800 JavaThread "Service Thread" daemon [_thread_blocked, id=9072, stack(0x00007f94c051a000,0x00007f94c061b000)]
  0x00007f94c40ae000 JavaThread "C2 CompilerThread1" daemon [_thread_blocked, id=9071, stack(0x00007f94c061b000,0x00007f94c071c000)]
  0x00007f94c40ab800 JavaThread "C2 CompilerThread0" daemon [_thread_blocked, id=9070, stack(0x00007f94c071c000,0x00007f94c081d000)]
  0x00007f94c40a9000 JavaThread "Signal Dispatcher" daemon [_thread_blocked, id=9069, stack(0x00007f94c081d000,0x00007f94c091e000)]
  0x00007f94c407d800 JavaThread "Finalizer" daemon [_thread_blocked, id=9068, stack(0x00007f94c8041000,0x00007f94c8142000)]
  0x00007f94c407b800 JavaThread "Reference Handler" daemon [_thread_blocked, id=9067, stack(0x00007f94c8142000,0x00007f94c8243000)]
  0x00007f94c400b800 JavaThread "main" [_thread_blocked, id=9061, stack(0x00007f94cd406000,0x00007f94cd507000)]

Other Threads:
=>0x00007f94c4077000 VMThread [stack: 0x00007f94c8243000,0x00007f94c8344000] [id=9066]
  0x00007f94c40c3800 WatcherThread [stack: 0x00007f94c0419000,0x00007f94c051a000] [id=9073]

VM state:at safepoint (normal execution)

VM Mutex/Monitor currently owned by a thread:  ([mutex/lock_event])
[0x00007f94c4007da0] Threads_lock - owner thread: 0x00007f94c4077000
[0x00007f94c40082a0] Heap_lock - owner thread: 0x00007f94c400b800

Heap
 PSYoungGen      total 137216K, used 15348K [0x00000000eaa80000, 0x00000000f4280000, 0x0000000100000000)
  eden space 121856K, 0% used [0x00000000eaa80000,0x00000000eaa80000,0x00000000f2180000)
  from space 15360K, 99% used [0x00000000f3380000,0x00000000f427d368,0x00000000f4280000)
  to   space 15360K, 0% used [0x00000000f2180000,0x00000000f2180000,0x00000000f3080000)
 ParOldGen       total 62976K, used 28173K [0x00000000c0000000, 0x00000000c3d80000, 0x00000000eaa80000)
  object space 62976K, 44% used [0x00000000c0000000,0x00000000c1b83678,0x00000000c3d80000)
 PSPermGen       total 21504K, used 7694K [0x00000000b5a00000, 0x00000000b6f00000, 0x00000000c0000000)
  object space 21504K, 35% used [0x00000000b5a00000,0x00000000b6183838,0x00000000b6f00000)

Card table byte_map: [0x00007f94c9dec000,0x00007f94ca040000] byte_map_base: 0x00007f94c983f000

Polling page: 0x00007f94cd529000

Code Cache  [0x00007f94c1000000, 0x00007f94c13c0000, 0x00007f94c4000000)
 total_blobs=1462 nmethods=1208 adapters=207 free_code_cache=45396Kb largest_free_block=46405632

Compilation events (10 events):
Event: 9.872 Thread 0x00007f94c40ab800 nmethod 1215 0x00007f94c13ac910 code [0x00007f94c13acda0, 0x00007f94c13af010]
Event: 9.872 Thread 0x00007f94c40ab800 1221             java.util.Arrays$ArrayList::indexOf (69 bytes)
Event: 9.877 Thread 0x00007f94c40ab800 nmethod 1221 0x00007f94c13a5c90 code [0x00007f94c13a5e00, 0x00007f94c13a6078]
Event: 9.877 Thread 0x00007f94c40ab800 1222             com.android.dex.Dex$Section::readCatchHandler (82 bytes)
Event: 9.891 Thread 0x00007f94c40ab800 nmethod 1222 0x00007f94c13a9d10 code [0x00007f94c13a9ec0, 0x00007f94c13aa588]
Event: 9.891 Thread 0x00007f94c40ab800 1223             com.android.dx.merge.DexMerger::transformEncodedCatchHandler (105 bytes)
Event: 9.905 Thread 0x00007f94c40ab800 nmethod 1223 0x00007f94c13ab850 code [0x00007f94c13aba20, 0x00007f94c13ac0c8]
Event: 9.905 Thread 0x00007f94c40ab800 1224             com.android.dex.Dex::readClassData (28 bytes)
Event: 9.910 Thread 0x00007f94c40ae000 nmethod 1220 0x00007f94c13b6cd0 code [0x00007f94c13b71a0, 0x00007f94c13b9c40]
Event: 9.910 Thread 0x00007f94c40ae000 1225             com.android.dex.Dex$Section::access$800 (5 bytes)

GC Heap History (10 events):
Event: 3.015 GC heap after
Heap after GC invocations=4 (full 0):
 PSYoungGen      total 66048K, used 2528K [0x00000000eaa80000, 0x00000000eed80000, 0x0000000100000000)
  eden space 63488K, 0% used [0x00000000eaa80000,0x00000000eaa80000,0x00000000ee880000)
  from space 2560K, 98% used [0x00000000eeb00000,0x00000000eed78028,0x00000000eed80000)
  to   space 2560K, 0% used [0x00000000ee880000,0x00000000ee880000,0x00000000eeb00000)
 ParOldGen       total 40960K, used 17219K [0x00000000c0000000, 0x00000000c2800000, 0x00000000eaa80000)
  object space 40960K, 42% used [0x00000000c0000000,0x00000000c10d0d28,0x00000000c2800000)
 PSPermGen       total 21504K, used 5618K [0x00000000b5a00000, 0x00000000b6f00000, 0x00000000c0000000)
  object space 21504K, 26% used [0x00000000b5a00000,0x00000000b5f7cae0,0x00000000b6f00000)
}
Event: 7.354 GC heap before
{Heap before GC invocations=5 (full 0):
 PSYoungGen      total 66048K, used 65528K [0x00000000eaa80000, 0x00000000eed80000, 0x0000000100000000)
  eden space 63488K, 99% used [0x00000000eaa80000,0x00000000ee806218,0x00000000ee880000)
  from space 2560K, 98% used [0x00000000eeb00000,0x00000000eed78028,0x00000000eed80000)
  to   space 2560K, 0% used [0x00000000ee880000,0x00000000ee880000,0x00000000eeb00000)
 ParOldGen       total 40960K, used 17219K [0x00000000c0000000, 0x00000000c2800000, 0x00000000eaa80000)
  object space 40960K, 42% used [0x00000000c0000000,0x00000000c10d0d28,0x00000000c2800000)
 PSPermGen       total 21504K, used 6101K [0x00000000b5a00000, 0x00000000b6f00000, 0x00000000c0000000)
  object space 21504K, 28% used [0x00000000b5a00000,0x00000000b5ff5438,0x00000000b6f00000)
Event: 7.373 GC heap after
Heap after GC invocations=5 (full 0):
 PSYoungGen      total 66048K, used 2558K [0x00000000eaa80000, 0x00000000f4480000, 0x0000000100000000)
  eden space 63488K, 0% used [0x00000000eaa80000,0x00000000eaa80000,0x00000000ee880000)
  from space 2560K, 99% used [0x00000000ee880000,0x00000000eeaff8a8,0x00000000eeb00000)
  to   space 15360K, 0% used [0x00000000f3580000,0x00000000f3580000,0x00000000f4480000)
 ParOldGen       total 40960K, used 29727K [0x00000000c0000000, 0x00000000c2800000, 0x00000000eaa80000)
  object space 40960K, 72% used [0x00000000c0000000,0x00000000c1d07ff0,0x00000000c2800000)
 PSPermGen       total 21504K, used 6101K [0x00000000b5a00000, 0x00000000b6f00000, 0x00000000c0000000)
  object space 21504K, 28% used [0x00000000b5a00000,0x00000000b5ff5438,0x00000000b6f00000)
}
Event: 7.394 GC heap before
{Heap before GC invocations=6 (full 1):
 PSYoungGen      total 66048K, used 2558K [0x00000000eaa80000, 0x00000000f4480000, 0x0000000100000000)
  eden space 63488K, 0% used [0x00000000eaa80000,0x00000000eaa80000,0x00000000ee880000)
  from space 2560K, 99% used [0x00000000ee880000,0x00000000eeaff8a8,0x00000000eeb00000)
  to   space 15360K, 0% used [0x00000000f3580000,0x00000000f3580000,0x00000000f4480000)
 ParOldGen       total 40960K, used 29727K [0x00000000c0000000, 0x00000000c2800000, 0x00000000eaa80000)
  object space 40960K, 72% used [0x00000000c0000000,0x00000000c1d07ff0,0x00000000c2800000)
 PSPermGen       total 21504K, used 6101K [0x00000000b5a00000, 0x00000000b6f00000, 0x00000000c0000000)
  object space 21504K, 28% used [0x00000000b5a00000,0x00000000b5ff5438,0x00000000b6f00000)
Event: 7.583 GC heap after
Heap after GC invocations=6 (full 1):
 PSYoungGen      total 66048K, used 0K [0x00000000eaa80000, 0x00000000f4480000, 0x0000000100000000)
  eden space 63488K, 0% used [0x00000000eaa80000,0x00000000eaa80000,0x00000000ee880000)
  from space 2560K, 0% used [0x00000000ee880000,0x00000000ee880000,0x00000000eeb00000)
  to   space 15360K, 0% used [0x00000000f3580000,0x00000000f3580000,0x00000000f4480000)
 ParOldGen       total 62976K, used 24953K [0x00000000c0000000, 0x00000000c3d80000, 0x00000000eaa80000)
  object space 62976K, 39% used [0x00000000c0000000,0x00000000c185e588,0x00000000c3d80000)
 PSPermGen       total 21504K, used 6098K [0x00000000b5a00000, 0x00000000b6f00000, 0x00000000c0000000)
  object space 21504K, 28% used [0x00000000b5a00000,0x00000000b5ff4b28,0x00000000b6f00000)
}
Event: 9.066 GC heap before
{Heap before GC invocations=7 (full 1):
 PSYoungGen      total 66048K, used 63488K [0x00000000eaa80000, 0x00000000f4480000, 0x0000000100000000)
  eden space 63488K, 100% used [0x00000000eaa80000,0x00000000ee880000,0x00000000ee880000)
  from space 2560K, 0% used [0x00000000ee880000,0x00000000ee880000,0x00000000eeb00000)
  to   space 15360K, 0% used [0x00000000f3580000,0x00000000f3580000,0x00000000f4480000)
 ParOldGen       total 62976K, used 24953K [0x00000000c0000000, 0x00000000c3d80000, 0x00000000eaa80000)
  object space 62976K, 39% used [0x00000000c0000000,0x00000000c185e588,0x00000000c3d80000)
 PSPermGen       total 21504K, used 7553K [0x00000000b5a00000, 0x00000000b6f00000, 0x00000000c0000000)
  object space 21504K, 35% used [0x00000000b5a00000,0x00000000b6160538,0x00000000b6f00000)
Event: 9.093 GC heap after
Heap after GC invocations=7 (full 1):
 PSYoungGen      total 99328K, used 10209K [0x00000000eaa80000, 0x00000000f3f80000, 0x0000000100000000)
  eden space 89088K, 0% used [0x00000000eaa80000,0x00000000eaa80000,0x00000000f0180000)
  from space 10240K, 99% used [0x00000000f3580000,0x00000000f3f78720,0x00000000f3f80000)
  to   space 15360K, 0% used [0x00000000f2180000,0x00000000f2180000,0x00000000f3080000)
 ParOldGen       total 62976K, used 24953K [0x00000000c0000000, 0x00000000c3d80000, 0x00000000eaa80000)
  object space 62976K, 39% used [0x00000000c0000000,0x00000000c185e588,0x00000000c3d80000)
 PSPermGen       total 21504K, used 7553K [0x00000000b5a00000, 0x00000000b6f00000, 0x00000000c0000000)
  object space 21504K, 35% used [0x00000000b5a00000,0x00000000b6160538,0x00000000b6f00000)
}
Event: 9.565 GC heap before
{Heap before GC invocations=8 (full 1):
 PSYoungGen      total 99328K, used 99297K [0x00000000eaa80000, 0x00000000f3f80000, 0x0000000100000000)
  eden space 89088K, 100% used [0x00000000eaa80000,0x00000000f0180000,0x00000000f0180000)
  from space 10240K, 99% used [0x00000000f3580000,0x00000000f3f78720,0x00000000f3f80000)
  to   space 15360K, 0% used [0x00000000f2180000,0x00000000f2180000,0x00000000f3080000)
 ParOldGen       total 62976K, used 24953K [0x00000000c0000000, 0x00000000c3d80000, 0x00000000eaa80000)
  object space 62976K, 39% used [0x00000000c0000000,0x00000000c185e588,0x00000000c3d80000)
 PSPermGen       total 21504K, used 7680K [0x00000000b5a00000, 0x00000000b6f00000, 0x00000000c0000000)
  object space 21504K, 35% used [0x00000000b5a00000,0x00000000b61803c0,0x00000000b6f00000)
Event: 9.574 GC heap after
Heap after GC invocations=8 (full 1):
 PSYoungGen      total 137216K, used 10556K [0x00000000eaa80000, 0x00000000f4280000, 0x0000000100000000)
  eden space 121856K, 0% used [0x00000000eaa80000,0x00000000eaa80000,0x00000000f2180000)
  from space 15360K, 68% used [0x00000000f2180000,0x00000000f2bcf288,0x00000000f3080000)
  to   space 15360K, 0% used [0x00000000f3380000,0x00000000f3380000,0x00000000f4280000)
 ParOldGen       total 62976K, used 24953K [0x00000000c0000000, 0x00000000c3d80000, 0x00000000eaa80000)
  object space 62976K, 39% used [0x00000000c0000000,0x00000000c185e588,0x00000000c3d80000)
 PSPermGen       total 21504K, used 7680K [0x00000000b5a00000, 0x00000000b6f00000, 0x00000000c0000000)
  object space 21504K, 35% used [0x00000000b5a00000,0x00000000b61803c0,0x00000000b6f00000)
}
Event: 11.545 GC heap before
{Heap before GC invocations=9 (full 1):
 PSYoungGen      total 137216K, used 132412K [0x00000000eaa80000, 0x00000000f4280000, 0x0000000100000000)
  eden space 121856K, 100% used [0x00000000eaa80000,0x00000000f2180000,0x00000000f2180000)
  from space 15360K, 68% used [0x00000000f2180000,0x00000000f2bcf288,0x00000000f3080000)
  to   space 15360K, 0% used [0x00000000f3380000,0x00000000f3380000,0x00000000f4280000)
 ParOldGen       total 62976K, used 24953K [0x00000000c0000000, 0x00000000c3d80000, 0x00000000eaa80000)
  object space 62976K, 39% used [0x00000000c0000000,0x00000000c185e588,0x00000000c3d80000)
 PSPermGen       total 21504K, used 7694K [0x00000000b5a00000, 0x00000000b6f00000, 0x00000000c0000000)
  object space 21504K, 35% used [0x00000000b5a00000,0x00000000b6183838,0x00000000b6f00000)

Deoptimization events (10 events):
Event: 9.614 Thread 0x00007f94c400b800 Uncommon trap: reason=array_check action=maybe_recompile pc=0x00007f94c137a8e4 method=java.util.TimSort.binarySort([Ljava/lang/Object;IIILjava/util/Comparator;)V @ 183
Event: 9.614 Thread 0x00007f94c400b800 Uncommon trap: reason=array_check action=maybe_recompile pc=0x00007f94c137a8e4 method=java.util.TimSort.binarySort([Ljava/lang/Object;IIILjava/util/Comparator;)V @ 183
Event: 9.614 Thread 0x00007f94c400b800 Uncommon trap: reason=array_check action=maybe_recompile pc=0x00007f94c137a7fc method=java.util.TimSort.binarySort([Ljava/lang/Object;IIILjava/util/Comparator;)V @ 193
Event: 9.614 Thread 0x00007f94c400b800 Uncommon trap: reason=array_check action=maybe_recompile pc=0x00007f94c137a8e4 method=java.util.TimSort.binarySort([Ljava/lang/Object;IIILjava/util/Comparator;)V @ 183
Event: 9.658 Thread 0x00007f94c400b800 Uncommon trap: reason=array_check action=maybe_recompile pc=0x00007f94c1384860 method=java.util.ComparableTimSort.binarySort([Ljava/lang/Object;III)V @ 215
Event: 9.658 Thread 0x00007f94c400b800 Uncommon trap: reason=array_check action=maybe_recompile pc=0x00007f94c1382a5c method=java.util.ComparableTimSort.binarySort([Ljava/lang/Object;III)V @ 215
Event: 9.768 Thread 0x00007f94c400b800 Uncommon trap: reason=array_check action=maybe_recompile pc=0x00007f94c1384860 method=java.util.ComparableTimSort.binarySort([Ljava/lang/Object;III)V @ 215
Event: 11.116 Thread 0x00007f94c400b800 Uncommon trap: reason=unstable_if action=reinterpret pc=0x00007f94c12e25cc method=com.android.dex.Mutf8.decode(Lcom/android/dex/util/ByteInput;[C)Ljava/lang/String; @ 37
Event: 11.135 Thread 0x00007f94c400b800 Uncommon trap: reason=unstable_if action=reinterpret pc=0x00007f94c1320bfc method=com.android.dex.Mutf8.countBytes(Ljava/lang/String;Z)J @ 28
Event: 11.153 Thread 0x00007f94c400b800 Uncommon trap: reason=unstable_if action=reinterpret pc=0x00007f94c12e0814 method=com.android.dex.Mutf8.encode([BILjava/lang/String;)V @ 24

Internal exceptions (10 events):
Event: 8.509 Thread 0x00007f94c400b800 Threw 0x00000000ebd8ac28 at /build/openjdk-7-zaTxYK/openjdk-7-7u91-2.6.3/build/openjdk/hotspot/src/share/vm/prims/jvm.cpp:1322
Event: 8.509 Thread 0x00007f94c400b800 Threw 0x00000000ebd8e8c0 at /build/openjdk-7-zaTxYK/openjdk-7-7u91-2.6.3/build/openjdk/hotspot/src/share/vm/prims/jvm.cpp:1322
Event: 8.509 Thread 0x00007f94c400b800 Threw 0x00000000ebd926a8 at /build/openjdk-7-zaTxYK/openjdk-7-7u91-2.6.3/build/openjdk/hotspot/src/share/vm/prims/jvm.cpp:1322
Event: 8.511 Thread 0x00007f94c400b800 Threw 0x00000000ebd98690 at /build/openjdk-7-zaTxYK/openjdk-7-7u91-2.6.3/build/openjdk/hotspot/src/share/vm/prims/jvm.cpp:1322
Event: 8.511 Thread 0x00007f94c400b800 Threw 0x00000000ebd9c1a8 at /build/openjdk-7-zaTxYK/openjdk-7-7u91-2.6.3/build/openjdk/hotspot/src/share/vm/prims/jvm.cpp:1322
Event: 8.511 Thread 0x00007f94c400b800 Threw 0x00000000ebd9feb8 at /build/openjdk-7-zaTxYK/openjdk-7-7u91-2.6.3/build/openjdk/hotspot/src/share/vm/prims/jvm.cpp:1322
Event: 8.511 Thread 0x00007f94c400b800 Threw 0x00000000ebda3938 at /build/openjdk-7-zaTxYK/openjdk-7-7u91-2.6.3/build/openjdk/hotspot/src/share/vm/prims/jvm.cpp:1322
Event: 8.513 Thread 0x00007f94c400b800 Threw 0x00000000ebdab3f8 at /build/openjdk-7-zaTxYK/openjdk-7-7u91-2.6.3/build/openjdk/hotspot/src/share/vm/prims/jvm.cpp:1322
Event: 8.514 Thread 0x00007f94c400b800 Threw 0x00000000ebdadfb8 at /build/openjdk-7-zaTxYK/openjdk-7-7u91-2.6.3/build/openjdk/hotspot/src/share/vm/prims/jvm.cpp:1322
Event: 8.934 Thread 0x00007f94c400b800 Threw 0x00000000ed773058 at /build/openjdk-7-zaTxYK/openjdk-7-7u91-2.6.3/build/openjdk/hotspot/src/share/vm/prims/jvm.cpp:1322

Events (10 events):
Event: 10.869 Thread 0x00007f94c400b800 Uncommon trap: trap_request=0xffffff75 fr.pc=0x00007f94c12e25cc
Event: 11.116 Thread 0x00007f94c400b800 DEOPT PACKING pc=0x00007f94c12e25cc sp=0x00007f94cd505560
Event: 11.135 Thread 0x00007f94c400b800 DEOPT UNPACKING pc=0x00007f94c1039445 sp=0x00007f94cd505510 mode 2
Event: 11.135 Thread 0x00007f94c400b800 Uncommon trap: trap_request=0xffffff75 fr.pc=0x00007f94c1320bfc
Event: 11.135 Thread 0x00007f94c400b800 DEOPT PACKING pc=0x00007f94c1320bfc sp=0x00007f94cd5055a0
Event: 11.135 Thread 0x00007f94c400b800 DEOPT UNPACKING pc=0x00007f94c1039445 sp=0x00007f94cd5053c8 mode 2
Event: 11.153 Thread 0x00007f94c400b800 Uncommon trap: trap_request=0xffffff75 fr.pc=0x00007f94c12e0814
Event: 11.153 Thread 0x00007f94c400b800 DEOPT PACKING pc=0x00007f94c12e0814 sp=0x00007f94cd5053f0
Event: 11.153 Thread 0x00007f94c400b800 DEOPT UNPACKING pc=0x00007f94c1039445 sp=0x00007f94cd5053c0 mode 2
Event: 11.291 Executing VM operation: ParallelGCFailedAllocation


Dynamic libraries:
00400000-00401000 r-xp 00000000 08:07 3148986                            /usr/lib/jvm/java-7-openjdk-amd64/jre/bin/java
00600000-00601000 r--p 00000000 08:07 3148986                            /usr/lib/jvm/java-7-openjdk-amd64/jre/bin/java
00601000-00602000 rw-p 00001000 08:07 3148986                            /usr/lib/jvm/java-7-openjdk-amd64/jre/bin/java
021fd000-0221e000 rw-p 00000000 00:00 0                                  [heap]
b5a00000-b6f00000 rw-p 00000000 00:00 0 
b6f00000-c0000000 rw-p 00000000 00:00 0 
c0000000-c3d80000 rw-p 00000000 00:00 0 
c3d80000-eaa80000 rw-p 00000000 00:00 0 
eaa80000-f4280000 rw-p 00000000 00:00 0 
f6f80000-100000000 rw-p 00000000 00:00 0 
7f9474000000-7f9474028000 rw-p 00000000 00:00 0 
7f9474028000-7f9478000000 ---p 00000000 00:00 0 
7f9478000000-7f9478021000 rw-p 00000000 00:00 0 
7f9478021000-7f947c000000 ---p 00000000 00:00 0 
7f947c000000-7f947c021000 rw-p 00000000 00:00 0 
7f947c021000-7f9480000000 ---p 00000000 00:00 0 
7f9480000000-7f948002e000 rw-p 00000000 00:00 0 
7f948002e000-7f9484000000 ---p 00000000 00:00 0 
7f9484000000-7f9484021000 rw-p 00000000 00:00 0 
7f9484021000-7f9488000000 ---p 00000000 00:00 0 
7f9488000000-7f9488029000 rw-p 00000000 00:00 0 
7f9488029000-7f948c000000 ---p 00000000 00:00 0 
7f948c000000-7f948d54e000 rw-p 00000000 00:00 0 
7f948d54e000-7f9490000000 ---p 00000000 00:00 0 
7f9490000000-7f9490021000 rw-p 00000000 00:00 0 
7f9490021000-7f9494000000 ---p 00000000 00:00 0 
7f9494000000-7f9494021000 rw-p 00000000 00:00 0 
7f9494021000-7f9498000000 ---p 00000000 00:00 0 
7f9498000000-7f9499553000 rw-p 00000000 00:00 0 
7f9499553000-7f949c000000 ---p 00000000 00:00 0 
7f949c000000-7f949c021000 rw-p 00000000 00:00 0 
7f949c021000-7f94a0000000 ---p 00000000 00:00 0 
7f94a0000000-7f94a0021000 rw-p 00000000 00:00 0 
7f94a0021000-7f94a4000000 ---p 00000000 00:00 0 
7f94a4000000-7f94a4021000 rw-p 00000000 00:00 0 
7f94a4021000-7f94a8000000 ---p 00000000 00:00 0 
7f94a8000000-7f94a8242000 rw-p 00000000 00:00 0 
7f94a8242000-7f94ac000000 ---p 00000000 00:00 0 
7f94ac000000-7f94ac021000 rw-p 00000000 00:00 0 
7f94ac021000-7f94b0000000 ---p 00000000 00:00 0 
7f94b4000000-7f94b4021000 rw-p 00000000 00:00 0 
7f94b4021000-7f94b8000000 ---p 00000000 00:00 0 
7f94b8251000-7f94b828e000 r-xp 00000000 08:07 4198346                    /lib/x86_64-linux-gnu/libpcre.so.3.13.1
7f94b828e000-7f94b848d000 ---p 0003d000 08:07 4198346                    /lib/x86_64-linux-gnu/libpcre.so.3.13.1
7f94b848d000-7f94b848e000 r--p 0003c000 08:07 4198346                    /lib/x86_64-linux-gnu/libpcre.so.3.13.1
7f94b848e000-7f94b848f000 rw-p 0003d000 08:07 4198346                    /lib/x86_64-linux-gnu/libpcre.so.3.13.1
7f94b848f000-7f94b8496000 r-xp 00000000 08:07 1071226                    /usr/lib/x86_64-linux-gnu/libffi.so.6.0.1
7f94b8496000-7f94b8695000 ---p 00007000 08:07 1071226                    /usr/lib/x86_64-linux-gnu/libffi.so.6.0.1
7f94b8695000-7f94b8696000 r--p 00006000 08:07 1071226                    /usr/lib/x86_64-linux-gnu/libffi.so.6.0.1
7f94b8696000-7f94b8697000 rw-p 00007000 08:07 1071226                    /usr/lib/x86_64-linux-gnu/libffi.so.6.0.1
7f94b8697000-7f94b86ae000 r-xp 00000000 08:07 4198341                    /lib/x86_64-linux-gnu/libresolv-2.19.so
7f94b86ae000-7f94b88ae000 ---p 00017000 08:07 4198341                    /lib/x86_64-linux-gnu/libresolv-2.19.so
7f94b88ae000-7f94b88af000 r--p 00017000 08:07 4198341                    /lib/x86_64-linux-gnu/libresolv-2.19.so
7f94b88af000-7f94b88b0000 rw-p 00018000 08:07 4198341                    /lib/x86_64-linux-gnu/libresolv-2.19.so
7f94b88b0000-7f94b88b2000 rw-p 00000000 00:00 0 
7f94b88b2000-7f94b88d2000 r-xp 00000000 08:07 4198493                    /lib/x86_64-linux-gnu/libselinux.so.1
7f94b88d2000-7f94b8ad1000 ---p 00020000 08:07 4198493                    /lib/x86_64-linux-gnu/libselinux.so.1
7f94b8ad1000-7f94b8ad2000 r--p 0001f000 08:07 4198493                    /lib/x86_64-linux-gnu/libselinux.so.1
7f94b8ad2000-7f94b8ad3000 rw-p 00020000 08:07 4198493                    /lib/x86_64-linux-gnu/libselinux.so.1
7f94b8ad3000-7f94b8ad5000 rw-p 00000000 00:00 0 
7f94b8ad5000-7f94b8ad8000 r-xp 00000000 08:07 1048940                    /usr/lib/x86_64-linux-gnu/libgmodule-2.0.so.0.4002.0
7f94b8ad8000-7f94b8cd7000 ---p 00003000 08:07 1048940                    /usr/lib/x86_64-linux-gnu/libgmodule-2.0.so.0.4002.0
7f94b8cd7000-7f94b8cd8000 r--p 00002000 08:07 1048940                    /usr/lib/x86_64-linux-gnu/libgmodule-2.0.so.0.4002.0
7f94b8cd8000-7f94b8cd9000 rw-p 00003000 08:07 1048940                    /usr/lib/x86_64-linux-gnu/libgmodule-2.0.so.0.4002.0
7f94b8cd9000-7f94b8ddf000 r-xp 00000000 08:07 4198308                    /lib/x86_64-linux-gnu/libglib-2.0.so.0.4002.0
7f94b8ddf000-7f94b8fde000 ---p 00106000 08:07 4198308                    /lib/x86_64-linux-gnu/libglib-2.0.so.0.4002.0
7f94b8fde000-7f94b8fdf000 r--p 00105000 08:07 4198308                    /lib/x86_64-linux-gnu/libglib-2.0.so.0.4002.0
7f94b8fdf000-7f94b8fe0000 rw-p 00106000 08:07 4198308                    /lib/x86_64-linux-gnu/libglib-2.0.so.0.4002.0
7f94b8fe0000-7f94b8fe1000 rw-p 00000000 00:00 0 
7f94b8fe1000-7f94b9030000 r-xp 00000000 08:07 1048958                    /usr/lib/x86_64-linux-gnu/libgobject-2.0.so.0.4002.0
7f94b9030000-7f94b9230000 ---p 0004f000 08:07 1048958                    /usr/lib/x86_64-linux-gnu/libgobject-2.0.so.0.4002.0
7f94b9230000-7f94b9231000 r--p 0004f000 08:07 1048958                    /usr/lib/x86_64-linux-gnu/libgobject-2.0.so.0.4002.0
7f94b9231000-7f94b9232000 rw-p 00050000 08:07 1048958                    /usr/lib/x86_64-linux-gnu/libgobject-2.0.so.0.4002.0
7f94b9232000-7f94b939e000 r-xp 00000000 08:07 1048962                    /usr/lib/x86_64-linux-gnu/libgio-2.0.so.0.4002.0
7f94b939e000-7f94b959d000 ---p 0016c000 08:07 1048962                    /usr/lib/x86_64-linux-gnu/libgio-2.0.so.0.4002.0
7f94b959d000-7f94b95a1000 r--p 0016b000 08:07 1048962                    /usr/lib/x86_64-linux-gnu/libgio-2.0.so.0.4002.0
7f94b95a1000-7f94b95a3000 rw-p 0016f000 08:07 1048962                    /usr/lib/x86_64-linux-gnu/libgio-2.0.so.0.4002.0
7f94b95a3000-7f94b95a5000 rw-p 00000000 00:00 0 
7f94b95a5000-7f94b95bc000 r-xp 00000000 08:07 3149050                    /usr/lib/jvm/java-7-openjdk-amd64/jre/lib/amd64/libnet.so
7f94b95bc000-7f94b97bb000 ---p 00017000 08:07 3149050                    /usr/lib/jvm/java-7-openjdk-amd64/jre/lib/amd64/libnet.so
7f94b97bb000-7f94b97bc000 r--p 00016000 08:07 3149050                    /usr/lib/jvm/java-7-openjdk-amd64/jre/lib/amd64/libnet.so
7f94b97bc000-7f94b97bd000 rw-p 00017000 08:07 3149050                    /usr/lib/jvm/java-7-openjdk-amd64/jre/lib/amd64/libnet.so
7f94b97bd000-7f94b97cd000 r-xp 00000000 08:07 3149013                    /usr/lib/jvm/java-7-openjdk-amd64/jre/lib/amd64/libnio.so
7f94b97cd000-7f94b99cd000 ---p 00010000 08:07 3149013                    /usr/lib/jvm/java-7-openjdk-amd64/jre/lib/amd64/libnio.so
7f94b99cd000-7f94b99ce000 r--p 00010000 08:07 3149013                    /usr/lib/jvm/java-7-openjdk-amd64/jre/lib/amd64/libnio.so
7f94b99ce000-7f94b99cf000 rw-p 00011000 08:07 3149013                    /usr/lib/jvm/java-7-openjdk-amd64/jre/lib/amd64/libnio.so
7f94b99cf000-7f94b99d2000 ---p 00000000 00:00 0 
7f94b99d2000-7f94bc000000 rw-p 00000000 00:00 0 
7f94bc000000-7f94bc021000 rw-p 00000000 00:00 0 
7f94bc021000-7f94c0000000 ---p 00000000 00:00 0 
7f94c0015000-7f94c0018000 ---p 00000000 00:00 0 
7f94c0018000-7f94c0116000 rw-p 00000000 00:00 0 
7f94c0116000-7f94c0119000 ---p 00000000 00:00 0 
7f94c0119000-7f94c0217000 rw-p 00000000 00:00 0 
7f94c0217000-7f94c021a000 ---p 00000000 00:00 0 
7f94c021a000-7f94c0318000 rw-p 00000000 00:00 0 
7f94c0318000-7f94c031b000 ---p 00000000 00:00 0 
7f94c031b000-7f94c0419000 rw-p 00000000 00:00 0 
7f94c0419000-7f94c041a000 ---p 00000000 00:00 0 
7f94c041a000-7f94c051a000 rw-p 00000000 00:00 0                          [stack:9073]
7f94c051a000-7f94c051d000 ---p 00000000 00:00 0 
7f94c051d000-7f94c061b000 rw-p 00000000 00:00 0                          [stack:9072]
7f94c061b000-7f94c061e000 ---p 00000000 00:00 0 
7f94c061e000-7f94c071c000 rw-p 00000000 00:00 0                          [stack:9071]
7f94c071c000-7f94c071f000 ---p 00000000 00:00 0 
7f94c071f000-7f94c081d000 rw-p 00000000 00:00 0                          [stack:9070]
7f94c081d000-7f94c0820000 ---p 00000000 00:00 0 
7f94c0820000-7f94c091e000 rw-p 00000000 00:00 0                          [stack:9069]
7f94c091e000-7f94c1000000 r--p 00000000 08:07 1056383                    /usr/lib/locale/locale-archive
7f94c1000000-7f94c13c0000 rwxp 00000000 00:00 0 
7f94c13c0000-7f94c4215000 rw-p 00000000 00:00 0 
7f94c4215000-7f94c8000000 ---p 00000000 00:00 0 
7f94c802d000-7f94c8032000 r--s 0004e000 08:07 3149062                    /usr/lib/jvm/java-7-openjdk-amd64/jre/lib/jsse.jar
7f94c8032000-7f94c8041000 r--s 000df000 08:07 3419560                    /home/sanket/android-sdks/build-tools/23.0.0/lib/dx.jar
7f94c8041000-7f94c8044000 ---p 00000000 00:00 0 
7f94c8044000-7f94c8142000 rw-p 00000000 00:00 0                          [stack:9068]
7f94c8142000-7f94c8145000 ---p 00000000 00:00 0 
7f94c8145000-7f94c8243000 rw-p 00000000 00:00 0                          [stack:9067]
7f94c8243000-7f94c8244000 ---p 00000000 00:00 0 
7f94c8244000-7f94c9341000 rw-p 00000000 00:00 0                          [stack:9066]
7f94c9341000-7f94c94f3000 r--s 01d2e000 08:07 3149006                    /usr/lib/jvm/java-7-openjdk-amd64/jre/lib/rt.jar
7f94c94f3000-7f94c983f000 rw-p 00000000 00:00 0 
7f94c983f000-7f94c9840000 ---p 00000000 00:00 0 
7f94c9840000-7f94c9940000 rw-p 00000000 00:00 0                          [stack:9065]
7f94c9940000-7f94c9941000 ---p 00000000 00:00 0 
7f94c9941000-7f94c9a41000 rw-p 00000000 00:00 0                          [stack:9064]
7f94c9a41000-7f94c9a42000 ---p 00000000 00:00 0 
7f94c9a42000-7f94c9b42000 rw-p 00000000 00:00 0                          [stack:9063]
7f94c9b42000-7f94c9b43000 ---p 00000000 00:00 0 
7f94c9b43000-7f94c9c4e000 rw-p 00000000 00:00 0                          [stack:9062]
7f94c9c4e000-7f94c9c96000 rw-p 00000000 00:00 0 
7f94c9c96000-7f94c9cb5000 rw-p 00000000 00:00 0 
7f94c9cb5000-7f94c9dec000 rw-p 00000000 00:00 0 
7f94c9dec000-7f94c9df7000 rw-p 00000000 00:00 0 
7f94c9df7000-7f94c9e3f000 rw-p 00000000 00:00 0 
7f94c9e3f000-7f94c9e5e000 rw-p 00000000 00:00 0 
7f94c9e5e000-7f94c9f94000 rw-p 00000000 00:00 0 
7f94c9f94000-7f94c9fe1000 rw-p 00000000 00:00 0 
7f94c9fe1000-7f94c9fe2000 ---p 00000000 00:00 0 
7f94c9fe2000-7f94ca03f000 rw-p 00000000 00:00 0 
7f94ca03f000-7f94ca040000 rw-p 00000000 00:00 0 
7f94ca040000-7f94ca048000 r-xp 00000000 08:07 3149018                    /usr/lib/jvm/java-7-openjdk-amd64/jre/lib/amd64/libzip.so
7f94ca048000-7f94ca247000 ---p 00008000 08:07 3149018                    /usr/lib/jvm/java-7-openjdk-amd64/jre/lib/amd64/libzip.so
7f94ca247000-7f94ca248000 r--p 00007000 08:07 3149018                    /usr/lib/jvm/java-7-openjdk-amd64/jre/lib/amd64/libzip.so
7f94ca248000-7f94ca249000 rw-p 00008000 08:07 3149018                    /usr/lib/jvm/java-7-openjdk-amd64/jre/lib/amd64/libzip.so
7f94ca249000-7f94ca254000 r-xp 00000000 08:07 4198440                    /lib/x86_64-linux-gnu/libnss_files-2.19.so
7f94ca254000-7f94ca453000 ---p 0000b000 08:07 4198440                    /lib/x86_64-linux-gnu/libnss_files-2.19.so
7f94ca453000-7f94ca454000 r--p 0000a000 08:07 4198440                    /lib/x86_64-linux-gnu/libnss_files-2.19.so
7f94ca454000-7f94ca455000 rw-p 0000b000 08:07 4198440                    /lib/x86_64-linux-gnu/libnss_files-2.19.so
7f94ca455000-7f94ca460000 r-xp 00000000 08:07 4200064                    /lib/x86_64-linux-gnu/libnss_nis-2.19.so
7f94ca460000-7f94ca65f000 ---p 0000b000 08:07 4200064                    /lib/x86_64-linux-gnu/libnss_nis-2.19.so
7f94ca65f000-7f94ca660000 r--p 0000a000 08:07 4200064                    /lib/x86_64-linux-gnu/libnss_nis-2.19.so
7f94ca660000-7f94ca661000 rw-p 0000b000 08:07 4200064                    /lib/x86_64-linux-gnu/libnss_nis-2.19.so
7f94ca661000-7f94ca678000 r-xp 00000000 08:07 4199530                    /lib/x86_64-linux-gnu/libnsl-2.19.so
7f94ca678000-7f94ca877000 ---p 00017000 08:07 4199530                    /lib/x86_64-linux-gnu/libnsl-2.19.so
7f94ca877000-7f94ca878000 r--p 00016000 08:07 4199530                    /lib/x86_64-linux-gnu/libnsl-2.19.so
7f94ca878000-7f94ca879000 rw-p 00017000 08:07 4199530                    /lib/x86_64-linux-gnu/libnsl-2.19.so
7f94ca879000-7f94ca87b000 rw-p 00000000 00:00 0 
7f94ca87b000-7f94ca884000 r-xp 00000000 08:07 4198482                    /lib/x86_64-linux-gnu/libnss_compat-2.19.so
7f94ca884000-7f94caa83000 ---p 00009000 08:07 4198482                    /lib/x86_64-linux-gnu/libnss_compat-2.19.so
7f94caa83000-7f94caa84000 r--p 00008000 08:07 4198482                    /lib/x86_64-linux-gnu/libnss_compat-2.19.so
7f94caa84000-7f94caa85000 rw-p 00009000 08:07 4198482                    /lib/x86_64-linux-gnu/libnss_compat-2.19.so
7f94caa85000-7f94caab0000 r-xp 00000000 08:07 3149029                    /usr/lib/jvm/java-7-openjdk-amd64/jre/lib/amd64/libjava.so
7f94caab0000-7f94cacb0000 ---p 0002b000 08:07 3149029                    /usr/lib/jvm/java-7-openjdk-amd64/jre/lib/amd64/libjava.so
7f94cacb0000-7f94cacb1000 r--p 0002b000 08:07 3149029                    /usr/lib/jvm/java-7-openjdk-amd64/jre/lib/amd64/libjava.so
7f94cacb1000-7f94cacb3000 rw-p 0002c000 08:07 3149029                    /usr/lib/jvm/java-7-openjdk-amd64/jre/lib/amd64/libjava.so
7f94cacb3000-7f94cacc3000 r-xp 00000000 08:07 3149045                    /usr/lib/jvm/java-7-openjdk-amd64/jre/lib/amd64/libverify.so
7f94cacc3000-7f94caec2000 ---p 00010000 08:07 3149045                    /usr/lib/jvm/java-7-openjdk-amd64/jre/lib/amd64/libverify.so
7f94caec2000-7f94caec4000 r--p 0000f000 08:07 3149045                    /usr/lib/jvm/java-7-openjdk-amd64/jre/lib/amd64/libverify.so
7f94caec4000-7f94caec5000 rw-p 00011000 08:07 3149045                    /usr/lib/jvm/java-7-openjdk-amd64/jre/lib/amd64/libverify.so
7f94caec5000-7f94caecc000 r-xp 00000000 08:07 4200061                    /lib/x86_64-linux-gnu/librt-2.19.so
7f94caecc000-7f94cb0cb000 ---p 00007000 08:07 4200061                    /lib/x86_64-linux-gnu/librt-2.19.so
7f94cb0cb000-7f94cb0cc000 r--p 00006000 08:07 4200061                    /lib/x86_64-linux-gnu/librt-2.19.so
7f94cb0cc000-7f94cb0cd000 rw-p 00007000 08:07 4200061                    /lib/x86_64-linux-gnu/librt-2.19.so
7f94cb0cd000-7f94cb0e3000 r-xp 00000000 08:07 4223721                    /lib/x86_64-linux-gnu/libgcc_s.so.1
7f94cb0e3000-7f94cb2e2000 ---p 00016000 08:07 4223721                    /lib/x86_64-linux-gnu/libgcc_s.so.1
7f94cb2e2000-7f94cb2e3000 rw-p 00015000 08:07 4223721                    /lib/x86_64-linux-gnu/libgcc_s.so.1
7f94cb2e3000-7f94cb3e8000 r-xp 00000000 08:07 4198343                    /lib/x86_64-linux-gnu/libm-2.19.so
7f94cb3e8000-7f94cb5e7000 ---p 00105000 08:07 4198343                    /lib/x86_64-linux-gnu/libm-2.19.so
7f94cb5e7000-7f94cb5e8000 r--p 00104000 08:07 4198343                    /lib/x86_64-linux-gnu/libm-2.19.so
7f94cb5e8000-7f94cb5e9000 rw-p 00105000 08:07 4198343                    /lib/x86_64-linux-gnu/libm-2.19.so
7f94cb5e9000-7f94cb6cf000 r-xp 00000000 08:07 1052838                    /usr/lib/x86_64-linux-gnu/libstdc++.so.6.0.19
7f94cb6cf000-7f94cb8ce000 ---p 000e6000 08:07 1052838                    /usr/lib/x86_64-linux-gnu/libstdc++.so.6.0.19
7f94cb8ce000-7f94cb8d6000 r--p 000e5000 08:07 1052838                    /usr/lib/x86_64-linux-gnu/libstdc++.so.6.0.19
7f94cb8d6000-7f94cb8d8000 rw-p 000ed000 08:07 1052838                    /usr/lib/x86_64-linux-gnu/libstdc++.so.6.0.19
7f94cb8d8000-7f94cb8ed000 rw-p 00000000 00:00 0 
7f94cb8ed000-7f94cc411000 r-xp 00000000 08:07 3149035                    /usr/lib/jvm/java-7-openjdk-amd64/jre/lib/amd64/server/libjvm.so
7f94cc411000-7f94cc611000 ---p 00b24000 08:07 3149035                    /usr/lib/jvm/java-7-openjdk-amd64/jre/lib/amd64/server/libjvm.so
7f94cc611000-7f94cc6ab000 r--p 00b24000 08:07 3149035                    /usr/lib/jvm/java-7-openjdk-amd64/jre/lib/amd64/server/libjvm.so
7f94cc6ab000-7f94cc6ce000 rw-p 00bbe000 08:07 3149035                    /usr/lib/jvm/java-7-openjdk-amd64/jre/lib/amd64/server/libjvm.so
7f94cc6ce000-7f94cc6fc000 rw-p 00000000 00:00 0 
7f94cc6fc000-7f94cc714000 r-xp 00000000 08:07 4198526                    /lib/x86_64-linux-gnu/libz.so.1.2.8
7f94cc714000-7f94cc913000 ---p 00018000 08:07 4198526                    /lib/x86_64-linux-gnu/libz.so.1.2.8
7f94cc913000-7f94cc914000 r--p 00017000 08:07 4198526                    /lib/x86_64-linux-gnu/libz.so.1.2.8
7f94cc914000-7f94cc915000 rw-p 00018000 08:07 4198526                    /lib/x86_64-linux-gnu/libz.so.1.2.8
7f94cc915000-7f94cc92e000 r-xp 00000000 08:07 4200059                    /lib/x86_64-linux-gnu/libpthread-2.19.so
7f94cc92e000-7f94ccb2d000 ---p 00019000 08:07 4200059                    /lib/x86_64-linux-gnu/libpthread-2.19.so
7f94ccb2d000-7f94ccb2e000 r--p 00018000 08:07 4200059                    /lib/x86_64-linux-gnu/libpthread-2.19.so
7f94ccb2e000-7f94ccb2f000 rw-p 00019000 08:07 4200059                    /lib/x86_64-linux-gnu/libpthread-2.19.so
7f94ccb2f000-7f94ccb33000 rw-p 00000000 00:00 0 
7f94ccb33000-7f94ccb36000 r-xp 00000000 08:07 4198451                    /lib/x86_64-linux-gnu/libdl-2.19.so
7f94ccb36000-7f94ccd35000 ---p 00003000 08:07 4198451                    /lib/x86_64-linux-gnu/libdl-2.19.so
7f94ccd35000-7f94ccd36000 r--p 00002000 08:07 4198451                    /lib/x86_64-linux-gnu/libdl-2.19.so
7f94ccd36000-7f94ccd37000 rw-p 00003000 08:07 4198451                    /lib/x86_64-linux-gnu/libdl-2.19.so
7f94ccd37000-7f94ccef2000 r-xp 00000000 08:07 4200058                    /lib/x86_64-linux-gnu/libc-2.19.so
7f94ccef2000-7f94cd0f1000 ---p 001bb000 08:07 4200058                    /lib/x86_64-linux-gnu/libc-2.19.so
7f94cd0f1000-7f94cd0f5000 r--p 001ba000 08:07 4200058                    /lib/x86_64-linux-gnu/libc-2.19.so
7f94cd0f5000-7f94cd0f7000 rw-p 001be000 08:07 4200058                    /lib/x86_64-linux-gnu/libc-2.19.so
7f94cd0f7000-7f94cd0fc000 rw-p 00000000 00:00 0 
7f94cd0fc000-7f94cd109000 r-xp 00000000 08:07 3149046                    /usr/lib/jvm/java-7-openjdk-amd64/jre/lib/amd64/jli/libjli.so
7f94cd109000-7f94cd308000 ---p 0000d000 08:07 3149046                    /usr/lib/jvm/java-7-openjdk-amd64/jre/lib/amd64/jli/libjli.so
7f94cd308000-7f94cd309000 r--p 0000c000 08:07 3149046                    /usr/lib/jvm/java-7-openjdk-amd64/jre/lib/amd64/jli/libjli.so
7f94cd309000-7f94cd30a000 rw-p 0000d000 08:07 3149046                    /usr/lib/jvm/java-7-openjdk-amd64/jre/lib/amd64/jli/libjli.so
7f94cd30a000-7f94cd32d000 r-xp 00000000 08:07 4200046                    /lib/x86_64-linux-gnu/ld-2.19.so
7f94cd32d000-7f94cd355000 rw-p 00000000 00:00 0 
7f94cd355000-7f94cd406000 rw-p 00000000 00:00 0 
7f94cd406000-7f94cd409000 ---p 00000000 00:00 0 
7f94cd409000-7f94cd50c000 rw-p 00000000 00:00 0                          [stack:9061]
7f94cd50c000-7f94cd50d000 r--s 00002000 08:07 3149003                    /usr/lib/jvm/java-7-openjdk-amd64/jre/lib/ext/dnsns.jar
7f94cd50d000-7f94cd511000 r--s 00085000 08:07 3148999                    /usr/lib/jvm/java-7-openjdk-amd64/jre/lib/ext/localedata.jar
7f94cd511000-7f94cd513000 r--s 00012000 08:07 3148998                    /usr/lib/jvm/java-7-openjdk-amd64/jre/lib/ext/zipfs.jar
7f94cd513000-7f94cd517000 r--s 0003c000 08:07 3149002                    /usr/lib/jvm/java-7-openjdk-amd64/jre/lib/ext/sunpkcs11.jar
7f94cd517000-7f94cd519000 r--s 00006000 08:07 1456370                    /usr/share/java/java-atk-wrapper.jar
7f94cd519000-7f94cd51d000 r--s 00034000 08:07 3149001                    /usr/lib/jvm/java-7-openjdk-amd64/jre/lib/ext/sunjce_provider.jar
7f94cd51d000-7f94cd520000 r--s 0000f000 08:07 3149000                    /usr/lib/jvm/java-7-openjdk-amd64/jre/lib/ext/icedtea-sound.jar
7f94cd520000-7f94cd528000 rw-s 00000000 08:07 536858                     /tmp/hsperfdata_sanket/9055
7f94cd528000-7f94cd529000 rw-p 00000000 00:00 0 
7f94cd529000-7f94cd52a000 ---p 00000000 00:00 0 
7f94cd52a000-7f94cd52c000 rw-p 00000000 00:00 0 
7f94cd52c000-7f94cd52d000 r--p 00022000 08:07 4200046                    /lib/x86_64-linux-gnu/ld-2.19.so
7f94cd52d000-7f94cd52e000 rw-p 00023000 08:07 4200046                    /lib/x86_64-linux-gnu/ld-2.19.so
7f94cd52e000-7f94cd52f000 rw-p 00000000 00:00 0 
7ffd13908000-7ffd1392a000 rw-p 00000000 00:00 0                          [stack]
7ffd13964000-7ffd13966000 r-xp 00000000 00:00 0                          [vdso]
ffffffffff600000-ffffffffff601000 r-xp 00000000 00:00 0                  [vsyscall]

VM Arguments:
jvm_args: -Xmx1024M -Dfile.encoding=UTF-8 -Duser.country=US -Duser.language=en -Duser.variant 
java_command: com.android.dx.command.Main --dex --num-threads=4 --output /home/sanket/lokavidyaapp/app/build/intermediates/dex/debug /home/sanket/lokavidyaapp/app/build/intermediates/classes/debug /home/sanket/lokavidyaapp/app/build/intermediates/pre-dexed/debug/javax.inject-1-0b64f9413fa3755ee930a0fd931b6f28fcfd1ba8.jar /home/sanket/lokavidyaapp/app/build/intermediates/pre-dexed/debug/support-annotations-23.0.0-41a437c02f7a6970c95c376ed6bdd70acb20bd01.jar /home/sanket/lokavidyaapp/app/build/intermediates/pre-dexed/debug/javawriter-2.5.0-3a8d508bc10837ab8cbcf85fe449bc3dec7561df.jar /home/sanket/lokavidyaapp/app/build/intermediates/pre-dexed/debug/classes-9946c7561ec486b51eee390f106f62bd579179b7.jar /home/sanket/lokavidyaapp/app/build/intermediates/pre-dexed/debug/classes-933ffedcad5cb31d6ab3ccf7ef238196230202d9.jar /home/sanket/lokavidyaapp/app/build/intermediates/pre-dexed/debug/classes-3e3f061d8e3b328eb2bc8ba78f255a7e21c5d841.jar /home/sanket/lokavidyaapp/app/build/intermediates/pre-dexed/debug/okhttp-urlconnection-2.2.0-976743ddad9a3ef9722483664b09ec90ad5f909c.jar /home/sanket/lokavidyaapp/app/build/intermediates/pre-dexed/debug/butterknife-5.1.2-b3d4f342f7177b4c045966065578a25e60c3253d.jar /home/sanket/lokavidyaapp/app/build/intermediates/pre-dexed/debug/dagger-1.2.2-535aaddd739252e164b51798e401f84fb8e1be12.jar /home/sanket/lokavidyaapp/app/build/intermediates/pre-dexed/debug/classes-5c544c235141166f4ac169edb86c17617b49dabd.jar /home/sanket/lokavidyaapp/app/build/intermediates/pre-dexed/debug/okio-1.3.0-0142cacad9fb31a4c96c9dd698abb91efe6d30a0.jar /home/sanket/lokavidyaapp/app/build/intermediates/pre-dexed/debug/dagger-compiler-1.2.2-7be9a82b60fc011b33e043a701870302c8455329.jar /home/sanket/lokavidyaapp/app/build/intermediates/pre-dexed/debug/classes-19aa64ff8b564cc1eca1761211721def1ec26b92.jar /home/sanket/lokavidyaapp/app/build/intermediates/pre-dexed/debug/picasso-2.4.0-49da5b14e642f5132d25b7fb3fef55bb03b48420.jar /home/sanket/lokavidyaapp/app/build/interme
Launcher Type: SUN_STANDARD

Environment Variables:
PATH=/home/sanket/bin:/usr/local/sbin:/usr/local/bin:/usr/sbin:/usr/bin:/sbin:/bin:/usr/games:/usr/local/games
SHELL=/bin/bash
DISPLAY=:0

Signal Handlers:
SIGSEGV: [libjvm.so+0x9548f0], sa_mask[0]=0x7ffbfeff, sa_flags=0x10000004
SIGBUS: [libjvm.so+0x9548f0], sa_mask[0]=0x7ffbfeff, sa_flags=0x10000004
SIGFPE: [libjvm.so+0x7cb0b0], sa_mask[0]=0x7ffbfeff, sa_flags=0x10000004
SIGPIPE: [libjvm.so+0x7cb0b0], sa_mask[0]=0x7ffbfeff, sa_flags=0x10000004
SIGXFSZ: [libjvm.so+0x7cb0b0], sa_mask[0]=0x7ffbfeff, sa_flags=0x10000004
SIGILL: [libjvm.so+0x7cb0b0], sa_mask[0]=0x7ffbfeff, sa_flags=0x10000004
SIGUSR1: SIG_DFL, sa_mask[0]=0x00000000, sa_flags=0x00000000
SIGUSR2: [libjvm.so+0x7caf50], sa_mask[0]=0x00000004, sa_flags=0x10000004
SIGHUP: [libjvm.so+0x7cb130], sa_mask[0]=0x7ffbfeff, sa_flags=0x10000004
SIGINT: [libjvm.so+0x7cb130], sa_mask[0]=0x7ffbfeff, sa_flags=0x10000004
SIGTERM: [libjvm.so+0x7cb130], sa_mask[0]=0x7ffbfeff, sa_flags=0x10000004
SIGQUIT: [libjvm.so+0x7cb130], sa_mask[0]=0x7ffbfeff, sa_flags=0x10000004
SIGTRAP: SIG_DFL, sa_mask[0]=0x00000000, sa_flags=0x00000000


---------------  S Y S T E M  ---------------

OS:Ubuntu 14.04 (trusty)
uname:Linux 3.13.0-76-generic #120-Ubuntu SMP Mon Jan 18 15:59:10 UTC 2016 x86_64
libc:glibc 2.19 NPTL 2.19 
rlimit: STACK 8192k, CORE 0k, NPROC 30418, NOFILE 4096, AS infinity
load average:12.08 3.44 1.62

/proc/meminfo:
MemTotal:        3950084 kB
MemFree:          115844 kB
Buffers:             536 kB
Cached:           347616 kB
SwapCached:            0 kB
Active:          3331740 kB
Inactive:         335892 kB
Active(anon):    3329664 kB
Inactive(anon):   321472 kB
Active(file):       2076 kB
Inactive(file):    14420 kB
Unevictable:          48 kB
Mlocked:              48 kB
SwapTotal:             0 kB
SwapFree:              0 kB
Dirty:               300 kB
Writeback:             0 kB
AnonPages:       3319728 kB
Mapped:            64272 kB
Shmem:            331456 kB
Slab:              64788 kB
SReclaimable:      29156 kB
SUnreclaim:        35632 kB
KernelStack:        5200 kB
PageTables:        39964 kB
NFS_Unstable:          0 kB
Bounce:                0 kB
WritebackTmp:          0 kB
CommitLimit:     1975040 kB
Committed_AS:    8286768 kB
VmallocTotal:   34359738367 kB
VmallocUsed:      348320 kB
VmallocChunk:   34359342460 kB
HardwareCorrupted:     0 kB
AnonHugePages:   1720320 kB
HugePages_Total:       0
HugePages_Free:        0
HugePages_Rsvd:        0
HugePages_Surp:        0
Hugepagesize:       2048 kB
DirectMap4k:       88444 kB
DirectMap2M:     2959360 kB
DirectMap1G:     1048576 kB


CPU:total 4 (2 cores per cpu, 2 threads per core) family 6 model 69 stepping 1, cmov, cx8, fxsr, mmx, sse, sse2, sse3, ssse3, sse4.1, sse4.2, popcnt, avx, avx2, aes, erms, ht, tsc, tscinvbit

/proc/cpuinfo:
processor	: 0
vendor_id	: GenuineIntel
cpu family	: 6
model		: 69
model name	: Intel(R) Core(TM) i5-4210U CPU @ 1.70GHz
stepping	: 1
microcode	: 0x17
cpu MHz		: 1701.000
cache size	: 3072 KB
physical id	: 0
siblings	: 4
core id		: 0
cpu cores	: 2
apicid		: 0
initial apicid	: 0
fpu		: yes
fpu_exception	: yes
cpuid level	: 13
wp		: yes
flags		: fpu vme de pse tsc msr pae mce cx8 apic sep mtrr pge mca cmov pat pse36 clflush dts acpi mmx fxsr sse sse2 ss ht tm pbe syscall nx pdpe1gb rdtscp lm constant_tsc arch_perfmon pebs bts rep_good nopl xtopology nonstop_tsc aperfmperf eagerfpu pni pclmulqdq dtes64 monitor ds_cpl vmx est tm2 ssse3 fma cx16 xtpr pdcm pcid sse4_1 sse4_2 movbe popcnt tsc_deadline_timer aes xsave avx f16c rdrand lahf_lm abm ida arat epb xsaveopt pln pts dtherm tpr_shadow vnmi flexpriority ept vpid fsgsbase tsc_adjust bmi1 avx2 smep bmi2 erms invpcid
bogomips	: 3392.42
clflush size	: 64
cache_alignment	: 64
address sizes	: 39 bits physical, 48 bits virtual
power management:

processor	: 1
vendor_id	: GenuineIntel
cpu family	: 6
model		: 69
model name	: Intel(R) Core(TM) i5-4210U CPU @ 1.70GHz
stepping	: 1
microcode	: 0x17
cpu MHz		: 1700.000
cache size	: 3072 KB
physical id	: 0
siblings	: 4
core id		: 1
cpu cores	: 2
apicid		: 2
initial apicid	: 2
fpu		: yes
fpu_exception	: yes
cpuid level	: 13
wp		: yes
flags		: fpu vme de pse tsc msr pae mce cx8 apic sep mtrr pge mca cmov pat pse36 clflush dts acpi mmx fxsr sse sse2 ss ht tm pbe syscall nx pdpe1gb rdtscp lm constant_tsc arch_perfmon pebs bts rep_good nopl xtopology nonstop_tsc aperfmperf eagerfpu pni pclmulqdq dtes64 monitor ds_cpl vmx est tm2 ssse3 fma cx16 xtpr pdcm pcid sse4_1 sse4_2 movbe popcnt tsc_deadline_timer aes xsave avx f16c rdrand lahf_lm abm ida arat epb xsaveopt pln pts dtherm tpr_shadow vnmi flexpriority ept vpid fsgsbase tsc_adjust bmi1 avx2 smep bmi2 erms invpcid
bogomips	: 3392.42
clflush size	: 64
cache_alignment	: 64
address sizes	: 39 bits physical, 48 bits virtual
power management:

processor	: 2
vendor_id	: GenuineIntel
cpu family	: 6
model		: 69
model name	: Intel(R) Core(TM) i5-4210U CPU @ 1.70GHz
stepping	: 1
microcode	: 0x17
cpu MHz		: 1700.000
cache size	: 3072 KB
physical id	: 0
siblings	: 4
core id		: 0
cpu cores	: 2
apicid		: 1
initial apicid	: 1
fpu		: yes
fpu_exception	: yes
cpuid level	: 13
wp		: yes
flags		: fpu vme de pse tsc msr pae mce cx8 apic sep mtrr pge mca cmov pat pse36 clflush dts acpi mmx fxsr sse sse2 ss ht tm pbe syscall nx pdpe1gb rdtscp lm constant_tsc arch_perfmon pebs bts rep_good nopl xtopology nonstop_tsc aperfmperf eagerfpu pni pclmulqdq dtes64 monitor ds_cpl vmx est tm2 ssse3 fma cx16 xtpr pdcm pcid sse4_1 sse4_2 movbe popcnt tsc_deadline_timer aes xsave avx f16c rdrand lahf_lm abm ida arat epb xsaveopt pln pts dtherm tpr_shadow vnmi flexpriority ept vpid fsgsbase tsc_adjust bmi1 avx2 smep bmi2 erms invpcid
bogomips	: 3392.42
clflush size	: 64
cache_alignment	: 64
address sizes	: 39 bits physical, 48 bits virtual
power management:

processor	: 3
vendor_id	: GenuineIntel
cpu family	: 6
model		: 69
model name	: Intel(R) Core(TM) i5-4210U CPU @ 1.70GHz
stepping	: 1
microcode	: 0x17
cpu MHz		: 782.000
cache size	: 3072 KB
physical id	: 0
siblings	: 4
core id		: 1
cpu cores	: 2
apicid		: 3
initial apicid	: 3
fpu		: yes
fpu_exception	: yes
cpuid level	: 13
wp		: yes
flags		: fpu vme de pse tsc msr pae mce cx8 apic sep mtrr pge mca cmov pat pse36 clflush dts acpi mmx fxsr sse sse2 ss ht tm pbe syscall nx pdpe1gb rdtscp lm constant_tsc arch_perfmon pebs bts rep_good nopl xtopology nonstop_tsc aperfmperf eagerfpu pni pclmulqdq dtes64 monitor ds_cpl vmx est tm2 ssse3 fma cx16 xtpr pdcm pcid sse4_1 sse4_2 movbe popcnt tsc_deadline_timer aes xsave avx f16c rdrand lahf_lm abm ida arat epb xsaveopt pln pts dtherm tpr_shadow vnmi flexpriority ept vpid fsgsbase tsc_adjust bmi1 avx2 smep bmi2 erms invpcid
bogomips	: 3392.42
clflush size	: 64
cache_alignment	: 64
address sizes	: 39 bits physical, 48 bits virtual
power management:



Memory: 4k page, physical 3950084k(115844k free), swap 0k(0k free)

vm_info: OpenJDK 64-Bit Server VM (24.91-b01) for linux-amd64 JRE (1.7.0_91-b02), built on Nov 19 2015 06:14:37 by "buildd" with gcc 4.8.2

time: Mon Feb  1 19:54:26 2016
elapsed time: 29 seconds

