#
# There is insufficient memory for the Java Runtime Environment to continue.
# Native memory allocation (malloc) failed to allocate 166723584 bytes for committing reserved memory.
# Possible reasons:
#   The system is out of physical RAM or swap space
#   In 32 bit mode, the process size limit was hit
# Possible solutions:
#   Reduce memory load on the system
#   Increase physical memory or swap space
#   Check if swap backing store is full
#   Use 64 bit Java on a 64 bit OS
#   Decrease Java heap size (-Xmx/-Xms)
#   Decrease number of Java threads
#   Decrease Java thread stack sizes (-Xss)
#   Set larger code cache with -XX:ReservedCodeCacheSize=
# This output file may be truncated or incomplete.
#
#  Out of Memory Error (os_linux.cpp:2827), pid=7608, tid=140600666146560
#
# JRE version: OpenJDK Runtime Environment (7.0_95) (build 1.7.0_95-b00)
# Java VM: OpenJDK 64-Bit Server VM (24.95-b01 mixed mode linux-amd64 compressed oops)
# Derivative: IcedTea 2.6.4
# Distribution: Ubuntu 15.10, package 7u95-2.6.4-0ubuntu0.15.10.1
# Failed to write core dump. Core dumps have been disabled. To enable core dumping, try "ulimit -c unlimited" before starting Java again
#

---------------  T H R E A D  ---------------

Current thread (0x00007fe020078800):  VMThread [stack: 0x00007fe024b2c000,0x00007fe024c2d000] [id=7618]

Stack: [0x00007fe024b2c000,0x00007fe024c2d000],  sp=0x00007fe024c2b4f0,  free space=1021k
Native frames: (J=compiled Java code, j=interpreted, Vv=VM code, C=native code)
V  [libjvm.so+0x9948f3]
V  [libjvm.so+0x48a9df]
V  [libjvm.so+0x80143b]
V  [libjvm.so+0x7fb82e]
V  [libjvm.so+0x871c4b]
V  [libjvm.so+0x873593]
V  [libjvm.so+0x86f818]
V  [libjvm.so+0x86fafc]
V  [libjvm.so+0x824df3]
V  [libjvm.so+0x996392]
V  [libjvm.so+0x99b0d7]
V  [libjvm.so+0x998968]
V  [libjvm.so+0x999cdf]
V  [libjvm.so+0x99a1d1]
V  [libjvm.so+0x7fe362]

VM_Operation (0x00007fe029e90220): ParallelGCFailedAllocation, mode: safepoint, requested by thread 0x00007fe02000c800


---------------  P R O C E S S  ---------------

Java Threads: ( => current thread )
  0x00007fe0200b1800 JavaThread "Service Thread" daemon [_thread_blocked, id=7624, stack(0x00007fe01cdfe000,0x00007fe01ceff000)]
  0x00007fe0200af000 JavaThread "C2 CompilerThread1" daemon [_thread_blocked, id=7623, stack(0x00007fe01ceff000,0x00007fe01d000000)]
  0x00007fe0200ac000 JavaThread "C2 CompilerThread0" daemon [_thread_blocked, id=7622, stack(0x00007fe024046000,0x00007fe024147000)]
  0x00007fe0200aa000 JavaThread "Signal Dispatcher" daemon [_thread_blocked, id=7621, stack(0x00007fe024147000,0x00007fe024248000)]
  0x00007fe02007f000 JavaThread "Finalizer" daemon [_thread_blocked, id=7620, stack(0x00007fe02492a000,0x00007fe024a2b000)]
  0x00007fe02007d000 JavaThread "Reference Handler" daemon [_thread_blocked, id=7619, stack(0x00007fe024a2b000,0x00007fe024b2c000)]
  0x00007fe02000c800 JavaThread "main" [_thread_blocked, id=7610, stack(0x00007fe029d91000,0x00007fe029e92000)]

Other Threads:
=>0x00007fe020078800 VMThread [stack: 0x00007fe024b2c000,0x00007fe024c2d000] [id=7618]
  0x00007fe0200bc000 WatcherThread [stack: 0x00007fe01ccfd000,0x00007fe01cdfe000] [id=7625]

VM state:at safepoint (normal execution)

VM Mutex/Monitor currently owned by a thread:  ([mutex/lock_event])
[0x00007fe020009050] Threads_lock - owner thread: 0x00007fe020078800
[0x00007fe020009550] Heap_lock - owner thread: 0x00007fe02000c800

Heap
 PSYoungGen      total 134144K, used 5117K [0x00000000eaa80000, 0x00000000f3280000, 0x0000000100000000)
  eden space 129024K, 0% used [0x00000000eaa80000,0x00000000eaa80000,0x00000000f2880000)
  from space 5120K, 99% used [0x00000000f2880000,0x00000000f2d7f6e0,0x00000000f2d80000)
  to   space 5120K, 0% used [0x00000000f2d80000,0x00000000f2d80000,0x00000000f3280000)
 ParOldGen       total 83968K, used 39180K [0x00000000c0000000, 0x00000000c5200000, 0x00000000eaa80000)
  object space 83968K, 46% used [0x00000000c0000000,0x00000000c2643308,0x00000000c5200000)
 PSPermGen       total 21504K, used 7928K [0x00000000b5a00000, 0x00000000b6f00000, 0x00000000c0000000)
  object space 21504K, 36% used [0x00000000b5a00000,0x00000000b61be2c8,0x00000000b6f00000)

Card table byte_map: [0x00007fe0266d5000,0x00007fe026929000] byte_map_base: 0x00007fe026128000

Polling page: 0x00007fe029eb9000

Code Cache  [0x00007fe01d000000, 0x00007fe01d390000, 0x00007fe020000000)
 total_blobs=1386 nmethods=1132 adapters=207 free_code_cache=45581Kb largest_free_block=46613696

Compilation events (10 events):
Event: 14.629 Thread 0x00007fe0200af000 nmethod 1156 0x00007fe01d376c10 code [0x00007fe01d376d40, 0x00007fe01d376d98]
Event: 14.629 Thread 0x00007fe0200ac000 nmethod 1157 0x00007fe01d36ce50 code [0x00007fe01d36cf80, 0x00007fe01d36cfd8]
Event: 14.629 Thread 0x00007fe0200af000 1158             com.android.dx.io.instructions.ThreeRegisterDecodedInstruction::getC (5 bytes)
Event: 14.630 Thread 0x00007fe0200af000 nmethod 1158 0x00007fe01d36cb90 code [0x00007fe01d36ccc0, 0x00007fe01d36cd18]
Event: 14.674 Thread 0x00007fe0200ac000 1159             java.util.TimSort::binarySort (223 bytes)
Event: 14.687 Thread 0x00007fe0200af000 1160             com.android.dex.Leb128::readSignedLeb128 (93 bytes)
Event: 14.693 Thread 0x00007fe0200ac000 nmethod 1159 0x00007fe01d38aed0 code [0x00007fe01d38b060, 0x00007fe01d38b6d8]
Event: 14.698 Thread 0x00007fe0200ac000 1161             com.android.dx.io.instructions.RegisterRangeDecodedInstruction::<init> (26 bytes)
Event: 14.698 Thread 0x00007fe0200af000 nmethod 1160 0x00007fe01d0612d0 code [0x00007fe01d061440, 0x00007fe01d0617d8]
Event: 14.701 Thread 0x00007fe0200ac000 nmethod 1161 0x00007fe01d0b71d0 code [0x00007fe01d0b7320, 0x00007fe01d0b7518]

GC Heap History (9 events):
Event: 1.415 GC heap before
{Heap before GC invocations=1 (full 0):
 PSYoungGen      total 37376K, used 32256K [0x00000000eaa80000, 0x00000000ed400000, 0x0000000100000000)
  eden space 32256K, 100% used [0x00000000eaa80000,0x00000000eca00000,0x00000000eca00000)
  from space 5120K, 0% used [0x00000000ecf00000,0x00000000ecf00000,0x00000000ed400000)
  to   space 5120K, 0% used [0x00000000eca00000,0x00000000eca00000,0x00000000ecf00000)
 ParOldGen       total 83968K, used 0K [0x00000000c0000000, 0x00000000c5200000, 0x00000000eaa80000)
  object space 83968K, 0% used [0x00000000c0000000,0x00000000c0000000,0x00000000c5200000)
 PSPermGen       total 21504K, used 5479K [0x00000000b5a00000, 0x00000000b6f00000, 0x00000000c0000000)
  object space 21504K, 25% used [0x00000000b5a00000,0x00000000b5f59c28,0x00000000b6f00000)
Event: 1.430 GC heap after
Heap after GC invocations=1 (full 0):
 PSYoungGen      total 37376K, used 5088K [0x00000000eaa80000, 0x00000000ef380000, 0x0000000100000000)
  eden space 32256K, 0% used [0x00000000eaa80000,0x00000000eaa80000,0x00000000eca00000)
  from space 5120K, 99% used [0x00000000eca00000,0x00000000ecef8028,0x00000000ecf00000)
  to   space 5120K, 0% used [0x00000000eee80000,0x00000000eee80000,0x00000000ef380000)
 ParOldGen       total 83968K, used 2402K [0x00000000c0000000, 0x00000000c5200000, 0x00000000eaa80000)
  object space 83968K, 2% used [0x00000000c0000000,0x00000000c0258ac0,0x00000000c5200000)
 PSPermGen       total 21504K, used 5479K [0x00000000b5a00000, 0x00000000b6f00000, 0x00000000c0000000)
  object space 21504K, 25% used [0x00000000b5a00000,0x00000000b5f59c28,0x00000000b6f00000)
}
Event: 2.434 GC heap before
{Heap before GC invocations=2 (full 0):
 PSYoungGen      total 37376K, used 37344K [0x00000000eaa80000, 0x00000000ef380000, 0x0000000100000000)
  eden space 32256K, 100% used [0x00000000eaa80000,0x00000000eca00000,0x00000000eca00000)
  from space 5120K, 99% used [0x00000000eca00000,0x00000000ecef8028,0x00000000ecf00000)
  to   space 5120K, 0% used [0x00000000eee80000,0x00000000eee80000,0x00000000ef380000)
 ParOldGen       total 83968K, used 2402K [0x00000000c0000000, 0x00000000c5200000, 0x00000000eaa80000)
  object space 83968K, 2% used [0x00000000c0000000,0x00000000c0258ac0,0x00000000c5200000)
 PSPermGen       total 21504K, used 5593K [0x00000000b5a00000, 0x00000000b6f00000, 0x00000000c0000000)
  object space 21504K, 26% used [0x00000000b5a00000,0x00000000b5f76550,0x00000000b6f00000)
Event: 2.457 GC heap after
Heap after GC invocations=2 (full 0):
 PSYoungGen      total 69632K, used 5104K [0x00000000eaa80000, 0x00000000ef380000, 0x0000000100000000)
  eden space 64512K, 0% used [0x00000000eaa80000,0x00000000eaa80000,0x00000000ee980000)
  from space 5120K, 99% used [0x00000000eee80000,0x00000000ef37c020,0x00000000ef380000)
  to   space 5120K, 0% used [0x00000000ee980000,0x00000000ee980000,0x00000000eee80000)
 ParOldGen       total 83968K, used 6806K [0x00000000c0000000, 0x00000000c5200000, 0x00000000eaa80000)
  object space 83968K, 8% used [0x00000000c0000000,0x00000000c06a5a10,0x00000000c5200000)
 PSPermGen       total 21504K, used 5593K [0x00000000b5a00000, 0x00000000b6f00000, 0x00000000c0000000)
  object space 21504K, 26% used [0x00000000b5a00000,0x00000000b5f76550,0x00000000b6f00000)
}
Event: 4.244 GC heap before
{Heap before GC invocations=3 (full 0):
 PSYoungGen      total 69632K, used 69616K [0x00000000eaa80000, 0x00000000ef380000, 0x0000000100000000)
  eden space 64512K, 100% used [0x00000000eaa80000,0x00000000ee980000,0x00000000ee980000)
  from space 5120K, 99% used [0x00000000eee80000,0x00000000ef37c020,0x00000000ef380000)
  to   space 5120K, 0% used [0x00000000ee980000,0x00000000ee980000,0x00000000eee80000)
 ParOldGen       total 83968K, used 6806K [0x00000000c0000000, 0x00000000c5200000, 0x00000000eaa80000)
  object space 83968K, 8% used [0x00000000c0000000,0x00000000c06a5a10,0x00000000c5200000)
 PSPermGen       total 21504K, used 5649K [0x00000000b5a00000, 0x00000000b6f00000, 0x00000000c0000000)
  object space 21504K, 26% used [0x00000000b5a00000,0x00000000b5f84418,0x00000000b6f00000)
Event: 4.293 GC heap after
Heap after GC invocations=3 (full 0):
 PSYoungGen      total 69632K, used 5092K [0x00000000eaa80000, 0x00000000f3280000, 0x0000000100000000)
  eden space 64512K, 0% used [0x00000000eaa80000,0x00000000eaa80000,0x00000000ee980000)
  from space 5120K, 99% used [0x00000000ee980000,0x00000000eee79050,0x00000000eee80000)
  to   space 5120K, 0% used [0x00000000f2d80000,0x00000000f2d80000,0x00000000f3280000)
 ParOldGen       total 83968K, used 14845K [0x00000000c0000000, 0x00000000c5200000, 0x00000000eaa80000)
  object space 83968K, 17% used [0x00000000c0000000,0x00000000c0e7f710,0x00000000c5200000)
 PSPermGen       total 21504K, used 5649K [0x00000000b5a00000, 0x00000000b6f00000, 0x00000000c0000000)
  object space 21504K, 26% used [0x00000000b5a00000,0x00000000b5f84418,0x00000000b6f00000)
}
Event: 5.738 GC heap before
{Heap before GC invocations=4 (full 0):
 PSYoungGen      total 69632K, used 69604K [0x00000000eaa80000, 0x00000000f3280000, 0x0000000100000000)
  eden space 64512K, 100% used [0x00000000eaa80000,0x00000000ee980000,0x00000000ee980000)
  from space 5120K, 99% used [0x00000000ee980000,0x00000000eee79050,0x00000000eee80000)
  to   space 5120K, 0% used [0x00000000f2d80000,0x00000000f2d80000,0x00000000f3280000)
 ParOldGen       total 83968K, used 14845K [0x00000000c0000000, 0x00000000c5200000, 0x00000000eaa80000)
  object space 83968K, 17% used [0x00000000c0000000,0x00000000c0e7f710,0x00000000c5200000)
 PSPermGen       total 21504K, used 5688K [0x00000000b5a00000, 0x00000000b6f00000, 0x00000000c0000000)
  object space 21504K, 26% used [0x00000000b5a00000,0x00000000b5f8e120,0x00000000b6f00000)
Event: 5.826 GC heap after
Heap after GC invocations=4 (full 0):
 PSYoungGen      total 134144K, used 5090K [0x00000000eaa80000, 0x00000000f3280000, 0x0000000100000000)
  eden space 129024K, 0% used [0x00000000eaa80000,0x00000000eaa80000,0x00000000f2880000)
  from space 5120K, 99% used [0x00000000f2d80000,0x00000000f3278ba8,0x00000000f3280000)
  to   space 5120K, 0% used [0x00000000f2880000,0x00000000f2880000,0x00000000f2d80000)
 ParOldGen       total 83968K, used 24866K [0x00000000c0000000, 0x00000000c5200000, 0x00000000eaa80000)
  object space 83968K, 29% used [0x00000000c0000000,0x00000000c1848b48,0x00000000c5200000)
 PSPermGen       total 21504K, used 5688K [0x00000000b5a00000, 0x00000000b6f00000, 0x00000000c0000000)
  object space 21504K, 26% used [0x00000000b5a00000,0x00000000b5f8e120,0x00000000b6f00000)
}
Event: 16.323 GC heap before
{Heap before GC invocations=5 (full 0):
 PSYoungGen      total 134144K, used 134114K [0x00000000eaa80000, 0x00000000f3280000, 0x0000000100000000)
  eden space 129024K, 100% used [0x00000000eaa80000,0x00000000f2880000,0x00000000f2880000)
  from space 5120K, 99% used [0x00000000f2d80000,0x00000000f3278ba8,0x00000000f3280000)
  to   space 5120K, 0% used [0x00000000f2880000,0x00000000f2880000,0x00000000f2d80000)
 ParOldGen       total 83968K, used 24866K [0x00000000c0000000, 0x00000000c5200000, 0x00000000eaa80000)
  object space 83968K, 29% used [0x00000000c0000000,0x00000000c1848b48,0x00000000c5200000)
 PSPermGen       total 21504K, used 7928K [0x00000000b5a00000, 0x00000000b6f00000, 0x00000000c0000000)
  object space 21504K, 36% used [0x00000000b5a00000,0x00000000b61be2c8,0x00000000b6f00000)

Deoptimization events (10 events):
Event: 13.530 Thread 0x00007fe02000c800 Uncommon trap: reason=class_check action=maybe_recompile pc=0x00007fe01d0f0f88 method=java.util.HashMap.<init>(IF)V @ 115
Event: 13.530 Thread 0x00007fe02000c800 Uncommon trap: reason=class_check action=maybe_recompile pc=0x00007fe01d0ecea8 method=java.util.ArrayList.<init>(Ljava/util/Collection;)V @ 6
Event: 13.617 Thread 0x00007fe02000c800 Uncommon trap: reason=predicate action=maybe_recompile pc=0x00007fe01d342a64 method=com.android.dex.Leb128.readUnsignedLeb128(Lcom/android/dex/util/ByteInput;)I @ 41
Event: 13.798 Thread 0x00007fe02000c800 Uncommon trap: reason=unstable_if action=reinterpret pc=0x00007fe01d33e754 method=com.android.dex.EncodedValue.compareTo(Lcom/android/dex/EncodedValue;)I @ 18
Event: 13.913 Thread 0x00007fe02000c800 Uncommon trap: reason=unstable_if action=reinterpret pc=0x00007fe01d35307c method=com.android.dex.EncodedValueCodec.readUnsignedInt(Lcom/android/dex/util/ByteInput;IZ)I @ 3
Event: 13.913 Thread 0x00007fe02000c800 Uncommon trap: reason=unstable_if action=reinterpret pc=0x00007fe01d08c63c method=java.lang.Long.numberOfTrailingZeros(J)I @ 3
Event: 14.090 Thread 0x00007fe02000c800 Uncommon trap: reason=unstable_if action=reinterpret pc=0x00007fe01d351c4c method=com.android.dx.merge.DexMerger$IdMerger.mergeSorted()V @ 261
Event: 14.103 Thread 0x00007fe02000c800 Uncommon trap: reason=unstable_if action=reinterpret pc=0x00007fe01d33b9c8 method=com.android.dx.merge.DexMerger$IdMerger.mergeSorted()V @ 261
Event: 14.383 Thread 0x00007fe02000c800 Uncommon trap: reason=predicate action=maybe_recompile pc=0x00007fe01d379688 method=java.util.ComparableTimSort.binarySort([Ljava/lang/Object;III)V @ 37
Event: 14.674 Thread 0x00007fe02000c800 Uncommon trap: reason=unstable_if action=reinterpret pc=0x00007fe01d16609c method=java.util.TimSort.countRunAndMakeAscending([Ljava/lang/Object;IILjava/util/Comparator;)I @ 48

Internal exceptions (10 events):
Event: 13.198 Thread 0x00007fe02000c800 Threw 0x00000000edd6a9b0 at /build/openjdk-7-Fct0ZC/openjdk-7-7u95-2.6.4/build/openjdk/hotspot/src/share/vm/prims/jvm.cpp:1322
Event: 13.201 Thread 0x00007fe02000c800 Threw 0x00000000edd723c0 at /build/openjdk-7-Fct0ZC/openjdk-7-7u95-2.6.4/build/openjdk/hotspot/src/share/vm/prims/jvm.cpp:1322
Event: 13.201 Thread 0x00007fe02000c800 Threw 0x00000000edd74ed0 at /build/openjdk-7-Fct0ZC/openjdk-7-7u95-2.6.4/build/openjdk/hotspot/src/share/vm/prims/jvm.cpp:1322
Event: 13.496 Thread 0x00007fe02000c800 Threw 0x00000000ee0e9bb8 at /build/openjdk-7-Fct0ZC/openjdk-7-7u95-2.6.4/build/openjdk/hotspot/src/share/vm/prims/jvm.cpp:1322
Event: 13.496 Thread 0x00007fe02000c800 Threw 0x00000000ee0e9ce0 at /build/openjdk-7-Fct0ZC/openjdk-7-7u95-2.6.4/build/openjdk/hotspot/src/share/vm/prims/jvm.cpp:1322
Event: 13.497 Thread 0x00007fe02000c800 Threw 0x00000000ee0ec390 at /build/openjdk-7-Fct0ZC/openjdk-7-7u95-2.6.4/build/openjdk/hotspot/src/share/vm/prims/jvm.cpp:1322
Event: 13.497 Thread 0x00007fe02000c800 Threw 0x00000000ee0ec4b8 at /build/openjdk-7-Fct0ZC/openjdk-7-7u95-2.6.4/build/openjdk/hotspot/src/share/vm/prims/jvm.cpp:1322
Event: 13.497 Thread 0x00007fe02000c800 Threw 0x00000000ee0eceb8 at /build/openjdk-7-Fct0ZC/openjdk-7-7u95-2.6.4/build/openjdk/hotspot/src/share/vm/prims/jvm.cpp:1322
Event: 13.497 Thread 0x00007fe02000c800 Threw 0x00000000ee0ecfe0 at /build/openjdk-7-Fct0ZC/openjdk-7-7u95-2.6.4/build/openjdk/hotspot/src/share/vm/prims/jvm.cpp:1322
Event: 13.944 Thread 0x00007fe02000c800 Threw 0x00000000ef461e28 at /build/openjdk-7-Fct0ZC/openjdk-7-7u95-2.6.4/build/openjdk/hotspot/src/share/vm/prims/jvm.cpp:1322

Events (10 events):
Event: 14.383 Thread 0x00007fe02000c800 DEOPT PACKING pc=0x00007fe01d379688 sp=0x00007fe029e904b0
Event: 14.383 Thread 0x00007fe02000c800 DEOPT UNPACKING pc=0x00007fe01d039445 sp=0x00007fe029e90490 mode 2
Event: 14.629 Thread 0x00007fe0200ac000 flushing nmethod 0x00007fe01d0611d0
Event: 14.630 Thread 0x00007fe0200af000 flushing nmethod 0x00007fe01d07e4d0
Event: 14.674 Thread 0x00007fe02000c800 Uncommon trap: trap_request=0xffffff75 fr.pc=0x00007fe01d16609c
Event: 14.674 Thread 0x00007fe02000c800 DEOPT PACKING pc=0x00007fe01d16609c sp=0x00007fe029e90530
Event: 14.674 Thread 0x00007fe02000c800 DEOPT UNPACKING pc=0x00007fe01d039445 sp=0x00007fe029e90510 mode 2
Event: 14.698 Thread 0x00007fe0200af000 flushing nmethod 0x00007fe01d0b7150
Event: 14.698 Thread 0x00007fe0200af000 flushing nmethod 0x00007fe01d0bcd50
Event: 15.636 Executing VM operation: ParallelGCFailedAllocation


Dynamic libraries:
00400000-00401000 r-xp 00000000 08:04 2369630                            /usr/lib/jvm/java-7-openjdk-amd64/jre/bin/java
00600000-00601000 r--p 00000000 08:04 2369630                            /usr/lib/jvm/java-7-openjdk-amd64/jre/bin/java
00601000-00602000 rw-p 00001000 08:04 2369630                            /usr/lib/jvm/java-7-openjdk-amd64/jre/bin/java
00ab5000-00ad6000 rw-p 00000000 00:00 0                                  [heap]
b5a00000-b6f00000 rw-p 00000000 00:00 0 
b6f00000-c0000000 rw-p 00000000 00:00 0 
c0000000-c5200000 rw-p 00000000 00:00 0 
c5200000-eaa80000 rw-p 00000000 00:00 0 
eaa80000-f3280000 rw-p 00000000 00:00 0 
fd180000-100000000 rw-p 00000000 00:00 0 
7fdfd0000000-7fdfd0023000 rw-p 00000000 00:00 0 
7fdfd0023000-7fdfd4000000 ---p 00000000 00:00 0 
7fdfd4000000-7fdfd4031000 rw-p 00000000 00:00 0 
7fdfd4031000-7fdfd8000000 ---p 00000000 00:00 0 
7fdfd8000000-7fdfd8021000 rw-p 00000000 00:00 0 
7fdfd8021000-7fdfdc000000 ---p 00000000 00:00 0 
7fdfdc000000-7fdfdc02f000 rw-p 00000000 00:00 0 
7fdfdc02f000-7fdfe0000000 ---p 00000000 00:00 0 
7fdfe0000000-7fdfe0021000 rw-p 00000000 00:00 0 
7fdfe0021000-7fdfe4000000 ---p 00000000 00:00 0 
7fdfe4000000-7fdfe4023000 rw-p 00000000 00:00 0 
7fdfe4023000-7fdfe8000000 ---p 00000000 00:00 0 
7fdfe8000000-7fdfe9b9c000 rw-p 00000000 00:00 0 
7fdfe9b9c000-7fdfec000000 ---p 00000000 00:00 0 
7fdfec000000-7fdfec021000 rw-p 00000000 00:00 0 
7fdfec021000-7fdff0000000 ---p 00000000 00:00 0 
7fdff0000000-7fdff0021000 rw-p 00000000 00:00 0 
7fdff0021000-7fdff4000000 ---p 00000000 00:00 0 
7fdff4000000-7fdff58b6000 rw-p 00000000 00:00 0 
7fdff58b6000-7fdff8000000 ---p 00000000 00:00 0 
7fdff8000000-7fdff8021000 rw-p 00000000 00:00 0 
7fdff8021000-7fdffc000000 ---p 00000000 00:00 0 
7fdffc000000-7fdffc021000 rw-p 00000000 00:00 0 
7fdffc021000-7fe000000000 ---p 00000000 00:00 0 
7fe000000000-7fe000021000 rw-p 00000000 00:00 0 
7fe000021000-7fe004000000 ---p 00000000 00:00 0 
7fe004000000-7fe004021000 rw-p 00000000 00:00 0 
7fe004021000-7fe008000000 ---p 00000000 00:00 0 
7fe008000000-7fe008021000 rw-p 00000000 00:00 0 
7fe008021000-7fe00c000000 ---p 00000000 00:00 0 
7fe010000000-7fe010021000 rw-p 00000000 00:00 0 
7fe010021000-7fe014000000 ---p 00000000 00:00 0 
7fe014ab6000-7fe014b22000 r-xp 00000000 08:04 2101748                    /lib/x86_64-linux-gnu/libpcre.so.3.13.1
7fe014b22000-7fe014d21000 ---p 0006c000 08:04 2101748                    /lib/x86_64-linux-gnu/libpcre.so.3.13.1
7fe014d21000-7fe014d22000 r--p 0006b000 08:04 2101748                    /lib/x86_64-linux-gnu/libpcre.so.3.13.1
7fe014d22000-7fe014d23000 rw-p 0006c000 08:04 2101748                    /lib/x86_64-linux-gnu/libpcre.so.3.13.1
7fe014d23000-7fe014d2a000 r-xp 00000000 08:04 2366986                    /usr/lib/x86_64-linux-gnu/libffi.so.6.0.4
7fe014d2a000-7fe014f29000 ---p 00007000 08:04 2366986                    /usr/lib/x86_64-linux-gnu/libffi.so.6.0.4
7fe014f29000-7fe014f2a000 r--p 00006000 08:04 2366986                    /usr/lib/x86_64-linux-gnu/libffi.so.6.0.4
7fe014f2a000-7fe014f2b000 rw-p 00007000 08:04 2366986                    /usr/lib/x86_64-linux-gnu/libffi.so.6.0.4
7fe014f2b000-7fe014f42000 r-xp 00000000 08:04 2098391                    /lib/x86_64-linux-gnu/libresolv-2.21.so
7fe014f42000-7fe015142000 ---p 00017000 08:04 2098391                    /lib/x86_64-linux-gnu/libresolv-2.21.so
7fe015142000-7fe015143000 r--p 00017000 08:04 2098391                    /lib/x86_64-linux-gnu/libresolv-2.21.so
7fe015143000-7fe015144000 rw-p 00018000 08:04 2098391                    /lib/x86_64-linux-gnu/libresolv-2.21.so
7fe015144000-7fe015146000 rw-p 00000000 00:00 0 
7fe015146000-7fe015167000 r-xp 00000000 08:04 2101777                    /lib/x86_64-linux-gnu/libselinux.so.1
7fe015167000-7fe015366000 ---p 00021000 08:04 2101777                    /lib/x86_64-linux-gnu/libselinux.so.1
7fe015366000-7fe015367000 r--p 00020000 08:04 2101777                    /lib/x86_64-linux-gnu/libselinux.so.1
7fe015367000-7fe015368000 rw-p 00021000 08:04 2101777                    /lib/x86_64-linux-gnu/libselinux.so.1
7fe015368000-7fe01536a000 rw-p 00000000 00:00 0 
7fe01536a000-7fe01536d000 r-xp 00000000 08:04 2389777                    /usr/lib/x86_64-linux-gnu/libgmodule-2.0.so.0.4600.2
7fe01536d000-7fe01556c000 ---p 00003000 08:04 2389777                    /usr/lib/x86_64-linux-gnu/libgmodule-2.0.so.0.4600.2
7fe01556c000-7fe01556d000 r--p 00002000 08:04 2389777                    /usr/lib/x86_64-linux-gnu/libgmodule-2.0.so.0.4600.2
7fe01556d000-7fe01556e000 rw-p 00003000 08:04 2389777                    /usr/lib/x86_64-linux-gnu/libgmodule-2.0.so.0.4600.2
7fe01556e000-7fe01567b000 r-xp 00000000 08:04 2101924                    /lib/x86_64-linux-gnu/libglib-2.0.so.0.4600.2
7fe01567b000-7fe01587a000 ---p 0010d000 08:04 2101924                    /lib/x86_64-linux-gnu/libglib-2.0.so.0.4600.2
7fe01587a000-7fe01587b000 r--p 0010c000 08:04 2101924                    /lib/x86_64-linux-gnu/libglib-2.0.so.0.4600.2
7fe01587b000-7fe01587c000 rw-p 0010d000 08:04 2101924                    /lib/x86_64-linux-gnu/libglib-2.0.so.0.4600.2
7fe01587c000-7fe01587d000 rw-p 00000000 00:00 0 
7fe01587d000-7fe0158cf000 r-xp 00000000 08:04 2389778                    /usr/lib/x86_64-linux-gnu/libgobject-2.0.so.0.4600.2
7fe0158cf000-7fe015ace000 ---p 00052000 08:04 2389778                    /usr/lib/x86_64-linux-gnu/libgobject-2.0.so.0.4600.2
7fe015ace000-7fe015acf000 r--p 00051000 08:04 2389778                    /usr/lib/x86_64-linux-gnu/libgobject-2.0.so.0.4600.2
7fe015acf000-7fe015ad0000 rw-p 00052000 08:04 2389778                    /usr/lib/x86_64-linux-gnu/libgobject-2.0.so.0.4600.2
7fe015ad0000-7fe018000000 rw-p 00000000 00:00 0 
7fe018000000-7fe018021000 rw-p 00000000 00:00 0 
7fe018021000-7fe01c000000 ---p 00000000 00:00 0 
7fe01c04c000-7fe01c1c6000 r-xp 00000000 08:04 2370879                    /usr/lib/x86_64-linux-gnu/libgio-2.0.so.0.4600.2
7fe01c1c6000-7fe01c3c5000 ---p 0017a000 08:04 2370879                    /usr/lib/x86_64-linux-gnu/libgio-2.0.so.0.4600.2
7fe01c3c5000-7fe01c3c9000 r--p 00179000 08:04 2370879                    /usr/lib/x86_64-linux-gnu/libgio-2.0.so.0.4600.2
7fe01c3c9000-7fe01c3cb000 rw-p 0017d000 08:04 2370879                    /usr/lib/x86_64-linux-gnu/libgio-2.0.so.0.4600.2
7fe01c3cb000-7fe01c3cd000 rw-p 00000000 00:00 0 
7fe01c3cd000-7fe01c3e4000 r-xp 00000000 08:04 2371359                    /usr/lib/jvm/java-7-openjdk-amd64/jre/lib/amd64/libnet.so
7fe01c3e4000-7fe01c5e4000 ---p 00017000 08:04 2371359                    /usr/lib/jvm/java-7-openjdk-amd64/jre/lib/amd64/libnet.so
7fe01c5e4000-7fe01c5e5000 r--p 00017000 08:04 2371359                    /usr/lib/jvm/java-7-openjdk-amd64/jre/lib/amd64/libnet.so
7fe01c5e5000-7fe01c5e6000 rw-p 00018000 08:04 2371359                    /usr/lib/jvm/java-7-openjdk-amd64/jre/lib/amd64/libnet.so
7fe01c5e6000-7fe01c5f7000 r-xp 00000000 08:04 2371325                    /usr/lib/jvm/java-7-openjdk-amd64/jre/lib/amd64/libnio.so
7fe01c5f7000-7fe01c7f6000 ---p 00011000 08:04 2371325                    /usr/lib/jvm/java-7-openjdk-amd64/jre/lib/amd64/libnio.so
7fe01c7f6000-7fe01c7f7000 r--p 00010000 08:04 2371325                    /usr/lib/jvm/java-7-openjdk-amd64/jre/lib/amd64/libnio.so
7fe01c7f7000-7fe01c7f8000 rw-p 00011000 08:04 2371325                    /usr/lib/jvm/java-7-openjdk-amd64/jre/lib/amd64/libnio.so
7fe01c7f8000-7fe01c7fb000 ---p 00000000 00:00 0 
7fe01c7fb000-7fe01c8f9000 rw-p 00000000 00:00 0 
7fe01c8f9000-7fe01c8fc000 ---p 00000000 00:00 0 
7fe01c8fc000-7fe01c9fa000 rw-p 00000000 00:00 0 
7fe01c9fa000-7fe01c9fd000 ---p 00000000 00:00 0 
7fe01c9fd000-7fe01cafb000 rw-p 00000000 00:00 0 
7fe01cafb000-7fe01cafe000 ---p 00000000 00:00 0 
7fe01cafe000-7fe01cbfc000 rw-p 00000000 00:00 0 
7fe01cbfc000-7fe01cbff000 ---p 00000000 00:00 0 
7fe01cbff000-7fe01ccfd000 rw-p 00000000 00:00 0 
7fe01ccfd000-7fe01ccfe000 ---p 00000000 00:00 0 
7fe01ccfe000-7fe01cdfe000 rw-p 00000000 00:00 0                          [stack:7625]
7fe01cdfe000-7fe01ce01000 ---p 00000000 00:00 0 
7fe01ce01000-7fe01ceff000 rw-p 00000000 00:00 0                          [stack:7624]
7fe01ceff000-7fe01cf02000 ---p 00000000 00:00 0 
7fe01cf02000-7fe01d000000 rw-p 00000000 00:00 0                          [stack:7623]
7fe01d000000-7fe01d390000 rwxp 00000000 00:00 0 
7fe01d390000-7fe020215000 rw-p 00000000 00:00 0 
7fe020215000-7fe024000000 ---p 00000000 00:00 0 
7fe024033000-7fe024037000 r--s 0004f000 08:04 2371371                    /usr/lib/jvm/java-7-openjdk-amd64/jre/lib/jsse.jar
7fe024037000-7fe024046000 r--s 000df000 08:04 6302202                    /root/Android/Sdk/build-tools/23.0.0/lib/dx.jar
7fe024046000-7fe024049000 ---p 00000000 00:00 0 
7fe024049000-7fe024147000 rw-p 00000000 00:00 0                          [stack:7622]
7fe024147000-7fe02414a000 ---p 00000000 00:00 0 
7fe02414a000-7fe024248000 rw-p 00000000 00:00 0                          [stack:7621]
7fe024248000-7fe02492a000 r--p 00000000 08:04 2365388                    /usr/lib/locale/locale-archive
7fe02492a000-7fe02492d000 ---p 00000000 00:00 0 
7fe02492d000-7fe024a2b000 rw-p 00000000 00:00 0                          [stack:7620]
7fe024a2b000-7fe024a2e000 ---p 00000000 00:00 0 
7fe024a2e000-7fe024b2c000 rw-p 00000000 00:00 0                          [stack:7619]
7fe024b2c000-7fe024b2d000 ---p 00000000 00:00 0 
7fe024b2d000-7fe025c2a000 rw-p 00000000 00:00 0                          [stack:7618]
7fe025c2a000-7fe025ddc000 r--s 01d2f000 08:04 2370877                    /usr/lib/jvm/java-7-openjdk-amd64/jre/lib/rt.jar
7fe025ddc000-7fe026128000 rw-p 00000000 00:00 0 
7fe026128000-7fe026129000 ---p 00000000 00:00 0 
7fe026129000-7fe026229000 rw-p 00000000 00:00 0                          [stack:7617]
7fe026229000-7fe02622a000 ---p 00000000 00:00 0 
7fe02622a000-7fe02632a000 rw-p 00000000 00:00 0                          [stack:7616]
7fe02632a000-7fe02632b000 ---p 00000000 00:00 0 
7fe02632b000-7fe02642b000 rw-p 00000000 00:00 0                          [stack:7615]
7fe02642b000-7fe02642c000 ---p 00000000 00:00 0 
7fe02642c000-7fe026537000 rw-p 00000000 00:00 0                          [stack:7614]
7fe026537000-7fe02657f000 rw-p 00000000 00:00 0 
7fe02657f000-7fe0265a8000 rw-p 00000000 00:00 0 
7fe0265a8000-7fe0266d5000 rw-p 00000000 00:00 0 
7fe0266d5000-7fe0266e0000 rw-p 00000000 00:00 0 
7fe0266e0000-7fe026728000 rw-p 00000000 00:00 0 
7fe026728000-7fe026751000 rw-p 00000000 00:00 0 
7fe026751000-7fe02687d000 rw-p 00000000 00:00 0 
7fe02687d000-7fe0268c2000 rw-p 00000000 00:00 0 
7fe0268c2000-7fe026928000 rw-p 00000000 00:00 0 
7fe026928000-7fe026929000 rw-p 00000000 00:00 0 
7fe026929000-7fe026931000 r-xp 00000000 08:04 2371329                    /usr/lib/jvm/java-7-openjdk-amd64/jre/lib/amd64/libzip.so
7fe026931000-7fe026b30000 ---p 00008000 08:04 2371329                    /usr/lib/jvm/java-7-openjdk-amd64/jre/lib/amd64/libzip.so
7fe026b30000-7fe026b31000 r--p 00007000 08:04 2371329                    /usr/lib/jvm/java-7-openjdk-amd64/jre/lib/amd64/libzip.so
7fe026b31000-7fe026b32000 rw-p 00008000 08:04 2371329                    /usr/lib/jvm/java-7-openjdk-amd64/jre/lib/amd64/libzip.so
7fe026b32000-7fe026b3e000 r-xp 00000000 08:04 2097502                    /lib/x86_64-linux-gnu/libnss_files-2.21.so
7fe026b3e000-7fe026d3d000 ---p 0000c000 08:04 2097502                    /lib/x86_64-linux-gnu/libnss_files-2.21.so
7fe026d3d000-7fe026d3e000 r--p 0000b000 08:04 2097502                    /lib/x86_64-linux-gnu/libnss_files-2.21.so
7fe026d3e000-7fe026d3f000 rw-p 0000c000 08:04 2097502                    /lib/x86_64-linux-gnu/libnss_files-2.21.so
7fe026d3f000-7fe026d4a000 r-xp 00000000 08:04 2097513                    /lib/x86_64-linux-gnu/libnss_nis-2.21.so
7fe026d4a000-7fe026f49000 ---p 0000b000 08:04 2097513                    /lib/x86_64-linux-gnu/libnss_nis-2.21.so
7fe026f49000-7fe026f4a000 r--p 0000a000 08:04 2097513                    /lib/x86_64-linux-gnu/libnss_nis-2.21.so
7fe026f4a000-7fe026f4b000 rw-p 0000b000 08:04 2097513                    /lib/x86_64-linux-gnu/libnss_nis-2.21.so
7fe026f4b000-7fe026f62000 r-xp 00000000 08:04 2097507                    /lib/x86_64-linux-gnu/libnsl-2.21.so
7fe026f62000-7fe027161000 ---p 00017000 08:04 2097507                    /lib/x86_64-linux-gnu/libnsl-2.21.so
7fe027161000-7fe027162000 r--p 00016000 08:04 2097507                    /lib/x86_64-linux-gnu/libnsl-2.21.so
7fe027162000-7fe027163000 rw-p 00017000 08:04 2097507                    /lib/x86_64-linux-gnu/libnsl-2.21.so
7fe027163000-7fe027165000 rw-p 00000000 00:00 0 
7fe027165000-7fe02716d000 r-xp 00000000 08:04 2097503                    /lib/x86_64-linux-gnu/libnss_compat-2.21.so
7fe02716d000-7fe02736c000 ---p 00008000 08:04 2097503                    /lib/x86_64-linux-gnu/libnss_compat-2.21.so
7fe02736c000-7fe02736d000 r--p 00007000 08:04 2097503                    /lib/x86_64-linux-gnu/libnss_compat-2.21.so
7fe02736d000-7fe02736e000 rw-p 00008000 08:04 2097503                    /lib/x86_64-linux-gnu/libnss_compat-2.21.so
7fe02736e000-7fe02739a000 r-xp 00000000 08:04 2371337                    /usr/lib/jvm/java-7-openjdk-amd64/jre/lib/amd64/libjava.so
7fe02739a000-7fe027599000 ---p 0002c000 08:04 2371337                    /usr/lib/jvm/java-7-openjdk-amd64/jre/lib/amd64/libjava.so
7fe027599000-7fe02759a000 r--p 0002b000 08:04 2371337                    /usr/lib/jvm/java-7-openjdk-amd64/jre/lib/amd64/libjava.so
7fe02759a000-7fe02759c000 rw-p 0002c000 08:04 2371337                    /usr/lib/jvm/java-7-openjdk-amd64/jre/lib/amd64/libjava.so
7fe02759c000-7fe0275ab000 r-xp 00000000 08:04 2371352                    /usr/lib/jvm/java-7-openjdk-amd64/jre/lib/amd64/libverify.so
7fe0275ab000-7fe0277aa000 ---p 0000f000 08:04 2371352                    /usr/lib/jvm/java-7-openjdk-amd64/jre/lib/amd64/libverify.so
7fe0277aa000-7fe0277ac000 r--p 0000e000 08:04 2371352                    /usr/lib/jvm/java-7-openjdk-amd64/jre/lib/amd64/libverify.so
7fe0277ac000-7fe0277ad000 rw-p 00010000 08:04 2371352                    /usr/lib/jvm/java-7-openjdk-amd64/jre/lib/amd64/libverify.so
7fe0277ad000-7fe0277b4000 r-xp 00000000 08:04 2097500                    /lib/x86_64-linux-gnu/librt-2.21.so
7fe0277b4000-7fe0279b3000 ---p 00007000 08:04 2097500                    /lib/x86_64-linux-gnu/librt-2.21.so
7fe0279b3000-7fe0279b4000 r--p 00006000 08:04 2097500                    /lib/x86_64-linux-gnu/librt-2.21.so
7fe0279b4000-7fe0279b5000 rw-p 00007000 08:04 2097500                    /lib/x86_64-linux-gnu/librt-2.21.so
7fe0279b5000-7fe0279cb000 r-xp 00000000 08:04 2101662                    /lib/x86_64-linux-gnu/libgcc_s.so.1
7fe0279cb000-7fe027bca000 ---p 00016000 08:04 2101662                    /lib/x86_64-linux-gnu/libgcc_s.so.1
7fe027bca000-7fe027bcb000 r--p 00015000 08:04 2101662                    /lib/x86_64-linux-gnu/libgcc_s.so.1
7fe027bcb000-7fe027bcc000 rw-p 00016000 08:04 2101662                    /lib/x86_64-linux-gnu/libgcc_s.so.1
7fe027bcc000-7fe027cd3000 r-xp 00000000 08:04 2097515                    /lib/x86_64-linux-gnu/libm-2.21.so
7fe027cd3000-7fe027ed2000 ---p 00107000 08:04 2097515                    /lib/x86_64-linux-gnu/libm-2.21.so
7fe027ed2000-7fe027ed3000 r--p 00106000 08:04 2097515                    /lib/x86_64-linux-gnu/libm-2.21.so
7fe027ed3000-7fe027ed4000 rw-p 00107000 08:04 2097515                    /lib/x86_64-linux-gnu/libm-2.21.so
7fe027ed4000-7fe028047000 r-xp 00000000 08:04 2367643                    /usr/lib/x86_64-linux-gnu/libstdc++.so.6.0.21
7fe028047000-7fe028246000 ---p 00173000 08:04 2367643                    /usr/lib/x86_64-linux-gnu/libstdc++.so.6.0.21
7fe028246000-7fe028250000 r--p 00172000 08:04 2367643                    /usr/lib/x86_64-linux-gnu/libstdc++.so.6.0.21
7fe028250000-7fe028252000 rw-p 0017c000 08:04 2367643                    /usr/lib/x86_64-linux-gnu/libstdc++.so.6.0.21
7fe028252000-7fe028256000 rw-p 00000000 00:00 0 
7fe028256000-7fe028da7000 r-xp 00000000 08:04 2371343                    /usr/lib/jvm/java-7-openjdk-amd64/jre/lib/amd64/server/libjvm.so
7fe028da7000-7fe028fa6000 ---p 00b51000 08:04 2371343                    /usr/lib/jvm/java-7-openjdk-amd64/jre/lib/amd64/server/libjvm.so
7fe028fa6000-7fe029037000 r--p 00b50000 08:04 2371343                    /usr/lib/jvm/java-7-openjdk-amd64/jre/lib/amd64/server/libjvm.so
7fe029037000-7fe02905a000 rw-p 00be1000 08:04 2371343                    /usr/lib/jvm/java-7-openjdk-amd64/jre/lib/amd64/server/libjvm.so
7fe02905a000-7fe029085000 rw-p 00000000 00:00 0 
7fe029085000-7fe02909e000 r-xp 00000000 08:04 2101808                    /lib/x86_64-linux-gnu/libz.so.1.2.8
7fe02909e000-7fe02929d000 ---p 00019000 08:04 2101808                    /lib/x86_64-linux-gnu/libz.so.1.2.8
7fe02929d000-7fe02929e000 r--p 00018000 08:04 2101808                    /lib/x86_64-linux-gnu/libz.so.1.2.8
7fe02929e000-7fe02929f000 rw-p 00019000 08:04 2101808                    /lib/x86_64-linux-gnu/libz.so.1.2.8
7fe02929f000-7fe0292b7000 r-xp 00000000 08:04 2097501                    /lib/x86_64-linux-gnu/libpthread-2.21.so
7fe0292b7000-7fe0294b7000 ---p 00018000 08:04 2097501                    /lib/x86_64-linux-gnu/libpthread-2.21.so
7fe0294b7000-7fe0294b8000 r--p 00018000 08:04 2097501                    /lib/x86_64-linux-gnu/libpthread-2.21.so
7fe0294b8000-7fe0294b9000 rw-p 00019000 08:04 2097501                    /lib/x86_64-linux-gnu/libpthread-2.21.so
7fe0294b9000-7fe0294bd000 rw-p 00000000 00:00 0 
7fe0294bd000-7fe0294c0000 r-xp 00000000 08:04 2097512                    /lib/x86_64-linux-gnu/libdl-2.21.so
7fe0294c0000-7fe0296bf000 ---p 00003000 08:04 2097512                    /lib/x86_64-linux-gnu/libdl-2.21.so
7fe0296bf000-7fe0296c0000 r--p 00002000 08:04 2097512                    /lib/x86_64-linux-gnu/libdl-2.21.so
7fe0296c0000-7fe0296c1000 rw-p 00003000 08:04 2097512                    /lib/x86_64-linux-gnu/libdl-2.21.so
7fe0296c1000-7fe029881000 r-xp 00000000 08:04 2097516                    /lib/x86_64-linux-gnu/libc-2.21.so
7fe029881000-7fe029a81000 ---p 001c0000 08:04 2097516                    /lib/x86_64-linux-gnu/libc-2.21.so
7fe029a81000-7fe029a85000 r--p 001c0000 08:04 2097516                    /lib/x86_64-linux-gnu/libc-2.21.so
7fe029a85000-7fe029a87000 rw-p 001c4000 08:04 2097516                    /lib/x86_64-linux-gnu/libc-2.21.so
7fe029a87000-7fe029a8b000 rw-p 00000000 00:00 0 
7fe029a8b000-7fe029a98000 r-xp 00000000 08:04 2371353                    /usr/lib/jvm/java-7-openjdk-amd64/jre/lib/amd64/jli/libjli.so
7fe029a98000-7fe029c97000 ---p 0000d000 08:04 2371353                    /usr/lib/jvm/java-7-openjdk-amd64/jre/lib/amd64/jli/libjli.so
7fe029c97000-7fe029c98000 r--p 0000c000 08:04 2371353                    /usr/lib/jvm/java-7-openjdk-amd64/jre/lib/amd64/jli/libjli.so
7fe029c98000-7fe029c99000 rw-p 0000d000 08:04 2371353                    /usr/lib/jvm/java-7-openjdk-amd64/jre/lib/amd64/jli/libjli.so
7fe029c99000-7fe029cbd000 r-xp 00000000 08:04 2097510                    /lib/x86_64-linux-gnu/ld-2.21.so
7fe029cbd000-7fe029cbe000 rw-p 00000000 00:00 0 
7fe029cbe000-7fe029cc2000 r--s 00085000 08:04 2370870                    /usr/lib/jvm/java-7-openjdk-amd64/jre/lib/ext/localedata.jar
7fe029cc2000-7fe029cc6000 r--s 00034000 08:04 2370872                    /usr/lib/jvm/java-7-openjdk-amd64/jre/lib/ext/sunjce_provider.jar
7fe029cc6000-7fe029cc8000 r--s 00007000 08:04 2897514                    /usr/share/java/java-atk-wrapper.jar
7fe029cc8000-7fe029cca000 r--s 00012000 08:04 2370869                    /usr/lib/jvm/java-7-openjdk-amd64/jre/lib/ext/zipfs.jar
7fe029cca000-7fe029cce000 r--s 0003c000 08:04 2370873                    /usr/lib/jvm/java-7-openjdk-amd64/jre/lib/ext/sunpkcs11.jar
7fe029cce000-7fe029cd1000 r--s 0000f000 08:04 2370871                    /usr/lib/jvm/java-7-openjdk-amd64/jre/lib/ext/icedtea-sound.jar
7fe029cd1000-7fe029ce0000 rw-p 00000000 00:00 0 
7fe029ce0000-7fe029d91000 rw-p 00000000 00:00 0 
7fe029d91000-7fe029d94000 ---p 00000000 00:00 0 
7fe029d94000-7fe029e97000 rw-p 00000000 00:00 0                          [stack:7610]
7fe029e97000-7fe029e98000 r--s 00002000 08:04 2370874                    /usr/lib/jvm/java-7-openjdk-amd64/jre/lib/ext/dnsns.jar
7fe029e98000-7fe029eb0000 rw-p 00000000 00:00 0 
7fe029eb0000-7fe029eb8000 rw-s 00000000 08:04 1059066                    /tmp/hsperfdata_root/7608
7fe029eb8000-7fe029eb9000 rw-p 00000000 00:00 0 
7fe029eb9000-7fe029eba000 ---p 00000000 00:00 0 
7fe029eba000-7fe029ebc000 rw-p 00000000 00:00 0 
7fe029ebc000-7fe029ebd000 r--p 00023000 08:04 2097510                    /lib/x86_64-linux-gnu/ld-2.21.so
7fe029ebd000-7fe029ebe000 rw-p 00024000 08:04 2097510                    /lib/x86_64-linux-gnu/ld-2.21.so
7fe029ebe000-7fe029ebf000 rw-p 00000000 00:00 0 
7fff3efc6000-7fff3efe8000 rw-p 00000000 00:00 0                          [stack]
7fff3effb000-7fff3effd000 r--p 00000000 00:00 0                          [vvar]
7fff3effd000-7fff3efff000 r-xp 00000000 00:00 0                          [vdso]
ffffffffff600000-ffffffffff601000 r-xp 00000000 00:00 0                  [vsyscall]

VM Arguments:
jvm_args: -Xmx1024M -Dfile.encoding=UTF-8 -Duser.country=IN -Duser.language=en -Duser.variant 
java_command: com.android.dx.command.Main --dex --num-threads=4 --output /home/jeffreymjosanne/Downloads/lokavidyaapp/app/build/intermediates/dex/debug /home/jeffreymjosanne/Downloads/lokavidyaapp/app/build/intermediates/classes/debug /home/jeffreymjosanne/Downloads/lokavidyaapp/app/build/intermediates/pre-dexed/debug/javax.inject-1-7e84a58f14b03e539c66973b1348dfcc92b37959.jar /home/jeffreymjosanne/Downloads/lokavidyaapp/app/build/intermediates/pre-dexed/debug/classes-57d5ee8a7f7a50a4f5715e30b07dff4f144bb436.jar /home/jeffreymjosanne/Downloads/lokavidyaapp/app/build/intermediates/pre-dexed/debug/support-annotations-23.0.0-3252b2b0c5bb376d7cc186956797abc7c85a86d5.jar /home/jeffreymjosanne/Downloads/lokavidyaapp/app/build/intermediates/pre-dexed/debug/classes-5c1c2838255914c9f3e7bb7c6f89fa59d23e0d5c.jar /home/jeffreymjosanne/Downloads/lokavidyaapp/app/build/intermediates/pre-dexed/debug/javawriter-2.5.0-8862592399a83b417501035dd39c95723a64f2f1.jar /home/jeffreymjosanne/Downloads/lokavidyaapp/app/build/intermediates/pre-dexed/debug/classes-d9245fa093134e561bc2be6177767eb8ce5d142a.jar /home/jeffreymjosanne/Downloads/lokavidyaapp/app/build/intermediates/pre-dexed/debug/classes-c492d14f9f332b3af4698acf6944582707b38fe7.jar /home/jeffreymjosanne/Downloads/lokavidyaapp/app/build/intermediates/pre-dexed/debug/classes-6539427e966345506888f107b338f928773f98ea.jar /home/jeffreymjosanne/Downloads/lokavidyaapp/app/build/intermediates/pre-dexed/debug/okhttp-urlconnection-2.2.0-bb2409a3370792e717348620ced25222ddb7bafb.jar /home/jeffreymjosanne/Downloads/lokavidyaapp/app/build/intermediates/pre-dexed/debug/hamcrest-core-1.1-afb7a5be6081f2cd72f30a53a1172753444fd7d6.jar /home/jeffreymjosanne/Downloads/lokavidyaapp/app/build/intermediates/pre-dexed/debug/butterknife-5.1.2-aa15513cdc53aeefc8b64718e89bbc39947aab09.jar /home/jeffreymjosanne/Downloads/lokavidyaapp/app/build/intermediates/pre-dexed/debug/classes-0fe6031b447fda963a36460b9d0171b7a3662c3a.jar /home/jeffreymjosanne/Downloads/l
Launcher Type: SUN_STANDARD

Environment Variables:
PATH=/usr/local/sbin:/usr/local/bin:/usr/sbin:/usr/bin:/sbin:/bin
USERNAME=root
LD_LIBRARY_PATH=android-studio/bin:
SHELL=/bin/bash
DISPLAY=:0

Signal Handlers:
SIGSEGV: [libjvm.so+0x995450], sa_mask[0]=0x7ffbfeff, sa_flags=0x10000004
SIGBUS: [libjvm.so+0x995450], sa_mask[0]=0x7ffbfeff, sa_flags=0x10000004
SIGFPE: [libjvm.so+0x7fc6a0], sa_mask[0]=0x7ffbfeff, sa_flags=0x10000004
SIGPIPE: [libjvm.so+0x7fc6a0], sa_mask[0]=0x7ffbfeff, sa_flags=0x10000004
SIGXFSZ: [libjvm.so+0x7fc6a0], sa_mask[0]=0x7ffbfeff, sa_flags=0x10000004
SIGILL: [libjvm.so+0x7fc6a0], sa_mask[0]=0x7ffbfeff, sa_flags=0x10000004
SIGUSR1: SIG_DFL, sa_mask[0]=0x00000000, sa_flags=0x00000000
SIGUSR2: [libjvm.so+0x7fc520], sa_mask[0]=0x00000004, sa_flags=0x10000004
SIGHUP: [libjvm.so+0x7fc6b0], sa_mask[0]=0x7ffbfeff, sa_flags=0x10000004
SIGINT: [libjvm.so+0x7fc6b0], sa_mask[0]=0x7ffbfeff, sa_flags=0x10000004
SIGTERM: [libjvm.so+0x7fc6b0], sa_mask[0]=0x7ffbfeff, sa_flags=0x10000004
SIGQUIT: [libjvm.so+0x7fc6b0], sa_mask[0]=0x7ffbfeff, sa_flags=0x10000004
SIGTRAP: SIG_DFL, sa_mask[0]=0x00000000, sa_flags=0x00000000


---------------  S Y S T E M  ---------------

OS:Ubuntu 15.10 (wily)
uname:Linux 4.2.0-30-generic #36-Ubuntu SMP Fri Feb 26 00:58:07 UTC 2016 x86_64
libc:glibc 2.21 NPTL 2.21 
rlimit: STACK 8192k, CORE 0k, NPROC 31404, NOFILE 4096, AS infinity
load average:38.08 25.83 12.00

/proc/meminfo:
MemTotal:        8074240 kB
MemFree:           50084 kB
MemAvailable:      92276 kB
Buffers:             356 kB
Cached:           249900 kB
SwapCached:            0 kB
Active:          7574252 kB
Inactive:         200388 kB
Active(anon):    7554284 kB
Inactive(anon):   178824 kB
Active(file):      19968 kB
Inactive(file):    21564 kB
Unevictable:         184 kB
Mlocked:             184 kB
SwapTotal:             0 kB
SwapFree:              0 kB
Dirty:               140 kB
Writeback:             0 kB
AnonPages:       7524732 kB
Mapped:           127648 kB
Shmem:            208560 kB
Slab:              87972 kB
SReclaimable:      42960 kB
SUnreclaim:        45012 kB
KernelStack:       14128 kB
PageTables:        71548 kB
NFS_Unstable:          0 kB
Bounce:                0 kB
WritebackTmp:          0 kB
CommitLimit:     4037120 kB
Committed_AS:   13069548 kB
VmallocTotal:   34359738367 kB
VmallocUsed:      378116 kB
VmallocChunk:   34358947836 kB
HardwareCorrupted:     0 kB
AnonHugePages:   1730560 kB
CmaTotal:              0 kB
CmaFree:               0 kB
HugePages_Total:       0
HugePages_Free:        0
HugePages_Rsvd:        0
HugePages_Surp:        0
Hugepagesize:       2048 kB
DirectMap4k:      194040 kB
DirectMap2M:     8093696 kB
DirectMap1G:           0 kB


CPU:total 4 (2 cores per cpu, 2 threads per core) family 6 model 69 stepping 1, cmov, cx8, fxsr, mmx, sse, sse2, sse3, ssse3, sse4.1, sse4.2, popcnt, avx, avx2, aes, erms, ht, tsc, tscinvbit

/proc/cpuinfo:
processor	: 0
vendor_id	: GenuineIntel
cpu family	: 6
model		: 69
model name	: Intel(R) Core(TM) i3-4010U CPU @ 1.70GHz
stepping	: 1
microcode	: 0x17
cpu MHz		: 1011.898
cache size	: 3072 KB
physical id	: 0
siblings	: 4
core id		: 0
cpu cores	: 2
apicid		: 0
initial apicid	: 0
fpu		: yes
fpu_exception	: yes
cpuid level	: 13
wp		: yes
flags		: fpu vme de pse tsc msr pae mce cx8 apic sep mtrr pge mca cmov pat pse36 clflush dts acpi mmx fxsr sse sse2 ss ht tm pbe syscall nx pdpe1gb rdtscp lm constant_tsc arch_perfmon pebs bts rep_good nopl xtopology nonstop_tsc aperfmperf eagerfpu pni pclmulqdq dtes64 monitor ds_cpl vmx est tm2 ssse3 fma cx16 xtpr pdcm pcid sse4_1 sse4_2 x2apic movbe popcnt tsc_deadline_timer aes xsave avx f16c rdrand lahf_lm abm ida arat epb pln pts dtherm tpr_shadow vnmi flexpriority ept vpid fsgsbase tsc_adjust bmi1 avx2 smep bmi2 erms invpcid xsaveopt
bugs		:
bogomips	: 3391.95
clflush size	: 64
cache_alignment	: 64
address sizes	: 39 bits physical, 48 bits virtual
power management:

processor	: 1
vendor_id	: GenuineIntel
cpu family	: 6
model		: 69
model name	: Intel(R) Core(TM) i3-4010U CPU @ 1.70GHz
stepping	: 1
microcode	: 0x17
cpu MHz		: 1194.382
cache size	: 3072 KB
physical id	: 0
siblings	: 4
core id		: 0
cpu cores	: 2
apicid		: 1
initial apicid	: 1
fpu		: yes
fpu_exception	: yes
cpuid level	: 13
wp		: yes
flags		: fpu vme de pse tsc msr pae mce cx8 apic sep mtrr pge mca cmov pat pse36 clflush dts acpi mmx fxsr sse sse2 ss ht tm pbe syscall nx pdpe1gb rdtscp lm constant_tsc arch_perfmon pebs bts rep_good nopl xtopology nonstop_tsc aperfmperf eagerfpu pni pclmulqdq dtes64 monitor ds_cpl vmx est tm2 ssse3 fma cx16 xtpr pdcm pcid sse4_1 sse4_2 x2apic movbe popcnt tsc_deadline_timer aes xsave avx f16c rdrand lahf_lm abm ida arat epb pln pts dtherm tpr_shadow vnmi flexpriority ept vpid fsgsbase tsc_adjust bmi1 avx2 smep bmi2 erms invpcid xsaveopt
bugs		:
bogomips	: 3391.95
clflush size	: 64
cache_alignment	: 64
address sizes	: 39 bits physical, 48 bits virtual
power management:

processor	: 2
vendor_id	: GenuineIntel
cpu family	: 6
model		: 69
model name	: Intel(R) Core(TM) i3-4010U CPU @ 1.70GHz
stepping	: 1
microcode	: 0x17
cpu MHz		: 1198.367
cache size	: 3072 KB
physical id	: 0
siblings	: 4
core id		: 1
cpu cores	: 2
apicid		: 2
initial apicid	: 2
fpu		: yes
fpu_exception	: yes
cpuid level	: 13
wp		: yes
flags		: fpu vme de pse tsc msr pae mce cx8 apic sep mtrr pge mca cmov pat pse36 clflush dts acpi mmx fxsr sse sse2 ss ht tm pbe syscall nx pdpe1gb rdtscp lm constant_tsc arch_perfmon pebs bts rep_good nopl xtopology nonstop_tsc aperfmperf eagerfpu pni pclmulqdq dtes64 monitor ds_cpl vmx est tm2 ssse3 fma cx16 xtpr pdcm pcid sse4_1 sse4_2 x2apic movbe popcnt tsc_deadline_timer aes xsave avx f16c rdrand lahf_lm abm ida arat epb pln pts dtherm tpr_shadow vnmi flexpriority ept vpid fsgsbase tsc_adjust bmi1 avx2 smep bmi2 erms invpcid xsaveopt
bugs		:
bogomips	: 3391.95
clflush size	: 64
cache_alignment	: 64
address sizes	: 39 bits physical, 48 bits virtual
power management:

processor	: 3
vendor_id	: GenuineIntel
cpu family	: 6
model		: 69
model name	: Intel(R) Core(TM) i3-4010U CPU @ 1.70GHz
stepping	: 1
microcode	: 0x17
cpu MHz		: 1000.675
cache size	: 3072 KB
physical id	: 0
siblings	: 4
core id		: 1
cpu cores	: 2
apicid		: 3
initial apicid	: 3
fpu		: yes
fpu_exception	: yes
cpuid level	: 13
wp		: yes
flags		: fpu vme de pse tsc msr pae mce cx8 apic sep mtrr pge mca cmov pat pse36 clflush dts acpi mmx fxsr sse sse2 ss ht tm pbe syscall nx pdpe1gb rdtscp lm constant_tsc arch_perfmon pebs bts rep_good nopl xtopology nonstop_tsc aperfmperf eagerfpu pni pclmulqdq dtes64 monitor ds_cpl vmx est tm2 ssse3 fma cx16 xtpr pdcm pcid sse4_1 sse4_2 x2apic movbe popcnt tsc_deadline_timer aes xsave avx f16c rdrand lahf_lm abm ida arat epb pln pts dtherm tpr_shadow vnmi flexpriority ept vpid fsgsbase tsc_adjust bmi1 avx2 smep bmi2 erms invpcid xsaveopt
bugs		:
bogomips	: 3391.95
clflush size	: 64
cache_alignment	: 64
address sizes	: 39 bits physical, 48 bits virtual
power management:



Memory: 4k page, physical 8074240k(50208k free), swap 0k(0k free)

vm_info: OpenJDK 64-Bit Server VM (24.95-b01) for linux-amd64 JRE (1.7.0_95-b00), built on Jan 21 2016 03:36:38 by "buildd" with gcc 5.2.1 20151010

time: Mon Mar 14 20:29:45 2016
elapsed time: 245 seconds

