#
# There is insufficient memory for the Java Runtime Environment to continue.
# Native memory allocation (malloc) failed to allocate 42991616 bytes for committing reserved memory.
# Possible reasons:
#   The system is out of physical RAM or swap space
#   In 32 bit mode, the process size limit was hit
# Possible solutions:
#   Reduce memory load on the system
#   Increase physical memory or swap space
#   Check if swap backing store is full
#   Use 64 bit Java on a 64 bit OS
#   Decrease Java heap size (-Xmx/-Xms)
#   Decrease number of Java threads
#   Decrease Java thread stack sizes (-Xss)
#   Set larger code cache with -XX:ReservedCodeCacheSize=
# This output file may be truncated or incomplete.
#
#  Out of Memory Error (os_linux.cpp:2827), pid=8384, tid=140399503791872
#
# JRE version: OpenJDK Runtime Environment (7.0_91-b02) (build 1.7.0_91-b02)
# Java VM: OpenJDK 64-Bit Server VM (24.91-b01 mixed mode linux-amd64 compressed oops)
# Derivative: IcedTea 2.6.3
# Distribution: Ubuntu 14.04 LTS, package 7u91-2.6.3-0ubuntu0.14.04.1
# Failed to write core dump. Core dumps have been disabled. To enable core dumping, try "ulimit -c unlimited" before starting Java again
#

---------------  T H R E A D  ---------------

Current thread (0x00007fb154075800):  VMThread [stack: 0x00007fb14e7cd000,0x00007fb14e8ce000] [id=8395]

Stack: [0x00007fb14e7cd000,0x00007fb14e8ce000],  sp=0x00007fb14e8cc490,  free space=1021k
Native frames: (J=compiled Java code, j=interpreted, Vv=VM code, C=native code)
V  [libjvm.so+0x953e15]  VMError::report_and_die()+0x175
V  [libjvm.so+0x48fd94]  report_vm_out_of_memory(char const*, int, unsigned long, char const*)+0x74
V  [libjvm.so+0x7cf87b]  os::pd_commit_memory(char*, unsigned long, unsigned long, bool)+0xeb
V  [libjvm.so+0x7ca33f]  os::commit_memory(char*, unsigned long, unsigned long, bool)+0x1f
V  [libjvm.so+0x83dacb]  PSVirtualSpace::expand_by(unsigned long)+0x5b
V  [libjvm.so+0x83e930]  PSYoungGen::resize_generation(unsigned long, unsigned long)+0xb0
V  [libjvm.so+0x83f01b]  PSYoungGen::resize(unsigned long, unsigned long)+0x1b
V  [libjvm.so+0x83b258]  PSScavenge::invoke_no_policy()+0xd68
V  [libjvm.so+0x83bac8]  PSScavenge::invoke()+0x38
V  [libjvm.so+0x7f2083]  ParallelScavengeHeap::failed_mem_allocate(unsigned long)+0x63
V  [libjvm.so+0x955814]  VM_ParallelGCFailedAllocation::doit()+0x84
V  [libjvm.so+0x959917]  VM_Operation::evaluate()+0x47
V  [libjvm.so+0x9583d8]  VMThread::evaluate_operation(VM_Operation*)+0x318
V  [libjvm.so+0x958839]  VMThread::loop()+0x219
V  [libjvm.so+0x958c82]  VMThread::run()+0x72
V  [libjvm.so+0x7cc742]  java_start(Thread*)+0xf2

VM_Operation (0x00007fb14c264020): ParallelGCFailedAllocation, mode: safepoint, requested by thread 0x00007fb154190000


---------------  P R O C E S S  ---------------

Java Threads: ( => current thread )
  0x00007fb154199000 JavaThread "pool-1-thread-4" [_thread_blocked, id=8411, stack(0x00007fb147cfd000,0x00007fb147dfe000)]
  0x00007fb154197800 JavaThread "pool-1-thread-3" [_thread_blocked, id=8410, stack(0x00007fb147dfe000,0x00007fb147eff000)]
  0x00007fb154196000 JavaThread "pool-1-thread-2" [_thread_blocked, id=8409, stack(0x00007fb147eff000,0x00007fb148000000)]
  0x00007fb154192000 JavaThread "pool-2-thread-1" [_thread_blocked, id=8408, stack(0x00007fb14c064000,0x00007fb14c165000)]
  0x00007fb154190000 JavaThread "pool-1-thread-1" [_thread_blocked, id=8407, stack(0x00007fb14c165000,0x00007fb14c266000)]
  0x00007fb1540af000 JavaThread "Service Thread" daemon [_thread_blocked, id=8404, stack(0x00007fb14dae5000,0x00007fb14dbe6000)]
  0x00007fb1540ad000 JavaThread "C2 CompilerThread1" daemon [_thread_blocked, id=8403, stack(0x00007fb14dbe6000,0x00007fb14dce7000)]
  0x00007fb1540aa000 JavaThread "C2 CompilerThread0" daemon [_thread_blocked, id=8402, stack(0x00007fb14dce7000,0x00007fb14dde8000)]
  0x00007fb1540a8000 JavaThread "Signal Dispatcher" daemon [_thread_blocked, id=8401, stack(0x00007fb14dde8000,0x00007fb14dee9000)]
  0x00007fb15407c000 JavaThread "Finalizer" daemon [_thread_blocked, id=8397, stack(0x00007fb14e5cb000,0x00007fb14e6cc000)]
  0x00007fb15407a000 JavaThread "Reference Handler" daemon [_thread_blocked, id=8396, stack(0x00007fb14e6cc000,0x00007fb14e7cd000)]
  0x00007fb15400a000 JavaThread "main" [_thread_blocked, id=8386, stack(0x00007fb15cf9b000,0x00007fb15d09c000)]

Other Threads:
=>0x00007fb154075800 VMThread [stack: 0x00007fb14e7cd000,0x00007fb14e8ce000] [id=8395]
  0x00007fb1540ba000 WatcherThread [stack: 0x00007fb14d9e4000,0x00007fb14dae5000] [id=8405]

VM state:at safepoint (normal execution)

VM Mutex/Monitor currently owned by a thread:  ([mutex/lock_event])
[0x00007fb154006840] Threads_lock - owner thread: 0x00007fb154075800
[0x00007fb154006d40] Heap_lock - owner thread: 0x00007fb154190000

Heap
 PSYoungGen      total 34304K, used 2544K [0x00000000eaa80000, 0x00000000ece80000, 0x0000000100000000)
  eden space 31744K, 0% used [0x00000000eaa80000,0x00000000eaa80000,0x00000000ec980000)
  from space 2560K, 99% used [0x00000000ec980000,0x00000000ecbfc020,0x00000000ecc00000)
  to   space 2560K, 0% used [0x00000000ecc00000,0x00000000ecc00000,0x00000000ece80000)
 ParOldGen       total 40960K, used 14050K [0x00000000c0000000, 0x00000000c2800000, 0x00000000eaa80000)
  object space 40960K, 34% used [0x00000000c0000000,0x00000000c0db8b48,0x00000000c2800000)
 PSPermGen       total 21504K, used 6042K [0x00000000b5a00000, 0x00000000b6f00000, 0x00000000c0000000)
  object space 21504K, 28% used [0x00000000b5a00000,0x00000000b5fe6898,0x00000000b6f00000)

Card table byte_map: [0x00007fb159981000,0x00007fb159bd5000] byte_map_base: 0x00007fb1593d4000

Polling page: 0x00007fb15d0be000

Code Cache  [0x00007fb151000000, 0x00007fb151270000, 0x00007fb154000000)
 total_blobs=439 nmethods=208 adapters=184 free_code_cache=48245Kb largest_free_block=49367872

Compilation events (10 events):
Event: 7.323 Thread 0x00007fb1540ad000 nmethod 204 0x00007fb1510bb4d0 code [0x00007fb1510bb620, 0x00007fb1510bb698]
Event: 7.323 Thread 0x00007fb1540ad000  205             com.android.dx.rop.code.PlainInsn::accept (8 bytes)
Event: 7.323 Thread 0x00007fb1540ad000 nmethod 205 0x00007fb1510cb490 code [0x00007fb1510cb5e0, 0x00007fb1510cb658]
Event: 7.323 Thread 0x00007fb1540ad000  206             com.android.dx.rop.code.RegisterSpec::getNextReg (10 bytes)
Event: 7.324 Thread 0x00007fb1540ad000 nmethod 206 0x00007fb1510cb190 code [0x00007fb1510cb2e0, 0x00007fb1510cb398]
Event: 7.324 Thread 0x00007fb1540ad000  207             com.android.dx.ssa.SCCP::run (298 bytes)
Event: 7.707 Thread 0x00007fb1540aa000 nmethod 184 0x00007fb1510e09d0 code [0x00007fb1510e1000, 0x00007fb1510e41c0]
Event: 7.707 Thread 0x00007fb1540aa000  208             com.android.dx.rop.code.BasicBlockList$RegCountVisitor::processReg (19 bytes)
Event: 7.708 Thread 0x00007fb1540aa000 nmethod 208 0x00007fb1510cae10 code [0x00007fb1510caf60, 0x00007fb1510cb038]
Event: 7.708 Thread 0x00007fb1540aa000  209             com.android.dx.ssa.DeadCodeRemover::pruneDeadInstructions (246 bytes)

GC Heap History (9 events):
Event: 2.455 GC heap before
{Heap before GC invocations=1 (full 0):
 PSYoungGen      total 18432K, used 15872K [0x00000000eaa80000, 0x00000000ebf00000, 0x0000000100000000)
  eden space 15872K, 100% used [0x00000000eaa80000,0x00000000eba00000,0x00000000eba00000)
  from space 2560K, 0% used [0x00000000ebc80000,0x00000000ebc80000,0x00000000ebf00000)
  to   space 2560K, 0% used [0x00000000eba00000,0x00000000eba00000,0x00000000ebc80000)
 ParOldGen       total 40960K, used 0K [0x00000000c0000000, 0x00000000c2800000, 0x00000000eaa80000)
  object space 40960K, 0% used [0x00000000c0000000,0x00000000c0000000,0x00000000c2800000)
 PSPermGen       total 21504K, used 5798K [0x00000000b5a00000, 0x00000000b6f00000, 0x00000000c0000000)
  object space 21504K, 26% used [0x00000000b5a00000,0x00000000b5fa98b0,0x00000000b6f00000)
Event: 2.466 GC heap after
Heap after GC invocations=1 (full 0):
 PSYoungGen      total 18432K, used 2535K [0x00000000eaa80000, 0x00000000ebf00000, 0x0000000100000000)
  eden space 15872K, 0% used [0x00000000eaa80000,0x00000000eaa80000,0x00000000eba00000)
  from space 2560K, 99% used [0x00000000eba00000,0x00000000ebc79c88,0x00000000ebc80000)
  to   space 2560K, 0% used [0x00000000ebc80000,0x00000000ebc80000,0x00000000ebf00000)
 ParOldGen       total 40960K, used 1572K [0x00000000c0000000, 0x00000000c2800000, 0x00000000eaa80000)
  object space 40960K, 3% used [0x00000000c0000000,0x00000000c01893e8,0x00000000c2800000)
 PSPermGen       total 21504K, used 5798K [0x00000000b5a00000, 0x00000000b6f00000, 0x00000000c0000000)
  object space 21504K, 26% used [0x00000000b5a00000,0x00000000b5fa98b0,0x00000000b6f00000)
}
Event: 3.662 GC heap before
{Heap before GC invocations=2 (full 0):
 PSYoungGen      total 18432K, used 18407K [0x00000000eaa80000, 0x00000000ebf00000, 0x0000000100000000)
  eden space 15872K, 100% used [0x00000000eaa80000,0x00000000eba00000,0x00000000eba00000)
  from space 2560K, 99% used [0x00000000eba00000,0x00000000ebc79c88,0x00000000ebc80000)
  to   space 2560K, 0% used [0x00000000ebc80000,0x00000000ebc80000,0x00000000ebf00000)
 ParOldGen       total 40960K, used 1572K [0x00000000c0000000, 0x00000000c2800000, 0x00000000eaa80000)
  object space 40960K, 3% used [0x00000000c0000000,0x00000000c01893e8,0x00000000c2800000)
 PSPermGen       total 21504K, used 5961K [0x00000000b5a00000, 0x00000000b6f00000, 0x00000000c0000000)
  object space 21504K, 27% used [0x00000000b5a00000,0x00000000b5fd27a0,0x00000000b6f00000)
Event: 3.694 GC heap after
Heap after GC invocations=2 (full 0):
 PSYoungGen      total 18432K, used 2538K [0x00000000eaa80000, 0x00000000ece80000, 0x0000000100000000)
  eden space 15872K, 0% used [0x00000000eaa80000,0x00000000eaa80000,0x00000000eba00000)
  from space 2560K, 99% used [0x00000000ebc80000,0x00000000ebefaaa0,0x00000000ebf00000)
  to   space 2560K, 0% used [0x00000000eba00000,0x00000000eba00000,0x00000000ebc80000)
 ParOldGen       total 40960K, used 3763K [0x00000000c0000000, 0x00000000c2800000, 0x00000000eaa80000)
  object space 40960K, 9% used [0x00000000c0000000,0x00000000c03accd0,0x00000000c2800000)
 PSPermGen       total 21504K, used 5961K [0x00000000b5a00000, 0x00000000b6f00000, 0x00000000c0000000)
  object space 21504K, 27% used [0x00000000b5a00000,0x00000000b5fd27a0,0x00000000b6f00000)
}
Event: 4.760 GC heap before
{Heap before GC invocations=3 (full 0):
 PSYoungGen      total 18432K, used 18410K [0x00000000eaa80000, 0x00000000ece80000, 0x0000000100000000)
  eden space 15872K, 100% used [0x00000000eaa80000,0x00000000eba00000,0x00000000eba00000)
  from space 2560K, 99% used [0x00000000ebc80000,0x00000000ebefaaa0,0x00000000ebf00000)
  to   space 2560K, 0% used [0x00000000eba00000,0x00000000eba00000,0x00000000ebc80000)
 ParOldGen       total 40960K, used 3763K [0x00000000c0000000, 0x00000000c2800000, 0x00000000eaa80000)
  object space 40960K, 9% used [0x00000000c0000000,0x00000000c03accd0,0x00000000c2800000)
 PSPermGen       total 21504K, used 5998K [0x00000000b5a00000, 0x00000000b6f00000, 0x00000000c0000000)
  object space 21504K, 27% used [0x00000000b5a00000,0x00000000b5fdbbd8,0x00000000b6f00000)
Event: 4.781 GC heap after
Heap after GC invocations=3 (full 0):
 PSYoungGen      total 18432K, used 2544K [0x00000000eaa80000, 0x00000000ece80000, 0x0000000100000000)
  eden space 15872K, 0% used [0x00000000eaa80000,0x00000000eaa80000,0x00000000eba00000)
  from space 2560K, 99% used [0x00000000eba00000,0x00000000ebc7c020,0x00000000ebc80000)
  to   space 2560K, 0% used [0x00000000ecc00000,0x00000000ecc00000,0x00000000ece80000)
 ParOldGen       total 40960K, used 6263K [0x00000000c0000000, 0x00000000c2800000, 0x00000000eaa80000)
  object space 40960K, 15% used [0x00000000c0000000,0x00000000c061dcf0,0x00000000c2800000)
 PSPermGen       total 21504K, used 5998K [0x00000000b5a00000, 0x00000000b6f00000, 0x00000000c0000000)
  object space 21504K, 27% used [0x00000000b5a00000,0x00000000b5fdbbd8,0x00000000b6f00000)
}
Event: 6.060 GC heap before
{Heap before GC invocations=4 (full 0):
 PSYoungGen      total 18432K, used 18416K [0x00000000eaa80000, 0x00000000ece80000, 0x0000000100000000)
  eden space 15872K, 100% used [0x00000000eaa80000,0x00000000eba00000,0x00000000eba00000)
  from space 2560K, 99% used [0x00000000eba00000,0x00000000ebc7c020,0x00000000ebc80000)
  to   space 2560K, 0% used [0x00000000ecc00000,0x00000000ecc00000,0x00000000ece80000)
 ParOldGen       total 40960K, used 6263K [0x00000000c0000000, 0x00000000c2800000, 0x00000000eaa80000)
  object space 40960K, 15% used [0x00000000c0000000,0x00000000c061dcf0,0x00000000c2800000)
 PSPermGen       total 21504K, used 6019K [0x00000000b5a00000, 0x00000000b6f00000, 0x00000000c0000000)
  object space 21504K, 27% used [0x00000000b5a00000,0x00000000b5fe0ee8,0x00000000b6f00000)
Event: 6.102 GC heap after
Heap after GC invocations=4 (full 0):
 PSYoungGen      total 34304K, used 2551K [0x00000000eaa80000, 0x00000000ece80000, 0x0000000100000000)
  eden space 31744K, 0% used [0x00000000eaa80000,0x00000000eaa80000,0x00000000ec980000)
  from space 2560K, 99% used [0x00000000ecc00000,0x00000000ece7df28,0x00000000ece80000)
  to   space 2560K, 0% used [0x00000000ec980000,0x00000000ec980000,0x00000000ecc00000)
 ParOldGen       total 40960K, used 8786K [0x00000000c0000000, 0x00000000c2800000, 0x00000000eaa80000)
  object space 40960K, 21% used [0x00000000c0000000,0x00000000c0894998,0x00000000c2800000)
 PSPermGen       total 21504K, used 6019K [0x00000000b5a00000, 0x00000000b6f00000, 0x00000000c0000000)
  object space 21504K, 27% used [0x00000000b5a00000,0x00000000b5fe0ee8,0x00000000b6f00000)
}
Event: 8.116 GC heap before
{Heap before GC invocations=5 (full 0):
 PSYoungGen      total 34304K, used 34295K [0x00000000eaa80000, 0x00000000ece80000, 0x0000000100000000)
  eden space 31744K, 100% used [0x00000000eaa80000,0x00000000ec980000,0x00000000ec980000)
  from space 2560K, 99% used [0x00000000ecc00000,0x00000000ece7df28,0x00000000ece80000)
  to   space 2560K, 0% used [0x00000000ec980000,0x00000000ec980000,0x00000000ecc00000)
 ParOldGen       total 40960K, used 8786K [0x00000000c0000000, 0x00000000c2800000, 0x00000000eaa80000)
  object space 40960K, 21% used [0x00000000c0000000,0x00000000c0894998,0x00000000c2800000)
 PSPermGen       total 21504K, used 6042K [0x00000000b5a00000, 0x00000000b6f00000, 0x00000000c0000000)
  object space 21504K, 28% used [0x00000000b5a00000,0x00000000b5fe6898,0x00000000b6f00000)

Deoptimization events (8 events):
Event: 0.872 Thread 0x00007fb15400a000 Uncommon trap: reason=unstable_if action=reinterpret pc=0x00007fb151060c34 method=java.lang.String.indexOf(II)I @ 49
Event: 2.298 Thread 0x00007fb154197800 Uncommon trap: reason=null_check action=make_not_entrant pc=0x00007fb15107c1b4 method=com.android.dx.rop.code.LocalItem.equals(Ljava/lang/Object;)Z @ 1
Event: 2.487 Thread 0x00007fb154197800 Uncommon trap: reason=class_check action=maybe_recompile pc=0x00007fb1510794bc method=com.android.dx.ssa.NormalSsaInsn.accept(Lcom/android/dx/ssa/SsaInsn$Visitor;)V @ 9
Event: 2.556 Thread 0x00007fb154196000 Uncommon trap: reason=class_check action=maybe_recompile pc=0x00007fb1510794bc method=com.android.dx.ssa.NormalSsaInsn.accept(Lcom/android/dx/ssa/SsaInsn$Visitor;)V @ 9
Event: 2.586 Thread 0x00007fb154196000 Uncommon trap: reason=class_check action=maybe_recompile pc=0x00007fb1510794bc method=com.android.dx.ssa.NormalSsaInsn.accept(Lcom/android/dx/ssa/SsaInsn$Visitor;)V @ 9
Event: 2.586 Thread 0x00007fb154196000 Uncommon trap: reason=class_check action=maybe_recompile pc=0x00007fb1510794bc method=com.android.dx.ssa.NormalSsaInsn.accept(Lcom/android/dx/ssa/SsaInsn$Visitor;)V @ 9
Event: 3.180 Thread 0x00007fb154196000 Uncommon trap: reason=null_check action=make_not_entrant pc=0x00007fb15108d998 method=com.android.dx.rop.type.Type.equals(Ljava/lang/Object;)Z @ 8
Event: 4.608 Thread 0x00007fb154190000 Uncommon trap: reason=unstable_if action=reinterpret pc=0x00007fb1510976b4 method=com.android.dx.util.IntList.binarysearch(I)I @ 105

Internal exceptions (10 events):
Event: 1.722 Thread 0x00007fb154197800 Threw 0x00000000eb15f530 at /build/openjdk-7-zaTxYK/openjdk-7-7u91-2.6.3/build/openjdk/hotspot/src/share/vm/prims/jvm.cpp:1322
Event: 1.745 Thread 0x00007fb154196000 Threw 0x00000000eb2efcd0 at /build/openjdk-7-zaTxYK/openjdk-7-7u91-2.6.3/build/openjdk/hotspot/src/share/vm/prims/jvm.cpp:1322
Event: 1.807 Thread 0x00007fb154196000 Threw 0x00000000eb438e08 at /build/openjdk-7-zaTxYK/openjdk-7-7u91-2.6.3/build/openjdk/hotspot/src/share/vm/prims/jvm.cpp:1322
Event: 1.809 Thread 0x00007fb154190000 Threw 0x00000000eb287508 at /build/openjdk-7-zaTxYK/openjdk-7-7u91-2.6.3/build/openjdk/hotspot/src/share/vm/prims/jvm.cpp:1322
Event: 1.847 Thread 0x00007fb154196000 Threw 0x00000000eb44e078 at /build/openjdk-7-zaTxYK/openjdk-7-7u91-2.6.3/build/openjdk/hotspot/src/share/vm/prims/jvm.cpp:1322
Event: 2.298 Thread 0x00007fb154197800 Implicit null exception at 0x00007fb15107bf73 to 0x00007fb15107c19d
Event: 2.321 Thread 0x00007fb154197800 Threw 0x00000000eb81d348 at /build/openjdk-7-zaTxYK/openjdk-7-7u91-2.6.3/build/openjdk/hotspot/src/share/vm/prims/jvm.cpp:1322
Event: 2.793 Thread 0x00007fb154196000 Threw 0x00000000eae97b80 at /build/openjdk-7-zaTxYK/openjdk-7-7u91-2.6.3/build/openjdk/hotspot/src/share/vm/prims/jvm.cpp:1322
Event: 3.058 Thread 0x00007fb15400a000 Threw 0x00000000eb0bbb88 at /build/openjdk-7-zaTxYK/openjdk-7-7u91-2.6.3/build/openjdk/hotspot/src/share/vm/prims/jvm.cpp:1322
Event: 3.180 Thread 0x00007fb154196000 Implicit null exception at 0x00007fb15108d892 to 0x00007fb15108d98b

Events (10 events):
Event: 6.108 Executing VM operation: RevokeBias
Event: 6.108 Executing VM operation: RevokeBias done
Event: 6.108 Executing VM operation: RevokeBias
Event: 6.108 Executing VM operation: RevokeBias done
Event: 6.108 Executing VM operation: RevokeBias
Event: 6.108 Executing VM operation: RevokeBias done
Event: 6.108 Executing VM operation: BulkRevokeBias
Event: 6.108 Executing VM operation: BulkRevokeBias done
Event: 7.031 Thread 0x00007fb1540ad000 flushing nmethod 0x00007fb1510609d0
Event: 8.109 Executing VM operation: ParallelGCFailedAllocation


Dynamic libraries:
00400000-00401000 r-xp 00000000 08:07 3148986                            /usr/lib/jvm/java-7-openjdk-amd64/jre/bin/java
00600000-00601000 r--p 00000000 08:07 3148986                            /usr/lib/jvm/java-7-openjdk-amd64/jre/bin/java
00601000-00602000 rw-p 00001000 08:07 3148986                            /usr/lib/jvm/java-7-openjdk-amd64/jre/bin/java
012ce000-012ef000 rw-p 00000000 00:00 0                                  [heap]
b5a00000-b6f00000 rw-p 00000000 00:00 0 
b6f00000-c0000000 rw-p 00000000 00:00 0 
c0000000-c2800000 rw-p 00000000 00:00 0 
c2800000-eaa80000 rw-p 00000000 00:00 0 
eaa80000-ece80000 rw-p 00000000 00:00 0 
ef780000-100000000 rw-p 00000000 00:00 0 
7fb100000000-7fb100024000 rw-p 00000000 00:00 0 
7fb100024000-7fb104000000 ---p 00000000 00:00 0 
7fb108000000-7fb108035000 rw-p 00000000 00:00 0 
7fb108035000-7fb10c000000 ---p 00000000 00:00 0 
7fb10c000000-7fb10c021000 rw-p 00000000 00:00 0 
7fb10c021000-7fb110000000 ---p 00000000 00:00 0 
7fb110000000-7fb110022000 rw-p 00000000 00:00 0 
7fb110022000-7fb114000000 ---p 00000000 00:00 0 
7fb114000000-7fb114021000 rw-p 00000000 00:00 0 
7fb114021000-7fb118000000 ---p 00000000 00:00 0 
7fb118000000-7fb118021000 rw-p 00000000 00:00 0 
7fb118021000-7fb11c000000 ---p 00000000 00:00 0 
7fb11c000000-7fb11c021000 rw-p 00000000 00:00 0 
7fb11c021000-7fb120000000 ---p 00000000 00:00 0 
7fb120000000-7fb1208ef000 rw-p 00000000 00:00 0 
7fb1208ef000-7fb124000000 ---p 00000000 00:00 0 
7fb124000000-7fb124d52000 rw-p 00000000 00:00 0 
7fb124d52000-7fb128000000 ---p 00000000 00:00 0 
7fb128000000-7fb128021000 rw-p 00000000 00:00 0 
7fb128021000-7fb12c000000 ---p 00000000 00:00 0 
7fb12c000000-7fb12c021000 rw-p 00000000 00:00 0 
7fb12c021000-7fb130000000 ---p 00000000 00:00 0 
7fb130000000-7fb130242000 rw-p 00000000 00:00 0 
7fb130242000-7fb134000000 ---p 00000000 00:00 0 
7fb134000000-7fb134021000 rw-p 00000000 00:00 0 
7fb134021000-7fb138000000 ---p 00000000 00:00 0 
7fb138000000-7fb138021000 rw-p 00000000 00:00 0 
7fb138021000-7fb13c000000 ---p 00000000 00:00 0 
7fb13c000000-7fb13c021000 rw-p 00000000 00:00 0 
7fb13c021000-7fb140000000 ---p 00000000 00:00 0 
7fb140000000-7fb140021000 rw-p 00000000 00:00 0 
7fb140021000-7fb144000000 ---p 00000000 00:00 0 
7fb147cfd000-7fb147d00000 ---p 00000000 00:00 0 
7fb147d00000-7fb147dfe000 rw-p 00000000 00:00 0                          [stack:8411]
7fb147dfe000-7fb147e01000 ---p 00000000 00:00 0 
7fb147e01000-7fb147eff000 rw-p 00000000 00:00 0                          [stack:8410]
7fb147eff000-7fb147f02000 ---p 00000000 00:00 0 
7fb147f02000-7fb148000000 rw-p 00000000 00:00 0                          [stack:8409]
7fb148000000-7fb148021000 rw-p 00000000 00:00 0 
7fb148021000-7fb14c000000 ---p 00000000 00:00 0 
7fb14c064000-7fb14c067000 ---p 00000000 00:00 0 
7fb14c067000-7fb14c165000 rw-p 00000000 00:00 0                          [stack:8408]
7fb14c165000-7fb14c168000 ---p 00000000 00:00 0 
7fb14c168000-7fb14c266000 rw-p 00000000 00:00 0                          [stack:8407]
7fb14c266000-7fb14c2a3000 r-xp 00000000 08:07 4198346                    /lib/x86_64-linux-gnu/libpcre.so.3.13.1
7fb14c2a3000-7fb14c4a2000 ---p 0003d000 08:07 4198346                    /lib/x86_64-linux-gnu/libpcre.so.3.13.1
7fb14c4a2000-7fb14c4a3000 r--p 0003c000 08:07 4198346                    /lib/x86_64-linux-gnu/libpcre.so.3.13.1
7fb14c4a3000-7fb14c4a4000 rw-p 0003d000 08:07 4198346                    /lib/x86_64-linux-gnu/libpcre.so.3.13.1
7fb14c4a4000-7fb14c4ab000 r-xp 00000000 08:07 1071226                    /usr/lib/x86_64-linux-gnu/libffi.so.6.0.1
7fb14c4ab000-7fb14c6aa000 ---p 00007000 08:07 1071226                    /usr/lib/x86_64-linux-gnu/libffi.so.6.0.1
7fb14c6aa000-7fb14c6ab000 r--p 00006000 08:07 1071226                    /usr/lib/x86_64-linux-gnu/libffi.so.6.0.1
7fb14c6ab000-7fb14c6ac000 rw-p 00007000 08:07 1071226                    /usr/lib/x86_64-linux-gnu/libffi.so.6.0.1
7fb14c6ac000-7fb14c6c3000 r-xp 00000000 08:07 4198341                    /lib/x86_64-linux-gnu/libresolv-2.19.so
7fb14c6c3000-7fb14c8c3000 ---p 00017000 08:07 4198341                    /lib/x86_64-linux-gnu/libresolv-2.19.so
7fb14c8c3000-7fb14c8c4000 r--p 00017000 08:07 4198341                    /lib/x86_64-linux-gnu/libresolv-2.19.so
7fb14c8c4000-7fb14c8c5000 rw-p 00018000 08:07 4198341                    /lib/x86_64-linux-gnu/libresolv-2.19.so
7fb14c8c5000-7fb14c8c7000 rw-p 00000000 00:00 0 
7fb14c8c7000-7fb14c8e7000 r-xp 00000000 08:07 4198493                    /lib/x86_64-linux-gnu/libselinux.so.1
7fb14c8e7000-7fb14cae6000 ---p 00020000 08:07 4198493                    /lib/x86_64-linux-gnu/libselinux.so.1
7fb14cae6000-7fb14cae7000 r--p 0001f000 08:07 4198493                    /lib/x86_64-linux-gnu/libselinux.so.1
7fb14cae7000-7fb14cae8000 rw-p 00020000 08:07 4198493                    /lib/x86_64-linux-gnu/libselinux.so.1
7fb14cae8000-7fb14caea000 rw-p 00000000 00:00 0 
7fb14caea000-7fb14caed000 r-xp 00000000 08:07 1048940                    /usr/lib/x86_64-linux-gnu/libgmodule-2.0.so.0.4002.0
7fb14caed000-7fb14ccec000 ---p 00003000 08:07 1048940                    /usr/lib/x86_64-linux-gnu/libgmodule-2.0.so.0.4002.0
7fb14ccec000-7fb14cced000 r--p 00002000 08:07 1048940                    /usr/lib/x86_64-linux-gnu/libgmodule-2.0.so.0.4002.0
7fb14cced000-7fb14ccee000 rw-p 00003000 08:07 1048940                    /usr/lib/x86_64-linux-gnu/libgmodule-2.0.so.0.4002.0
7fb14ccee000-7fb14cdf4000 r-xp 00000000 08:07 4198308                    /lib/x86_64-linux-gnu/libglib-2.0.so.0.4002.0
7fb14cdf4000-7fb14cff3000 ---p 00106000 08:07 4198308                    /lib/x86_64-linux-gnu/libglib-2.0.so.0.4002.0
7fb14cff3000-7fb14cff4000 r--p 00105000 08:07 4198308                    /lib/x86_64-linux-gnu/libglib-2.0.so.0.4002.0
7fb14cff4000-7fb14cff5000 rw-p 00106000 08:07 4198308                    /lib/x86_64-linux-gnu/libglib-2.0.so.0.4002.0
7fb14cff5000-7fb14cff6000 rw-p 00000000 00:00 0 
7fb14cff6000-7fb14d045000 r-xp 00000000 08:07 1048958                    /usr/lib/x86_64-linux-gnu/libgobject-2.0.so.0.4002.0
7fb14d045000-7fb14d245000 ---p 0004f000 08:07 1048958                    /usr/lib/x86_64-linux-gnu/libgobject-2.0.so.0.4002.0
7fb14d245000-7fb14d246000 r--p 0004f000 08:07 1048958                    /usr/lib/x86_64-linux-gnu/libgobject-2.0.so.0.4002.0
7fb14d246000-7fb14d247000 rw-p 00050000 08:07 1048958                    /usr/lib/x86_64-linux-gnu/libgobject-2.0.so.0.4002.0
7fb14d247000-7fb14d3b3000 r-xp 00000000 08:07 1048962                    /usr/lib/x86_64-linux-gnu/libgio-2.0.so.0.4002.0
7fb14d3b3000-7fb14d5b2000 ---p 0016c000 08:07 1048962                    /usr/lib/x86_64-linux-gnu/libgio-2.0.so.0.4002.0
7fb14d5b2000-7fb14d5b6000 r--p 0016b000 08:07 1048962                    /usr/lib/x86_64-linux-gnu/libgio-2.0.so.0.4002.0
7fb14d5b6000-7fb14d5b8000 rw-p 0016f000 08:07 1048962                    /usr/lib/x86_64-linux-gnu/libgio-2.0.so.0.4002.0
7fb14d5b8000-7fb14d5ba000 rw-p 00000000 00:00 0 
7fb14d5ba000-7fb14d5d1000 r-xp 00000000 08:07 3149050                    /usr/lib/jvm/java-7-openjdk-amd64/jre/lib/amd64/libnet.so
7fb14d5d1000-7fb14d7d0000 ---p 00017000 08:07 3149050                    /usr/lib/jvm/java-7-openjdk-amd64/jre/lib/amd64/libnet.so
7fb14d7d0000-7fb14d7d1000 r--p 00016000 08:07 3149050                    /usr/lib/jvm/java-7-openjdk-amd64/jre/lib/amd64/libnet.so
7fb14d7d1000-7fb14d7d2000 rw-p 00017000 08:07 3149050                    /usr/lib/jvm/java-7-openjdk-amd64/jre/lib/amd64/libnet.so
7fb14d7d2000-7fb14d7e2000 r-xp 00000000 08:07 3149013                    /usr/lib/jvm/java-7-openjdk-amd64/jre/lib/amd64/libnio.so
7fb14d7e2000-7fb14d9e2000 ---p 00010000 08:07 3149013                    /usr/lib/jvm/java-7-openjdk-amd64/jre/lib/amd64/libnio.so
7fb14d9e2000-7fb14d9e3000 r--p 00010000 08:07 3149013                    /usr/lib/jvm/java-7-openjdk-amd64/jre/lib/amd64/libnio.so
7fb14d9e3000-7fb14d9e4000 rw-p 00011000 08:07 3149013                    /usr/lib/jvm/java-7-openjdk-amd64/jre/lib/amd64/libnio.so
7fb14d9e4000-7fb14d9e5000 ---p 00000000 00:00 0 
7fb14d9e5000-7fb14dae5000 rw-p 00000000 00:00 0                          [stack:8405]
7fb14dae5000-7fb14dae8000 ---p 00000000 00:00 0 
7fb14dae8000-7fb14dbe6000 rw-p 00000000 00:00 0                          [stack:8404]
7fb14dbe6000-7fb14dbe9000 ---p 00000000 00:00 0 
7fb14dbe9000-7fb14dce7000 rw-p 00000000 00:00 0                          [stack:8403]
7fb14dce7000-7fb14dcea000 ---p 00000000 00:00 0 
7fb14dcea000-7fb14dde8000 rw-p 00000000 00:00 0                          [stack:8402]
7fb14dde8000-7fb14ddeb000 ---p 00000000 00:00 0 
7fb14ddeb000-7fb14dee9000 rw-p 00000000 00:00 0                          [stack:8401]
7fb14dee9000-7fb14e5cb000 r--p 00000000 08:07 1056383                    /usr/lib/locale/locale-archive
7fb14e5cb000-7fb14e5ce000 ---p 00000000 00:00 0 
7fb14e5ce000-7fb14e6cc000 rw-p 00000000 00:00 0                          [stack:8397]
7fb14e6cc000-7fb14e6cf000 ---p 00000000 00:00 0 
7fb14e6cf000-7fb14e7cd000 rw-p 00000000 00:00 0                          [stack:8396]
7fb14e7cd000-7fb14e7ce000 ---p 00000000 00:00 0 
7fb14e7ce000-7fb151000000 rw-p 00000000 00:00 0                          [stack:8395]
7fb151000000-7fb151270000 rwxp 00000000 00:00 0 
7fb151270000-7fb1541b2000 rw-p 00000000 00:00 0 
7fb1541b2000-7fb158000000 ---p 00000000 00:00 0 
7fb158069000-7fb15809a000 rw-p 00000000 00:00 0 
7fb1580b8000-7fb1580cc000 r--s 000be000 08:07 3486418                    /home/sanket/lokavidyaapp/app/build/intermediates/exploded-aar/com.google.android.gms/play-services-basement/8.3.0/jars/classes.jar
7fb1580cc000-7fb1580db000 r--s 000df000 08:07 3419560                    /home/sanket/android-sdks/build-tools/23.0.0/lib/dx.jar
7fb1580db000-7fb158ed6000 rw-p 00000000 00:00 0 
7fb158ed6000-7fb159088000 r--s 01d2e000 08:07 3149006                    /usr/lib/jvm/java-7-openjdk-amd64/jre/lib/rt.jar
7fb159088000-7fb1593d4000 rw-p 00000000 00:00 0 
7fb1593d4000-7fb1593d5000 ---p 00000000 00:00 0 
7fb1593d5000-7fb1594d5000 rw-p 00000000 00:00 0                          [stack:8392]
7fb1594d5000-7fb1594d6000 ---p 00000000 00:00 0 
7fb1594d6000-7fb1595d6000 rw-p 00000000 00:00 0                          [stack:8391]
7fb1595d6000-7fb1595d7000 ---p 00000000 00:00 0 
7fb1595d7000-7fb1596d7000 rw-p 00000000 00:00 0                          [stack:8390]
7fb1596d7000-7fb1596d8000 ---p 00000000 00:00 0 
7fb1596d8000-7fb1597e3000 rw-p 00000000 00:00 0                          [stack:8388]
7fb1597e3000-7fb15982b000 rw-p 00000000 00:00 0 
7fb15982b000-7fb15983f000 rw-p 00000000 00:00 0 
7fb15983f000-7fb159981000 rw-p 00000000 00:00 0 
7fb159981000-7fb15998c000 rw-p 00000000 00:00 0 
7fb15998c000-7fb1599d4000 rw-p 00000000 00:00 0 
7fb1599d4000-7fb1599e8000 rw-p 00000000 00:00 0 
7fb1599e8000-7fb159b29000 rw-p 00000000 00:00 0 
7fb159b29000-7fb159b3c000 rw-p 00000000 00:00 0 
7fb159b3c000-7fb159bd4000 rw-p 00000000 00:00 0 
7fb159bd4000-7fb159bd5000 rw-p 00000000 00:00 0 
7fb159bd5000-7fb159bdd000 r-xp 00000000 08:07 3149018                    /usr/lib/jvm/java-7-openjdk-amd64/jre/lib/amd64/libzip.so
7fb159bdd000-7fb159ddc000 ---p 00008000 08:07 3149018                    /usr/lib/jvm/java-7-openjdk-amd64/jre/lib/amd64/libzip.so
7fb159ddc000-7fb159ddd000 r--p 00007000 08:07 3149018                    /usr/lib/jvm/java-7-openjdk-amd64/jre/lib/amd64/libzip.so
7fb159ddd000-7fb159dde000 rw-p 00008000 08:07 3149018                    /usr/lib/jvm/java-7-openjdk-amd64/jre/lib/amd64/libzip.so
7fb159dde000-7fb159de9000 r-xp 00000000 08:07 4198440                    /lib/x86_64-linux-gnu/libnss_files-2.19.so
7fb159de9000-7fb159fe8000 ---p 0000b000 08:07 4198440                    /lib/x86_64-linux-gnu/libnss_files-2.19.so
7fb159fe8000-7fb159fe9000 r--p 0000a000 08:07 4198440                    /lib/x86_64-linux-gnu/libnss_files-2.19.so
7fb159fe9000-7fb159fea000 rw-p 0000b000 08:07 4198440                    /lib/x86_64-linux-gnu/libnss_files-2.19.so
7fb159fea000-7fb159ff5000 r-xp 00000000 08:07 4200064                    /lib/x86_64-linux-gnu/libnss_nis-2.19.so
7fb159ff5000-7fb15a1f4000 ---p 0000b000 08:07 4200064                    /lib/x86_64-linux-gnu/libnss_nis-2.19.so
7fb15a1f4000-7fb15a1f5000 r--p 0000a000 08:07 4200064                    /lib/x86_64-linux-gnu/libnss_nis-2.19.so
7fb15a1f5000-7fb15a1f6000 rw-p 0000b000 08:07 4200064                    /lib/x86_64-linux-gnu/libnss_nis-2.19.so
7fb15a1f6000-7fb15a20d000 r-xp 00000000 08:07 4199530                    /lib/x86_64-linux-gnu/libnsl-2.19.so
7fb15a20d000-7fb15a40c000 ---p 00017000 08:07 4199530                    /lib/x86_64-linux-gnu/libnsl-2.19.so
7fb15a40c000-7fb15a40d000 r--p 00016000 08:07 4199530                    /lib/x86_64-linux-gnu/libnsl-2.19.so
7fb15a40d000-7fb15a40e000 rw-p 00017000 08:07 4199530                    /lib/x86_64-linux-gnu/libnsl-2.19.so
7fb15a40e000-7fb15a410000 rw-p 00000000 00:00 0 
7fb15a410000-7fb15a419000 r-xp 00000000 08:07 4198482                    /lib/x86_64-linux-gnu/libnss_compat-2.19.so
7fb15a419000-7fb15a618000 ---p 00009000 08:07 4198482                    /lib/x86_64-linux-gnu/libnss_compat-2.19.so
7fb15a618000-7fb15a619000 r--p 00008000 08:07 4198482                    /lib/x86_64-linux-gnu/libnss_compat-2.19.so
7fb15a619000-7fb15a61a000 rw-p 00009000 08:07 4198482                    /lib/x86_64-linux-gnu/libnss_compat-2.19.so
7fb15a61a000-7fb15a645000 r-xp 00000000 08:07 3149029                    /usr/lib/jvm/java-7-openjdk-amd64/jre/lib/amd64/libjava.so
7fb15a645000-7fb15a845000 ---p 0002b000 08:07 3149029                    /usr/lib/jvm/java-7-openjdk-amd64/jre/lib/amd64/libjava.so
7fb15a845000-7fb15a846000 r--p 0002b000 08:07 3149029                    /usr/lib/jvm/java-7-openjdk-amd64/jre/lib/amd64/libjava.so
7fb15a846000-7fb15a848000 rw-p 0002c000 08:07 3149029                    /usr/lib/jvm/java-7-openjdk-amd64/jre/lib/amd64/libjava.so
7fb15a848000-7fb15a858000 r-xp 00000000 08:07 3149045                    /usr/lib/jvm/java-7-openjdk-amd64/jre/lib/amd64/libverify.so
7fb15a858000-7fb15aa57000 ---p 00010000 08:07 3149045                    /usr/lib/jvm/java-7-openjdk-amd64/jre/lib/amd64/libverify.so
7fb15aa57000-7fb15aa59000 r--p 0000f000 08:07 3149045                    /usr/lib/jvm/java-7-openjdk-amd64/jre/lib/amd64/libverify.so
7fb15aa59000-7fb15aa5a000 rw-p 00011000 08:07 3149045                    /usr/lib/jvm/java-7-openjdk-amd64/jre/lib/amd64/libverify.so
7fb15aa5a000-7fb15aa61000 r-xp 00000000 08:07 4200061                    /lib/x86_64-linux-gnu/librt-2.19.so
7fb15aa61000-7fb15ac60000 ---p 00007000 08:07 4200061                    /lib/x86_64-linux-gnu/librt-2.19.so
7fb15ac60000-7fb15ac61000 r--p 00006000 08:07 4200061                    /lib/x86_64-linux-gnu/librt-2.19.so
7fb15ac61000-7fb15ac62000 rw-p 00007000 08:07 4200061                    /lib/x86_64-linux-gnu/librt-2.19.so
7fb15ac62000-7fb15ac78000 r-xp 00000000 08:07 4223721                    /lib/x86_64-linux-gnu/libgcc_s.so.1
7fb15ac78000-7fb15ae77000 ---p 00016000 08:07 4223721                    /lib/x86_64-linux-gnu/libgcc_s.so.1
7fb15ae77000-7fb15ae78000 rw-p 00015000 08:07 4223721                    /lib/x86_64-linux-gnu/libgcc_s.so.1
7fb15ae78000-7fb15af7d000 r-xp 00000000 08:07 4198343                    /lib/x86_64-linux-gnu/libm-2.19.so
7fb15af7d000-7fb15b17c000 ---p 00105000 08:07 4198343                    /lib/x86_64-linux-gnu/libm-2.19.so
7fb15b17c000-7fb15b17d000 r--p 00104000 08:07 4198343                    /lib/x86_64-linux-gnu/libm-2.19.so
7fb15b17d000-7fb15b17e000 rw-p 00105000 08:07 4198343                    /lib/x86_64-linux-gnu/libm-2.19.so
7fb15b17e000-7fb15b264000 r-xp 00000000 08:07 1052838                    /usr/lib/x86_64-linux-gnu/libstdc++.so.6.0.19
7fb15b264000-7fb15b463000 ---p 000e6000 08:07 1052838                    /usr/lib/x86_64-linux-gnu/libstdc++.so.6.0.19
7fb15b463000-7fb15b46b000 r--p 000e5000 08:07 1052838                    /usr/lib/x86_64-linux-gnu/libstdc++.so.6.0.19
7fb15b46b000-7fb15b46d000 rw-p 000ed000 08:07 1052838                    /usr/lib/x86_64-linux-gnu/libstdc++.so.6.0.19
7fb15b46d000-7fb15b482000 rw-p 00000000 00:00 0 
7fb15b482000-7fb15bfa6000 r-xp 00000000 08:07 3149035                    /usr/lib/jvm/java-7-openjdk-amd64/jre/lib/amd64/server/libjvm.so
7fb15bfa6000-7fb15c1a6000 ---p 00b24000 08:07 3149035                    /usr/lib/jvm/java-7-openjdk-amd64/jre/lib/amd64/server/libjvm.so
7fb15c1a6000-7fb15c240000 r--p 00b24000 08:07 3149035                    /usr/lib/jvm/java-7-openjdk-amd64/jre/lib/amd64/server/libjvm.so
7fb15c240000-7fb15c263000 rw-p 00bbe000 08:07 3149035                    /usr/lib/jvm/java-7-openjdk-amd64/jre/lib/amd64/server/libjvm.so
7fb15c263000-7fb15c291000 rw-p 00000000 00:00 0 
7fb15c291000-7fb15c2a9000 r-xp 00000000 08:07 4198526                    /lib/x86_64-linux-gnu/libz.so.1.2.8
7fb15c2a9000-7fb15c4a8000 ---p 00018000 08:07 4198526                    /lib/x86_64-linux-gnu/libz.so.1.2.8
7fb15c4a8000-7fb15c4a9000 r--p 00017000 08:07 4198526                    /lib/x86_64-linux-gnu/libz.so.1.2.8
7fb15c4a9000-7fb15c4aa000 rw-p 00018000 08:07 4198526                    /lib/x86_64-linux-gnu/libz.so.1.2.8
7fb15c4aa000-7fb15c4c3000 r-xp 00000000 08:07 4200059                    /lib/x86_64-linux-gnu/libpthread-2.19.so
7fb15c4c3000-7fb15c6c2000 ---p 00019000 08:07 4200059                    /lib/x86_64-linux-gnu/libpthread-2.19.so
7fb15c6c2000-7fb15c6c3000 r--p 00018000 08:07 4200059                    /lib/x86_64-linux-gnu/libpthread-2.19.so
7fb15c6c3000-7fb15c6c4000 rw-p 00019000 08:07 4200059                    /lib/x86_64-linux-gnu/libpthread-2.19.so
7fb15c6c4000-7fb15c6c8000 rw-p 00000000 00:00 0 
7fb15c6c8000-7fb15c6cb000 r-xp 00000000 08:07 4198451                    /lib/x86_64-linux-gnu/libdl-2.19.so
7fb15c6cb000-7fb15c8ca000 ---p 00003000 08:07 4198451                    /lib/x86_64-linux-gnu/libdl-2.19.so
7fb15c8ca000-7fb15c8cb000 r--p 00002000 08:07 4198451                    /lib/x86_64-linux-gnu/libdl-2.19.so
7fb15c8cb000-7fb15c8cc000 rw-p 00003000 08:07 4198451                    /lib/x86_64-linux-gnu/libdl-2.19.so
7fb15c8cc000-7fb15ca87000 r-xp 00000000 08:07 4200058                    /lib/x86_64-linux-gnu/libc-2.19.so
7fb15ca87000-7fb15cc86000 ---p 001bb000 08:07 4200058                    /lib/x86_64-linux-gnu/libc-2.19.so
7fb15cc86000-7fb15cc8a000 r--p 001ba000 08:07 4200058                    /lib/x86_64-linux-gnu/libc-2.19.so
7fb15cc8a000-7fb15cc8c000 rw-p 001be000 08:07 4200058                    /lib/x86_64-linux-gnu/libc-2.19.so
7fb15cc8c000-7fb15cc91000 rw-p 00000000 00:00 0 
7fb15cc91000-7fb15cc9e000 r-xp 00000000 08:07 3149046                    /usr/lib/jvm/java-7-openjdk-amd64/jre/lib/amd64/jli/libjli.so
7fb15cc9e000-7fb15ce9d000 ---p 0000d000 08:07 3149046                    /usr/lib/jvm/java-7-openjdk-amd64/jre/lib/amd64/jli/libjli.so
7fb15ce9d000-7fb15ce9e000 r--p 0000c000 08:07 3149046                    /usr/lib/jvm/java-7-openjdk-amd64/jre/lib/amd64/jli/libjli.so
7fb15ce9e000-7fb15ce9f000 rw-p 0000d000 08:07 3149046                    /usr/lib/jvm/java-7-openjdk-amd64/jre/lib/amd64/jli/libjli.so
7fb15ce9f000-7fb15cec2000 r-xp 00000000 08:07 4200046                    /lib/x86_64-linux-gnu/ld-2.19.so
7fb15cec2000-7fb15cee5000 rw-p 00000000 00:00 0 
7fb15cee5000-7fb15cf9b000 rw-p 00000000 00:00 0 
7fb15cf9b000-7fb15cf9e000 ---p 00000000 00:00 0 
7fb15cf9e000-7fb15d0a1000 rw-p 00000000 00:00 0                          [stack:8386]
7fb15d0a1000-7fb15d0a2000 r--s 00002000 08:07 3149003                    /usr/lib/jvm/java-7-openjdk-amd64/jre/lib/ext/dnsns.jar
7fb15d0a2000-7fb15d0a6000 r--s 00085000 08:07 3148999                    /usr/lib/jvm/java-7-openjdk-amd64/jre/lib/ext/localedata.jar
7fb15d0a6000-7fb15d0a8000 r--s 00012000 08:07 3148998                    /usr/lib/jvm/java-7-openjdk-amd64/jre/lib/ext/zipfs.jar
7fb15d0a8000-7fb15d0ac000 r--s 0003c000 08:07 3149002                    /usr/lib/jvm/java-7-openjdk-amd64/jre/lib/ext/sunpkcs11.jar
7fb15d0ac000-7fb15d0ae000 r--s 00006000 08:07 1456370                    /usr/share/java/java-atk-wrapper.jar
7fb15d0ae000-7fb15d0b2000 r--s 00034000 08:07 3149001                    /usr/lib/jvm/java-7-openjdk-amd64/jre/lib/ext/sunjce_provider.jar
7fb15d0b2000-7fb15d0b5000 r--s 0000f000 08:07 3149000                    /usr/lib/jvm/java-7-openjdk-amd64/jre/lib/ext/icedtea-sound.jar
7fb15d0b5000-7fb15d0bd000 rw-s 00000000 08:07 536854                     /tmp/hsperfdata_sanket/8384
7fb15d0bd000-7fb15d0be000 rw-p 00000000 00:00 0 
7fb15d0be000-7fb15d0bf000 ---p 00000000 00:00 0 
7fb15d0bf000-7fb15d0c1000 rw-p 00000000 00:00 0 
7fb15d0c1000-7fb15d0c2000 r--p 00022000 08:07 4200046                    /lib/x86_64-linux-gnu/ld-2.19.so
7fb15d0c2000-7fb15d0c3000 rw-p 00023000 08:07 4200046                    /lib/x86_64-linux-gnu/ld-2.19.so
7fb15d0c3000-7fb15d0c4000 rw-p 00000000 00:00 0 
7ffcb02ca000-7ffcb02eb000 rw-p 00000000 00:00 0                          [stack]
7ffcb031f000-7ffcb0321000 r-xp 00000000 00:00 0                          [vdso]
ffffffffff600000-ffffffffff601000 r-xp 00000000 00:00 0                  [vsyscall]

VM Arguments:
jvm_args: -Xmx1024M -Dfile.encoding=UTF-8 -Duser.country=US -Duser.language=en -Duser.variant 
java_command: com.android.dx.command.Main --dex --num-threads=4 --output /home/sanket/lokavidyaapp/app/build/intermediates/pre-dexed/debug/classes-b5465d9c90641a569134d585950f09cd96f3ae42.jar /home/sanket/lokavidyaapp/app/build/intermediates/exploded-aar/com.google.android.gms/play-services-basement/8.3.0/jars/classes.jar
Launcher Type: SUN_STANDARD

Environment Variables:
PATH=/home/sanket/bin:/usr/local/sbin:/usr/local/bin:/usr/sbin:/usr/bin:/sbin:/bin:/usr/games:/usr/local/games
SHELL=/bin/bash
DISPLAY=:0

Signal Handlers:
SIGSEGV: [libjvm.so+0x9548f0], sa_mask[0]=0x7ffbfeff, sa_flags=0x10000004
SIGBUS: [libjvm.so+0x9548f0], sa_mask[0]=0x7ffbfeff, sa_flags=0x10000004
SIGFPE: [libjvm.so+0x7cb0b0], sa_mask[0]=0x7ffbfeff, sa_flags=0x10000004
SIGPIPE: [libjvm.so+0x7cb0b0], sa_mask[0]=0x7ffbfeff, sa_flags=0x10000004
SIGXFSZ: [libjvm.so+0x7cb0b0], sa_mask[0]=0x7ffbfeff, sa_flags=0x10000004
SIGILL: [libjvm.so+0x7cb0b0], sa_mask[0]=0x7ffbfeff, sa_flags=0x10000004
SIGUSR1: SIG_DFL, sa_mask[0]=0x00000000, sa_flags=0x00000000
SIGUSR2: [libjvm.so+0x7caf50], sa_mask[0]=0x00000004, sa_flags=0x10000004
SIGHUP: [libjvm.so+0x7cb130], sa_mask[0]=0x7ffbfeff, sa_flags=0x10000004
SIGINT: [libjvm.so+0x7cb130], sa_mask[0]=0x7ffbfeff, sa_flags=0x10000004
SIGTERM: [libjvm.so+0x7cb130], sa_mask[0]=0x7ffbfeff, sa_flags=0x10000004
SIGQUIT: [libjvm.so+0x7cb130], sa_mask[0]=0x7ffbfeff, sa_flags=0x10000004
SIGTRAP: SIG_DFL, sa_mask[0]=0x00000000, sa_flags=0x00000000


---------------  S Y S T E M  ---------------

OS:Ubuntu 14.04 (trusty)
uname:Linux 3.13.0-76-generic #120-Ubuntu SMP Mon Jan 18 15:59:10 UTC 2016 x86_64
libc:glibc 2.19 NPTL 2.19 
rlimit: STACK 8192k, CORE 0k, NPROC 30418, NOFILE 4096, AS infinity
load average:20.82 7.52 2.81

/proc/meminfo:
MemTotal:        3950084 kB
MemFree:          582376 kB
Buffers:            2080 kB
Cached:           317132 kB
SwapCached:            0 kB
Active:          2891532 kB
Inactive:         314620 kB
Active(anon):    2889316 kB
Inactive(anon):   280004 kB
Active(file):       2216 kB
Inactive(file):    34616 kB
Unevictable:          32 kB
Mlocked:              32 kB
SwapTotal:             0 kB
SwapFree:              0 kB
Dirty:              1628 kB
Writeback:             0 kB
AnonPages:       2887324 kB
Mapped:            58960 kB
Shmem:            282048 kB
Slab:              66232 kB
SReclaimable:      31712 kB
SUnreclaim:        34520 kB
KernelStack:        5048 kB
PageTables:        34736 kB
NFS_Unstable:          0 kB
Bounce:                0 kB
WritebackTmp:          0 kB
CommitLimit:     1975040 kB
Committed_AS:    6999188 kB
VmallocTotal:   34359738367 kB
VmallocUsed:      348352 kB
VmallocChunk:   34359359944 kB
HardwareCorrupted:     0 kB
AnonHugePages:   1167360 kB
HugePages_Total:       0
HugePages_Free:        0
HugePages_Rsvd:        0
HugePages_Surp:        0
Hugepagesize:       2048 kB
DirectMap4k:       80252 kB
DirectMap2M:     2967552 kB
DirectMap1G:     1048576 kB


CPU:total 4 (2 cores per cpu, 2 threads per core) family 6 model 69 stepping 1, cmov, cx8, fxsr, mmx, sse, sse2, sse3, ssse3, sse4.1, sse4.2, popcnt, avx, avx2, aes, erms, ht, tsc, tscinvbit

/proc/cpuinfo:
processor	: 0
vendor_id	: GenuineIntel
cpu family	: 6
model		: 69
model name	: Intel(R) Core(TM) i5-4210U CPU @ 1.70GHz
stepping	: 1
microcode	: 0x17
cpu MHz		: 1700.000
cache size	: 3072 KB
physical id	: 0
siblings	: 4
core id		: 0
cpu cores	: 2
apicid		: 0
initial apicid	: 0
fpu		: yes
fpu_exception	: yes
cpuid level	: 13
wp		: yes
flags		: fpu vme de pse tsc msr pae mce cx8 apic sep mtrr pge mca cmov pat pse36 clflush dts acpi mmx fxsr sse sse2 ss ht tm pbe syscall nx pdpe1gb rdtscp lm constant_tsc arch_perfmon pebs bts rep_good nopl xtopology nonstop_tsc aperfmperf eagerfpu pni pclmulqdq dtes64 monitor ds_cpl vmx est tm2 ssse3 fma cx16 xtpr pdcm pcid sse4_1 sse4_2 movbe popcnt tsc_deadline_timer aes xsave avx f16c rdrand lahf_lm abm arat epb xsaveopt pln pts dtherm tpr_shadow vnmi flexpriority ept vpid fsgsbase tsc_adjust bmi1 avx2 smep bmi2 erms invpcid
bogomips	: 3392.44
clflush size	: 64
cache_alignment	: 64
address sizes	: 39 bits physical, 48 bits virtual
power management:

processor	: 1
vendor_id	: GenuineIntel
cpu family	: 6
model		: 69
model name	: Intel(R) Core(TM) i5-4210U CPU @ 1.70GHz
stepping	: 1
microcode	: 0x17
cpu MHz		: 1700.000
cache size	: 3072 KB
physical id	: 0
siblings	: 4
core id		: 1
cpu cores	: 2
apicid		: 2
initial apicid	: 2
fpu		: yes
fpu_exception	: yes
cpuid level	: 13
wp		: yes
flags		: fpu vme de pse tsc msr pae mce cx8 apic sep mtrr pge mca cmov pat pse36 clflush dts acpi mmx fxsr sse sse2 ss ht tm pbe syscall nx pdpe1gb rdtscp lm constant_tsc arch_perfmon pebs bts rep_good nopl xtopology nonstop_tsc aperfmperf eagerfpu pni pclmulqdq dtes64 monitor ds_cpl vmx est tm2 ssse3 fma cx16 xtpr pdcm pcid sse4_1 sse4_2 movbe popcnt tsc_deadline_timer aes xsave avx f16c rdrand lahf_lm abm ida arat epb xsaveopt pln pts dtherm tpr_shadow vnmi flexpriority ept vpid fsgsbase tsc_adjust bmi1 avx2 smep bmi2 erms invpcid
bogomips	: 3392.44
clflush size	: 64
cache_alignment	: 64
address sizes	: 39 bits physical, 48 bits virtual
power management:

processor	: 2
vendor_id	: GenuineIntel
cpu family	: 6
model		: 69
model name	: Intel(R) Core(TM) i5-4210U CPU @ 1.70GHz
stepping	: 1
microcode	: 0x17
cpu MHz		: 1700.000
cache size	: 3072 KB
physical id	: 0
siblings	: 4
core id		: 0
cpu cores	: 2
apicid		: 1
initial apicid	: 1
fpu		: yes
fpu_exception	: yes
cpuid level	: 13
wp		: yes
flags		: fpu vme de pse tsc msr pae mce cx8 apic sep mtrr pge mca cmov pat pse36 clflush dts acpi mmx fxsr sse sse2 ss ht tm pbe syscall nx pdpe1gb rdtscp lm constant_tsc arch_perfmon pebs bts rep_good nopl xtopology nonstop_tsc aperfmperf eagerfpu pni pclmulqdq dtes64 monitor ds_cpl vmx est tm2 ssse3 fma cx16 xtpr pdcm pcid sse4_1 sse4_2 movbe popcnt tsc_deadline_timer aes xsave avx f16c rdrand lahf_lm abm ida arat epb xsaveopt pln pts dtherm tpr_shadow vnmi flexpriority ept vpid fsgsbase tsc_adjust bmi1 avx2 smep bmi2 erms invpcid
bogomips	: 3392.44
clflush size	: 64
cache_alignment	: 64
address sizes	: 39 bits physical, 48 bits virtual
power management:

processor	: 3
vendor_id	: GenuineIntel
cpu family	: 6
model		: 69
model name	: Intel(R) Core(TM) i5-4210U CPU @ 1.70GHz
stepping	: 1
microcode	: 0x17
cpu MHz		: 1700.000
cache size	: 3072 KB
physical id	: 0
siblings	: 4
core id		: 1
cpu cores	: 2
apicid		: 3
initial apicid	: 3
fpu		: yes
fpu_exception	: yes
cpuid level	: 13
wp		: yes
flags		: fpu vme de pse tsc msr pae mce cx8 apic sep mtrr pge mca cmov pat pse36 clflush dts acpi mmx fxsr sse sse2 ss ht tm pbe syscall nx pdpe1gb rdtscp lm constant_tsc arch_perfmon pebs bts rep_good nopl xtopology nonstop_tsc aperfmperf eagerfpu pni pclmulqdq dtes64 monitor ds_cpl vmx est tm2 ssse3 fma cx16 xtpr pdcm pcid sse4_1 sse4_2 movbe popcnt tsc_deadline_timer aes xsave avx f16c rdrand lahf_lm abm ida arat epb xsaveopt pln pts dtherm tpr_shadow vnmi flexpriority ept vpid fsgsbase tsc_adjust bmi1 avx2 smep bmi2 erms invpcid
bogomips	: 3392.44
clflush size	: 64
cache_alignment	: 64
address sizes	: 39 bits physical, 48 bits virtual
power management:



Memory: 4k page, physical 3950084k(582376k free), swap 0k(0k free)

vm_info: OpenJDK 64-Bit Server VM (24.91-b01) for linux-amd64 JRE (1.7.0_91-b02), built on Nov 19 2015 06:14:37 by "buildd" with gcc 4.8.2

time: Fri Jan 29 14:57:17 2016
elapsed time: 16 seconds

