#
# There is insufficient memory for the Java Runtime Environment to continue.
# Native memory allocation (malloc) failed to allocate 122683392 bytes for committing reserved memory.
# Possible reasons:
#   The system is out of physical RAM or swap space
#   In 32 bit mode, the process size limit was hit
# Possible solutions:
#   Reduce memory load on the system
#   Increase physical memory or swap space
#   Check if swap backing store is full
#   Use 64 bit Java on a 64 bit OS
#   Decrease Java heap size (-Xmx/-Xms)
#   Decrease number of Java threads
#   Decrease Java thread stack sizes (-Xss)
#   Set larger code cache with -XX:ReservedCodeCacheSize=
# This output file may be truncated or incomplete.
#
#  Out of Memory Error (os_linux.cpp:2827), pid=5618, tid=140199751014144
#
# JRE version: OpenJDK Runtime Environment (7.0_91-b02) (build 1.7.0_91-b02)
# Java VM: OpenJDK 64-Bit Server VM (24.91-b01 mixed mode linux-amd64 compressed oops)
# Derivative: IcedTea 2.6.3
# Distribution: Ubuntu 14.04 LTS, package 7u91-2.6.3-0ubuntu0.14.04.1
# Failed to write core dump. Core dumps have been disabled. To enable core dumping, try "ulimit -c unlimited" before starting Java again
#

---------------  T H R E A D  ---------------

Current thread (0x00007f82c8077000):  VMThread [stack: 0x00007f82cc4b5000,0x00007f82cc5b6000] [id=5628]

Stack: [0x00007f82cc4b5000,0x00007f82cc5b6000],  sp=0x00007f82cc5b4490,  free space=1021k
Native frames: (J=compiled Java code, j=interpreted, Vv=VM code, C=native code)
V  [libjvm.so+0x953e15]  VMError::report_and_die()+0x175
V  [libjvm.so+0x48fd94]  report_vm_out_of_memory(char const*, int, unsigned long, char const*)+0x74
V  [libjvm.so+0x7cf87b]  os::pd_commit_memory(char*, unsigned long, unsigned long, bool)+0xeb
V  [libjvm.so+0x7ca33f]  os::commit_memory(char*, unsigned long, unsigned long, bool)+0x1f
V  [libjvm.so+0x83dacb]  PSVirtualSpace::expand_by(unsigned long)+0x5b
V  [libjvm.so+0x83e930]  PSYoungGen::resize_generation(unsigned long, unsigned long)+0xb0
V  [libjvm.so+0x83f01b]  PSYoungGen::resize(unsigned long, unsigned long)+0x1b
V  [libjvm.so+0x83b258]  PSScavenge::invoke_no_policy()+0xd68
V  [libjvm.so+0x83bac8]  PSScavenge::invoke()+0x38
V  [libjvm.so+0x7f2083]  ParallelScavengeHeap::failed_mem_allocate(unsigned long)+0x63
V  [libjvm.so+0x955814]  VM_ParallelGCFailedAllocation::doit()+0x84
V  [libjvm.so+0x959917]  VM_Operation::evaluate()+0x47
V  [libjvm.so+0x9583d8]  VMThread::evaluate_operation(VM_Operation*)+0x318
V  [libjvm.so+0x958839]  VMThread::loop()+0x219
V  [libjvm.so+0x958c82]  VMThread::run()+0x72
V  [libjvm.so+0x7cc742]  java_start(Thread*)+0xf2

VM_Operation (0x00007f82d178d330): ParallelGCFailedAllocation, mode: safepoint, requested by thread 0x00007f82c800b800


---------------  P R O C E S S  ---------------

Java Threads: ( => current thread )
  0x00007f82c80b0800 JavaThread "Service Thread" daemon [_thread_blocked, id=5634, stack(0x00007f82c21ec000,0x00007f82c22ed000)]
  0x00007f82c80ae800 JavaThread "C2 CompilerThread1" daemon [_thread_blocked, id=5633, stack(0x00007f82c22ed000,0x00007f82c23ee000)]
  0x00007f82c80ab800 JavaThread "C2 CompilerThread0" daemon [_thread_blocked, id=5632, stack(0x00007f82cc0b1000,0x00007f82cc1b2000)]
  0x00007f82c80a9000 JavaThread "Signal Dispatcher" daemon [_thread_blocked, id=5631, stack(0x00007f82cc1b2000,0x00007f82cc2b3000)]
  0x00007f82c807d800 JavaThread "Finalizer" daemon [_thread_blocked, id=5630, stack(0x00007f82cc2b3000,0x00007f82cc3b4000)]
  0x00007f82c807b800 JavaThread "Reference Handler" daemon [_thread_blocked, id=5629, stack(0x00007f82cc3b4000,0x00007f82cc4b5000)]
  0x00007f82c800b800 JavaThread "main" [_thread_blocked, id=5623, stack(0x00007f82d168e000,0x00007f82d178f000)]

Other Threads:
=>0x00007f82c8077000 VMThread [stack: 0x00007f82cc4b5000,0x00007f82cc5b6000] [id=5628]
  0x00007f82c80bb800 WatcherThread [stack: 0x00007f82c20eb000,0x00007f82c21ec000] [id=5635]

VM state:at safepoint (normal execution)

VM Mutex/Monitor currently owned by a thread:  ([mutex/lock_event])
[0x00007f82c8007da0] Threads_lock - owner thread: 0x00007f82c8077000
[0x00007f82c80082a0] Heap_lock - owner thread: 0x00007f82c800b800

Heap
 PSYoungGen      total 214016K, used 15355K [0x00000000eaa80000, 0x00000000f8b00000, 0x0000000100000000)
  eden space 198656K, 0% used [0x00000000eaa80000,0x00000000eaa80000,0x00000000f6c80000)
  from space 15360K, 99% used [0x00000000f6c80000,0x00000000f7b7edc8,0x00000000f7b80000)
  to   space 14848K, 0% used [0x00000000f7b80000,0x00000000f7b80000,0x00000000f8a00000)
 ParOldGen       total 56832K, used 43429K [0x00000000c0000000, 0x00000000c3780000, 0x00000000eaa80000)
  object space 56832K, 76% used [0x00000000c0000000,0x00000000c2a69490,0x00000000c3780000)
 PSPermGen       total 21504K, used 7709K [0x00000000b5a00000, 0x00000000b6f00000, 0x00000000c0000000)
  object space 21504K, 35% used [0x00000000b5a00000,0x00000000b6187470,0x00000000b6f00000)

Card table byte_map: [0x00007f82ce076000,0x00007f82ce2ca000] byte_map_base: 0x00007f82cdac9000

Polling page: 0x00007f82d17b1000

Code Cache  [0x00007f82c5000000, 0x00007f82c5410000, 0x00007f82c8000000)
 total_blobs=1499 nmethods=1245 adapters=207 free_code_cache=45117Kb largest_free_block=46134656

Compilation events (10 events):
Event: 10.769 Thread 0x00007f82c80ae800 1269             com.android.dx.io.instructions.InstructionCodec$22::encode (31 bytes)
Event: 10.770 Thread 0x00007f82c80ab800 nmethod 1267% 0x00007f82c53f9e90 code [0x00007f82c53fa0c0, 0x00007f82c53fb190]
Event: 10.771 Thread 0x00007f82c80ab800 1270             com.android.dx.io.instructions.DecodedInstruction::getLiteralInt (53 bytes)
Event: 10.771 Thread 0x00007f82c80ab800 nmethod 1270 0x00007f82c53e9e10 code [0x00007f82c53e9f40, 0x00007f82c53e9fb8]
Event: 10.771 Thread 0x00007f82c80ae800 nmethod 1269 0x00007f82c53f6f50 code [0x00007f82c53f70c0, 0x00007f82c53f7318]
Event: 10.865 Thread 0x00007f82c80ab800 1271             java.util.ComparableTimSort::mergeHi (716 bytes)
Event: 10.866 Thread 0x00007f82c80ae800 1272             java.util.ComparableTimSort::gallopLeft (327 bytes)
Event: 10.882 Thread 0x00007f82c80ae800 nmethod 1272 0x00007f82c53fbfd0 code [0x00007f82c53fc280, 0x00007f82c53fcf70]
Event: 10.895 Thread 0x00007f82c80ae800 1273 %           java.util.ComparableTimSort::mergeLo @ 143 (652 bytes)
Event: 10.897 Thread 0x00007f82c80ab800 nmethod 1271 0x00007f82c53fe250 code [0x00007f82c53fe480, 0x00007f82c53ffab0]

GC Heap History (10 events):
Event: 8.293 GC heap after
Heap after GC invocations=7 (full 0):
 PSYoungGen      total 72192K, used 9696K [0x00000000eaa80000, 0x00000000f4180000, 0x0000000100000000)
  eden space 62464K, 0% used [0x00000000eaa80000,0x00000000eaa80000,0x00000000ee780000)
  from space 9728K, 99% used [0x00000000ee780000,0x00000000ef0f83d8,0x00000000ef100000)
  to   space 14848K, 0% used [0x00000000f3300000,0x00000000f3300000,0x00000000f4180000)
 ParOldGen       total 40960K, used 26035K [0x00000000c0000000, 0x00000000c2800000, 0x00000000eaa80000)
  object space 40960K, 63% used [0x00000000c0000000,0x00000000c196cf80,0x00000000c2800000)
 PSPermGen       total 21504K, used 7516K [0x00000000b5a00000, 0x00000000b6f00000, 0x00000000c0000000)
  object space 21504K, 34% used [0x00000000b5a00000,0x00000000b61573e8,0x00000000b6f00000)
}
Event: 8.694 GC heap before
{Heap before GC invocations=8 (full 0):
 PSYoungGen      total 72192K, used 72160K [0x00000000eaa80000, 0x00000000f4180000, 0x0000000100000000)
  eden space 62464K, 100% used [0x00000000eaa80000,0x00000000ee780000,0x00000000ee780000)
  from space 9728K, 99% used [0x00000000ee780000,0x00000000ef0f83d8,0x00000000ef100000)
  to   space 14848K, 0% used [0x00000000f3300000,0x00000000f3300000,0x00000000f4180000)
 ParOldGen       total 40960K, used 26035K [0x00000000c0000000, 0x00000000c2800000, 0x00000000eaa80000)
  object space 40960K, 63% used [0x00000000c0000000,0x00000000c196cf80,0x00000000c2800000)
 PSPermGen       total 21504K, used 7583K [0x00000000b5a00000, 0x00000000b6f00000, 0x00000000c0000000)
  object space 21504K, 35% used [0x00000000b5a00000,0x00000000b6167c78,0x00000000b6f00000)
Event: 8.707 GC heap after
Heap after GC invocations=8 (full 0):
 PSYoungGen      total 139264K, used 10987K [0x00000000eaa80000, 0x00000000f4280000, 0x0000000100000000)
  eden space 124416K, 0% used [0x00000000eaa80000,0x00000000eaa80000,0x00000000f2400000)
  from space 14848K, 73% used [0x00000000f3300000,0x00000000f3dbac70,0x00000000f4180000)
  to   space 15360K, 0% used [0x00000000f2400000,0x00000000f2400000,0x00000000f3300000)
 ParOldGen       total 40960K, used 26315K [0x00000000c0000000, 0x00000000c2800000, 0x00000000eaa80000)
  object space 40960K, 64% used [0x00000000c0000000,0x00000000c19b2f80,0x00000000c2800000)
 PSPermGen       total 21504K, used 7583K [0x00000000b5a00000, 0x00000000b6f00000, 0x00000000c0000000)
  object space 21504K, 35% used [0x00000000b5a00000,0x00000000b6167c78,0x00000000b6f00000)
}
Event: 9.869 GC heap before
{Heap before GC invocations=9 (full 0):
 PSYoungGen      total 139264K, used 133840K [0x00000000eaa80000, 0x00000000f4280000, 0x0000000100000000)
  eden space 124416K, 98% used [0x00000000eaa80000,0x00000000f22793a8,0x00000000f2400000)
  from space 14848K, 73% used [0x00000000f3300000,0x00000000f3dbac70,0x00000000f4180000)
  to   space 15360K, 0% used [0x00000000f2400000,0x00000000f2400000,0x00000000f3300000)
 ParOldGen       total 40960K, used 26315K [0x00000000c0000000, 0x00000000c2800000, 0x00000000eaa80000)
  object space 40960K, 64% used [0x00000000c0000000,0x00000000c19b2f80,0x00000000c2800000)
 PSPermGen       total 21504K, used 7694K [0x00000000b5a00000, 0x00000000b6f00000, 0x00000000c0000000)
  object space 21504K, 35% used [0x00000000b5a00000,0x00000000b61838f0,0x00000000b6f00000)
Event: 9.880 GC heap after
Heap after GC invocations=9 (full 0):
 PSYoungGen      total 139776K, used 9251K [0x00000000eaa80000, 0x00000000f8a00000, 0x0000000100000000)
  eden space 124416K, 0% used [0x00000000eaa80000,0x00000000eaa80000,0x00000000f2400000)
  from space 15360K, 60% used [0x00000000f2400000,0x00000000f2d08f98,0x00000000f3300000)
  to   space 14848K, 0% used [0x00000000f7b80000,0x00000000f7b80000,0x00000000f8a00000)
 ParOldGen       total 40960K, used 27876K [0x00000000c0000000, 0x00000000c2800000, 0x00000000eaa80000)
  object space 40960K, 68% used [0x00000000c0000000,0x00000000c1b39030,0x00000000c2800000)
 PSPermGen       total 21504K, used 7694K [0x00000000b5a00000, 0x00000000b6f00000, 0x00000000c0000000)
  object space 21504K, 35% used [0x00000000b5a00000,0x00000000b61838f0,0x00000000b6f00000)
}
Event: 10.250 GC heap before
{Heap before GC invocations=10 (full 0):
 PSYoungGen      total 139776K, used 133667K [0x00000000eaa80000, 0x00000000f8a00000, 0x0000000100000000)
  eden space 124416K, 100% used [0x00000000eaa80000,0x00000000f2400000,0x00000000f2400000)
  from space 15360K, 60% used [0x00000000f2400000,0x00000000f2d08f98,0x00000000f3300000)
  to   space 14848K, 0% used [0x00000000f7b80000,0x00000000f7b80000,0x00000000f8a00000)
 ParOldGen       total 40960K, used 27876K [0x00000000c0000000, 0x00000000c2800000, 0x00000000eaa80000)
  object space 40960K, 68% used [0x00000000c0000000,0x00000000c1b39030,0x00000000c2800000)
 PSPermGen       total 21504K, used 7703K [0x00000000b5a00000, 0x00000000b6f00000, 0x00000000c0000000)
  object space 21504K, 35% used [0x00000000b5a00000,0x00000000b6185d10,0x00000000b6f00000)
Event: 10.278 GC heap after
Heap after GC invocations=10 (full 0):
 PSYoungGen      total 213504K, used 11318K [0x00000000eaa80000, 0x00000000f8b00000, 0x0000000100000000)
  eden space 198656K, 0% used [0x00000000eaa80000,0x00000000eaa80000,0x00000000f6c80000)
  from space 14848K, 76% used [0x00000000f7b80000,0x00000000f868da28,0x00000000f8a00000)
  to   space 15360K, 0% used [0x00000000f6c80000,0x00000000f6c80000,0x00000000f7b80000)
 ParOldGen       total 40960K, used 35899K [0x00000000c0000000, 0x00000000c2800000, 0x00000000eaa80000)
  object space 40960K, 87% used [0x00000000c0000000,0x00000000c230ecc8,0x00000000c2800000)
 PSPermGen       total 21504K, used 7703K [0x00000000b5a00000, 0x00000000b6f00000, 0x00000000c0000000)
  object space 21504K, 35% used [0x00000000b5a00000,0x00000000b6185d10,0x00000000b6f00000)
}
Event: 10.278 GC heap before
{Heap before GC invocations=11 (full 1):
 PSYoungGen      total 213504K, used 11318K [0x00000000eaa80000, 0x00000000f8b00000, 0x0000000100000000)
  eden space 198656K, 0% used [0x00000000eaa80000,0x00000000eaa80000,0x00000000f6c80000)
  from space 14848K, 76% used [0x00000000f7b80000,0x00000000f868da28,0x00000000f8a00000)
  to   space 15360K, 0% used [0x00000000f6c80000,0x00000000f6c80000,0x00000000f7b80000)
 ParOldGen       total 40960K, used 35899K [0x00000000c0000000, 0x00000000c2800000, 0x00000000eaa80000)
  object space 40960K, 87% used [0x00000000c0000000,0x00000000c230ecc8,0x00000000c2800000)
 PSPermGen       total 21504K, used 7703K [0x00000000b5a00000, 0x00000000b6f00000, 0x00000000c0000000)
  object space 21504K, 35% used [0x00000000b5a00000,0x00000000b6185d10,0x00000000b6f00000)
Event: 10.481 GC heap after
Heap after GC invocations=11 (full 1):
 PSYoungGen      total 213504K, used 0K [0x00000000eaa80000, 0x00000000f8b00000, 0x0000000100000000)
  eden space 198656K, 0% used [0x00000000eaa80000,0x00000000eaa80000,0x00000000f6c80000)
  from space 14848K, 0% used [0x00000000f7b80000,0x00000000f7b80000,0x00000000f8a00000)
  to   space 15360K, 0% used [0x00000000f6c80000,0x00000000f6c80000,0x00000000f7b80000)
 ParOldGen       total 56832K, used 26813K [0x00000000c0000000, 0x00000000c3780000, 0x00000000eaa80000)
  object space 56832K, 47% used [0x00000000c0000000,0x00000000c1a2f670,0x00000000c3780000)
 PSPermGen       total 21504K, used 7699K [0x00000000b5a00000, 0x00000000b6f00000, 0x00000000c0000000)
  object space 21504K, 35% used [0x00000000b5a00000,0x00000000b6184e70,0x00000000b6f00000)
}
Event: 10.917 GC heap before
{Heap before GC invocations=12 (full 1):
 PSYoungGen      total 213504K, used 198656K [0x00000000eaa80000, 0x00000000f8b00000, 0x0000000100000000)
  eden space 198656K, 100% used [0x00000000eaa80000,0x00000000f6c80000,0x00000000f6c80000)
  from space 14848K, 0% used [0x00000000f7b80000,0x00000000f7b80000,0x00000000f8a00000)
  to   space 15360K, 0% used [0x00000000f6c80000,0x00000000f6c80000,0x00000000f7b80000)
 ParOldGen       total 56832K, used 26813K [0x00000000c0000000, 0x00000000c3780000, 0x00000000eaa80000)
  object space 56832K, 47% used [0x00000000c0000000,0x00000000c1a2f670,0x00000000c3780000)
 PSPermGen       total 21504K, used 7709K [0x00000000b5a00000, 0x00000000b6f00000, 0x00000000c0000000)
  object space 21504K, 35% used [0x00000000b5a00000,0x00000000b6187470,0x00000000b6f00000)

Deoptimization events (10 events):
Event: 10.152 Thread 0x00007f82c800b800 Uncommon trap: reason=unstable_if action=reinterpret pc=0x00007f82c533fd8c method=com.android.dex.Mutf8.countBytes(Ljava/lang/String;Z)J @ 28
Event: 10.213 Thread 0x00007f82c800b800 Uncommon trap: reason=unstable_if action=reinterpret pc=0x00007f82c5076dc0 method=com.android.dex.Mutf8.countBytes(Ljava/lang/String;Z)J @ 28
Event: 10.527 Thread 0x00007f82c800b800 Uncommon trap: reason=unstable_if action=reinterpret pc=0x00007f82c533972c method=com.android.dex.Mutf8.countBytes(Ljava/lang/String;Z)J @ 28
Event: 10.527 Thread 0x00007f82c800b800 Uncommon trap: reason=unstable_if action=reinterpret pc=0x00007f82c53dc5b4 method=com.android.dex.Mutf8.decode(Lcom/android/dex/util/ByteInput;[C)Ljava/lang/String; @ 54
Event: 10.527 Thread 0x00007f82c800b800 Uncommon trap: reason=unstable_if action=reinterpret pc=0x00007f82c530b4d8 method=com.android.dex.Mutf8.countBytes(Ljava/lang/String;Z)J @ 35
Event: 10.530 Thread 0x00007f82c800b800 Uncommon trap: reason=unstable_if action=reinterpret pc=0x00007f82c53c7acc method=com.android.dex.Mutf8.countBytes(Ljava/lang/String;Z)J @ 35
Event: 10.530 Thread 0x00007f82c800b800 Uncommon trap: reason=unstable_if action=reinterpret pc=0x00007f82c53e7c34 method=com.android.dex.Mutf8.encode([BILjava/lang/String;)V @ 31
Event: 10.532 Thread 0x00007f82c800b800 Uncommon trap: reason=unstable_if action=reinterpret pc=0x00007f82c53ec0d8 method=com.android.dex.Mutf8.encode([BILjava/lang/String;)V @ 31
Event: 10.747 Thread 0x00007f82c800b800 Uncommon trap: reason=unstable_if action=reinterpret pc=0x00007f82c53c18a8 method=java.util.ComparableTimSort.mergeHi(IIII)V @ 553
Event: 10.892 Thread 0x00007f82c800b800 Uncommon trap: reason=unstable_if action=reinterpret pc=0x00007f82c53f8b0c method=java.util.ComparableTimSort.mergeLo(IIII)V @ 506

Internal exceptions (10 events):
Event: 6.756 Thread 0x00007f82c800b800 Threw 0x00000000edd519f8 at /build/openjdk-7-zaTxYK/openjdk-7-7u91-2.6.3/build/openjdk/hotspot/src/share/vm/prims/jvm.cpp:1322
Event: 6.757 Thread 0x00007f82c800b800 Threw 0x00000000edd55690 at /build/openjdk-7-zaTxYK/openjdk-7-7u91-2.6.3/build/openjdk/hotspot/src/share/vm/prims/jvm.cpp:1322
Event: 6.757 Thread 0x00007f82c800b800 Threw 0x00000000edd59478 at /build/openjdk-7-zaTxYK/openjdk-7-7u91-2.6.3/build/openjdk/hotspot/src/share/vm/prims/jvm.cpp:1322
Event: 6.758 Thread 0x00007f82c800b800 Threw 0x00000000edd5f460 at /build/openjdk-7-zaTxYK/openjdk-7-7u91-2.6.3/build/openjdk/hotspot/src/share/vm/prims/jvm.cpp:1322
Event: 6.758 Thread 0x00007f82c800b800 Threw 0x00000000edd62f78 at /build/openjdk-7-zaTxYK/openjdk-7-7u91-2.6.3/build/openjdk/hotspot/src/share/vm/prims/jvm.cpp:1322
Event: 6.758 Thread 0x00007f82c800b800 Threw 0x00000000edd66c88 at /build/openjdk-7-zaTxYK/openjdk-7-7u91-2.6.3/build/openjdk/hotspot/src/share/vm/prims/jvm.cpp:1322
Event: 6.759 Thread 0x00007f82c800b800 Threw 0x00000000edd6a708 at /build/openjdk-7-zaTxYK/openjdk-7-7u91-2.6.3/build/openjdk/hotspot/src/share/vm/prims/jvm.cpp:1322
Event: 6.761 Thread 0x00007f82c800b800 Threw 0x00000000eddb2210 at /build/openjdk-7-zaTxYK/openjdk-7-7u91-2.6.3/build/openjdk/hotspot/src/share/vm/prims/jvm.cpp:1322
Event: 6.761 Thread 0x00007f82c800b800 Threw 0x00000000eddb4dd0 at /build/openjdk-7-zaTxYK/openjdk-7-7u91-2.6.3/build/openjdk/hotspot/src/share/vm/prims/jvm.cpp:1322
Event: 8.431 Thread 0x00007f82c800b800 Threw 0x00000000eba39870 at /build/openjdk-7-zaTxYK/openjdk-7-7u91-2.6.3/build/openjdk/hotspot/src/share/vm/prims/jvm.cpp:1322

Events (10 events):
Event: 10.576 Thread 0x00007f82c80ae800 flushing nmethod 0x00007f82c51c7810
Event: 10.747 Thread 0x00007f82c800b800 Uncommon trap: trap_request=0xffffff75 fr.pc=0x00007f82c53c18a8
Event: 10.747 Thread 0x00007f82c800b800 DEOPT PACKING pc=0x00007f82c53c18a8 sp=0x00007f82d178d350
Event: 10.747 Thread 0x00007f82c800b800 DEOPT UNPACKING pc=0x00007f82c5039445 sp=0x00007f82d178d368 mode 2
Event: 10.771 Thread 0x00007f82c80ae800 flushing nmethod 0x00007f82c5331450
Event: 10.882 Thread 0x00007f82c80ae800 flushing nmethod 0x00007f82c5367a90
Event: 10.892 Thread 0x00007f82c800b800 Uncommon trap: trap_request=0xffffff75 fr.pc=0x00007f82c53f8b0c
Event: 10.892 Thread 0x00007f82c800b800 DEOPT PACKING pc=0x00007f82c53f8b0c sp=0x00007f82d178d350
Event: 10.892 Thread 0x00007f82c800b800 DEOPT UNPACKING pc=0x00007f82c5039445 sp=0x00007f82d178d368 mode 2
Event: 10.917 Executing VM operation: ParallelGCFailedAllocation


Dynamic libraries:
00400000-00401000 r-xp 00000000 08:07 3148986                            /usr/lib/jvm/java-7-openjdk-amd64/jre/bin/java
00600000-00601000 r--p 00000000 08:07 3148986                            /usr/lib/jvm/java-7-openjdk-amd64/jre/bin/java
00601000-00602000 rw-p 00001000 08:07 3148986                            /usr/lib/jvm/java-7-openjdk-amd64/jre/bin/java
00b4d000-00b6e000 rw-p 00000000 00:00 0                                  [heap]
b5a00000-b6f00000 rw-p 00000000 00:00 0 
b6f00000-c0000000 rw-p 00000000 00:00 0 
c0000000-c3780000 rw-p 00000000 00:00 0 
c3780000-eaa80000 rw-p 00000000 00:00 0 
eaa80000-f8b00000 rw-p 00000000 00:00 0 
7f8274000000-7f827402f000 rw-p 00000000 00:00 0 
7f827402f000-7f8278000000 ---p 00000000 00:00 0 
7f8278000000-7f8278026000 rw-p 00000000 00:00 0 
7f8278026000-7f827c000000 ---p 00000000 00:00 0 
7f827c000000-7f827c021000 rw-p 00000000 00:00 0 
7f827c021000-7f8280000000 ---p 00000000 00:00 0 
7f8280000000-7f828002f000 rw-p 00000000 00:00 0 
7f828002f000-7f8284000000 ---p 00000000 00:00 0 
7f8284000000-7f8284021000 rw-p 00000000 00:00 0 
7f8284021000-7f8288000000 ---p 00000000 00:00 0 
7f8288000000-7f8288029000 rw-p 00000000 00:00 0 
7f8288029000-7f828c000000 ---p 00000000 00:00 0 
7f828c000000-7f828d23a000 rw-p 00000000 00:00 0 
7f828d23a000-7f8290000000 ---p 00000000 00:00 0 
7f8290000000-7f8290021000 rw-p 00000000 00:00 0 
7f8290021000-7f8294000000 ---p 00000000 00:00 0 
7f8294000000-7f8294021000 rw-p 00000000 00:00 0 
7f8294021000-7f8298000000 ---p 00000000 00:00 0 
7f8298000000-7f82996d1000 rw-p 00000000 00:00 0 
7f82996d1000-7f829c000000 ---p 00000000 00:00 0 
7f829c000000-7f829c021000 rw-p 00000000 00:00 0 
7f829c021000-7f82a0000000 ---p 00000000 00:00 0 
7f82a0000000-7f82a0021000 rw-p 00000000 00:00 0 
7f82a0021000-7f82a4000000 ---p 00000000 00:00 0 
7f82a4000000-7f82a4021000 rw-p 00000000 00:00 0 
7f82a4021000-7f82a8000000 ---p 00000000 00:00 0 
7f82a8000000-7f82a8242000 rw-p 00000000 00:00 0 
7f82a8242000-7f82ac000000 ---p 00000000 00:00 0 
7f82ac000000-7f82ac021000 rw-p 00000000 00:00 0 
7f82ac021000-7f82b0000000 ---p 00000000 00:00 0 
7f82b4000000-7f82b4021000 rw-p 00000000 00:00 0 
7f82b4021000-7f82b8000000 ---p 00000000 00:00 0 
7f82bc000000-7f82bc021000 rw-p 00000000 00:00 0 
7f82bc021000-7f82c0000000 ---p 00000000 00:00 0 
7f82c0468000-7f82c04a5000 r-xp 00000000 08:07 4198346                    /lib/x86_64-linux-gnu/libpcre.so.3.13.1
7f82c04a5000-7f82c06a4000 ---p 0003d000 08:07 4198346                    /lib/x86_64-linux-gnu/libpcre.so.3.13.1
7f82c06a4000-7f82c06a5000 r--p 0003c000 08:07 4198346                    /lib/x86_64-linux-gnu/libpcre.so.3.13.1
7f82c06a5000-7f82c06a6000 rw-p 0003d000 08:07 4198346                    /lib/x86_64-linux-gnu/libpcre.so.3.13.1
7f82c06a6000-7f82c06ad000 r-xp 00000000 08:07 1071226                    /usr/lib/x86_64-linux-gnu/libffi.so.6.0.1
7f82c06ad000-7f82c08ac000 ---p 00007000 08:07 1071226                    /usr/lib/x86_64-linux-gnu/libffi.so.6.0.1
7f82c08ac000-7f82c08ad000 r--p 00006000 08:07 1071226                    /usr/lib/x86_64-linux-gnu/libffi.so.6.0.1
7f82c08ad000-7f82c08ae000 rw-p 00007000 08:07 1071226                    /usr/lib/x86_64-linux-gnu/libffi.so.6.0.1
7f82c08ae000-7f82c08c5000 r-xp 00000000 08:07 4198341                    /lib/x86_64-linux-gnu/libresolv-2.19.so
7f82c08c5000-7f82c0ac5000 ---p 00017000 08:07 4198341                    /lib/x86_64-linux-gnu/libresolv-2.19.so
7f82c0ac5000-7f82c0ac6000 r--p 00017000 08:07 4198341                    /lib/x86_64-linux-gnu/libresolv-2.19.so
7f82c0ac6000-7f82c0ac7000 rw-p 00018000 08:07 4198341                    /lib/x86_64-linux-gnu/libresolv-2.19.so
7f82c0ac7000-7f82c0ac9000 rw-p 00000000 00:00 0 
7f82c0ac9000-7f82c0ae9000 r-xp 00000000 08:07 4198493                    /lib/x86_64-linux-gnu/libselinux.so.1
7f82c0ae9000-7f82c0ce8000 ---p 00020000 08:07 4198493                    /lib/x86_64-linux-gnu/libselinux.so.1
7f82c0ce8000-7f82c0ce9000 r--p 0001f000 08:07 4198493                    /lib/x86_64-linux-gnu/libselinux.so.1
7f82c0ce9000-7f82c0cea000 rw-p 00020000 08:07 4198493                    /lib/x86_64-linux-gnu/libselinux.so.1
7f82c0cea000-7f82c0cec000 rw-p 00000000 00:00 0 
7f82c0cec000-7f82c0cef000 r-xp 00000000 08:07 1048940                    /usr/lib/x86_64-linux-gnu/libgmodule-2.0.so.0.4002.0
7f82c0cef000-7f82c0eee000 ---p 00003000 08:07 1048940                    /usr/lib/x86_64-linux-gnu/libgmodule-2.0.so.0.4002.0
7f82c0eee000-7f82c0eef000 r--p 00002000 08:07 1048940                    /usr/lib/x86_64-linux-gnu/libgmodule-2.0.so.0.4002.0
7f82c0eef000-7f82c0ef0000 rw-p 00003000 08:07 1048940                    /usr/lib/x86_64-linux-gnu/libgmodule-2.0.so.0.4002.0
7f82c0ef0000-7f82c0ff6000 r-xp 00000000 08:07 4198308                    /lib/x86_64-linux-gnu/libglib-2.0.so.0.4002.0
7f82c0ff6000-7f82c11f5000 ---p 00106000 08:07 4198308                    /lib/x86_64-linux-gnu/libglib-2.0.so.0.4002.0
7f82c11f5000-7f82c11f6000 r--p 00105000 08:07 4198308                    /lib/x86_64-linux-gnu/libglib-2.0.so.0.4002.0
7f82c11f6000-7f82c11f7000 rw-p 00106000 08:07 4198308                    /lib/x86_64-linux-gnu/libglib-2.0.so.0.4002.0
7f82c11f7000-7f82c11f8000 rw-p 00000000 00:00 0 
7f82c11f8000-7f82c1247000 r-xp 00000000 08:07 1048958                    /usr/lib/x86_64-linux-gnu/libgobject-2.0.so.0.4002.0
7f82c1247000-7f82c1447000 ---p 0004f000 08:07 1048958                    /usr/lib/x86_64-linux-gnu/libgobject-2.0.so.0.4002.0
7f82c1447000-7f82c1448000 r--p 0004f000 08:07 1048958                    /usr/lib/x86_64-linux-gnu/libgobject-2.0.so.0.4002.0
7f82c1448000-7f82c1449000 rw-p 00050000 08:07 1048958                    /usr/lib/x86_64-linux-gnu/libgobject-2.0.so.0.4002.0
7f82c1449000-7f82c15b5000 r-xp 00000000 08:07 1048962                    /usr/lib/x86_64-linux-gnu/libgio-2.0.so.0.4002.0
7f82c15b5000-7f82c17b4000 ---p 0016c000 08:07 1048962                    /usr/lib/x86_64-linux-gnu/libgio-2.0.so.0.4002.0
7f82c17b4000-7f82c17b8000 r--p 0016b000 08:07 1048962                    /usr/lib/x86_64-linux-gnu/libgio-2.0.so.0.4002.0
7f82c17b8000-7f82c17ba000 rw-p 0016f000 08:07 1048962                    /usr/lib/x86_64-linux-gnu/libgio-2.0.so.0.4002.0
7f82c17ba000-7f82c17bc000 rw-p 00000000 00:00 0 
7f82c17bc000-7f82c17d3000 r-xp 00000000 08:07 3149050                    /usr/lib/jvm/java-7-openjdk-amd64/jre/lib/amd64/libnet.so
7f82c17d3000-7f82c19d2000 ---p 00017000 08:07 3149050                    /usr/lib/jvm/java-7-openjdk-amd64/jre/lib/amd64/libnet.so
7f82c19d2000-7f82c19d3000 r--p 00016000 08:07 3149050                    /usr/lib/jvm/java-7-openjdk-amd64/jre/lib/amd64/libnet.so
7f82c19d3000-7f82c19d4000 rw-p 00017000 08:07 3149050                    /usr/lib/jvm/java-7-openjdk-amd64/jre/lib/amd64/libnet.so
7f82c19d4000-7f82c19e4000 r-xp 00000000 08:07 3149013                    /usr/lib/jvm/java-7-openjdk-amd64/jre/lib/amd64/libnio.so
7f82c19e4000-7f82c1be4000 ---p 00010000 08:07 3149013                    /usr/lib/jvm/java-7-openjdk-amd64/jre/lib/amd64/libnio.so
7f82c1be4000-7f82c1be5000 r--p 00010000 08:07 3149013                    /usr/lib/jvm/java-7-openjdk-amd64/jre/lib/amd64/libnio.so
7f82c1be5000-7f82c1be6000 rw-p 00011000 08:07 3149013                    /usr/lib/jvm/java-7-openjdk-amd64/jre/lib/amd64/libnio.so
7f82c1be6000-7f82c1be9000 ---p 00000000 00:00 0 
7f82c1be9000-7f82c1ce7000 rw-p 00000000 00:00 0 
7f82c1ce7000-7f82c1cea000 ---p 00000000 00:00 0 
7f82c1cea000-7f82c1de8000 rw-p 00000000 00:00 0 
7f82c1de8000-7f82c1deb000 ---p 00000000 00:00 0 
7f82c1deb000-7f82c1ee9000 rw-p 00000000 00:00 0 
7f82c1ee9000-7f82c1eec000 ---p 00000000 00:00 0 
7f82c1eec000-7f82c1fea000 rw-p 00000000 00:00 0 
7f82c1fea000-7f82c1fed000 ---p 00000000 00:00 0 
7f82c1fed000-7f82c20eb000 rw-p 00000000 00:00 0 
7f82c20eb000-7f82c20ec000 ---p 00000000 00:00 0 
7f82c20ec000-7f82c21ec000 rw-p 00000000 00:00 0                          [stack:5635]
7f82c21ec000-7f82c21ef000 ---p 00000000 00:00 0 
7f82c21ef000-7f82c22ed000 rw-p 00000000 00:00 0                          [stack:5634]
7f82c22ed000-7f82c22f0000 ---p 00000000 00:00 0 
7f82c22f0000-7f82c23ee000 rw-p 00000000 00:00 0                          [stack:5633]
7f82c23ee000-7f82c2ad0000 r--p 00000000 08:07 1056383                    /usr/lib/locale/locale-archive
7f82c2ad0000-7f82c5000000 rw-p 00000000 00:00 0 
7f82c5000000-7f82c5410000 rwxp 00000000 00:00 0 
7f82c5410000-7f82c823a000 rw-p 00000000 00:00 0 
7f82c823a000-7f82cc000000 ---p 00000000 00:00 0 
7f82cc0b1000-7f82cc0b4000 ---p 00000000 00:00 0 
7f82cc0b4000-7f82cc1b2000 rw-p 00000000 00:00 0                          [stack:5632]
7f82cc1b2000-7f82cc1b5000 ---p 00000000 00:00 0 
7f82cc1b5000-7f82cc2b3000 rw-p 00000000 00:00 0                          [stack:5631]
7f82cc2b3000-7f82cc2b6000 ---p 00000000 00:00 0 
7f82cc2b6000-7f82cc3b4000 rw-p 00000000 00:00 0                          [stack:5630]
7f82cc3b4000-7f82cc3b7000 ---p 00000000 00:00 0 
7f82cc3b7000-7f82cc4b5000 rw-p 00000000 00:00 0                          [stack:5629]
7f82cc4b5000-7f82cc4b6000 ---p 00000000 00:00 0 
7f82cc4b6000-7f82cd5b3000 rw-p 00000000 00:00 0                          [stack:5628]
7f82cd5b3000-7f82cd765000 r--s 01d2e000 08:07 3149006                    /usr/lib/jvm/java-7-openjdk-amd64/jre/lib/rt.jar
7f82cd765000-7f82cdac9000 rw-p 00000000 00:00 0 
7f82cdac9000-7f82cdaca000 ---p 00000000 00:00 0 
7f82cdaca000-7f82cdbca000 rw-p 00000000 00:00 0                          [stack:5627]
7f82cdbca000-7f82cdbcb000 ---p 00000000 00:00 0 
7f82cdbcb000-7f82cdccb000 rw-p 00000000 00:00 0                          [stack:5626]
7f82cdccb000-7f82cdccc000 ---p 00000000 00:00 0 
7f82cdccc000-7f82cddcc000 rw-p 00000000 00:00 0                          [stack:5625]
7f82cddcc000-7f82cddcd000 ---p 00000000 00:00 0 
7f82cddcd000-7f82cded8000 rw-p 00000000 00:00 0                          [stack:5624]
7f82cded8000-7f82cdf20000 rw-p 00000000 00:00 0 
7f82cdf20000-7f82cdf3c000 rw-p 00000000 00:00 0 
7f82cdf3c000-7f82ce076000 rw-p 00000000 00:00 0 
7f82ce076000-7f82ce081000 rw-p 00000000 00:00 0 
7f82ce081000-7f82ce0c9000 rw-p 00000000 00:00 0 
7f82ce0c9000-7f82ce0e5000 rw-p 00000000 00:00 0 
7f82ce0e5000-7f82ce21e000 rw-p 00000000 00:00 0 
7f82ce21e000-7f82ce28f000 rw-p 00000000 00:00 0 
7f82ce28f000-7f82ce2c9000 rw-p 00000000 00:00 0 
7f82ce2c9000-7f82ce2ca000 rw-p 00000000 00:00 0 
7f82ce2ca000-7f82ce2d2000 r-xp 00000000 08:07 3149018                    /usr/lib/jvm/java-7-openjdk-amd64/jre/lib/amd64/libzip.so
7f82ce2d2000-7f82ce4d1000 ---p 00008000 08:07 3149018                    /usr/lib/jvm/java-7-openjdk-amd64/jre/lib/amd64/libzip.so
7f82ce4d1000-7f82ce4d2000 r--p 00007000 08:07 3149018                    /usr/lib/jvm/java-7-openjdk-amd64/jre/lib/amd64/libzip.so
7f82ce4d2000-7f82ce4d3000 rw-p 00008000 08:07 3149018                    /usr/lib/jvm/java-7-openjdk-amd64/jre/lib/amd64/libzip.so
7f82ce4d3000-7f82ce4de000 r-xp 00000000 08:07 4198440                    /lib/x86_64-linux-gnu/libnss_files-2.19.so
7f82ce4de000-7f82ce6dd000 ---p 0000b000 08:07 4198440                    /lib/x86_64-linux-gnu/libnss_files-2.19.so
7f82ce6dd000-7f82ce6de000 r--p 0000a000 08:07 4198440                    /lib/x86_64-linux-gnu/libnss_files-2.19.so
7f82ce6de000-7f82ce6df000 rw-p 0000b000 08:07 4198440                    /lib/x86_64-linux-gnu/libnss_files-2.19.so
7f82ce6df000-7f82ce6ea000 r-xp 00000000 08:07 4200064                    /lib/x86_64-linux-gnu/libnss_nis-2.19.so
7f82ce6ea000-7f82ce8e9000 ---p 0000b000 08:07 4200064                    /lib/x86_64-linux-gnu/libnss_nis-2.19.so
7f82ce8e9000-7f82ce8ea000 r--p 0000a000 08:07 4200064                    /lib/x86_64-linux-gnu/libnss_nis-2.19.so
7f82ce8ea000-7f82ce8eb000 rw-p 0000b000 08:07 4200064                    /lib/x86_64-linux-gnu/libnss_nis-2.19.so
7f82ce8eb000-7f82ce902000 r-xp 00000000 08:07 4199530                    /lib/x86_64-linux-gnu/libnsl-2.19.so
7f82ce902000-7f82ceb01000 ---p 00017000 08:07 4199530                    /lib/x86_64-linux-gnu/libnsl-2.19.so
7f82ceb01000-7f82ceb02000 r--p 00016000 08:07 4199530                    /lib/x86_64-linux-gnu/libnsl-2.19.so
7f82ceb02000-7f82ceb03000 rw-p 00017000 08:07 4199530                    /lib/x86_64-linux-gnu/libnsl-2.19.so
7f82ceb03000-7f82ceb05000 rw-p 00000000 00:00 0 
7f82ceb05000-7f82ceb0e000 r-xp 00000000 08:07 4198482                    /lib/x86_64-linux-gnu/libnss_compat-2.19.so
7f82ceb0e000-7f82ced0d000 ---p 00009000 08:07 4198482                    /lib/x86_64-linux-gnu/libnss_compat-2.19.so
7f82ced0d000-7f82ced0e000 r--p 00008000 08:07 4198482                    /lib/x86_64-linux-gnu/libnss_compat-2.19.so
7f82ced0e000-7f82ced0f000 rw-p 00009000 08:07 4198482                    /lib/x86_64-linux-gnu/libnss_compat-2.19.so
7f82ced0f000-7f82ced3a000 r-xp 00000000 08:07 3149029                    /usr/lib/jvm/java-7-openjdk-amd64/jre/lib/amd64/libjava.so
7f82ced3a000-7f82cef3a000 ---p 0002b000 08:07 3149029                    /usr/lib/jvm/java-7-openjdk-amd64/jre/lib/amd64/libjava.so
7f82cef3a000-7f82cef3b000 r--p 0002b000 08:07 3149029                    /usr/lib/jvm/java-7-openjdk-amd64/jre/lib/amd64/libjava.so
7f82cef3b000-7f82cef3d000 rw-p 0002c000 08:07 3149029                    /usr/lib/jvm/java-7-openjdk-amd64/jre/lib/amd64/libjava.so
7f82cef3d000-7f82cef4d000 r-xp 00000000 08:07 3149045                    /usr/lib/jvm/java-7-openjdk-amd64/jre/lib/amd64/libverify.so
7f82cef4d000-7f82cf14c000 ---p 00010000 08:07 3149045                    /usr/lib/jvm/java-7-openjdk-amd64/jre/lib/amd64/libverify.so
7f82cf14c000-7f82cf14e000 r--p 0000f000 08:07 3149045                    /usr/lib/jvm/java-7-openjdk-amd64/jre/lib/amd64/libverify.so
7f82cf14e000-7f82cf14f000 rw-p 00011000 08:07 3149045                    /usr/lib/jvm/java-7-openjdk-amd64/jre/lib/amd64/libverify.so
7f82cf14f000-7f82cf156000 r-xp 00000000 08:07 4200061                    /lib/x86_64-linux-gnu/librt-2.19.so
7f82cf156000-7f82cf355000 ---p 00007000 08:07 4200061                    /lib/x86_64-linux-gnu/librt-2.19.so
7f82cf355000-7f82cf356000 r--p 00006000 08:07 4200061                    /lib/x86_64-linux-gnu/librt-2.19.so
7f82cf356000-7f82cf357000 rw-p 00007000 08:07 4200061                    /lib/x86_64-linux-gnu/librt-2.19.so
7f82cf357000-7f82cf36d000 r-xp 00000000 08:07 4223721                    /lib/x86_64-linux-gnu/libgcc_s.so.1
7f82cf36d000-7f82cf56c000 ---p 00016000 08:07 4223721                    /lib/x86_64-linux-gnu/libgcc_s.so.1
7f82cf56c000-7f82cf56d000 rw-p 00015000 08:07 4223721                    /lib/x86_64-linux-gnu/libgcc_s.so.1
7f82cf56d000-7f82cf672000 r-xp 00000000 08:07 4198343                    /lib/x86_64-linux-gnu/libm-2.19.so
7f82cf672000-7f82cf871000 ---p 00105000 08:07 4198343                    /lib/x86_64-linux-gnu/libm-2.19.so
7f82cf871000-7f82cf872000 r--p 00104000 08:07 4198343                    /lib/x86_64-linux-gnu/libm-2.19.so
7f82cf872000-7f82cf873000 rw-p 00105000 08:07 4198343                    /lib/x86_64-linux-gnu/libm-2.19.so
7f82cf873000-7f82cf959000 r-xp 00000000 08:07 1052838                    /usr/lib/x86_64-linux-gnu/libstdc++.so.6.0.19
7f82cf959000-7f82cfb58000 ---p 000e6000 08:07 1052838                    /usr/lib/x86_64-linux-gnu/libstdc++.so.6.0.19
7f82cfb58000-7f82cfb60000 r--p 000e5000 08:07 1052838                    /usr/lib/x86_64-linux-gnu/libstdc++.so.6.0.19
7f82cfb60000-7f82cfb62000 rw-p 000ed000 08:07 1052838                    /usr/lib/x86_64-linux-gnu/libstdc++.so.6.0.19
7f82cfb62000-7f82cfb77000 rw-p 00000000 00:00 0 
7f82cfb77000-7f82d069b000 r-xp 00000000 08:07 3149035                    /usr/lib/jvm/java-7-openjdk-amd64/jre/lib/amd64/server/libjvm.so
7f82d069b000-7f82d089b000 ---p 00b24000 08:07 3149035                    /usr/lib/jvm/java-7-openjdk-amd64/jre/lib/amd64/server/libjvm.so
7f82d089b000-7f82d0935000 r--p 00b24000 08:07 3149035                    /usr/lib/jvm/java-7-openjdk-amd64/jre/lib/amd64/server/libjvm.so
7f82d0935000-7f82d0958000 rw-p 00bbe000 08:07 3149035                    /usr/lib/jvm/java-7-openjdk-amd64/jre/lib/amd64/server/libjvm.so
7f82d0958000-7f82d0986000 rw-p 00000000 00:00 0 
7f82d0986000-7f82d099e000 r-xp 00000000 08:07 4198526                    /lib/x86_64-linux-gnu/libz.so.1.2.8
7f82d099e000-7f82d0b9d000 ---p 00018000 08:07 4198526                    /lib/x86_64-linux-gnu/libz.so.1.2.8
7f82d0b9d000-7f82d0b9e000 r--p 00017000 08:07 4198526                    /lib/x86_64-linux-gnu/libz.so.1.2.8
7f82d0b9e000-7f82d0b9f000 rw-p 00018000 08:07 4198526                    /lib/x86_64-linux-gnu/libz.so.1.2.8
7f82d0b9f000-7f82d0bb8000 r-xp 00000000 08:07 4200059                    /lib/x86_64-linux-gnu/libpthread-2.19.so
7f82d0bb8000-7f82d0db7000 ---p 00019000 08:07 4200059                    /lib/x86_64-linux-gnu/libpthread-2.19.so
7f82d0db7000-7f82d0db8000 r--p 00018000 08:07 4200059                    /lib/x86_64-linux-gnu/libpthread-2.19.so
7f82d0db8000-7f82d0db9000 rw-p 00019000 08:07 4200059                    /lib/x86_64-linux-gnu/libpthread-2.19.so
7f82d0db9000-7f82d0dbd000 rw-p 00000000 00:00 0 
7f82d0dbd000-7f82d0dc0000 r-xp 00000000 08:07 4198451                    /lib/x86_64-linux-gnu/libdl-2.19.so
7f82d0dc0000-7f82d0fbf000 ---p 00003000 08:07 4198451                    /lib/x86_64-linux-gnu/libdl-2.19.so
7f82d0fbf000-7f82d0fc0000 r--p 00002000 08:07 4198451                    /lib/x86_64-linux-gnu/libdl-2.19.so
7f82d0fc0000-7f82d0fc1000 rw-p 00003000 08:07 4198451                    /lib/x86_64-linux-gnu/libdl-2.19.so
7f82d0fc1000-7f82d117c000 r-xp 00000000 08:07 4200058                    /lib/x86_64-linux-gnu/libc-2.19.so
7f82d117c000-7f82d137b000 ---p 001bb000 08:07 4200058                    /lib/x86_64-linux-gnu/libc-2.19.so
7f82d137b000-7f82d137f000 r--p 001ba000 08:07 4200058                    /lib/x86_64-linux-gnu/libc-2.19.so
7f82d137f000-7f82d1381000 rw-p 001be000 08:07 4200058                    /lib/x86_64-linux-gnu/libc-2.19.so
7f82d1381000-7f82d1386000 rw-p 00000000 00:00 0 
7f82d1386000-7f82d1393000 r-xp 00000000 08:07 3149046                    /usr/lib/jvm/java-7-openjdk-amd64/jre/lib/amd64/jli/libjli.so
7f82d1393000-7f82d1592000 ---p 0000d000 08:07 3149046                    /usr/lib/jvm/java-7-openjdk-amd64/jre/lib/amd64/jli/libjli.so
7f82d1592000-7f82d1593000 r--p 0000c000 08:07 3149046                    /usr/lib/jvm/java-7-openjdk-amd64/jre/lib/amd64/jli/libjli.so
7f82d1593000-7f82d1594000 rw-p 0000d000 08:07 3149046                    /usr/lib/jvm/java-7-openjdk-amd64/jre/lib/amd64/jli/libjli.so
7f82d1594000-7f82d15b7000 r-xp 00000000 08:07 4200046                    /lib/x86_64-linux-gnu/ld-2.19.so
7f82d15b9000-7f82d15ba000 rw-p 00000000 00:00 0 
7f82d15ba000-7f82d15bf000 r--s 0004e000 08:07 3149062                    /usr/lib/jvm/java-7-openjdk-amd64/jre/lib/jsse.jar
7f82d15bf000-7f82d15ce000 r--s 000df000 08:07 3419560                    /home/sanket/android-sdks/build-tools/23.0.0/lib/dx.jar
7f82d15ce000-7f82d15df000 rw-p 00000000 00:00 0 
7f82d15df000-7f82d168e000 rw-p 00000000 00:00 0 
7f82d168e000-7f82d1691000 ---p 00000000 00:00 0 
7f82d1691000-7f82d1794000 rw-p 00000000 00:00 0                          [stack:5623]
7f82d1794000-7f82d1795000 r--s 00002000 08:07 3149003                    /usr/lib/jvm/java-7-openjdk-amd64/jre/lib/ext/dnsns.jar
7f82d1795000-7f82d1799000 r--s 00085000 08:07 3148999                    /usr/lib/jvm/java-7-openjdk-amd64/jre/lib/ext/localedata.jar
7f82d1799000-7f82d179b000 r--s 00012000 08:07 3148998                    /usr/lib/jvm/java-7-openjdk-amd64/jre/lib/ext/zipfs.jar
7f82d179b000-7f82d179f000 r--s 0003c000 08:07 3149002                    /usr/lib/jvm/java-7-openjdk-amd64/jre/lib/ext/sunpkcs11.jar
7f82d179f000-7f82d17a1000 r--s 00006000 08:07 1456370                    /usr/share/java/java-atk-wrapper.jar
7f82d17a1000-7f82d17a5000 r--s 00034000 08:07 3149001                    /usr/lib/jvm/java-7-openjdk-amd64/jre/lib/ext/sunjce_provider.jar
7f82d17a5000-7f82d17a8000 r--s 0000f000 08:07 3149000                    /usr/lib/jvm/java-7-openjdk-amd64/jre/lib/ext/icedtea-sound.jar
7f82d17a8000-7f82d17b0000 rw-s 00000000 08:07 536836                     /tmp/hsperfdata_sanket/5618
7f82d17b0000-7f82d17b1000 rw-p 00000000 00:00 0 
7f82d17b1000-7f82d17b2000 ---p 00000000 00:00 0 
7f82d17b2000-7f82d17b4000 rw-p 00000000 00:00 0 
7f82d17b4000-7f82d17b6000 r-xp 00000000 00:00 0                          [vdso]
7f82d17b6000-7f82d17b7000 r--p 00022000 08:07 4200046                    /lib/x86_64-linux-gnu/ld-2.19.so
7f82d17b7000-7f82d17b8000 rw-p 00023000 08:07 4200046                    /lib/x86_64-linux-gnu/ld-2.19.so
7f82d17b8000-7f82d17b9000 rw-p 00000000 00:00 0 
7ffefb4ed000-7ffefb50f000 rw-p 00000000 00:00 0                          [stack]
ffffffffff600000-ffffffffff601000 r-xp 00000000 00:00 0                  [vsyscall]

VM Arguments:
jvm_args: -Xmx1024M -Dfile.encoding=UTF-8 -Duser.country=US -Duser.language=en -Duser.variant 
java_command: com.android.dx.command.Main --dex --num-threads=4 --output /home/sanket/lokavidyaapp/app/build/intermediates/dex/debug /home/sanket/lokavidyaapp/app/build/intermediates/classes/debug /home/sanket/lokavidyaapp/app/build/intermediates/pre-dexed/debug/javax.inject-1-0b64f9413fa3755ee930a0fd931b6f28fcfd1ba8.jar /home/sanket/lokavidyaapp/app/build/intermediates/pre-dexed/debug/support-annotations-23.0.0-41a437c02f7a6970c95c376ed6bdd70acb20bd01.jar /home/sanket/lokavidyaapp/app/build/intermediates/pre-dexed/debug/javawriter-2.5.0-3a8d508bc10837ab8cbcf85fe449bc3dec7561df.jar /home/sanket/lokavidyaapp/app/build/intermediates/pre-dexed/debug/classes-9946c7561ec486b51eee390f106f62bd579179b7.jar /home/sanket/lokavidyaapp/app/build/intermediates/pre-dexed/debug/classes-933ffedcad5cb31d6ab3ccf7ef238196230202d9.jar /home/sanket/lokavidyaapp/app/build/intermediates/pre-dexed/debug/classes-3e3f061d8e3b328eb2bc8ba78f255a7e21c5d841.jar /home/sanket/lokavidyaapp/app/build/intermediates/pre-dexed/debug/okhttp-urlconnection-2.2.0-976743ddad9a3ef9722483664b09ec90ad5f909c.jar /home/sanket/lokavidyaapp/app/build/intermediates/pre-dexed/debug/butterknife-5.1.2-b3d4f342f7177b4c045966065578a25e60c3253d.jar /home/sanket/lokavidyaapp/app/build/intermediates/pre-dexed/debug/dagger-1.2.2-535aaddd739252e164b51798e401f84fb8e1be12.jar /home/sanket/lokavidyaapp/app/build/intermediates/pre-dexed/debug/classes-5c544c235141166f4ac169edb86c17617b49dabd.jar /home/sanket/lokavidyaapp/app/build/intermediates/pre-dexed/debug/okio-1.3.0-0142cacad9fb31a4c96c9dd698abb91efe6d30a0.jar /home/sanket/lokavidyaapp/app/build/intermediates/pre-dexed/debug/dagger-compiler-1.2.2-7be9a82b60fc011b33e043a701870302c8455329.jar /home/sanket/lokavidyaapp/app/build/intermediates/pre-dexed/debug/classes-19aa64ff8b564cc1eca1761211721def1ec26b92.jar /home/sanket/lokavidyaapp/app/build/intermediates/pre-dexed/debug/picasso-2.4.0-49da5b14e642f5132d25b7fb3fef55bb03b48420.jar /home/sanket/lokavidyaapp/app/build/interme
Launcher Type: SUN_STANDARD

Environment Variables:
PATH=/home/sanket/bin:/usr/local/sbin:/usr/local/bin:/usr/sbin:/usr/bin:/sbin:/bin:/usr/games:/usr/local/games
SHELL=/bin/bash
DISPLAY=:0

Signal Handlers:
SIGSEGV: [libjvm.so+0x9548f0], sa_mask[0]=0x7ffbfeff, sa_flags=0x10000004
SIGBUS: [libjvm.so+0x9548f0], sa_mask[0]=0x7ffbfeff, sa_flags=0x10000004
SIGFPE: [libjvm.so+0x7cb0b0], sa_mask[0]=0x7ffbfeff, sa_flags=0x10000004
SIGPIPE: [libjvm.so+0x7cb0b0], sa_mask[0]=0x7ffbfeff, sa_flags=0x10000004
SIGXFSZ: [libjvm.so+0x7cb0b0], sa_mask[0]=0x7ffbfeff, sa_flags=0x10000004
SIGILL: [libjvm.so+0x7cb0b0], sa_mask[0]=0x7ffbfeff, sa_flags=0x10000004
SIGUSR1: SIG_DFL, sa_mask[0]=0x00000000, sa_flags=0x00000000
SIGUSR2: [libjvm.so+0x7caf50], sa_mask[0]=0x00000004, sa_flags=0x10000004
SIGHUP: [libjvm.so+0x7cb130], sa_mask[0]=0x7ffbfeff, sa_flags=0x10000004
SIGINT: [libjvm.so+0x7cb130], sa_mask[0]=0x7ffbfeff, sa_flags=0x10000004
SIGTERM: [libjvm.so+0x7cb130], sa_mask[0]=0x7ffbfeff, sa_flags=0x10000004
SIGQUIT: [libjvm.so+0x7cb130], sa_mask[0]=0x7ffbfeff, sa_flags=0x10000004
SIGTRAP: SIG_DFL, sa_mask[0]=0x00000000, sa_flags=0x00000000


---------------  S Y S T E M  ---------------

OS:Ubuntu 14.04 (trusty)
uname:Linux 3.13.0-76-generic #120-Ubuntu SMP Mon Jan 18 15:59:10 UTC 2016 x86_64
libc:glibc 2.19 NPTL 2.19 
rlimit: STACK 8192k, CORE 0k, NPROC 30418, NOFILE 4096, AS infinity
load average:3.74 1.47 0.93

/proc/meminfo:
MemTotal:        3950084 kB
MemFree:          113280 kB
Buffers:             468 kB
Cached:           301692 kB
SwapCached:            0 kB
Active:          3383336 kB
Inactive:         295464 kB
Active(anon):    3379200 kB
Inactive(anon):   289104 kB
Active(file):       4136 kB
Inactive(file):     6360 kB
Unevictable:          32 kB
Mlocked:              32 kB
SwapTotal:             0 kB
SwapFree:              0 kB
Dirty:               100 kB
Writeback:             0 kB
AnonPages:       3376868 kB
Mapped:            63632 kB
Shmem:            291468 kB
Slab:              63512 kB
SReclaimable:      30848 kB
SUnreclaim:        32664 kB
KernelStack:        4616 kB
PageTables:        34448 kB
NFS_Unstable:          0 kB
Bounce:                0 kB
WritebackTmp:          0 kB
CommitLimit:     1975040 kB
Committed_AS:    7173740 kB
VmallocTotal:   34359738367 kB
VmallocUsed:      348256 kB
VmallocChunk:   34359362940 kB
HardwareCorrupted:     0 kB
AnonHugePages:   1421312 kB
HugePages_Total:       0
HugePages_Free:        0
HugePages_Rsvd:        0
HugePages_Surp:        0
Hugepagesize:       2048 kB
DirectMap4k:       84348 kB
DirectMap2M:     2963456 kB
DirectMap1G:     1048576 kB


CPU:total 4 (2 cores per cpu, 2 threads per core) family 6 model 69 stepping 1, cmov, cx8, fxsr, mmx, sse, sse2, sse3, ssse3, sse4.1, sse4.2, popcnt, avx, avx2, aes, erms, ht, tsc, tscinvbit

/proc/cpuinfo:
processor	: 0
vendor_id	: GenuineIntel
cpu family	: 6
model		: 69
model name	: Intel(R) Core(TM) i5-4210U CPU @ 1.70GHz
stepping	: 1
microcode	: 0x17
cpu MHz		: 1700.000
cache size	: 3072 KB
physical id	: 0
siblings	: 4
core id		: 0
cpu cores	: 2
apicid		: 0
initial apicid	: 0
fpu		: yes
fpu_exception	: yes
cpuid level	: 13
wp		: yes
flags		: fpu vme de pse tsc msr pae mce cx8 apic sep mtrr pge mca cmov pat pse36 clflush dts acpi mmx fxsr sse sse2 ss ht tm pbe syscall nx pdpe1gb rdtscp lm constant_tsc arch_perfmon pebs bts rep_good nopl xtopology nonstop_tsc aperfmperf eagerfpu pni pclmulqdq dtes64 monitor ds_cpl vmx est tm2 ssse3 fma cx16 xtpr pdcm pcid sse4_1 sse4_2 movbe popcnt tsc_deadline_timer aes xsave avx f16c rdrand lahf_lm abm ida arat epb xsaveopt pln pts dtherm tpr_shadow vnmi flexpriority ept vpid fsgsbase tsc_adjust bmi1 avx2 smep bmi2 erms invpcid
bogomips	: 3392.16
clflush size	: 64
cache_alignment	: 64
address sizes	: 39 bits physical, 48 bits virtual
power management:

processor	: 1
vendor_id	: GenuineIntel
cpu family	: 6
model		: 69
model name	: Intel(R) Core(TM) i5-4210U CPU @ 1.70GHz
stepping	: 1
microcode	: 0x17
cpu MHz		: 782.000
cache size	: 3072 KB
physical id	: 0
siblings	: 4
core id		: 1
cpu cores	: 2
apicid		: 2
initial apicid	: 2
fpu		: yes
fpu_exception	: yes
cpuid level	: 13
wp		: yes
flags		: fpu vme de pse tsc msr pae mce cx8 apic sep mtrr pge mca cmov pat pse36 clflush dts acpi mmx fxsr sse sse2 ss ht tm pbe syscall nx pdpe1gb rdtscp lm constant_tsc arch_perfmon pebs bts rep_good nopl xtopology nonstop_tsc aperfmperf eagerfpu pni pclmulqdq dtes64 monitor ds_cpl vmx est tm2 ssse3 fma cx16 xtpr pdcm pcid sse4_1 sse4_2 movbe popcnt tsc_deadline_timer aes xsave avx f16c rdrand lahf_lm abm ida arat epb xsaveopt pln pts dtherm tpr_shadow vnmi flexpriority ept vpid fsgsbase tsc_adjust bmi1 avx2 smep bmi2 erms invpcid
bogomips	: 3392.16
clflush size	: 64
cache_alignment	: 64
address sizes	: 39 bits physical, 48 bits virtual
power management:

processor	: 2
vendor_id	: GenuineIntel
cpu family	: 6
model		: 69
model name	: Intel(R) Core(TM) i5-4210U CPU @ 1.70GHz
stepping	: 1
microcode	: 0x17
cpu MHz		: 1700.000
cache size	: 3072 KB
physical id	: 0
siblings	: 4
core id		: 0
cpu cores	: 2
apicid		: 1
initial apicid	: 1
fpu		: yes
fpu_exception	: yes
cpuid level	: 13
wp		: yes
flags		: fpu vme de pse tsc msr pae mce cx8 apic sep mtrr pge mca cmov pat pse36 clflush dts acpi mmx fxsr sse sse2 ss ht tm pbe syscall nx pdpe1gb rdtscp lm constant_tsc arch_perfmon pebs bts rep_good nopl xtopology nonstop_tsc aperfmperf eagerfpu pni pclmulqdq dtes64 monitor ds_cpl vmx est tm2 ssse3 fma cx16 xtpr pdcm pcid sse4_1 sse4_2 movbe popcnt tsc_deadline_timer aes xsave avx f16c rdrand lahf_lm abm ida arat epb xsaveopt pln pts dtherm tpr_shadow vnmi flexpriority ept vpid fsgsbase tsc_adjust bmi1 avx2 smep bmi2 erms invpcid
bogomips	: 3392.16
clflush size	: 64
cache_alignment	: 64
address sizes	: 39 bits physical, 48 bits virtual
power management:

processor	: 3
vendor_id	: GenuineIntel
cpu family	: 6
model		: 69
model name	: Intel(R) Core(TM) i5-4210U CPU @ 1.70GHz
stepping	: 1
microcode	: 0x17
cpu MHz		: 782.000
cache size	: 3072 KB
physical id	: 0
siblings	: 4
core id		: 1
cpu cores	: 2
apicid		: 3
initial apicid	: 3
fpu		: yes
fpu_exception	: yes
cpuid level	: 13
wp		: yes
flags		: fpu vme de pse tsc msr pae mce cx8 apic sep mtrr pge mca cmov pat pse36 clflush dts acpi mmx fxsr sse sse2 ss ht tm pbe syscall nx pdpe1gb rdtscp lm constant_tsc arch_perfmon pebs bts rep_good nopl xtopology nonstop_tsc aperfmperf eagerfpu pni pclmulqdq dtes64 monitor ds_cpl vmx est tm2 ssse3 fma cx16 xtpr pdcm pcid sse4_1 sse4_2 movbe popcnt tsc_deadline_timer aes xsave avx f16c rdrand lahf_lm abm ida arat epb xsaveopt pln pts dtherm tpr_shadow vnmi flexpriority ept vpid fsgsbase tsc_adjust bmi1 avx2 smep bmi2 erms invpcid
bogomips	: 3392.16
clflush size	: 64
cache_alignment	: 64
address sizes	: 39 bits physical, 48 bits virtual
power management:



Memory: 4k page, physical 3950084k(113280k free), swap 0k(0k free)

vm_info: OpenJDK 64-Bit Server VM (24.91-b01) for linux-amd64 JRE (1.7.0_91-b02), built on Nov 19 2015 06:14:37 by "buildd" with gcc 4.8.2

time: Wed Feb  3 11:43:37 2016
elapsed time: 21 seconds

