#
# There is insufficient memory for the Java Runtime Environment to continue.
# Native memory allocation (malloc) failed to allocate 88080384 bytes for committing reserved memory.
# Possible reasons:
#   The system is out of physical RAM or swap space
#   In 32 bit mode, the process size limit was hit
# Possible solutions:
#   Reduce memory load on the system
#   Increase physical memory or swap space
#   Check if swap backing store is full
#   Use 64 bit Java on a 64 bit OS
#   Decrease Java heap size (-Xmx/-Xms)
#   Decrease number of Java threads
#   Decrease Java thread stack sizes (-Xss)
#   Set larger code cache with -XX:ReservedCodeCacheSize=
# This output file may be truncated or incomplete.
#
#  Out of Memory Error (os_linux.cpp:2827), pid=9852, tid=140538789197568
#
# JRE version: OpenJDK Runtime Environment (7.0_91-b02) (build 1.7.0_91-b02)
# Java VM: OpenJDK 64-Bit Server VM (24.91-b01 mixed mode linux-amd64 compressed oops)
# Derivative: IcedTea 2.6.3
# Distribution: Ubuntu 14.04 LTS, package 7u91-2.6.3-0ubuntu0.14.04.1
# Failed to write core dump. Core dumps have been disabled. To enable core dumping, try "ulimit -c unlimited" before starting Java again
#

---------------  T H R E A D  ---------------

Current thread (0x00007fd1c0075800):  VMThread [stack: 0x00007fd1bc8b7000,0x00007fd1bc9b8000] [id=9861]

Stack: [0x00007fd1bc8b7000,0x00007fd1bc9b8000],  sp=0x00007fd1bc9b6490,  free space=1021k
Native frames: (J=compiled Java code, j=interpreted, Vv=VM code, C=native code)
V  [libjvm.so+0x953e15]  VMError::report_and_die()+0x175
V  [libjvm.so+0x48fd94]  report_vm_out_of_memory(char const*, int, unsigned long, char const*)+0x74
V  [libjvm.so+0x7cf87b]  os::pd_commit_memory(char*, unsigned long, unsigned long, bool)+0xeb
V  [libjvm.so+0x7ca33f]  os::commit_memory(char*, unsigned long, unsigned long, bool)+0x1f
V  [libjvm.so+0x83dacb]  PSVirtualSpace::expand_by(unsigned long)+0x5b
V  [libjvm.so+0x83e930]  PSYoungGen::resize_generation(unsigned long, unsigned long)+0xb0
V  [libjvm.so+0x83f01b]  PSYoungGen::resize(unsigned long, unsigned long)+0x1b
V  [libjvm.so+0x83b258]  PSScavenge::invoke_no_policy()+0xd68
V  [libjvm.so+0x83bac8]  PSScavenge::invoke()+0x38
V  [libjvm.so+0x7f2083]  ParallelScavengeHeap::failed_mem_allocate(unsigned long)+0x63
V  [libjvm.so+0x955814]  VM_ParallelGCFailedAllocation::doit()+0x84
V  [libjvm.so+0x959917]  VM_Operation::evaluate()+0x47
V  [libjvm.so+0x9583d8]  VMThread::evaluate_operation(VM_Operation*)+0x318
V  [libjvm.so+0x958839]  VMThread::loop()+0x219
V  [libjvm.so+0x958c82]  VMThread::run()+0x72
V  [libjvm.so+0x7cc742]  java_start(Thread*)+0xf2

VM_Operation (0x00007fd1af9b6020): ParallelGCFailedAllocation, mode: safepoint, requested by thread 0x00007fd1c0192000


---------------  P R O C E S S  ---------------

Java Threads: ( => current thread )
  0x00007fd1c0194000 JavaThread "pool-1-thread-4" [_thread_blocked, id=9873, stack(0x00007fd1af7b6000,0x00007fd1af8b7000)]
  0x00007fd1c0192000 JavaThread "pool-1-thread-3" [_thread_blocked, id=9872, stack(0x00007fd1af8b7000,0x00007fd1af9b8000)]
  0x00007fd1c018f000 JavaThread "pool-1-thread-2" [_thread_blocked, id=9871, stack(0x00007fd1af9b8000,0x00007fd1afab9000)]
  0x00007fd1c018d800 JavaThread "pool-2-thread-1" [_thread_blocked, id=9870, stack(0x00007fd1afab9000,0x00007fd1afbba000)]
  0x00007fd1c018b800 JavaThread "pool-1-thread-1" [_thread_blocked, id=9869, stack(0x00007fd1bc051000,0x00007fd1bc152000)]
  0x00007fd1c00b1800 JavaThread "Service Thread" daemon [_thread_blocked, id=9867, stack(0x00007fd1bc2b1000,0x00007fd1bc3b2000)]
  0x00007fd1c00af000 JavaThread "C2 CompilerThread1" daemon [_thread_blocked, id=9866, stack(0x00007fd1bc3b2000,0x00007fd1bc4b3000)]
  0x00007fd1c00ac000 JavaThread "C2 CompilerThread0" daemon [_thread_blocked, id=9865, stack(0x00007fd1bc4b3000,0x00007fd1bc5b4000)]
  0x00007fd1c00aa000 JavaThread "Signal Dispatcher" daemon [_thread_blocked, id=9864, stack(0x00007fd1bc5b4000,0x00007fd1bc6b5000)]
  0x00007fd1c007c000 JavaThread "Finalizer" daemon [_thread_blocked, id=9863, stack(0x00007fd1bc6b5000,0x00007fd1bc7b6000)]
  0x00007fd1c007a000 JavaThread "Reference Handler" daemon [_thread_blocked, id=9862, stack(0x00007fd1bc7b6000,0x00007fd1bc8b7000)]
  0x00007fd1c000a000 JavaThread "main" [_thread_blocked, id=9854, stack(0x00007fd1c8a83000,0x00007fd1c8b84000)]

Other Threads:
=>0x00007fd1c0075800 VMThread [stack: 0x00007fd1bc8b7000,0x00007fd1bc9b8000] [id=9861]
  0x00007fd1c00bc000 WatcherThread [stack: 0x00007fd1bc1b0000,0x00007fd1bc2b1000] [id=9868]

VM state:at safepoint (normal execution)

VM Mutex/Monitor currently owned by a thread:  ([mutex/lock_event])
[0x00007fd1c0006860] Threads_lock - owner thread: 0x00007fd1c0075800
[0x00007fd1c0006d60] Heap_lock - owner thread: 0x00007fd1c0192000

Heap
 PSYoungGen      total 66048K, used 2558K [0x00000000eaa80000, 0x00000000eed80000, 0x0000000100000000)
  eden space 63488K, 0% used [0x00000000eaa80000,0x00000000eaa80000,0x00000000ee880000)
  from space 2560K, 99% used [0x00000000ee880000,0x00000000eeaffb60,0x00000000eeb00000)
  to   space 2560K, 0% used [0x00000000eeb00000,0x00000000eeb00000,0x00000000eed80000)
 ParOldGen       total 40960K, used 26433K [0x00000000c0000000, 0x00000000c2800000, 0x00000000eaa80000)
  object space 40960K, 64% used [0x00000000c0000000,0x00000000c19d0788,0x00000000c2800000)
 PSPermGen       total 21504K, used 6114K [0x00000000b5a00000, 0x00000000b6f00000, 0x00000000c0000000)
  object space 21504K, 28% used [0x00000000b5a00000,0x00000000b5ff8ab8,0x00000000b6f00000)

Card table byte_map: [0x00007fd1c5469000,0x00007fd1c56bd000] byte_map_base: 0x00007fd1c4ebc000

Polling page: 0x00007fd1c8ba6000

Code Cache  [0x00007fd1bd000000, 0x00007fd1bd270000, 0x00007fd1c0000000)
 total_blobs=480 nmethods=249 adapters=184 free_code_cache=47936Kb largest_free_block=49013696

Compilation events (10 events):
Event: 10.320 Thread 0x00007fd1c00ac000 nmethod 249 0x00007fd1bd07de10 code [0x00007fd1bd07df60, 0x00007fd1bd07e018]
Event: 10.320 Thread 0x00007fd1c00ac000  250             com.android.dx.ssa.SsaBasicBlock::newFromRop (183 bytes)
Event: 10.378 Thread 0x00007fd1c00ac000 nmethod 250 0x00007fd1bd101890 code [0x00007fd1bd101b80, 0x00007fd1bd103240]
Event: 10.378 Thread 0x00007fd1c00ac000  251             com.android.dx.cf.code.Frame::getStack (5 bytes)
Event: 10.378 Thread 0x00007fd1c00ac000 nmethod 251 0x00007fd1bd0d30d0 code [0x00007fd1bd0d3200, 0x00007fd1bd0d3258]
Event: 10.378 Thread 0x00007fd1c00ac000  252             com.android.dx.util.IntList::contains (14 bytes)
Event: 10.392 Thread 0x00007fd1c00ac000 nmethod 252 0x00007fd1bd0ffa50 code [0x00007fd1bd0ffba0, 0x00007fd1bd0ffd78]
Event: 10.392 Thread 0x00007fd1c00ac000  253   !         com.android.dx.cf.code.Ropper::processBlock (1101 bytes)
Event: 12.672 Thread 0x00007fd1c00af000 nmethod 209 0x00007fd1bd129710 code [0x00007fd1bd12a440, 0x00007fd1bd131a20]
Event: 12.677 Thread 0x00007fd1c00af000  254             com.android.dx.util.BitIntSet$1::hasNext (13 bytes)

GC Heap History (9 events):
Event: 2.410 GC heap before
{Heap before GC invocations=1 (full 0):
 PSYoungGen      total 18432K, used 15872K [0x00000000eaa80000, 0x00000000ebf00000, 0x0000000100000000)
  eden space 15872K, 100% used [0x00000000eaa80000,0x00000000eba00000,0x00000000eba00000)
  from space 2560K, 0% used [0x00000000ebc80000,0x00000000ebc80000,0x00000000ebf00000)
  to   space 2560K, 0% used [0x00000000eba00000,0x00000000eba00000,0x00000000ebc80000)
 ParOldGen       total 40960K, used 0K [0x00000000c0000000, 0x00000000c2800000, 0x00000000eaa80000)
  object space 40960K, 0% used [0x00000000c0000000,0x00000000c0000000,0x00000000c2800000)
 PSPermGen       total 21504K, used 5794K [0x00000000b5a00000, 0x00000000b6f00000, 0x00000000c0000000)
  object space 21504K, 26% used [0x00000000b5a00000,0x00000000b5fa8bf0,0x00000000b6f00000)
Event: 2.441 GC heap after
Heap after GC invocations=1 (full 0):
 PSYoungGen      total 18432K, used 2535K [0x00000000eaa80000, 0x00000000ece80000, 0x0000000100000000)
  eden space 15872K, 0% used [0x00000000eaa80000,0x00000000eaa80000,0x00000000eba00000)
  from space 2560K, 99% used [0x00000000eba00000,0x00000000ebc79c88,0x00000000ebc80000)
  to   space 2560K, 0% used [0x00000000ecc00000,0x00000000ecc00000,0x00000000ece80000)
 ParOldGen       total 40960K, used 1742K [0x00000000c0000000, 0x00000000c2800000, 0x00000000eaa80000)
  object space 40960K, 4% used [0x00000000c0000000,0x00000000c01b3800,0x00000000c2800000)
 PSPermGen       total 21504K, used 5794K [0x00000000b5a00000, 0x00000000b6f00000, 0x00000000c0000000)
  object space 21504K, 26% used [0x00000000b5a00000,0x00000000b5fa8bf0,0x00000000b6f00000)
}
Event: 3.716 GC heap before
{Heap before GC invocations=2 (full 0):
 PSYoungGen      total 18432K, used 18407K [0x00000000eaa80000, 0x00000000ece80000, 0x0000000100000000)
  eden space 15872K, 100% used [0x00000000eaa80000,0x00000000eba00000,0x00000000eba00000)
  from space 2560K, 99% used [0x00000000eba00000,0x00000000ebc79c88,0x00000000ebc80000)
  to   space 2560K, 0% used [0x00000000ecc00000,0x00000000ecc00000,0x00000000ece80000)
 ParOldGen       total 40960K, used 1742K [0x00000000c0000000, 0x00000000c2800000, 0x00000000eaa80000)
  object space 40960K, 4% used [0x00000000c0000000,0x00000000c01b3800,0x00000000c2800000)
 PSPermGen       total 21504K, used 5953K [0x00000000b5a00000, 0x00000000b6f00000, 0x00000000c0000000)
  object space 21504K, 27% used [0x00000000b5a00000,0x00000000b5fd05b8,0x00000000b6f00000)
Event: 3.745 GC heap after
Heap after GC invocations=2 (full 0):
 PSYoungGen      total 34304K, used 2544K [0x00000000eaa80000, 0x00000000ece80000, 0x0000000100000000)
  eden space 31744K, 0% used [0x00000000eaa80000,0x00000000eaa80000,0x00000000ec980000)
  from space 2560K, 99% used [0x00000000ecc00000,0x00000000ece7c038,0x00000000ece80000)
  to   space 2560K, 0% used [0x00000000ec980000,0x00000000ec980000,0x00000000ecc00000)
 ParOldGen       total 40960K, used 4245K [0x00000000c0000000, 0x00000000c2800000, 0x00000000eaa80000)
  object space 40960K, 10% used [0x00000000c0000000,0x00000000c04254c8,0x00000000c2800000)
 PSPermGen       total 21504K, used 5953K [0x00000000b5a00000, 0x00000000b6f00000, 0x00000000c0000000)
  object space 21504K, 27% used [0x00000000b5a00000,0x00000000b5fd05b8,0x00000000b6f00000)
}
Event: 6.048 GC heap before
{Heap before GC invocations=3 (full 0):
 PSYoungGen      total 34304K, used 34288K [0x00000000eaa80000, 0x00000000ece80000, 0x0000000100000000)
  eden space 31744K, 100% used [0x00000000eaa80000,0x00000000ec980000,0x00000000ec980000)
  from space 2560K, 99% used [0x00000000ecc00000,0x00000000ece7c038,0x00000000ece80000)
  to   space 2560K, 0% used [0x00000000ec980000,0x00000000ec980000,0x00000000ecc00000)
 ParOldGen       total 40960K, used 4245K [0x00000000c0000000, 0x00000000c2800000, 0x00000000eaa80000)
  object space 40960K, 10% used [0x00000000c0000000,0x00000000c04254c8,0x00000000c2800000)
 PSPermGen       total 21504K, used 6021K [0x00000000b5a00000, 0x00000000b6f00000, 0x00000000c0000000)
  object space 21504K, 28% used [0x00000000b5a00000,0x00000000b5fe1718,0x00000000b6f00000)
Event: 6.105 GC heap after
Heap after GC invocations=3 (full 0):
 PSYoungGen      total 34304K, used 2546K [0x00000000eaa80000, 0x00000000eed80000, 0x0000000100000000)
  eden space 31744K, 0% used [0x00000000eaa80000,0x00000000eaa80000,0x00000000ec980000)
  from space 2560K, 99% used [0x00000000ec980000,0x00000000ecbfc868,0x00000000ecc00000)
  to   space 2560K, 0% used [0x00000000eeb00000,0x00000000eeb00000,0x00000000eed80000)
 ParOldGen       total 40960K, used 10336K [0x00000000c0000000, 0x00000000c2800000, 0x00000000eaa80000)
  object space 40960K, 25% used [0x00000000c0000000,0x00000000c0a183b0,0x00000000c2800000)
 PSPermGen       total 21504K, used 6021K [0x00000000b5a00000, 0x00000000b6f00000, 0x00000000c0000000)
  object space 21504K, 28% used [0x00000000b5a00000,0x00000000b5fe1718,0x00000000b6f00000)
}
Event: 8.364 GC heap before
{Heap before GC invocations=4 (full 0):
 PSYoungGen      total 34304K, used 34290K [0x00000000eaa80000, 0x00000000eed80000, 0x0000000100000000)
  eden space 31744K, 100% used [0x00000000eaa80000,0x00000000ec980000,0x00000000ec980000)
  from space 2560K, 99% used [0x00000000ec980000,0x00000000ecbfc868,0x00000000ecc00000)
  to   space 2560K, 0% used [0x00000000eeb00000,0x00000000eeb00000,0x00000000eed80000)
 ParOldGen       total 40960K, used 10336K [0x00000000c0000000, 0x00000000c2800000, 0x00000000eaa80000)
  object space 40960K, 25% used [0x00000000c0000000,0x00000000c0a183b0,0x00000000c2800000)
 PSPermGen       total 21504K, used 6060K [0x00000000b5a00000, 0x00000000b6f00000, 0x00000000c0000000)
  object space 21504K, 28% used [0x00000000b5a00000,0x00000000b5feb220,0x00000000b6f00000)
Event: 8.678 GC heap after
Heap after GC invocations=4 (full 0):
 PSYoungGen      total 66048K, used 2535K [0x00000000eaa80000, 0x00000000eed80000, 0x0000000100000000)
  eden space 63488K, 0% used [0x00000000eaa80000,0x00000000eaa80000,0x00000000ee880000)
  from space 2560K, 99% used [0x00000000eeb00000,0x00000000eed79f70,0x00000000eed80000)
  to   space 2560K, 0% used [0x00000000ee880000,0x00000000ee880000,0x00000000eeb00000)
 ParOldGen       total 40960K, used 16401K [0x00000000c0000000, 0x00000000c2800000, 0x00000000eaa80000)
  object space 40960K, 40% used [0x00000000c0000000,0x00000000c10044c8,0x00000000c2800000)
 PSPermGen       total 21504K, used 6060K [0x00000000b5a00000, 0x00000000b6f00000, 0x00000000c0000000)
  object space 21504K, 28% used [0x00000000b5a00000,0x00000000b5feb220,0x00000000b6f00000)
}
Event: 14.838 GC heap before
{Heap before GC invocations=5 (full 0):
 PSYoungGen      total 66048K, used 66023K [0x00000000eaa80000, 0x00000000eed80000, 0x0000000100000000)
  eden space 63488K, 100% used [0x00000000eaa80000,0x00000000ee880000,0x00000000ee880000)
  from space 2560K, 99% used [0x00000000eeb00000,0x00000000eed79f70,0x00000000eed80000)
  to   space 2560K, 0% used [0x00000000ee880000,0x00000000ee880000,0x00000000eeb00000)
 ParOldGen       total 40960K, used 16401K [0x00000000c0000000, 0x00000000c2800000, 0x00000000eaa80000)
  object space 40960K, 40% used [0x00000000c0000000,0x00000000c10044c8,0x00000000c2800000)
 PSPermGen       total 21504K, used 6114K [0x00000000b5a00000, 0x00000000b6f00000, 0x00000000c0000000)
  object space 21504K, 28% used [0x00000000b5a00000,0x00000000b5ff8ab8,0x00000000b6f00000)

Deoptimization events (10 events):
Event: 2.873 Thread 0x00007fd1c018b800 Uncommon trap: reason=class_check action=maybe_recompile pc=0x00007fd1bd07251c method=com.android.dx.ssa.NormalSsaInsn.accept(Lcom/android/dx/ssa/SsaInsn$Visitor;)V @ 9
Event: 3.171 Thread 0x00007fd1c0192000 Uncommon trap: reason=unstable_if action=reinterpret pc=0x00007fd1bd07fdf0 method=com.android.dx.rop.code.RegisterSpec.equals(ILcom/android/dx/rop/type/TypeBearer;Lcom/android/dx/rop/code/LocalItem;)Z @ 42
Event: 3.826 Thread 0x00007fd1c0194000 Uncommon trap: reason=unstable_if action=reinterpret pc=0x00007fd1bd07ef04 method=com.android.dx.rop.cst.Constant.compareTo(Lcom/android/dx/rop/cst/Constant;)I @ 12
Event: 4.742 Thread 0x00007fd1c0194000 Uncommon trap: reason=unstable_if action=reinterpret pc=0x00007fd1bd0a3e44 method=com.android.dx.rop.code.LocalItem.compareHandlesNulls(Lcom/android/dx/rop/cst/CstString;Lcom/android/dx/rop/cst/CstString;)I @ 8
Event: 5.182 Thread 0x00007fd1c018b800 Uncommon trap: reason=null_check action=make_not_entrant pc=0x00007fd1bd0c1bf0 method=com.android.dx.ssa.SsaRenamer.getLocalForNewReg(I)Lcom/android/dx/rop/code/LocalItem; @ 19
Event: 7.252 Thread 0x00007fd1c000a000 Uncommon trap: reason=unstable_if action=reinterpret pc=0x00007fd1bd0ea950 method=com.android.dx.ssa.Dominators.run()V @ 346
Event: 9.430 Thread 0x00007fd1c018b800 Uncommon trap: reason=unstable_if action=reinterpret pc=0x00007fd1bd0e73e0 method=com.android.dx.dex.code.OutputFinisher.hasLocalInfo(Lcom/android/dx/dex/code/DalvInsn;)Z @ 24
Event: 9.575 Thread 0x00007fd1c018b800 Uncommon trap: reason=unstable_if action=reinterpret pc=0x00007fd1bd0d4cdc method=com.android.dx.dex.code.OutputFinisher.hasLocalInfo(Lcom/android/dx/dex/code/DalvInsn;)Z @ 24
Event: 9.575 Thread 0x00007fd1c018b800 Uncommon trap: reason=unstable_if action=reinterpret pc=0x00007fd1bd0725f4 method=com.android.dx.dex.code.OutputFinisher.hasLocalInfo(Lcom/android/dx/dex/code/DalvInsn;)Z @ 24
Event: 10.164 Thread 0x00007fd1c018f000 Uncommon trap: reason=unstable_if action=reinterpret pc=0x00007fd1bd0f7884 method=com.android.dx.ssa.SCCP.simulateBranch(Lcom/android/dx/ssa/SsaInsn;)V @ 548

Internal exceptions (10 events):
Event: 1.872 Thread 0x00007fd1c018f000 Threw 0x00000000eb3a5618 at /build/openjdk-7-zaTxYK/openjdk-7-7u91-2.6.3/build/openjdk/hotspot/src/share/vm/prims/jvm.cpp:1322
Event: 2.289 Thread 0x00007fd1c000a000 Threw 0x00000000eb830ec8 at /build/openjdk-7-zaTxYK/openjdk-7-7u91-2.6.3/build/openjdk/hotspot/src/share/vm/prims/jvm.cpp:1322
Event: 2.384 Thread 0x00007fd1c000a000 Threw 0x00000000eb8eb0f8 at /build/openjdk-7-zaTxYK/openjdk-7-7u91-2.6.3/build/openjdk/hotspot/src/share/vm/prims/jvm.cpp:1322
Event: 2.391 Thread 0x00007fd1c000a000 Threw 0x00000000eb8f59f8 at /build/openjdk-7-zaTxYK/openjdk-7-7u91-2.6.3/build/openjdk/hotspot/src/share/vm/prims/jvm.cpp:1322
Event: 2.391 Thread 0x00007fd1c000a000 Threw 0x00000000eb8f85b0 at /build/openjdk-7-zaTxYK/openjdk-7-7u91-2.6.3/build/openjdk/hotspot/src/share/vm/prims/jvm.cpp:1322
Event: 3.912 Thread 0x00007fd1c000a000 Threw 0x00000000eae30438 at /build/openjdk-7-zaTxYK/openjdk-7-7u91-2.6.3/build/openjdk/hotspot/src/share/vm/prims/jvm.cpp:1322
Event: 4.422 Thread 0x00007fd1c0192000 Threw 0x00000000eb5762b0 at /build/openjdk-7-zaTxYK/openjdk-7-7u91-2.6.3/build/openjdk/hotspot/src/share/vm/prims/jvm.cpp:1322
Event: 4.742 Thread 0x00007fd1c0194000 Implicit null exception at 0x00007fd1bd0a3c4e to 0x00007fd1bd0a3e31
Event: 5.182 Thread 0x00007fd1c018b800 Implicit null exception at 0x00007fd1bd0c085e to 0x00007fd1bd0c1bd5
Event: 7.087 Thread 0x00007fd1c0194000 Threw 0x00000000eb92dbd0 at /build/openjdk-7-zaTxYK/openjdk-7-7u91-2.6.3/build/openjdk/hotspot/src/share/vm/prims/jvm.cpp:1322

Events (10 events):
Event: 9.575 Thread 0x00007fd1c018b800 Uncommon trap: trap_request=0xffffff75 fr.pc=0x00007fd1bd0d4cdc
Event: 9.575 Thread 0x00007fd1c018b800 DEOPT PACKING pc=0x00007fd1bd0d4cdc sp=0x00007fd1bc1501d0
Event: 9.575 Thread 0x00007fd1c018b800 DEOPT UNPACKING pc=0x00007fd1bd039445 sp=0x00007fd1bc1500c8 mode 2
Event: 9.575 Thread 0x00007fd1c018b800 Uncommon trap: trap_request=0xffffff75 fr.pc=0x00007fd1bd0725f4
Event: 9.575 Thread 0x00007fd1c018b800 DEOPT PACKING pc=0x00007fd1bd0725f4 sp=0x00007fd1bc150180
Event: 9.575 Thread 0x00007fd1c018b800 DEOPT UNPACKING pc=0x00007fd1bd039445 sp=0x00007fd1bc1500c8 mode 2
Event: 10.155 Thread 0x00007fd1c018f000 Uncommon trap: trap_request=0xffffff75 fr.pc=0x00007fd1bd0f7884
Event: 10.164 Thread 0x00007fd1c018f000 DEOPT PACKING pc=0x00007fd1bd0f7884 sp=0x00007fd1afab7060
Event: 10.169 Thread 0x00007fd1c018f000 DEOPT UNPACKING pc=0x00007fd1bd039445 sp=0x00007fd1afab7038 mode 2
Event: 13.842 Executing VM operation: ParallelGCFailedAllocation


Dynamic libraries:
00400000-00401000 r-xp 00000000 08:07 3148986                            /usr/lib/jvm/java-7-openjdk-amd64/jre/bin/java
00600000-00601000 r--p 00000000 08:07 3148986                            /usr/lib/jvm/java-7-openjdk-amd64/jre/bin/java
00601000-00602000 rw-p 00001000 08:07 3148986                            /usr/lib/jvm/java-7-openjdk-amd64/jre/bin/java
01922000-01943000 rw-p 00000000 00:00 0                                  [heap]
b5a00000-b6f00000 rw-p 00000000 00:00 0 
b6f00000-c0000000 rw-p 00000000 00:00 0 
c0000000-c2800000 rw-p 00000000 00:00 0 
c2800000-eaa80000 rw-p 00000000 00:00 0 
eaa80000-eed80000 rw-p 00000000 00:00 0 
f4180000-100000000 rw-p 00000000 00:00 0 
7fd170000000-7fd170022000 rw-p 00000000 00:00 0 
7fd170022000-7fd174000000 ---p 00000000 00:00 0 
7fd174000000-7fd17402f000 rw-p 00000000 00:00 0 
7fd17402f000-7fd178000000 ---p 00000000 00:00 0 
7fd178000000-7fd178021000 rw-p 00000000 00:00 0 
7fd178021000-7fd17c000000 ---p 00000000 00:00 0 
7fd17c000000-7fd17c027000 rw-p 00000000 00:00 0 
7fd17c027000-7fd180000000 ---p 00000000 00:00 0 
7fd180000000-7fd180021000 rw-p 00000000 00:00 0 
7fd180021000-7fd184000000 ---p 00000000 00:00 0 
7fd184000000-7fd184025000 rw-p 00000000 00:00 0 
7fd184025000-7fd188000000 ---p 00000000 00:00 0 
7fd188000000-7fd18952e000 rw-p 00000000 00:00 0 
7fd18952e000-7fd18c000000 ---p 00000000 00:00 0 
7fd18c000000-7fd18c021000 rw-p 00000000 00:00 0 
7fd18c021000-7fd190000000 ---p 00000000 00:00 0 
7fd190000000-7fd190021000 rw-p 00000000 00:00 0 
7fd190021000-7fd194000000 ---p 00000000 00:00 0 
7fd194000000-7fd1952b1000 rw-p 00000000 00:00 0 
7fd1952b1000-7fd198000000 ---p 00000000 00:00 0 
7fd198000000-7fd198021000 rw-p 00000000 00:00 0 
7fd198021000-7fd19c000000 ---p 00000000 00:00 0 
7fd19c000000-7fd19c021000 rw-p 00000000 00:00 0 
7fd19c021000-7fd1a0000000 ---p 00000000 00:00 0 
7fd1a0000000-7fd1a0021000 rw-p 00000000 00:00 0 
7fd1a0021000-7fd1a4000000 ---p 00000000 00:00 0 
7fd1a4000000-7fd1a4242000 rw-p 00000000 00:00 0 
7fd1a4242000-7fd1a8000000 ---p 00000000 00:00 0 
7fd1a8000000-7fd1a8021000 rw-p 00000000 00:00 0 
7fd1a8021000-7fd1ac000000 ---p 00000000 00:00 0 
7fd1af7b6000-7fd1af7b9000 ---p 00000000 00:00 0 
7fd1af7b9000-7fd1af8b7000 rw-p 00000000 00:00 0                          [stack:9873]
7fd1af8b7000-7fd1af8ba000 ---p 00000000 00:00 0 
7fd1af8ba000-7fd1af9b8000 rw-p 00000000 00:00 0                          [stack:9872]
7fd1af9b8000-7fd1af9bb000 ---p 00000000 00:00 0 
7fd1af9bb000-7fd1afab9000 rw-p 00000000 00:00 0                          [stack:9871]
7fd1afab9000-7fd1afabc000 ---p 00000000 00:00 0 
7fd1afabc000-7fd1afbba000 rw-p 00000000 00:00 0                          [stack:9870]
7fd1afbba000-7fd1afbf7000 r-xp 00000000 08:07 4198346                    /lib/x86_64-linux-gnu/libpcre.so.3.13.1
7fd1afbf7000-7fd1afdf6000 ---p 0003d000 08:07 4198346                    /lib/x86_64-linux-gnu/libpcre.so.3.13.1
7fd1afdf6000-7fd1afdf7000 r--p 0003c000 08:07 4198346                    /lib/x86_64-linux-gnu/libpcre.so.3.13.1
7fd1afdf7000-7fd1afdf8000 rw-p 0003d000 08:07 4198346                    /lib/x86_64-linux-gnu/libpcre.so.3.13.1
7fd1afdf8000-7fd1afdff000 r-xp 00000000 08:07 1071226                    /usr/lib/x86_64-linux-gnu/libffi.so.6.0.1
7fd1afdff000-7fd1afffe000 ---p 00007000 08:07 1071226                    /usr/lib/x86_64-linux-gnu/libffi.so.6.0.1
7fd1afffe000-7fd1affff000 r--p 00006000 08:07 1071226                    /usr/lib/x86_64-linux-gnu/libffi.so.6.0.1
7fd1affff000-7fd1b0000000 rw-p 00007000 08:07 1071226                    /usr/lib/x86_64-linux-gnu/libffi.so.6.0.1
7fd1b0000000-7fd1b0021000 rw-p 00000000 00:00 0 
7fd1b0021000-7fd1b4000000 ---p 00000000 00:00 0 
7fd1b40b6000-7fd1b40cd000 r-xp 00000000 08:07 4198341                    /lib/x86_64-linux-gnu/libresolv-2.19.so
7fd1b40cd000-7fd1b42cd000 ---p 00017000 08:07 4198341                    /lib/x86_64-linux-gnu/libresolv-2.19.so
7fd1b42cd000-7fd1b42ce000 r--p 00017000 08:07 4198341                    /lib/x86_64-linux-gnu/libresolv-2.19.so
7fd1b42ce000-7fd1b42cf000 rw-p 00018000 08:07 4198341                    /lib/x86_64-linux-gnu/libresolv-2.19.so
7fd1b42cf000-7fd1b42d1000 rw-p 00000000 00:00 0 
7fd1b42d1000-7fd1b42f1000 r-xp 00000000 08:07 4198493                    /lib/x86_64-linux-gnu/libselinux.so.1
7fd1b42f1000-7fd1b44f0000 ---p 00020000 08:07 4198493                    /lib/x86_64-linux-gnu/libselinux.so.1
7fd1b44f0000-7fd1b44f1000 r--p 0001f000 08:07 4198493                    /lib/x86_64-linux-gnu/libselinux.so.1
7fd1b44f1000-7fd1b44f2000 rw-p 00020000 08:07 4198493                    /lib/x86_64-linux-gnu/libselinux.so.1
7fd1b44f2000-7fd1b44f4000 rw-p 00000000 00:00 0 
7fd1b44f4000-7fd1b44f7000 r-xp 00000000 08:07 1048940                    /usr/lib/x86_64-linux-gnu/libgmodule-2.0.so.0.4002.0
7fd1b44f7000-7fd1b46f6000 ---p 00003000 08:07 1048940                    /usr/lib/x86_64-linux-gnu/libgmodule-2.0.so.0.4002.0
7fd1b46f6000-7fd1b46f7000 r--p 00002000 08:07 1048940                    /usr/lib/x86_64-linux-gnu/libgmodule-2.0.so.0.4002.0
7fd1b46f7000-7fd1b46f8000 rw-p 00003000 08:07 1048940                    /usr/lib/x86_64-linux-gnu/libgmodule-2.0.so.0.4002.0
7fd1b46f8000-7fd1b47fe000 r-xp 00000000 08:07 4198308                    /lib/x86_64-linux-gnu/libglib-2.0.so.0.4002.0
7fd1b47fe000-7fd1b49fd000 ---p 00106000 08:07 4198308                    /lib/x86_64-linux-gnu/libglib-2.0.so.0.4002.0
7fd1b49fd000-7fd1b49fe000 r--p 00105000 08:07 4198308                    /lib/x86_64-linux-gnu/libglib-2.0.so.0.4002.0
7fd1b49fe000-7fd1b49ff000 rw-p 00106000 08:07 4198308                    /lib/x86_64-linux-gnu/libglib-2.0.so.0.4002.0
7fd1b49ff000-7fd1b4a00000 rw-p 00000000 00:00 0 
7fd1b4a00000-7fd1b4a4f000 r-xp 00000000 08:07 1048958                    /usr/lib/x86_64-linux-gnu/libgobject-2.0.so.0.4002.0
7fd1b4a4f000-7fd1b4c4f000 ---p 0004f000 08:07 1048958                    /usr/lib/x86_64-linux-gnu/libgobject-2.0.so.0.4002.0
7fd1b4c4f000-7fd1b4c50000 r--p 0004f000 08:07 1048958                    /usr/lib/x86_64-linux-gnu/libgobject-2.0.so.0.4002.0
7fd1b4c50000-7fd1b4c51000 rw-p 00050000 08:07 1048958                    /usr/lib/x86_64-linux-gnu/libgobject-2.0.so.0.4002.0
7fd1b4c51000-7fd1b4dbd000 r-xp 00000000 08:07 1048962                    /usr/lib/x86_64-linux-gnu/libgio-2.0.so.0.4002.0
7fd1b4dbd000-7fd1b4fbc000 ---p 0016c000 08:07 1048962                    /usr/lib/x86_64-linux-gnu/libgio-2.0.so.0.4002.0
7fd1b4fbc000-7fd1b4fc0000 r--p 0016b000 08:07 1048962                    /usr/lib/x86_64-linux-gnu/libgio-2.0.so.0.4002.0
7fd1b4fc0000-7fd1b4fc2000 rw-p 0016f000 08:07 1048962                    /usr/lib/x86_64-linux-gnu/libgio-2.0.so.0.4002.0
7fd1b4fc2000-7fd1b4fc4000 rw-p 00000000 00:00 0 
7fd1b4fc4000-7fd1b4fdb000 r-xp 00000000 08:07 3149050                    /usr/lib/jvm/java-7-openjdk-amd64/jre/lib/amd64/libnet.so
7fd1b4fdb000-7fd1b51da000 ---p 00017000 08:07 3149050                    /usr/lib/jvm/java-7-openjdk-amd64/jre/lib/amd64/libnet.so
7fd1b51da000-7fd1b51db000 r--p 00016000 08:07 3149050                    /usr/lib/jvm/java-7-openjdk-amd64/jre/lib/amd64/libnet.so
7fd1b51db000-7fd1b51dc000 rw-p 00017000 08:07 3149050                    /usr/lib/jvm/java-7-openjdk-amd64/jre/lib/amd64/libnet.so
7fd1b51dc000-7fd1b51ec000 r-xp 00000000 08:07 3149013                    /usr/lib/jvm/java-7-openjdk-amd64/jre/lib/amd64/libnio.so
7fd1b51ec000-7fd1b53ec000 ---p 00010000 08:07 3149013                    /usr/lib/jvm/java-7-openjdk-amd64/jre/lib/amd64/libnio.so
7fd1b53ec000-7fd1b53ed000 r--p 00010000 08:07 3149013                    /usr/lib/jvm/java-7-openjdk-amd64/jre/lib/amd64/libnio.so
7fd1b53ed000-7fd1b53ee000 rw-p 00011000 08:07 3149013                    /usr/lib/jvm/java-7-openjdk-amd64/jre/lib/amd64/libnio.so
7fd1b53ee000-7fd1b5ad0000 r--p 00000000 08:07 1056383                    /usr/lib/locale/locale-archive
7fd1b5ad0000-7fd1b8000000 rw-p 00000000 00:00 0 
7fd1b8000000-7fd1b8021000 rw-p 00000000 00:00 0 
7fd1b8021000-7fd1bc000000 ---p 00000000 00:00 0 
7fd1bc051000-7fd1bc054000 ---p 00000000 00:00 0 
7fd1bc054000-7fd1bc183000 rw-p 00000000 00:00 0                          [stack:9869]
7fd1bc1a1000-7fd1bc1b0000 r--s 000df000 08:07 3419560                    /home/sanket/android-sdks/build-tools/23.0.0/lib/dx.jar
7fd1bc1b0000-7fd1bc1b1000 ---p 00000000 00:00 0 
7fd1bc1b1000-7fd1bc2b1000 rw-p 00000000 00:00 0                          [stack:9868]
7fd1bc2b1000-7fd1bc2b4000 ---p 00000000 00:00 0 
7fd1bc2b4000-7fd1bc3b2000 rw-p 00000000 00:00 0                          [stack:9867]
7fd1bc3b2000-7fd1bc3b5000 ---p 00000000 00:00 0 
7fd1bc3b5000-7fd1bc4b3000 rw-p 00000000 00:00 0                          [stack:9866]
7fd1bc4b3000-7fd1bc4b6000 ---p 00000000 00:00 0 
7fd1bc4b6000-7fd1bc5b4000 rw-p 00000000 00:00 0                          [stack:9865]
7fd1bc5b4000-7fd1bc5b7000 ---p 00000000 00:00 0 
7fd1bc5b7000-7fd1bc6b5000 rw-p 00000000 00:00 0                          [stack:9864]
7fd1bc6b5000-7fd1bc6b8000 ---p 00000000 00:00 0 
7fd1bc6b8000-7fd1bc7b6000 rw-p 00000000 00:00 0                          [stack:9863]
7fd1bc7b6000-7fd1bc7b9000 ---p 00000000 00:00 0 
7fd1bc7b9000-7fd1bc8b7000 rw-p 00000000 00:00 0                          [stack:9862]
7fd1bc8b7000-7fd1bc8b8000 ---p 00000000 00:00 0 
7fd1bc8b8000-7fd1bd000000 rw-p 00000000 00:00 0                          [stack:9861]
7fd1bd000000-7fd1bd270000 rwxp 00000000 00:00 0 
7fd1bd270000-7fd1c01c3000 rw-p 00000000 00:00 0 
7fd1c01c3000-7fd1c4000000 ---p 00000000 00:00 0 
7fd1c4004000-7fd1c4009000 r--s 00043000 08:07 536846                     /home/sanket/.gradle/caches/modules-2/files-2.1/com.squareup.okhttp/okhttp/2.3.0/2e7bc7033dc2c8423e661224171b3133fb155b28/okhttp-2.3.0.jar
7fd1c4009000-7fd1c49be000 rw-p 00000000 00:00 0 
7fd1c49be000-7fd1c4b70000 r--s 01d2e000 08:07 3149006                    /usr/lib/jvm/java-7-openjdk-amd64/jre/lib/rt.jar
7fd1c4b70000-7fd1c4ebc000 rw-p 00000000 00:00 0 
7fd1c4ebc000-7fd1c4ebd000 ---p 00000000 00:00 0 
7fd1c4ebd000-7fd1c4fbd000 rw-p 00000000 00:00 0                          [stack:9860]
7fd1c4fbd000-7fd1c4fbe000 ---p 00000000 00:00 0 
7fd1c4fbe000-7fd1c50be000 rw-p 00000000 00:00 0                          [stack:9859]
7fd1c50be000-7fd1c50bf000 ---p 00000000 00:00 0 
7fd1c50bf000-7fd1c51bf000 rw-p 00000000 00:00 0                          [stack:9858]
7fd1c51bf000-7fd1c51c0000 ---p 00000000 00:00 0 
7fd1c51c0000-7fd1c52cb000 rw-p 00000000 00:00 0                          [stack:9857]
7fd1c52cb000-7fd1c5313000 rw-p 00000000 00:00 0 
7fd1c5313000-7fd1c5327000 rw-p 00000000 00:00 0 
7fd1c5327000-7fd1c5469000 rw-p 00000000 00:00 0 
7fd1c5469000-7fd1c5474000 rw-p 00000000 00:00 0 
7fd1c5474000-7fd1c54bc000 rw-p 00000000 00:00 0 
7fd1c54bc000-7fd1c54d0000 rw-p 00000000 00:00 0 
7fd1c54d0000-7fd1c5611000 rw-p 00000000 00:00 0 
7fd1c5611000-7fd1c5633000 rw-p 00000000 00:00 0 
7fd1c5633000-7fd1c56bc000 rw-p 00000000 00:00 0 
7fd1c56bc000-7fd1c56bd000 rw-p 00000000 00:00 0 
7fd1c56bd000-7fd1c56c5000 r-xp 00000000 08:07 3149018                    /usr/lib/jvm/java-7-openjdk-amd64/jre/lib/amd64/libzip.so
7fd1c56c5000-7fd1c58c4000 ---p 00008000 08:07 3149018                    /usr/lib/jvm/java-7-openjdk-amd64/jre/lib/amd64/libzip.so
7fd1c58c4000-7fd1c58c5000 r--p 00007000 08:07 3149018                    /usr/lib/jvm/java-7-openjdk-amd64/jre/lib/amd64/libzip.so
7fd1c58c5000-7fd1c58c6000 rw-p 00008000 08:07 3149018                    /usr/lib/jvm/java-7-openjdk-amd64/jre/lib/amd64/libzip.so
7fd1c58c6000-7fd1c58d1000 r-xp 00000000 08:07 4198440                    /lib/x86_64-linux-gnu/libnss_files-2.19.so
7fd1c58d1000-7fd1c5ad0000 ---p 0000b000 08:07 4198440                    /lib/x86_64-linux-gnu/libnss_files-2.19.so
7fd1c5ad0000-7fd1c5ad1000 r--p 0000a000 08:07 4198440                    /lib/x86_64-linux-gnu/libnss_files-2.19.so
7fd1c5ad1000-7fd1c5ad2000 rw-p 0000b000 08:07 4198440                    /lib/x86_64-linux-gnu/libnss_files-2.19.so
7fd1c5ad2000-7fd1c5add000 r-xp 00000000 08:07 4200064                    /lib/x86_64-linux-gnu/libnss_nis-2.19.so
7fd1c5add000-7fd1c5cdc000 ---p 0000b000 08:07 4200064                    /lib/x86_64-linux-gnu/libnss_nis-2.19.so
7fd1c5cdc000-7fd1c5cdd000 r--p 0000a000 08:07 4200064                    /lib/x86_64-linux-gnu/libnss_nis-2.19.so
7fd1c5cdd000-7fd1c5cde000 rw-p 0000b000 08:07 4200064                    /lib/x86_64-linux-gnu/libnss_nis-2.19.so
7fd1c5cde000-7fd1c5cf5000 r-xp 00000000 08:07 4199530                    /lib/x86_64-linux-gnu/libnsl-2.19.so
7fd1c5cf5000-7fd1c5ef4000 ---p 00017000 08:07 4199530                    /lib/x86_64-linux-gnu/libnsl-2.19.so
7fd1c5ef4000-7fd1c5ef5000 r--p 00016000 08:07 4199530                    /lib/x86_64-linux-gnu/libnsl-2.19.so
7fd1c5ef5000-7fd1c5ef6000 rw-p 00017000 08:07 4199530                    /lib/x86_64-linux-gnu/libnsl-2.19.so
7fd1c5ef6000-7fd1c5ef8000 rw-p 00000000 00:00 0 
7fd1c5ef8000-7fd1c5f01000 r-xp 00000000 08:07 4198482                    /lib/x86_64-linux-gnu/libnss_compat-2.19.so
7fd1c5f01000-7fd1c6100000 ---p 00009000 08:07 4198482                    /lib/x86_64-linux-gnu/libnss_compat-2.19.so
7fd1c6100000-7fd1c6101000 r--p 00008000 08:07 4198482                    /lib/x86_64-linux-gnu/libnss_compat-2.19.so
7fd1c6101000-7fd1c6102000 rw-p 00009000 08:07 4198482                    /lib/x86_64-linux-gnu/libnss_compat-2.19.so
7fd1c6102000-7fd1c612d000 r-xp 00000000 08:07 3149029                    /usr/lib/jvm/java-7-openjdk-amd64/jre/lib/amd64/libjava.so
7fd1c612d000-7fd1c632d000 ---p 0002b000 08:07 3149029                    /usr/lib/jvm/java-7-openjdk-amd64/jre/lib/amd64/libjava.so
7fd1c632d000-7fd1c632e000 r--p 0002b000 08:07 3149029                    /usr/lib/jvm/java-7-openjdk-amd64/jre/lib/amd64/libjava.so
7fd1c632e000-7fd1c6330000 rw-p 0002c000 08:07 3149029                    /usr/lib/jvm/java-7-openjdk-amd64/jre/lib/amd64/libjava.so
7fd1c6330000-7fd1c6340000 r-xp 00000000 08:07 3149045                    /usr/lib/jvm/java-7-openjdk-amd64/jre/lib/amd64/libverify.so
7fd1c6340000-7fd1c653f000 ---p 00010000 08:07 3149045                    /usr/lib/jvm/java-7-openjdk-amd64/jre/lib/amd64/libverify.so
7fd1c653f000-7fd1c6541000 r--p 0000f000 08:07 3149045                    /usr/lib/jvm/java-7-openjdk-amd64/jre/lib/amd64/libverify.so
7fd1c6541000-7fd1c6542000 rw-p 00011000 08:07 3149045                    /usr/lib/jvm/java-7-openjdk-amd64/jre/lib/amd64/libverify.so
7fd1c6542000-7fd1c6549000 r-xp 00000000 08:07 4200061                    /lib/x86_64-linux-gnu/librt-2.19.so
7fd1c6549000-7fd1c6748000 ---p 00007000 08:07 4200061                    /lib/x86_64-linux-gnu/librt-2.19.so
7fd1c6748000-7fd1c6749000 r--p 00006000 08:07 4200061                    /lib/x86_64-linux-gnu/librt-2.19.so
7fd1c6749000-7fd1c674a000 rw-p 00007000 08:07 4200061                    /lib/x86_64-linux-gnu/librt-2.19.so
7fd1c674a000-7fd1c6760000 r-xp 00000000 08:07 4223721                    /lib/x86_64-linux-gnu/libgcc_s.so.1
7fd1c6760000-7fd1c695f000 ---p 00016000 08:07 4223721                    /lib/x86_64-linux-gnu/libgcc_s.so.1
7fd1c695f000-7fd1c6960000 rw-p 00015000 08:07 4223721                    /lib/x86_64-linux-gnu/libgcc_s.so.1
7fd1c6960000-7fd1c6a65000 r-xp 00000000 08:07 4198343                    /lib/x86_64-linux-gnu/libm-2.19.so
7fd1c6a65000-7fd1c6c64000 ---p 00105000 08:07 4198343                    /lib/x86_64-linux-gnu/libm-2.19.so
7fd1c6c64000-7fd1c6c65000 r--p 00104000 08:07 4198343                    /lib/x86_64-linux-gnu/libm-2.19.so
7fd1c6c65000-7fd1c6c66000 rw-p 00105000 08:07 4198343                    /lib/x86_64-linux-gnu/libm-2.19.so
7fd1c6c66000-7fd1c6d4c000 r-xp 00000000 08:07 1052838                    /usr/lib/x86_64-linux-gnu/libstdc++.so.6.0.19
7fd1c6d4c000-7fd1c6f4b000 ---p 000e6000 08:07 1052838                    /usr/lib/x86_64-linux-gnu/libstdc++.so.6.0.19
7fd1c6f4b000-7fd1c6f53000 r--p 000e5000 08:07 1052838                    /usr/lib/x86_64-linux-gnu/libstdc++.so.6.0.19
7fd1c6f53000-7fd1c6f55000 rw-p 000ed000 08:07 1052838                    /usr/lib/x86_64-linux-gnu/libstdc++.so.6.0.19
7fd1c6f55000-7fd1c6f6a000 rw-p 00000000 00:00 0 
7fd1c6f6a000-7fd1c7a8e000 r-xp 00000000 08:07 3149035                    /usr/lib/jvm/java-7-openjdk-amd64/jre/lib/amd64/server/libjvm.so
7fd1c7a8e000-7fd1c7c8e000 ---p 00b24000 08:07 3149035                    /usr/lib/jvm/java-7-openjdk-amd64/jre/lib/amd64/server/libjvm.so
7fd1c7c8e000-7fd1c7d28000 r--p 00b24000 08:07 3149035                    /usr/lib/jvm/java-7-openjdk-amd64/jre/lib/amd64/server/libjvm.so
7fd1c7d28000-7fd1c7d4b000 rw-p 00bbe000 08:07 3149035                    /usr/lib/jvm/java-7-openjdk-amd64/jre/lib/amd64/server/libjvm.so
7fd1c7d4b000-7fd1c7d79000 rw-p 00000000 00:00 0 
7fd1c7d79000-7fd1c7d91000 r-xp 00000000 08:07 4198526                    /lib/x86_64-linux-gnu/libz.so.1.2.8
7fd1c7d91000-7fd1c7f90000 ---p 00018000 08:07 4198526                    /lib/x86_64-linux-gnu/libz.so.1.2.8
7fd1c7f90000-7fd1c7f91000 r--p 00017000 08:07 4198526                    /lib/x86_64-linux-gnu/libz.so.1.2.8
7fd1c7f91000-7fd1c7f92000 rw-p 00018000 08:07 4198526                    /lib/x86_64-linux-gnu/libz.so.1.2.8
7fd1c7f92000-7fd1c7fab000 r-xp 00000000 08:07 4200059                    /lib/x86_64-linux-gnu/libpthread-2.19.so
7fd1c7fab000-7fd1c81aa000 ---p 00019000 08:07 4200059                    /lib/x86_64-linux-gnu/libpthread-2.19.so
7fd1c81aa000-7fd1c81ab000 r--p 00018000 08:07 4200059                    /lib/x86_64-linux-gnu/libpthread-2.19.so
7fd1c81ab000-7fd1c81ac000 rw-p 00019000 08:07 4200059                    /lib/x86_64-linux-gnu/libpthread-2.19.so
7fd1c81ac000-7fd1c81b0000 rw-p 00000000 00:00 0 
7fd1c81b0000-7fd1c81b3000 r-xp 00000000 08:07 4198451                    /lib/x86_64-linux-gnu/libdl-2.19.so
7fd1c81b3000-7fd1c83b2000 ---p 00003000 08:07 4198451                    /lib/x86_64-linux-gnu/libdl-2.19.so
7fd1c83b2000-7fd1c83b3000 r--p 00002000 08:07 4198451                    /lib/x86_64-linux-gnu/libdl-2.19.so
7fd1c83b3000-7fd1c83b4000 rw-p 00003000 08:07 4198451                    /lib/x86_64-linux-gnu/libdl-2.19.so
7fd1c83b4000-7fd1c856f000 r-xp 00000000 08:07 4200058                    /lib/x86_64-linux-gnu/libc-2.19.so
7fd1c856f000-7fd1c876e000 ---p 001bb000 08:07 4200058                    /lib/x86_64-linux-gnu/libc-2.19.so
7fd1c876e000-7fd1c8772000 r--p 001ba000 08:07 4200058                    /lib/x86_64-linux-gnu/libc-2.19.so
7fd1c8772000-7fd1c8774000 rw-p 001be000 08:07 4200058                    /lib/x86_64-linux-gnu/libc-2.19.so
7fd1c8774000-7fd1c8779000 rw-p 00000000 00:00 0 
7fd1c8779000-7fd1c8786000 r-xp 00000000 08:07 3149046                    /usr/lib/jvm/java-7-openjdk-amd64/jre/lib/amd64/jli/libjli.so
7fd1c8786000-7fd1c8985000 ---p 0000d000 08:07 3149046                    /usr/lib/jvm/java-7-openjdk-amd64/jre/lib/amd64/jli/libjli.so
7fd1c8985000-7fd1c8986000 r--p 0000c000 08:07 3149046                    /usr/lib/jvm/java-7-openjdk-amd64/jre/lib/amd64/jli/libjli.so
7fd1c8986000-7fd1c8987000 rw-p 0000d000 08:07 3149046                    /usr/lib/jvm/java-7-openjdk-amd64/jre/lib/amd64/jli/libjli.so
7fd1c8987000-7fd1c89aa000 r-xp 00000000 08:07 4200046                    /lib/x86_64-linux-gnu/ld-2.19.so
7fd1c89aa000-7fd1c89cd000 rw-p 00000000 00:00 0 
7fd1c89cd000-7fd1c8a83000 rw-p 00000000 00:00 0 
7fd1c8a83000-7fd1c8a86000 ---p 00000000 00:00 0 
7fd1c8a86000-7fd1c8b89000 rw-p 00000000 00:00 0                          [stack:9854]
7fd1c8b89000-7fd1c8b8a000 r--s 00002000 08:07 3149003                    /usr/lib/jvm/java-7-openjdk-amd64/jre/lib/ext/dnsns.jar
7fd1c8b8a000-7fd1c8b8e000 r--s 00085000 08:07 3148999                    /usr/lib/jvm/java-7-openjdk-amd64/jre/lib/ext/localedata.jar
7fd1c8b8e000-7fd1c8b90000 r--s 00012000 08:07 3148998                    /usr/lib/jvm/java-7-openjdk-amd64/jre/lib/ext/zipfs.jar
7fd1c8b90000-7fd1c8b94000 r--s 0003c000 08:07 3149002                    /usr/lib/jvm/java-7-openjdk-amd64/jre/lib/ext/sunpkcs11.jar
7fd1c8b94000-7fd1c8b96000 r--s 00006000 08:07 1456370                    /usr/share/java/java-atk-wrapper.jar
7fd1c8b96000-7fd1c8b9a000 r--s 00034000 08:07 3149001                    /usr/lib/jvm/java-7-openjdk-amd64/jre/lib/ext/sunjce_provider.jar
7fd1c8b9a000-7fd1c8b9d000 r--s 0000f000 08:07 3149000                    /usr/lib/jvm/java-7-openjdk-amd64/jre/lib/ext/icedtea-sound.jar
7fd1c8b9d000-7fd1c8ba5000 rw-s 00000000 08:07 537640                     /tmp/hsperfdata_sanket/9852
7fd1c8ba5000-7fd1c8ba6000 rw-p 00000000 00:00 0 
7fd1c8ba6000-7fd1c8ba7000 ---p 00000000 00:00 0 
7fd1c8ba7000-7fd1c8ba9000 rw-p 00000000 00:00 0 
7fd1c8ba9000-7fd1c8baa000 r--p 00022000 08:07 4200046                    /lib/x86_64-linux-gnu/ld-2.19.so
7fd1c8baa000-7fd1c8bab000 rw-p 00023000 08:07 4200046                    /lib/x86_64-linux-gnu/ld-2.19.so
7fd1c8bab000-7fd1c8bac000 rw-p 00000000 00:00 0 
7ffeb37af000-7ffeb37d0000 rw-p 00000000 00:00 0                          [stack]
7ffeb37d5000-7ffeb37d7000 r-xp 00000000 00:00 0                          [vdso]
ffffffffff600000-ffffffffff601000 r-xp 00000000 00:00 0                  [vsyscall]

VM Arguments:
jvm_args: -Xmx1024M -Dfile.encoding=UTF-8 -Duser.country=US -Duser.language=en -Duser.variant 
java_command: com.android.dx.command.Main --dex --num-threads=4 --output /home/sanket/lokavidyaapp/app/build/intermediates/pre-dexed/debug/okhttp-2.3.0-9d1b2a39cb889334ac8e58ea7524c1e13987f816.jar /home/sanket/.gradle/caches/modules-2/files-2.1/com.squareup.okhttp/okhttp/2.3.0/2e7bc7033dc2c8423e661224171b3133fb155b28/okhttp-2.3.0.jar
Launcher Type: SUN_STANDARD

Environment Variables:
PATH=/home/sanket/bin:/usr/local/sbin:/usr/local/bin:/usr/sbin:/usr/bin:/sbin:/bin:/usr/games:/usr/local/games
SHELL=/bin/bash
DISPLAY=:0

Signal Handlers:
SIGSEGV: [libjvm.so+0x9548f0], sa_mask[0]=0x7ffbfeff, sa_flags=0x10000004
SIGBUS: [libjvm.so+0x9548f0], sa_mask[0]=0x7ffbfeff, sa_flags=0x10000004
SIGFPE: [libjvm.so+0x7cb0b0], sa_mask[0]=0x7ffbfeff, sa_flags=0x10000004
SIGPIPE: [libjvm.so+0x7cb0b0], sa_mask[0]=0x7ffbfeff, sa_flags=0x10000004
SIGXFSZ: [libjvm.so+0x7cb0b0], sa_mask[0]=0x7ffbfeff, sa_flags=0x10000004
SIGILL: [libjvm.so+0x7cb0b0], sa_mask[0]=0x7ffbfeff, sa_flags=0x10000004
SIGUSR1: SIG_DFL, sa_mask[0]=0x00000000, sa_flags=0x00000000
SIGUSR2: [libjvm.so+0x7caf50], sa_mask[0]=0x00000004, sa_flags=0x10000004
SIGHUP: [libjvm.so+0x7cb130], sa_mask[0]=0x7ffbfeff, sa_flags=0x10000004
SIGINT: [libjvm.so+0x7cb130], sa_mask[0]=0x7ffbfeff, sa_flags=0x10000004
SIGTERM: [libjvm.so+0x7cb130], sa_mask[0]=0x7ffbfeff, sa_flags=0x10000004
SIGQUIT: [libjvm.so+0x7cb130], sa_mask[0]=0x7ffbfeff, sa_flags=0x10000004
SIGTRAP: SIG_DFL, sa_mask[0]=0x00000000, sa_flags=0x00000000


---------------  S Y S T E M  ---------------

OS:Ubuntu 14.04 (trusty)
uname:Linux 3.13.0-76-generic #120-Ubuntu SMP Mon Jan 18 15:59:10 UTC 2016 x86_64
libc:glibc 2.19 NPTL 2.19 
rlimit: STACK 8192k, CORE 0k, NPROC 30418, NOFILE 4096, AS infinity
load average:22.24 8.91 4.40

/proc/meminfo:
MemTotal:        3950084 kB
MemFree:          215296 kB
Buffers:             288 kB
Cached:           302716 kB
SwapCached:            0 kB
Active:          3273592 kB
Inactive:         298608 kB
Active(anon):    3271740 kB
Inactive(anon):   281768 kB
Active(file):       1852 kB
Inactive(file):    16840 kB
Unevictable:          32 kB
Mlocked:              32 kB
SwapTotal:             0 kB
SwapFree:              0 kB
Dirty:                96 kB
Writeback:            36 kB
AnonPages:       3269392 kB
Mapped:            58020 kB
Shmem:            284148 kB
Slab:              66028 kB
SReclaimable:      31248 kB
SUnreclaim:        34780 kB
KernelStack:        5296 kB
PageTables:        36372 kB
NFS_Unstable:          0 kB
Bounce:                0 kB
WritebackTmp:          0 kB
CommitLimit:     1975040 kB
Committed_AS:    7494560 kB
VmallocTotal:   34359738367 kB
VmallocUsed:      348288 kB
VmallocChunk:   34359339688 kB
HardwareCorrupted:     0 kB
AnonHugePages:   1177600 kB
HugePages_Total:       0
HugePages_Free:        0
HugePages_Rsvd:        0
HugePages_Surp:        0
Hugepagesize:       2048 kB
DirectMap4k:       84348 kB
DirectMap2M:     2963456 kB
DirectMap1G:     1048576 kB


CPU:total 4 (2 cores per cpu, 2 threads per core) family 6 model 69 stepping 1, cmov, cx8, fxsr, mmx, sse, sse2, sse3, ssse3, sse4.1, sse4.2, popcnt, avx, avx2, aes, erms, ht, tsc, tscinvbit

/proc/cpuinfo:
processor	: 0
vendor_id	: GenuineIntel
cpu family	: 6
model		: 69
model name	: Intel(R) Core(TM) i5-4210U CPU @ 1.70GHz
stepping	: 1
microcode	: 0x17
cpu MHz		: 1700.000
cache size	: 3072 KB
physical id	: 0
siblings	: 4
core id		: 0
cpu cores	: 2
apicid		: 0
initial apicid	: 0
fpu		: yes
fpu_exception	: yes
cpuid level	: 13
wp		: yes
flags		: fpu vme de pse tsc msr pae mce cx8 apic sep mtrr pge mca cmov pat pse36 clflush dts acpi mmx fxsr sse sse2 ss ht tm pbe syscall nx pdpe1gb rdtscp lm constant_tsc arch_perfmon pebs bts rep_good nopl xtopology nonstop_tsc aperfmperf eagerfpu pni pclmulqdq dtes64 monitor ds_cpl vmx est tm2 ssse3 fma cx16 xtpr pdcm pcid sse4_1 sse4_2 movbe popcnt tsc_deadline_timer aes xsave avx f16c rdrand lahf_lm abm ida arat epb xsaveopt pln pts dtherm tpr_shadow vnmi flexpriority ept vpid fsgsbase tsc_adjust bmi1 avx2 smep bmi2 erms invpcid
bogomips	: 3392.16
clflush size	: 64
cache_alignment	: 64
address sizes	: 39 bits physical, 48 bits virtual
power management:

processor	: 1
vendor_id	: GenuineIntel
cpu family	: 6
model		: 69
model name	: Intel(R) Core(TM) i5-4210U CPU @ 1.70GHz
stepping	: 1
microcode	: 0x17
cpu MHz		: 1700.000
cache size	: 3072 KB
physical id	: 0
siblings	: 4
core id		: 1
cpu cores	: 2
apicid		: 2
initial apicid	: 2
fpu		: yes
fpu_exception	: yes
cpuid level	: 13
wp		: yes
flags		: fpu vme de pse tsc msr pae mce cx8 apic sep mtrr pge mca cmov pat pse36 clflush dts acpi mmx fxsr sse sse2 ss ht tm pbe syscall nx pdpe1gb rdtscp lm constant_tsc arch_perfmon pebs bts rep_good nopl xtopology nonstop_tsc aperfmperf eagerfpu pni pclmulqdq dtes64 monitor ds_cpl vmx est tm2 ssse3 fma cx16 xtpr pdcm pcid sse4_1 sse4_2 movbe popcnt tsc_deadline_timer aes xsave avx f16c rdrand lahf_lm abm ida arat epb xsaveopt pln pts dtherm tpr_shadow vnmi flexpriority ept vpid fsgsbase tsc_adjust bmi1 avx2 smep bmi2 erms invpcid
bogomips	: 3392.16
clflush size	: 64
cache_alignment	: 64
address sizes	: 39 bits physical, 48 bits virtual
power management:

processor	: 2
vendor_id	: GenuineIntel
cpu family	: 6
model		: 69
model name	: Intel(R) Core(TM) i5-4210U CPU @ 1.70GHz
stepping	: 1
microcode	: 0x17
cpu MHz		: 1700.000
cache size	: 3072 KB
physical id	: 0
siblings	: 4
core id		: 0
cpu cores	: 2
apicid		: 1
initial apicid	: 1
fpu		: yes
fpu_exception	: yes
cpuid level	: 13
wp		: yes
flags		: fpu vme de pse tsc msr pae mce cx8 apic sep mtrr pge mca cmov pat pse36 clflush dts acpi mmx fxsr sse sse2 ss ht tm pbe syscall nx pdpe1gb rdtscp lm constant_tsc arch_perfmon pebs bts rep_good nopl xtopology nonstop_tsc aperfmperf eagerfpu pni pclmulqdq dtes64 monitor ds_cpl vmx est tm2 ssse3 fma cx16 xtpr pdcm pcid sse4_1 sse4_2 movbe popcnt tsc_deadline_timer aes xsave avx f16c rdrand lahf_lm abm ida arat epb xsaveopt pln pts dtherm tpr_shadow vnmi flexpriority ept vpid fsgsbase tsc_adjust bmi1 avx2 smep bmi2 erms invpcid
bogomips	: 3392.16
clflush size	: 64
cache_alignment	: 64
address sizes	: 39 bits physical, 48 bits virtual
power management:

processor	: 3
vendor_id	: GenuineIntel
cpu family	: 6
model		: 69
model name	: Intel(R) Core(TM) i5-4210U CPU @ 1.70GHz
stepping	: 1
microcode	: 0x17
cpu MHz		: 1700.000
cache size	: 3072 KB
physical id	: 0
siblings	: 4
core id		: 1
cpu cores	: 2
apicid		: 3
initial apicid	: 3
fpu		: yes
fpu_exception	: yes
cpuid level	: 13
wp		: yes
flags		: fpu vme de pse tsc msr pae mce cx8 apic sep mtrr pge mca cmov pat pse36 clflush dts acpi mmx fxsr sse sse2 ss ht tm pbe syscall nx pdpe1gb rdtscp lm constant_tsc arch_perfmon pebs bts rep_good nopl xtopology nonstop_tsc aperfmperf eagerfpu pni pclmulqdq dtes64 monitor ds_cpl vmx est tm2 ssse3 fma cx16 xtpr pdcm pcid sse4_1 sse4_2 movbe popcnt tsc_deadline_timer aes xsave avx f16c rdrand lahf_lm abm ida arat epb xsaveopt pln pts dtherm tpr_shadow vnmi flexpriority ept vpid fsgsbase tsc_adjust bmi1 avx2 smep bmi2 erms invpcid
bogomips	: 3392.16
clflush size	: 64
cache_alignment	: 64
address sizes	: 39 bits physical, 48 bits virtual
power management:



Memory: 4k page, physical 3950084k(215296k free), swap 0k(0k free)

vm_info: OpenJDK 64-Bit Server VM (24.91-b01) for linux-amd64 JRE (1.7.0_91-b02), built on Nov 19 2015 06:14:37 by "buildd" with gcc 4.8.2

time: Wed Feb  3 15:13:23 2016
elapsed time: 38 seconds

