#
# There is insufficient memory for the Java Runtime Environment to continue.
# Native memory allocation (malloc) failed to allocate 84934656 bytes for committing reserved memory.
# Possible reasons:
#   The system is out of physical RAM or swap space
#   In 32 bit mode, the process size limit was hit
# Possible solutions:
#   Reduce memory load on the system
#   Increase physical memory or swap space
#   Check if swap backing store is full
#   Use 64 bit Java on a 64 bit OS
#   Decrease Java heap size (-Xmx/-Xms)
#   Decrease number of Java threads
#   Decrease Java thread stack sizes (-Xss)
#   Set larger code cache with -XX:ReservedCodeCacheSize=
# This output file may be truncated or incomplete.
#
#  Out of Memory Error (os_linux.cpp:2809), pid=11093, tid=140061370042112
#
# JRE version: OpenJDK Runtime Environment (7.0_79-b14) (build 1.7.0_79-b14)
# Java VM: OpenJDK 64-Bit Server VM (24.79-b02 mixed mode linux-amd64 compressed oops)
# Derivative: IcedTea 2.5.6
# Distribution: Ubuntu 14.04 LTS, package 7u79-2.5.6-0ubuntu1.14.04.1
# Failed to write core dump. Core dumps have been disabled. To enable core dumping, try "ulimit -c unlimited" before starting Java again
#

---------------  T H R E A D  ---------------

Current thread (0x00007f629c076800):  VMThread [stack: 0x00007f6294254000,0x00007f6294355000] [id=11104]

Stack: [0x00007f6294254000,0x00007f6294355000],  sp=0x00007f6294353490,  free space=1021k
Native frames: (J=compiled Java code, j=interpreted, Vv=VM code, C=native code)
V  [libjvm.so+0x94afd5]  VMError::report_and_die()+0x175
V  [libjvm.so+0x48b9f4]  report_vm_out_of_memory(char const*, int, unsigned long, char const*)+0x74
V  [libjvm.so+0x7c809b]  os::pd_commit_memory(char*, unsigned long, unsigned long, bool)+0xeb
V  [libjvm.so+0x7c2b3f]  os::commit_memory(char*, unsigned long, unsigned long, bool)+0x1f
V  [libjvm.so+0x83503b]  PSVirtualSpace::expand_by(unsigned long)+0x5b
V  [libjvm.so+0x835e90]  PSYoungGen::resize_generation(unsigned long, unsigned long)+0xb0
V  [libjvm.so+0x83657b]  PSYoungGen::resize(unsigned long, unsigned long)+0x1b
V  [libjvm.so+0x832860]  PSScavenge::invoke_no_policy()+0xde0
V  [libjvm.so+0x833038]  PSScavenge::invoke()+0x38
V  [libjvm.so+0x7e9723]  ParallelScavengeHeap::failed_mem_allocate(unsigned long)+0x63
V  [libjvm.so+0x94c9d4]  VM_ParallelGCFailedAllocation::doit()+0x84
V  [libjvm.so+0x950ed7]  VM_Operation::evaluate()+0x47
V  [libjvm.so+0x94f848]  VMThread::evaluate_operation(VM_Operation*)+0x318
V  [libjvm.so+0x94fca9]  VMThread::loop()+0x219
V  [libjvm.so+0x9500f2]  VMThread::run()+0x72
V  [libjvm.so+0x7c4f62]  java_start(Thread*)+0xf2

VM_Operation (0x00007f62a2a4f2d0): ParallelGCFailedAllocation, mode: safepoint, requested by thread 0x00007f629c00b000


---------------  P R O C E S S  ---------------

Java Threads: ( => current thread )
  0x00007f629c0b0000 JavaThread "Service Thread" daemon [_thread_blocked, id=11110, stack(0x00007f628f51a000,0x00007f628f61b000)]
  0x00007f629c0ad800 JavaThread "C2 CompilerThread1" daemon [_thread_blocked, id=11109, stack(0x00007f628f61b000,0x00007f628f71c000)]
  0x00007f629c0ab000 JavaThread "C2 CompilerThread0" daemon [_thread_blocked, id=11108, stack(0x00007f628f71c000,0x00007f628f81d000)]
  0x00007f629c0a8800 JavaThread "Signal Dispatcher" daemon [_thread_blocked, id=11107, stack(0x00007f628f81d000,0x00007f628f91e000)]
  0x00007f629c07d000 JavaThread "Finalizer" daemon [_thread_blocked, id=11106, stack(0x00007f6294052000,0x00007f6294153000)]
  0x00007f629c07b000 JavaThread "Reference Handler" daemon [_thread_blocked, id=11105, stack(0x00007f6294153000,0x00007f6294254000)]
  0x00007f629c00b000 JavaThread "main" [_thread_blocked, id=11099, stack(0x00007f62a2950000,0x00007f62a2a51000)]

Other Threads:
=>0x00007f629c076800 VMThread [stack: 0x00007f6294254000,0x00007f6294355000] [id=11104]
  0x00007f629c0bb000 WatcherThread [stack: 0x00007f628f419000,0x00007f628f51a000] [id=11111]

VM state:at safepoint (normal execution)

VM Mutex/Monitor currently owned by a thread:  ([mutex/lock_event])
[0x00007f629c0075d0] Threads_lock - owner thread: 0x00007f629c076800
[0x00007f629c007ad0] Heap_lock - owner thread: 0x00007f629c00b000

Heap
 PSYoungGen      total 66048K, used 2537K [0x00000000eaa80000, 0x00000000eed80000, 0x0000000100000000)
  eden space 63488K, 0% used [0x00000000eaa80000,0x00000000eaa80000,0x00000000ee880000)
  from space 2560K, 99% used [0x00000000ee880000,0x00000000eeafa480,0x00000000eeb00000)
  to   space 2560K, 0% used [0x00000000eeb00000,0x00000000eeb00000,0x00000000eed80000)
 ParOldGen       total 40960K, used 25014K [0x00000000c0000000, 0x00000000c2800000, 0x00000000eaa80000)
  object space 40960K, 61% used [0x00000000c0000000,0x00000000c186d8d0,0x00000000c2800000)
 PSPermGen       total 21504K, used 7499K [0x00000000b5a00000, 0x00000000b6f00000, 0x00000000c0000000)
  object space 21504K, 34% used [0x00000000b5a00000,0x00000000b6152d40,0x00000000b6f00000)

Card table byte_map: [0x00007f629813a000,0x00007f629838e000] byte_map_base: 0x00007f6297b8d000

Polling page: 0x00007f62a2a6f000

Code Cache  [0x00007f629838e000, 0x00007f629864e000, 0x00007f629b38e000)
 total_blobs=1113 nmethods=861 adapters=205 free_code_cache=46420Kb largest_free_block=47469824

Compilation events (10 events):
Event: 8.969 Thread 0x00007f629c0ad800 nmethod 861 0x00007f629862fb90 code [0x00007f629862fce0, 0x00007f629862fdd8]
Event: 8.969 Thread 0x00007f629c0ad800  862             com.android.dex.ClassData$Method::getMethodIndex (5 bytes)
Event: 8.969 Thread 0x00007f629c0ad800 nmethod 862 0x00007f629862f990 code [0x00007f629862fac0, 0x00007f629862fb18]
Event: 8.969 Thread 0x00007f629c0ad800  863             com.android.dex.ClassData$Method::getAccessFlags (5 bytes)
Event: 8.970 Thread 0x00007f629c0ad800 nmethod 863 0x00007f629862f790 code [0x00007f629862f8c0, 0x00007f629862f918]
Event: 8.976 Thread 0x00007f629c0ad800  864             com.android.dx.io.instructions.ShortArrayCodeOutput::writeInt (16 bytes)
Event: 8.978 Thread 0x00007f629c0ad800 nmethod 864 0x00007f629862ab10 code [0x00007f629862ac60, 0x00007f629862ad58]
Event: 9.071 Thread 0x00007f629c0ad800  865             com.android.dex.Dex::readCode (28 bytes)
Event: 9.074 Thread 0x00007f629c0ab000 nmethod 847 0x00007f629863a110 code [0x00007f629863a820, 0x00007f629863e670]
Event: 9.074 Thread 0x00007f629c0ab000  866             com.android.dex.Dex$Section::access$900 (5 bytes)

GC Heap History (9 events):
Event: 1.125 GC heap before
{Heap before GC invocations=1 (full 0):
 PSYoungGen      total 18432K, used 15872K [0x00000000eaa80000, 0x00000000ebf00000, 0x0000000100000000)
  eden space 15872K, 100% used [0x00000000eaa80000,0x00000000eba00000,0x00000000eba00000)
  from space 2560K, 0% used [0x00000000ebc80000,0x00000000ebc80000,0x00000000ebf00000)
  to   space 2560K, 0% used [0x00000000eba00000,0x00000000eba00000,0x00000000ebc80000)
 ParOldGen       total 40960K, used 0K [0x00000000c0000000, 0x00000000c2800000, 0x00000000eaa80000)
  object space 40960K, 0% used [0x00000000c0000000,0x00000000c0000000,0x00000000c2800000)
 PSPermGen       total 21504K, used 5316K [0x00000000b5a00000, 0x00000000b6f00000, 0x00000000c0000000)
  object space 21504K, 24% used [0x00000000b5a00000,0x00000000b5f311c8,0x00000000b6f00000)
Event: 1.138 GC heap after
Heap after GC invocations=1 (full 0):
 PSYoungGen      total 18432K, used 2544K [0x00000000eaa80000, 0x00000000ece80000, 0x0000000100000000)
  eden space 15872K, 0% used [0x00000000eaa80000,0x00000000eaa80000,0x00000000eba00000)
  from space 2560K, 99% used [0x00000000eba00000,0x00000000ebc7c028,0x00000000ebc80000)
  to   space 2560K, 0% used [0x00000000ecc00000,0x00000000ecc00000,0x00000000ece80000)
 ParOldGen       total 40960K, used 2065K [0x00000000c0000000, 0x00000000c2800000, 0x00000000eaa80000)
  object space 40960K, 5% used [0x00000000c0000000,0x00000000c0204680,0x00000000c2800000)
 PSPermGen       total 21504K, used 5316K [0x00000000b5a00000, 0x00000000b6f00000, 0x00000000c0000000)
  object space 21504K, 24% used [0x00000000b5a00000,0x00000000b5f311c8,0x00000000b6f00000)
}
Event: 1.443 GC heap before
{Heap before GC invocations=2 (full 0):
 PSYoungGen      total 18432K, used 18416K [0x00000000eaa80000, 0x00000000ece80000, 0x0000000100000000)
  eden space 15872K, 100% used [0x00000000eaa80000,0x00000000eba00000,0x00000000eba00000)
  from space 2560K, 99% used [0x00000000eba00000,0x00000000ebc7c028,0x00000000ebc80000)
  to   space 2560K, 0% used [0x00000000ecc00000,0x00000000ecc00000,0x00000000ece80000)
 ParOldGen       total 40960K, used 2065K [0x00000000c0000000, 0x00000000c2800000, 0x00000000eaa80000)
  object space 40960K, 5% used [0x00000000c0000000,0x00000000c0204680,0x00000000c2800000)
 PSPermGen       total 21504K, used 5520K [0x00000000b5a00000, 0x00000000b6f00000, 0x00000000c0000000)
  object space 21504K, 25% used [0x00000000b5a00000,0x00000000b5f643d8,0x00000000b6f00000)
Event: 1.465 GC heap after
Heap after GC invocations=2 (full 0):
 PSYoungGen      total 34304K, used 2544K [0x00000000eaa80000, 0x00000000ece80000, 0x0000000100000000)
  eden space 31744K, 0% used [0x00000000eaa80000,0x00000000eaa80000,0x00000000ec980000)
  from space 2560K, 99% used [0x00000000ecc00000,0x00000000ece7c038,0x00000000ece80000)
  to   space 2560K, 0% used [0x00000000ec980000,0x00000000ec980000,0x00000000ecc00000)
 ParOldGen       total 40960K, used 4814K [0x00000000c0000000, 0x00000000c2800000, 0x00000000eaa80000)
  object space 40960K, 11% used [0x00000000c0000000,0x00000000c04b3a68,0x00000000c2800000)
 PSPermGen       total 21504K, used 5520K [0x00000000b5a00000, 0x00000000b6f00000, 0x00000000c0000000)
  object space 21504K, 25% used [0x00000000b5a00000,0x00000000b5f643d8,0x00000000b6f00000)
}
Event: 2.087 GC heap before
{Heap before GC invocations=3 (full 0):
 PSYoungGen      total 34304K, used 34288K [0x00000000eaa80000, 0x00000000ece80000, 0x0000000100000000)
  eden space 31744K, 100% used [0x00000000eaa80000,0x00000000ec980000,0x00000000ec980000)
  from space 2560K, 99% used [0x00000000ecc00000,0x00000000ece7c038,0x00000000ece80000)
  to   space 2560K, 0% used [0x00000000ec980000,0x00000000ec980000,0x00000000ecc00000)
 ParOldGen       total 40960K, used 4814K [0x00000000c0000000, 0x00000000c2800000, 0x00000000eaa80000)
  object space 40960K, 11% used [0x00000000c0000000,0x00000000c04b3a68,0x00000000c2800000)
 PSPermGen       total 21504K, used 5577K [0x00000000b5a00000, 0x00000000b6f00000, 0x00000000c0000000)
  object space 21504K, 25% used [0x00000000b5a00000,0x00000000b5f724f8,0x00000000b6f00000)
Event: 2.108 GC heap after
Heap after GC invocations=3 (full 0):
 PSYoungGen      total 34304K, used 2530K [0x00000000eaa80000, 0x00000000eed80000, 0x0000000100000000)
  eden space 31744K, 0% used [0x00000000eaa80000,0x00000000eaa80000,0x00000000ec980000)
  from space 2560K, 98% used [0x00000000ec980000,0x00000000ecbf8af0,0x00000000ecc00000)
  to   space 2560K, 0% used [0x00000000eeb00000,0x00000000eeb00000,0x00000000eed80000)
 ParOldGen       total 40960K, used 9992K [0x00000000c0000000, 0x00000000c2800000, 0x00000000eaa80000)
  object space 40960K, 24% used [0x00000000c0000000,0x00000000c09c2008,0x00000000c2800000)
 PSPermGen       total 21504K, used 5577K [0x00000000b5a00000, 0x00000000b6f00000, 0x00000000c0000000)
  object space 21504K, 25% used [0x00000000b5a00000,0x00000000b5f724f8,0x00000000b6f00000)
}
Event: 7.614 GC heap before
{Heap before GC invocations=4 (full 0):
 PSYoungGen      total 34304K, used 34274K [0x00000000eaa80000, 0x00000000eed80000, 0x0000000100000000)
  eden space 31744K, 100% used [0x00000000eaa80000,0x00000000ec980000,0x00000000ec980000)
  from space 2560K, 98% used [0x00000000ec980000,0x00000000ecbf8af0,0x00000000ecc00000)
  to   space 2560K, 0% used [0x00000000eeb00000,0x00000000eeb00000,0x00000000eed80000)
 ParOldGen       total 40960K, used 9992K [0x00000000c0000000, 0x00000000c2800000, 0x00000000eaa80000)
  object space 40960K, 24% used [0x00000000c0000000,0x00000000c09c2008,0x00000000c2800000)
 PSPermGen       total 21504K, used 6221K [0x00000000b5a00000, 0x00000000b6f00000, 0x00000000c0000000)
  object space 21504K, 28% used [0x00000000b5a00000,0x00000000b60134a0,0x00000000b6f00000)
Event: 7.737 GC heap after
Heap after GC invocations=4 (full 0):
 PSYoungGen      total 66048K, used 2537K [0x00000000eaa80000, 0x00000000eed80000, 0x0000000100000000)
  eden space 63488K, 0% used [0x00000000eaa80000,0x00000000eaa80000,0x00000000ee880000)
  from space 2560K, 99% used [0x00000000eeb00000,0x00000000eed7a468,0x00000000eed80000)
  to   space 2560K, 0% used [0x00000000ee880000,0x00000000ee880000,0x00000000eeb00000)
 ParOldGen       total 40960K, used 17404K [0x00000000c0000000, 0x00000000c2800000, 0x00000000eaa80000)
  object space 40960K, 42% used [0x00000000c0000000,0x00000000c10ff2e8,0x00000000c2800000)
 PSPermGen       total 21504K, used 6221K [0x00000000b5a00000, 0x00000000b6f00000, 0x00000000c0000000)
  object space 21504K, 28% used [0x00000000b5a00000,0x00000000b60134a0,0x00000000b6f00000)
}
Event: 9.074 GC heap before
{Heap before GC invocations=5 (full 0):
 PSYoungGen      total 66048K, used 66025K [0x00000000eaa80000, 0x00000000eed80000, 0x0000000100000000)
  eden space 63488K, 100% used [0x00000000eaa80000,0x00000000ee880000,0x00000000ee880000)
  from space 2560K, 99% used [0x00000000eeb00000,0x00000000eed7a468,0x00000000eed80000)
  to   space 2560K, 0% used [0x00000000ee880000,0x00000000ee880000,0x00000000eeb00000)
 ParOldGen       total 40960K, used 17404K [0x00000000c0000000, 0x00000000c2800000, 0x00000000eaa80000)
  object space 40960K, 42% used [0x00000000c0000000,0x00000000c10ff2e8,0x00000000c2800000)
 PSPermGen       total 21504K, used 7499K [0x00000000b5a00000, 0x00000000b6f00000, 0x00000000c0000000)
  object space 21504K, 34% used [0x00000000b5a00000,0x00000000b6152d40,0x00000000b6f00000)

Deoptimization events (10 events):
Event: 8.110 Thread 0x00007f629c00b000 Uncommon trap: reason=class_check action=maybe_recompile pc=0x00007f6298487964 method=java.util.HashMap.<init>(IF)V @ 115
Event: 8.191 Thread 0x00007f629c00b000 Uncommon trap: reason=class_check action=maybe_recompile pc=0x00007f62985c9b44 method=com.android.dex.Leb128.writeUnsignedLeb128(Lcom/android/dex/util/ByteOutput;I)V @ 40
Event: 8.191 Thread 0x00007f629c00b000 Uncommon trap: reason=class_check action=maybe_recompile pc=0x00007f62985c9b44 method=com.android.dex.Leb128.writeUnsignedLeb128(Lcom/android/dex/util/ByteOutput;I)V @ 40
Event: 8.191 Thread 0x00007f629c00b000 Uncommon trap: reason=class_check action=maybe_recompile pc=0x00007f62985c9b44 method=com.android.dex.Leb128.writeUnsignedLeb128(Lcom/android/dex/util/ByteOutput;I)V @ 40
Event: 8.191 Thread 0x00007f629c00b000 Uncommon trap: reason=class_check action=maybe_recompile pc=0x00007f62985c9b44 method=com.android.dex.Leb128.writeUnsignedLeb128(Lcom/android/dex/util/ByteOutput;I)V @ 40
Event: 8.285 Thread 0x00007f629c00b000 Uncommon trap: reason=predicate action=maybe_recompile pc=0x00007f62985d6fb8 method=com.android.dex.Leb128.writeUnsignedLeb128(Lcom/android/dex/util/ByteOutput;I)V @ 9
Event: 8.455 Thread 0x00007f629c00b000 Uncommon trap: reason=predicate action=maybe_recompile pc=0x00007f62985e4b98 method=com.android.dex.Leb128.readUnsignedLeb128(Lcom/android/dex/util/ByteInput;)I @ 41
Event: 8.527 Thread 0x00007f629c00b000 Uncommon trap: reason=unreached action=reinterpret pc=0x00007f62985e7890 method=com.android.dx.merge.DexMerger$IdMerger.mergeSorted()V @ 261
Event: 8.541 Thread 0x00007f629c00b000 Uncommon trap: reason=unreached action=reinterpret pc=0x00007f62985ec38c method=com.android.dx.merge.DexMerger$IdMerger.mergeSorted()V @ 261
Event: 8.871 Thread 0x00007f629c00b000 Uncommon trap: reason=predicate action=maybe_recompile pc=0x00007f62986286fc method=java.util.ComparableTimSort.binarySort([Ljava/lang/Object;III)V @ 37

Internal exceptions (10 events):
Event: 8.313 Thread 0x00007f629c00b000 Threw 0x00000000eb105778 at /build/openjdk-7-FO0dNI/openjdk-7-7u79-2.5.6/build/openjdk/hotspot/src/share/vm/prims/jvm.cpp:1284
Event: 8.313 Thread 0x00007f629c00b000 Threw 0x00000000eb109390 at /build/openjdk-7-FO0dNI/openjdk-7-7u79-2.5.6/build/openjdk/hotspot/src/share/vm/prims/jvm.cpp:1284
Event: 8.313 Thread 0x00007f629c00b000 Threw 0x00000000eb10d088 at /build/openjdk-7-FO0dNI/openjdk-7-7u79-2.5.6/build/openjdk/hotspot/src/share/vm/prims/jvm.cpp:1284
Event: 8.314 Thread 0x00007f629c00b000 Threw 0x00000000eb111670 at /build/openjdk-7-FO0dNI/openjdk-7-7u79-2.5.6/build/openjdk/hotspot/src/share/vm/prims/jvm.cpp:1284
Event: 8.314 Thread 0x00007f629c00b000 Threw 0x00000000eb115188 at /build/openjdk-7-FO0dNI/openjdk-7-7u79-2.5.6/build/openjdk/hotspot/src/share/vm/prims/jvm.cpp:1284
Event: 8.314 Thread 0x00007f629c00b000 Threw 0x00000000eb118e98 at /build/openjdk-7-FO0dNI/openjdk-7-7u79-2.5.6/build/openjdk/hotspot/src/share/vm/prims/jvm.cpp:1284
Event: 8.315 Thread 0x00007f629c00b000 Threw 0x00000000eb11c918 at /build/openjdk-7-FO0dNI/openjdk-7-7u79-2.5.6/build/openjdk/hotspot/src/share/vm/prims/jvm.cpp:1284
Event: 8.317 Thread 0x00007f629c00b000 Threw 0x00000000eb164428 at /build/openjdk-7-FO0dNI/openjdk-7-7u79-2.5.6/build/openjdk/hotspot/src/share/vm/prims/jvm.cpp:1284
Event: 8.317 Thread 0x00007f629c00b000 Threw 0x00000000eb166fe8 at /build/openjdk-7-FO0dNI/openjdk-7-7u79-2.5.6/build/openjdk/hotspot/src/share/vm/prims/jvm.cpp:1284
Event: 8.769 Thread 0x00007f629c00b000 Threw 0x00000000ecb68fc8 at /build/openjdk-7-FO0dNI/openjdk-7-7u79-2.5.6/build/openjdk/hotspot/src/share/vm/prims/jvm.cpp:1284

Events (10 events):
Event: 8.541 Thread 0x00007f629c00b000 DEOPT UNPACKING pc=0x00007f62983c7445 sp=0x00007f62a2a4f5b8 mode 2
Event: 8.757 loading class 0x00007f6295591b90
Event: 8.758 loading class 0x00007f6295591b90 done
Event: 8.769 loading class 0x00007f629c14a1f0
Event: 8.769 loading class 0x00007f629c14a1f0 done
Event: 8.770 Thread 0x00007f629c0ab000 flushing nmethod 0x00007f6298425190
Event: 8.871 Thread 0x00007f629c00b000 Uncommon trap: trap_request=0xffffff86 fr.pc=0x00007f62986286fc
Event: 8.871 Thread 0x00007f629c00b000 DEOPT PACKING pc=0x00007f62986286fc sp=0x00007f62a2a4f450
Event: 8.871 Thread 0x00007f629c00b000 DEOPT UNPACKING pc=0x00007f62983c7445 sp=0x00007f62a2a4f430 mode 2
Event: 9.074 Executing VM operation: ParallelGCFailedAllocation


Dynamic libraries:
00400000-00401000 r-xp 00000000 08:07 3149677                            /usr/lib/jvm/java-7-openjdk-amd64/jre/bin/java
00600000-00601000 r--p 00000000 08:07 3149677                            /usr/lib/jvm/java-7-openjdk-amd64/jre/bin/java
00601000-00602000 rw-p 00001000 08:07 3149677                            /usr/lib/jvm/java-7-openjdk-amd64/jre/bin/java
01eed000-01f0e000 rw-p 00000000 00:00 0                                  [heap]
b5a00000-b6f00000 rw-p 00000000 00:00 0 
b6f00000-c0000000 rw-p 00000000 00:00 0 
c0000000-c2800000 rw-p 00000000 00:00 0 
c2800000-eaa80000 rw-p 00000000 00:00 0 
eaa80000-eed80000 rw-p 00000000 00:00 0 
f3e80000-100000000 rw-p 00000000 00:00 0 
7f6240000000-7f6240021000 rw-p 00000000 00:00 0 
7f6240021000-7f6244000000 ---p 00000000 00:00 0 
7f6248000000-7f6248029000 rw-p 00000000 00:00 0 
7f6248029000-7f624c000000 ---p 00000000 00:00 0 
7f624c000000-7f624c049000 rw-p 00000000 00:00 0 
7f624c049000-7f6250000000 ---p 00000000 00:00 0 
7f6250000000-7f6250036000 rw-p 00000000 00:00 0 
7f6250036000-7f6254000000 ---p 00000000 00:00 0 
7f6254000000-7f6254021000 rw-p 00000000 00:00 0 
7f6254021000-7f6258000000 ---p 00000000 00:00 0 
7f6258000000-7f6258021000 rw-p 00000000 00:00 0 
7f6258021000-7f625c000000 ---p 00000000 00:00 0 
7f625c000000-7f625c021000 rw-p 00000000 00:00 0 
7f625c021000-7f6260000000 ---p 00000000 00:00 0 
7f6260000000-7f62615d9000 rw-p 00000000 00:00 0 
7f62615d9000-7f6264000000 ---p 00000000 00:00 0 
7f6264000000-7f626558e000 rw-p 00000000 00:00 0 
7f626558e000-7f6268000000 ---p 00000000 00:00 0 
7f6268000000-7f6268021000 rw-p 00000000 00:00 0 
7f6268021000-7f626c000000 ---p 00000000 00:00 0 
7f626c000000-7f626c021000 rw-p 00000000 00:00 0 
7f626c021000-7f6270000000 ---p 00000000 00:00 0 
7f6270000000-7f6270241000 rw-p 00000000 00:00 0 
7f6270241000-7f6274000000 ---p 00000000 00:00 0 
7f6274000000-7f6274021000 rw-p 00000000 00:00 0 
7f6274021000-7f6278000000 ---p 00000000 00:00 0 
7f6278000000-7f6278021000 rw-p 00000000 00:00 0 
7f6278021000-7f627c000000 ---p 00000000 00:00 0 
7f6280000000-7f6280021000 rw-p 00000000 00:00 0 
7f6280021000-7f6284000000 ---p 00000000 00:00 0 
7f6288000000-7f6288021000 rw-p 00000000 00:00 0 
7f6288021000-7f628c000000 ---p 00000000 00:00 0 
7f628d796000-7f628d7d3000 r-xp 00000000 08:07 4198346                    /lib/x86_64-linux-gnu/libpcre.so.3.13.1
7f628d7d3000-7f628d9d2000 ---p 0003d000 08:07 4198346                    /lib/x86_64-linux-gnu/libpcre.so.3.13.1
7f628d9d2000-7f628d9d3000 r--p 0003c000 08:07 4198346                    /lib/x86_64-linux-gnu/libpcre.so.3.13.1
7f628d9d3000-7f628d9d4000 rw-p 0003d000 08:07 4198346                    /lib/x86_64-linux-gnu/libpcre.so.3.13.1
7f628d9d4000-7f628d9db000 r-xp 00000000 08:07 1057795                    /usr/lib/x86_64-linux-gnu/libffi.so.6.0.1
7f628d9db000-7f628dbda000 ---p 00007000 08:07 1057795                    /usr/lib/x86_64-linux-gnu/libffi.so.6.0.1
7f628dbda000-7f628dbdb000 r--p 00006000 08:07 1057795                    /usr/lib/x86_64-linux-gnu/libffi.so.6.0.1
7f628dbdb000-7f628dbdc000 rw-p 00007000 08:07 1057795                    /usr/lib/x86_64-linux-gnu/libffi.so.6.0.1
7f628dbdc000-7f628dbf3000 r-xp 00000000 08:07 4198341                    /lib/x86_64-linux-gnu/libresolv-2.19.so
7f628dbf3000-7f628ddf3000 ---p 00017000 08:07 4198341                    /lib/x86_64-linux-gnu/libresolv-2.19.so
7f628ddf3000-7f628ddf4000 r--p 00017000 08:07 4198341                    /lib/x86_64-linux-gnu/libresolv-2.19.so
7f628ddf4000-7f628ddf5000 rw-p 00018000 08:07 4198341                    /lib/x86_64-linux-gnu/libresolv-2.19.so
7f628ddf5000-7f628ddf7000 rw-p 00000000 00:00 0 
7f628ddf7000-7f628de17000 r-xp 00000000 08:07 4198493                    /lib/x86_64-linux-gnu/libselinux.so.1
7f628de17000-7f628e016000 ---p 00020000 08:07 4198493                    /lib/x86_64-linux-gnu/libselinux.so.1
7f628e016000-7f628e017000 r--p 0001f000 08:07 4198493                    /lib/x86_64-linux-gnu/libselinux.so.1
7f628e017000-7f628e018000 rw-p 00020000 08:07 4198493                    /lib/x86_64-linux-gnu/libselinux.so.1
7f628e018000-7f628e01a000 rw-p 00000000 00:00 0 
7f628e01a000-7f628e01d000 r-xp 00000000 08:07 1048940                    /usr/lib/x86_64-linux-gnu/libgmodule-2.0.so.0.4002.0
7f628e01d000-7f628e21c000 ---p 00003000 08:07 1048940                    /usr/lib/x86_64-linux-gnu/libgmodule-2.0.so.0.4002.0
7f628e21c000-7f628e21d000 r--p 00002000 08:07 1048940                    /usr/lib/x86_64-linux-gnu/libgmodule-2.0.so.0.4002.0
7f628e21d000-7f628e21e000 rw-p 00003000 08:07 1048940                    /usr/lib/x86_64-linux-gnu/libgmodule-2.0.so.0.4002.0
7f628e21e000-7f628e324000 r-xp 00000000 08:07 4198308                    /lib/x86_64-linux-gnu/libglib-2.0.so.0.4002.0
7f628e324000-7f628e523000 ---p 00106000 08:07 4198308                    /lib/x86_64-linux-gnu/libglib-2.0.so.0.4002.0
7f628e523000-7f628e524000 r--p 00105000 08:07 4198308                    /lib/x86_64-linux-gnu/libglib-2.0.so.0.4002.0
7f628e524000-7f628e525000 rw-p 00106000 08:07 4198308                    /lib/x86_64-linux-gnu/libglib-2.0.so.0.4002.0
7f628e525000-7f628e526000 rw-p 00000000 00:00 0 
7f628e526000-7f628e575000 r-xp 00000000 08:07 1048958                    /usr/lib/x86_64-linux-gnu/libgobject-2.0.so.0.4002.0
7f628e575000-7f628e775000 ---p 0004f000 08:07 1048958                    /usr/lib/x86_64-linux-gnu/libgobject-2.0.so.0.4002.0
7f628e775000-7f628e776000 r--p 0004f000 08:07 1048958                    /usr/lib/x86_64-linux-gnu/libgobject-2.0.so.0.4002.0
7f628e776000-7f628e777000 rw-p 00050000 08:07 1048958                    /usr/lib/x86_64-linux-gnu/libgobject-2.0.so.0.4002.0
7f628e777000-7f628e8e3000 r-xp 00000000 08:07 1048962                    /usr/lib/x86_64-linux-gnu/libgio-2.0.so.0.4002.0
7f628e8e3000-7f628eae2000 ---p 0016c000 08:07 1048962                    /usr/lib/x86_64-linux-gnu/libgio-2.0.so.0.4002.0
7f628eae2000-7f628eae6000 r--p 0016b000 08:07 1048962                    /usr/lib/x86_64-linux-gnu/libgio-2.0.so.0.4002.0
7f628eae6000-7f628eae8000 rw-p 0016f000 08:07 1048962                    /usr/lib/x86_64-linux-gnu/libgio-2.0.so.0.4002.0
7f628eae8000-7f628eaea000 rw-p 00000000 00:00 0 
7f628eaea000-7f628eb01000 r-xp 00000000 08:07 3149577                    /usr/lib/jvm/java-7-openjdk-amd64/jre/lib/amd64/libnet.so
7f628eb01000-7f628ed00000 ---p 00017000 08:07 3149577                    /usr/lib/jvm/java-7-openjdk-amd64/jre/lib/amd64/libnet.so
7f628ed00000-7f628ed01000 r--p 00016000 08:07 3149577                    /usr/lib/jvm/java-7-openjdk-amd64/jre/lib/amd64/libnet.so
7f628ed01000-7f628ed02000 rw-p 00017000 08:07 3149577                    /usr/lib/jvm/java-7-openjdk-amd64/jre/lib/amd64/libnet.so
7f628ed02000-7f628ed12000 r-xp 00000000 08:07 3149584                    /usr/lib/jvm/java-7-openjdk-amd64/jre/lib/amd64/libnio.so
7f628ed12000-7f628ef12000 ---p 00010000 08:07 3149584                    /usr/lib/jvm/java-7-openjdk-amd64/jre/lib/amd64/libnio.so
7f628ef12000-7f628ef13000 r--p 00010000 08:07 3149584                    /usr/lib/jvm/java-7-openjdk-amd64/jre/lib/amd64/libnio.so
7f628ef13000-7f628ef14000 rw-p 00011000 08:07 3149584                    /usr/lib/jvm/java-7-openjdk-amd64/jre/lib/amd64/libnio.so
7f628ef14000-7f628ef17000 ---p 00000000 00:00 0 
7f628ef17000-7f628f015000 rw-p 00000000 00:00 0 
7f628f015000-7f628f018000 ---p 00000000 00:00 0 
7f628f018000-7f628f116000 rw-p 00000000 00:00 0 
7f628f116000-7f628f119000 ---p 00000000 00:00 0 
7f628f119000-7f628f217000 rw-p 00000000 00:00 0 
7f628f217000-7f628f21a000 ---p 00000000 00:00 0 
7f628f21a000-7f628f318000 rw-p 00000000 00:00 0 
7f628f318000-7f628f31b000 ---p 00000000 00:00 0 
7f628f31b000-7f628f419000 rw-p 00000000 00:00 0 
7f628f419000-7f628f41a000 ---p 00000000 00:00 0 
7f628f41a000-7f628f51a000 rw-p 00000000 00:00 0                          [stack:11111]
7f628f51a000-7f628f51d000 ---p 00000000 00:00 0 
7f628f51d000-7f628f61b000 rw-p 00000000 00:00 0                          [stack:11110]
7f628f61b000-7f628f61e000 ---p 00000000 00:00 0 
7f628f61e000-7f628f71c000 rw-p 00000000 00:00 0                          [stack:11109]
7f628f71c000-7f628f71f000 ---p 00000000 00:00 0 
7f628f71f000-7f628f81d000 rw-p 00000000 00:00 0                          [stack:11108]
7f628f81d000-7f628f820000 ---p 00000000 00:00 0 
7f628f820000-7f628f91e000 rw-p 00000000 00:00 0                          [stack:11107]
7f628f91e000-7f6290000000 r--p 00000000 08:07 1056383                    /usr/lib/locale/locale-archive
7f6290000000-7f6290021000 rw-p 00000000 00:00 0 
7f6290021000-7f6294000000 ---p 00000000 00:00 0 
7f629404d000-7f6294052000 r--s 0004d000 08:07 3149529                    /usr/lib/jvm/java-7-openjdk-amd64/jre/lib/jsse.jar
7f6294052000-7f6294055000 ---p 00000000 00:00 0 
7f6294055000-7f6294153000 rw-p 00000000 00:00 0                          [stack:11106]
7f6294153000-7f6294156000 ---p 00000000 00:00 0 
7f6294156000-7f6294254000 rw-p 00000000 00:00 0                          [stack:11105]
7f6294254000-7f6294255000 ---p 00000000 00:00 0 
7f6294255000-7f6295331000 rw-p 00000000 00:00 0                          [stack:11104]
7f6295331000-7f62954e2000 r--s 01d29000 08:07 3149519                    /usr/lib/jvm/java-7-openjdk-amd64/jre/lib/rt.jar
7f62954e2000-7f6297d36000 rw-p 00000000 00:00 0 
7f6297d36000-7f6297d37000 ---p 00000000 00:00 0 
7f6297d37000-7f6297e37000 rw-p 00000000 00:00 0                          [stack:11103]
7f6297e37000-7f6297e38000 ---p 00000000 00:00 0 
7f6297e38000-7f6297f38000 rw-p 00000000 00:00 0                          [stack:11102]
7f6297f38000-7f6297f39000 ---p 00000000 00:00 0 
7f6297f39000-7f6298039000 rw-p 00000000 00:00 0                          [stack:11101]
7f6298039000-7f629803a000 ---p 00000000 00:00 0 
7f629803a000-7f6298145000 rw-p 00000000 00:00 0                          [stack:11100]
7f6298145000-7f629818d000 rw-p 00000000 00:00 0 
7f629818d000-7f62981a1000 rw-p 00000000 00:00 0 
7f62981a1000-7f62982e2000 rw-p 00000000 00:00 0 
7f62982e2000-7f6298304000 rw-p 00000000 00:00 0 
7f6298304000-7f629838d000 rw-p 00000000 00:00 0 
7f629838d000-7f629838e000 rw-p 00000000 00:00 0 
7f629838e000-7f629864e000 rwxp 00000000 00:00 0 
7f629864e000-7f629b38e000 rw-p 00000000 00:00 0 
7f629b38e000-7f629b396000 r-xp 00000000 08:07 3149550                    /usr/lib/jvm/java-7-openjdk-amd64/jre/lib/amd64/libzip.so
7f629b396000-7f629b595000 ---p 00008000 08:07 3149550                    /usr/lib/jvm/java-7-openjdk-amd64/jre/lib/amd64/libzip.so
7f629b595000-7f629b596000 r--p 00007000 08:07 3149550                    /usr/lib/jvm/java-7-openjdk-amd64/jre/lib/amd64/libzip.so
7f629b596000-7f629b597000 rw-p 00008000 08:07 3149550                    /usr/lib/jvm/java-7-openjdk-amd64/jre/lib/amd64/libzip.so
7f629b597000-7f629b5a2000 r-xp 00000000 08:07 4198440                    /lib/x86_64-linux-gnu/libnss_files-2.19.so
7f629b5a2000-7f629b7a1000 ---p 0000b000 08:07 4198440                    /lib/x86_64-linux-gnu/libnss_files-2.19.so
7f629b7a1000-7f629b7a2000 r--p 0000a000 08:07 4198440                    /lib/x86_64-linux-gnu/libnss_files-2.19.so
7f629b7a2000-7f629b7a3000 rw-p 0000b000 08:07 4198440                    /lib/x86_64-linux-gnu/libnss_files-2.19.so
7f629b7a3000-7f629b7ae000 r-xp 00000000 08:07 4200064                    /lib/x86_64-linux-gnu/libnss_nis-2.19.so
7f629b7ae000-7f629b9ad000 ---p 0000b000 08:07 4200064                    /lib/x86_64-linux-gnu/libnss_nis-2.19.so
7f629b9ad000-7f629b9ae000 r--p 0000a000 08:07 4200064                    /lib/x86_64-linux-gnu/libnss_nis-2.19.so
7f629b9ae000-7f629b9af000 rw-p 0000b000 08:07 4200064                    /lib/x86_64-linux-gnu/libnss_nis-2.19.so
7f629b9af000-7f629b9c6000 r-xp 00000000 08:07 4199530                    /lib/x86_64-linux-gnu/libnsl-2.19.so
7f629b9c6000-7f629bbc5000 ---p 00017000 08:07 4199530                    /lib/x86_64-linux-gnu/libnsl-2.19.so
7f629bbc5000-7f629bbc6000 r--p 00016000 08:07 4199530                    /lib/x86_64-linux-gnu/libnsl-2.19.so
7f629bbc6000-7f629bbc7000 rw-p 00017000 08:07 4199530                    /lib/x86_64-linux-gnu/libnsl-2.19.so
7f629bbc7000-7f629bbc9000 rw-p 00000000 00:00 0 
7f629bbc9000-7f629bbd2000 r-xp 00000000 08:07 4198482                    /lib/x86_64-linux-gnu/libnss_compat-2.19.so
7f629bbd2000-7f629bdd1000 ---p 00009000 08:07 4198482                    /lib/x86_64-linux-gnu/libnss_compat-2.19.so
7f629bdd1000-7f629bdd2000 r--p 00008000 08:07 4198482                    /lib/x86_64-linux-gnu/libnss_compat-2.19.so
7f629bdd2000-7f629bdd3000 rw-p 00009000 08:07 4198482                    /lib/x86_64-linux-gnu/libnss_compat-2.19.so
7f629bdd3000-7f629bdfe000 r-xp 00000000 08:07 3149589                    /usr/lib/jvm/java-7-openjdk-amd64/jre/lib/amd64/libjava.so
7f629bdfe000-7f629bffd000 ---p 0002b000 08:07 3149589                    /usr/lib/jvm/java-7-openjdk-amd64/jre/lib/amd64/libjava.so
7f629bffd000-7f629bffe000 r--p 0002a000 08:07 3149589                    /usr/lib/jvm/java-7-openjdk-amd64/jre/lib/amd64/libjava.so
7f629bffe000-7f629c000000 rw-p 0002b000 08:07 3149589                    /usr/lib/jvm/java-7-openjdk-amd64/jre/lib/amd64/libjava.so
7f629c000000-7f629c205000 rw-p 00000000 00:00 0 
7f629c205000-7f62a0000000 ---p 00000000 00:00 0 
7f62a0003000-7f62a0012000 r--s 000df000 08:07 3419560                    /home/sanket/android-sdks/build-tools/23.0.0/lib/dx.jar
7f62a0012000-7f62a0066000 rw-p 00000000 00:00 0 
7f62a0066000-7f62a00ae000 rw-p 00000000 00:00 0 
7f62a00ae000-7f62a00c2000 rw-p 00000000 00:00 0 
7f62a00c2000-7f62a0204000 rw-p 00000000 00:00 0 
7f62a0204000-7f62a0214000 r-xp 00000000 08:07 3149567                    /usr/lib/jvm/java-7-openjdk-amd64/jre/lib/amd64/libverify.so
7f62a0214000-7f62a0413000 ---p 00010000 08:07 3149567                    /usr/lib/jvm/java-7-openjdk-amd64/jre/lib/amd64/libverify.so
7f62a0413000-7f62a0415000 r--p 0000f000 08:07 3149567                    /usr/lib/jvm/java-7-openjdk-amd64/jre/lib/amd64/libverify.so
7f62a0415000-7f62a0416000 rw-p 00011000 08:07 3149567                    /usr/lib/jvm/java-7-openjdk-amd64/jre/lib/amd64/libverify.so
7f62a0416000-7f62a041d000 r-xp 00000000 08:07 4200061                    /lib/x86_64-linux-gnu/librt-2.19.so
7f62a041d000-7f62a061c000 ---p 00007000 08:07 4200061                    /lib/x86_64-linux-gnu/librt-2.19.so
7f62a061c000-7f62a061d000 r--p 00006000 08:07 4200061                    /lib/x86_64-linux-gnu/librt-2.19.so
7f62a061d000-7f62a061e000 rw-p 00007000 08:07 4200061                    /lib/x86_64-linux-gnu/librt-2.19.so
7f62a061e000-7f62a0634000 r-xp 00000000 08:07 4198340                    /lib/x86_64-linux-gnu/libgcc_s.so.1
7f62a0634000-7f62a0833000 ---p 00016000 08:07 4198340                    /lib/x86_64-linux-gnu/libgcc_s.so.1
7f62a0833000-7f62a0834000 rw-p 00015000 08:07 4198340                    /lib/x86_64-linux-gnu/libgcc_s.so.1
7f62a0834000-7f62a0939000 r-xp 00000000 08:07 4198343                    /lib/x86_64-linux-gnu/libm-2.19.so
7f62a0939000-7f62a0b38000 ---p 00105000 08:07 4198343                    /lib/x86_64-linux-gnu/libm-2.19.so
7f62a0b38000-7f62a0b39000 r--p 00104000 08:07 4198343                    /lib/x86_64-linux-gnu/libm-2.19.so
7f62a0b39000-7f62a0b3a000 rw-p 00105000 08:07 4198343                    /lib/x86_64-linux-gnu/libm-2.19.so
7f62a0b3a000-7f62a0c20000 r-xp 00000000 08:07 1052838                    /usr/lib/x86_64-linux-gnu/libstdc++.so.6.0.19
7f62a0c20000-7f62a0e1f000 ---p 000e6000 08:07 1052838                    /usr/lib/x86_64-linux-gnu/libstdc++.so.6.0.19
7f62a0e1f000-7f62a0e27000 r--p 000e5000 08:07 1052838                    /usr/lib/x86_64-linux-gnu/libstdc++.so.6.0.19
7f62a0e27000-7f62a0e29000 rw-p 000ed000 08:07 1052838                    /usr/lib/x86_64-linux-gnu/libstdc++.so.6.0.19
7f62a0e29000-7f62a0e3e000 rw-p 00000000 00:00 0 
7f62a0e3e000-7f62a1957000 r-xp 00000000 08:07 3149554                    /usr/lib/jvm/java-7-openjdk-amd64/jre/lib/amd64/server/libjvm.so
7f62a1957000-7f62a1b57000 ---p 00b19000 08:07 3149554                    /usr/lib/jvm/java-7-openjdk-amd64/jre/lib/amd64/server/libjvm.so
7f62a1b57000-7f62a1bf1000 r--p 00b19000 08:07 3149554                    /usr/lib/jvm/java-7-openjdk-amd64/jre/lib/amd64/server/libjvm.so
7f62a1bf1000-7f62a1c14000 rw-p 00bb3000 08:07 3149554                    /usr/lib/jvm/java-7-openjdk-amd64/jre/lib/amd64/server/libjvm.so
7f62a1c14000-7f62a1c42000 rw-p 00000000 00:00 0 
7f62a1c42000-7f62a1c5a000 r-xp 00000000 08:07 4198526                    /lib/x86_64-linux-gnu/libz.so.1.2.8
7f62a1c5a000-7f62a1e59000 ---p 00018000 08:07 4198526                    /lib/x86_64-linux-gnu/libz.so.1.2.8
7f62a1e59000-7f62a1e5a000 r--p 00017000 08:07 4198526                    /lib/x86_64-linux-gnu/libz.so.1.2.8
7f62a1e5a000-7f62a1e5b000 rw-p 00018000 08:07 4198526                    /lib/x86_64-linux-gnu/libz.so.1.2.8
7f62a1e5b000-7f62a1e74000 r-xp 00000000 08:07 4200059                    /lib/x86_64-linux-gnu/libpthread-2.19.so
7f62a1e74000-7f62a2073000 ---p 00019000 08:07 4200059                    /lib/x86_64-linux-gnu/libpthread-2.19.so
7f62a2073000-7f62a2074000 r--p 00018000 08:07 4200059                    /lib/x86_64-linux-gnu/libpthread-2.19.so
7f62a2074000-7f62a2075000 rw-p 00019000 08:07 4200059                    /lib/x86_64-linux-gnu/libpthread-2.19.so
7f62a2075000-7f62a2079000 rw-p 00000000 00:00 0 
7f62a2079000-7f62a207c000 r-xp 00000000 08:07 4198451                    /lib/x86_64-linux-gnu/libdl-2.19.so
7f62a207c000-7f62a227b000 ---p 00003000 08:07 4198451                    /lib/x86_64-linux-gnu/libdl-2.19.so
7f62a227b000-7f62a227c000 r--p 00002000 08:07 4198451                    /lib/x86_64-linux-gnu/libdl-2.19.so
7f62a227c000-7f62a227d000 rw-p 00003000 08:07 4198451                    /lib/x86_64-linux-gnu/libdl-2.19.so
7f62a227d000-7f62a2438000 r-xp 00000000 08:07 4200058                    /lib/x86_64-linux-gnu/libc-2.19.so
7f62a2438000-7f62a2637000 ---p 001bb000 08:07 4200058                    /lib/x86_64-linux-gnu/libc-2.19.so
7f62a2637000-7f62a263b000 r--p 001ba000 08:07 4200058                    /lib/x86_64-linux-gnu/libc-2.19.so
7f62a263b000-7f62a263d000 rw-p 001be000 08:07 4200058                    /lib/x86_64-linux-gnu/libc-2.19.so
7f62a263d000-7f62a2642000 rw-p 00000000 00:00 0 
7f62a2642000-7f62a264f000 r-xp 00000000 08:07 3149552                    /usr/lib/jvm/java-7-openjdk-amd64/jre/lib/amd64/jli/libjli.so
7f62a264f000-7f62a284e000 ---p 0000d000 08:07 3149552                    /usr/lib/jvm/java-7-openjdk-amd64/jre/lib/amd64/jli/libjli.so
7f62a284e000-7f62a284f000 r--p 0000c000 08:07 3149552                    /usr/lib/jvm/java-7-openjdk-amd64/jre/lib/amd64/jli/libjli.so
7f62a284f000-7f62a2850000 rw-p 0000d000 08:07 3149552                    /usr/lib/jvm/java-7-openjdk-amd64/jre/lib/amd64/jli/libjli.so
7f62a2850000-7f62a2873000 r-xp 00000000 08:07 4200046                    /lib/x86_64-linux-gnu/ld-2.19.so
7f62a2873000-7f62a2874000 rw-p 00000000 00:00 0 
7f62a2874000-7f62a2878000 r--s 00085000 08:07 3149537                    /usr/lib/jvm/java-7-openjdk-amd64/jre/lib/ext/localedata.jar
7f62a2878000-7f62a289b000 rw-p 00000000 00:00 0 
7f62a289b000-7f62a2950000 rw-p 00000000 00:00 0 
7f62a2950000-7f62a2953000 ---p 00000000 00:00 0 
7f62a2953000-7f62a2a56000 rw-p 00000000 00:00 0                          [stack:11099]
7f62a2a56000-7f62a2a57000 r--s 00002000 08:07 3149538                    /usr/lib/jvm/java-7-openjdk-amd64/jre/lib/ext/dnsns.jar
7f62a2a57000-7f62a2a59000 r--s 00012000 08:07 3149542                    /usr/lib/jvm/java-7-openjdk-amd64/jre/lib/ext/zipfs.jar
7f62a2a59000-7f62a2a5d000 r--s 0003c000 08:07 3149540                    /usr/lib/jvm/java-7-openjdk-amd64/jre/lib/ext/sunpkcs11.jar
7f62a2a5d000-7f62a2a5f000 r--s 00006000 08:07 1456370                    /usr/share/java/java-atk-wrapper.jar
7f62a2a5f000-7f62a2a63000 r--s 00034000 08:07 3149539                    /usr/lib/jvm/java-7-openjdk-amd64/jre/lib/ext/sunjce_provider.jar
7f62a2a63000-7f62a2a66000 r--s 0000f000 08:07 3149541                    /usr/lib/jvm/java-7-openjdk-amd64/jre/lib/ext/icedtea-sound.jar
7f62a2a66000-7f62a2a6e000 rw-s 00000000 08:07 534013                     /tmp/hsperfdata_sanket/11093
7f62a2a6e000-7f62a2a6f000 rw-p 00000000 00:00 0 
7f62a2a6f000-7f62a2a70000 ---p 00000000 00:00 0 
7f62a2a70000-7f62a2a72000 rw-p 00000000 00:00 0 
7f62a2a72000-7f62a2a73000 r--p 00022000 08:07 4200046                    /lib/x86_64-linux-gnu/ld-2.19.so
7f62a2a73000-7f62a2a74000 rw-p 00023000 08:07 4200046                    /lib/x86_64-linux-gnu/ld-2.19.so
7f62a2a74000-7f62a2a75000 rw-p 00000000 00:00 0 
7ffec7356000-7ffec7378000 rw-p 00000000 00:00 0                          [stack]
7ffec73ec000-7ffec73ee000 r-xp 00000000 00:00 0                          [vdso]
ffffffffff600000-ffffffffff601000 r-xp 00000000 00:00 0                  [vsyscall]

VM Arguments:
jvm_args: -Xmx1024M -Dfile.encoding=UTF-8 -Duser.country=US -Duser.language=en -Duser.variant 
java_command: com.android.dx.command.Main --dex --num-threads=4 --output /home/sanket/lokavidyaapp/app/build/intermediates/dex/debug /home/sanket/lokavidyaapp/app/build/intermediates/classes/debug /home/sanket/lokavidyaapp/app/build/intermediates/pre-dexed/debug/javax.inject-1-0b64f9413fa3755ee930a0fd931b6f28fcfd1ba8.jar /home/sanket/lokavidyaapp/app/build/intermediates/pre-dexed/debug/support-annotations-23.0.0-41a437c02f7a6970c95c376ed6bdd70acb20bd01.jar /home/sanket/lokavidyaapp/app/build/intermediates/pre-dexed/debug/javawriter-2.5.0-3a8d508bc10837ab8cbcf85fe449bc3dec7561df.jar /home/sanket/lokavidyaapp/app/build/intermediates/pre-dexed/debug/classes-9946c7561ec486b51eee390f106f62bd579179b7.jar /home/sanket/lokavidyaapp/app/build/intermediates/pre-dexed/debug/classes-3e3f061d8e3b328eb2bc8ba78f255a7e21c5d841.jar /home/sanket/lokavidyaapp/app/build/intermediates/pre-dexed/debug/butterknife-5.1.2-b3d4f342f7177b4c045966065578a25e60c3253d.jar /home/sanket/lokavidyaapp/app/build/intermediates/pre-dexed/debug/dagger-1.2.2-535aaddd739252e164b51798e401f84fb8e1be12.jar /home/sanket/lokavidyaapp/app/build/intermediates/pre-dexed/debug/activeandroid-3.1.0-SNAPSHOT-eb4e4e1735e6640ddae0218d033cec68abcfe9f6.jar /home/sanket/lokavidyaapp/app/build/intermediates/pre-dexed/debug/dagger-compiler-1.2.2-7be9a82b60fc011b33e043a701870302c8455329.jar /home/sanket/lokavidyaapp/app/build/intermediates/pre-dexed/debug/picasso-2.4.0-49da5b14e642f5132d25b7fb3fef55bb03b48420.jar /home/sanket/lokavidyaapp/app/build/intermediates/pre-dexed/debug/internal_impl-23.0.0-145ab6e7808702f546ed7f43543ec45865dc4a0f.jar /home/sanket/lokavidyaapp/app/build/intermediates/pre-dexed/debug/classes-4de96d920cd9530e4537d9d768c19a6530e36e8f.jar /home/sanket/lokavidyaapp/app/build/intermediates/pre-dexed/debug/classes-c9cb8fa89780647e8ebc914a756e0c1dfd66f529.jar /home/sanket/lokavidyaapp/app/build/intermediates/pre-dexed/debug/guava-15.0-4376dfb99a1b1ec8841bf15403df1c46860cdef1.jar
Launcher Type: SUN_STANDARD

Environment Variables:
PATH=/usr/local/sbin:/usr/local/bin:/usr/sbin:/usr/bin:/sbin:/bin:/usr/games:/usr/local/games
LD_LIBRARY_PATH=.:
SHELL=/bin/bash
DISPLAY=:0

Signal Handlers:
SIGSEGV: [libjvm.so+0x94bab0], sa_mask[0]=0x7ffbfeff, sa_flags=0x10000004
SIGBUS: [libjvm.so+0x94bab0], sa_mask[0]=0x7ffbfeff, sa_flags=0x10000004
SIGFPE: [libjvm.so+0x7c38b0], sa_mask[0]=0x7ffbfeff, sa_flags=0x10000004
SIGPIPE: [libjvm.so+0x7c38b0], sa_mask[0]=0x7ffbfeff, sa_flags=0x10000004
SIGXFSZ: [libjvm.so+0x7c38b0], sa_mask[0]=0x7ffbfeff, sa_flags=0x10000004
SIGILL: [libjvm.so+0x7c38b0], sa_mask[0]=0x7ffbfeff, sa_flags=0x10000004
SIGUSR1: SIG_DFL, sa_mask[0]=0x00000000, sa_flags=0x00000000
SIGUSR2: [libjvm.so+0x7c3750], sa_mask[0]=0x00000004, sa_flags=0x10000004
SIGHUP: [libjvm.so+0x7c3930], sa_mask[0]=0x7ffbfeff, sa_flags=0x10000004
SIGINT: [libjvm.so+0x7c3930], sa_mask[0]=0x7ffbfeff, sa_flags=0x10000004
SIGTERM: [libjvm.so+0x7c3930], sa_mask[0]=0x7ffbfeff, sa_flags=0x10000004
SIGQUIT: [libjvm.so+0x7c3930], sa_mask[0]=0x7ffbfeff, sa_flags=0x10000004
SIGTRAP: SIG_DFL, sa_mask[0]=0x00000000, sa_flags=0x00000000


---------------  S Y S T E M  ---------------

OS:Ubuntu 14.04 (trusty)
uname:Linux 3.13.0-65-generic #106-Ubuntu SMP Fri Oct 2 22:08:27 UTC 2015 x86_64
libc:glibc 2.19 NPTL 2.19 
rlimit: STACK 8192k, CORE 0k, NPROC 30418, NOFILE 4096, AS infinity
load average:19.91 6.64 2.61

/proc/meminfo:
MemTotal:        3950088 kB
MemFree:           99420 kB
Buffers:             268 kB
Cached:           302484 kB
SwapCached:            0 kB
Active:          3395576 kB
Inactive:         299156 kB
Active(anon):    3394332 kB
Inactive(anon):   286472 kB
Active(file):       1244 kB
Inactive(file):    12684 kB
Unevictable:          32 kB
Mlocked:              32 kB
SwapTotal:             0 kB
SwapFree:              0 kB
Dirty:                60 kB
Writeback:             0 kB
AnonPages:       3392340 kB
Mapped:            67032 kB
Shmem:            288496 kB
Slab:              64552 kB
SReclaimable:      31048 kB
SUnreclaim:        33504 kB
KernelStack:        4344 kB
PageTables:        33500 kB
NFS_Unstable:          0 kB
Bounce:                0 kB
WritebackTmp:          0 kB
CommitLimit:     1975044 kB
Committed_AS:    6694944 kB
VmallocTotal:   34359738367 kB
VmallocUsed:      348384 kB
VmallocChunk:   34359360380 kB
HardwareCorrupted:     0 kB
AnonHugePages:   1492992 kB
HugePages_Total:       0
HugePages_Free:        0
HugePages_Rsvd:        0
HugePages_Surp:        0
Hugepagesize:       2048 kB
DirectMap4k:       98684 kB
DirectMap2M:     2949120 kB
DirectMap1G:     1048576 kB


CPU:total 4 (2 cores per cpu, 2 threads per core) family 6 model 69 stepping 1, cmov, cx8, fxsr, mmx, sse, sse2, sse3, ssse3, sse4.1, sse4.2, popcnt, avx, avx2, aes, erms, ht, tsc, tscinvbit

/proc/cpuinfo:
processor	: 0
vendor_id	: GenuineIntel
cpu family	: 6
model		: 69
model name	: Intel(R) Core(TM) i5-4210U CPU @ 1.70GHz
stepping	: 1
microcode	: 0x17
cpu MHz		: 1701.000
cache size	: 3072 KB
physical id	: 0
siblings	: 4
core id		: 0
cpu cores	: 2
apicid		: 0
initial apicid	: 0
fpu		: yes
fpu_exception	: yes
cpuid level	: 13
wp		: yes
flags		: fpu vme de pse tsc msr pae mce cx8 apic sep mtrr pge mca cmov pat pse36 clflush dts acpi mmx fxsr sse sse2 ss ht tm pbe syscall nx pdpe1gb rdtscp lm constant_tsc arch_perfmon pebs bts rep_good nopl xtopology nonstop_tsc aperfmperf eagerfpu pni pclmulqdq dtes64 monitor ds_cpl vmx est tm2 ssse3 fma cx16 xtpr pdcm pcid sse4_1 sse4_2 movbe popcnt tsc_deadline_timer aes xsave avx f16c rdrand lahf_lm abm ida arat epb xsaveopt pln pts dtherm tpr_shadow vnmi flexpriority ept vpid fsgsbase tsc_adjust bmi1 avx2 smep bmi2 erms invpcid
bogomips	: 3392.30
clflush size	: 64
cache_alignment	: 64
address sizes	: 39 bits physical, 48 bits virtual
power management:

processor	: 1
vendor_id	: GenuineIntel
cpu family	: 6
model		: 69
model name	: Intel(R) Core(TM) i5-4210U CPU @ 1.70GHz
stepping	: 1
microcode	: 0x17
cpu MHz		: 1701.000
cache size	: 3072 KB
physical id	: 0
siblings	: 4
core id		: 1
cpu cores	: 2
apicid		: 2
initial apicid	: 2
fpu		: yes
fpu_exception	: yes
cpuid level	: 13
wp		: yes
flags		: fpu vme de pse tsc msr pae mce cx8 apic sep mtrr pge mca cmov pat pse36 clflush dts acpi mmx fxsr sse sse2 ss ht tm pbe syscall nx pdpe1gb rdtscp lm constant_tsc arch_perfmon pebs bts rep_good nopl xtopology nonstop_tsc aperfmperf eagerfpu pni pclmulqdq dtes64 monitor ds_cpl vmx est tm2 ssse3 fma cx16 xtpr pdcm pcid sse4_1 sse4_2 movbe popcnt tsc_deadline_timer aes xsave avx f16c rdrand lahf_lm abm ida arat epb xsaveopt pln pts dtherm tpr_shadow vnmi flexpriority ept vpid fsgsbase tsc_adjust bmi1 avx2 smep bmi2 erms invpcid
bogomips	: 3392.30
clflush size	: 64
cache_alignment	: 64
address sizes	: 39 bits physical, 48 bits virtual
power management:

processor	: 2
vendor_id	: GenuineIntel
cpu family	: 6
model		: 69
model name	: Intel(R) Core(TM) i5-4210U CPU @ 1.70GHz
stepping	: 1
microcode	: 0x17
cpu MHz		: 1701.000
cache size	: 3072 KB
physical id	: 0
siblings	: 4
core id		: 0
cpu cores	: 2
apicid		: 1
initial apicid	: 1
fpu		: yes
fpu_exception	: yes
cpuid level	: 13
wp		: yes
flags		: fpu vme de pse tsc msr pae mce cx8 apic sep mtrr pge mca cmov pat pse36 clflush dts acpi mmx fxsr sse sse2 ss ht tm pbe syscall nx pdpe1gb rdtscp lm constant_tsc arch_perfmon pebs bts rep_good nopl xtopology nonstop_tsc aperfmperf eagerfpu pni pclmulqdq dtes64 monitor ds_cpl vmx est tm2 ssse3 fma cx16 xtpr pdcm pcid sse4_1 sse4_2 movbe popcnt tsc_deadline_timer aes xsave avx f16c rdrand lahf_lm abm ida arat epb xsaveopt pln pts dtherm tpr_shadow vnmi flexpriority ept vpid fsgsbase tsc_adjust bmi1 avx2 smep bmi2 erms invpcid
bogomips	: 3392.30
clflush size	: 64
cache_alignment	: 64
address sizes	: 39 bits physical, 48 bits virtual
power management:

processor	: 3
vendor_id	: GenuineIntel
cpu family	: 6
model		: 69
model name	: Intel(R) Core(TM) i5-4210U CPU @ 1.70GHz
stepping	: 1
microcode	: 0x17
cpu MHz		: 1701.000
cache size	: 3072 KB
physical id	: 0
siblings	: 4
core id		: 1
cpu cores	: 2
apicid		: 3
initial apicid	: 3
fpu		: yes
fpu_exception	: yes
cpuid level	: 13
wp		: yes
flags		: fpu vme de pse tsc msr pae mce cx8 apic sep mtrr pge mca cmov pat pse36 clflush dts acpi mmx fxsr sse sse2 ss ht tm pbe syscall nx pdpe1gb rdtscp lm constant_tsc arch_perfmon pebs bts rep_good nopl xtopology nonstop_tsc aperfmperf eagerfpu pni pclmulqdq dtes64 monitor ds_cpl vmx est tm2 ssse3 fma cx16 xtpr pdcm pcid sse4_1 sse4_2 movbe popcnt tsc_deadline_timer aes xsave avx f16c rdrand lahf_lm abm ida arat epb xsaveopt pln pts dtherm tpr_shadow vnmi flexpriority ept vpid fsgsbase tsc_adjust bmi1 avx2 smep bmi2 erms invpcid
bogomips	: 3392.30
clflush size	: 64
cache_alignment	: 64
address sizes	: 39 bits physical, 48 bits virtual
power management:



Memory: 4k page, physical 3950088k(98916k free), swap 0k(0k free)

vm_info: OpenJDK 64-Bit Server VM (24.79-b02) for linux-amd64 JRE (1.7.0_79-b14), built on Jul 24 2015 08:15:54 by "buildd" with gcc 4.8.2

time: Thu Oct 15 18:02:45 2015
elapsed time: 99 seconds

