#
# There is insufficient memory for the Java Runtime Environment to continue.
# Native memory allocation (malloc) failed to allocate 73924608 bytes for committing reserved memory.
# Possible reasons:
#   The system is out of physical RAM or swap space
#   In 32 bit mode, the process size limit was hit
# Possible solutions:
#   Reduce memory load on the system
#   Increase physical memory or swap space
#   Check if swap backing store is full
#   Use 64 bit Java on a 64 bit OS
#   Decrease Java heap size (-Xmx/-Xms)
#   Decrease number of Java threads
#   Decrease Java thread stack sizes (-Xss)
#   Set larger code cache with -XX:ReservedCodeCacheSize=
# This output file may be truncated or incomplete.
#
#  Out of Memory Error (os_linux.cpp:2827), pid=17703, tid=140580256016128
#
# JRE version: OpenJDK Runtime Environment (7.0_91-b02) (build 1.7.0_91-b02)
# Java VM: OpenJDK 64-Bit Server VM (24.91-b01 mixed mode linux-amd64 compressed oops)
# Derivative: IcedTea 2.6.3
# Distribution: Ubuntu 14.04 LTS, package 7u91-2.6.3-0ubuntu0.14.04.1
# Failed to write core dump. Core dumps have been disabled. To enable core dumping, try "ulimit -c unlimited" before starting Java again
#

---------------  T H R E A D  ---------------

Current thread (0x00007fdb6c077000):  VMThread [stack: 0x00007fdb6428e000,0x00007fdb6438f000] [id=17714]

Stack: [0x00007fdb6428e000,0x00007fdb6438f000],  sp=0x00007fdb6438d490,  free space=1021k
Native frames: (J=compiled Java code, j=interpreted, Vv=VM code, C=native code)
V  [libjvm.so+0x953e15]  VMError::report_and_die()+0x175
V  [libjvm.so+0x48fd94]  report_vm_out_of_memory(char const*, int, unsigned long, char const*)+0x74
V  [libjvm.so+0x7cf87b]  os::pd_commit_memory(char*, unsigned long, unsigned long, bool)+0xeb
V  [libjvm.so+0x7ca33f]  os::commit_memory(char*, unsigned long, unsigned long, bool)+0x1f
V  [libjvm.so+0x83dacb]  PSVirtualSpace::expand_by(unsigned long)+0x5b
V  [libjvm.so+0x83e930]  PSYoungGen::resize_generation(unsigned long, unsigned long)+0xb0
V  [libjvm.so+0x83f01b]  PSYoungGen::resize(unsigned long, unsigned long)+0x1b
V  [libjvm.so+0x83b258]  PSScavenge::invoke_no_policy()+0xd68
V  [libjvm.so+0x83bac8]  PSScavenge::invoke()+0x38
V  [libjvm.so+0x7f2083]  ParallelScavengeHeap::failed_mem_allocate(unsigned long)+0x63
V  [libjvm.so+0x955814]  VM_ParallelGCFailedAllocation::doit()+0x84
V  [libjvm.so+0x959917]  VM_Operation::evaluate()+0x47
V  [libjvm.so+0x9583d8]  VMThread::evaluate_operation(VM_Operation*)+0x318
V  [libjvm.so+0x958839]  VMThread::loop()+0x219
V  [libjvm.so+0x958c82]  VMThread::run()+0x72
V  [libjvm.so+0x7cc742]  java_start(Thread*)+0xf2

VM_Operation (0x00007fdb72a9c2c0): ParallelGCFailedAllocation, mode: safepoint, requested by thread 0x00007fdb6c00b800


---------------  P R O C E S S  ---------------

Java Threads: ( => current thread )
  0x00007fdb6c0b0800 JavaThread "Service Thread" daemon [_thread_blocked, id=17720, stack(0x00007fdb5751a000,0x00007fdb5761b000)]
  0x00007fdb6c0ae800 JavaThread "C2 CompilerThread1" daemon [_thread_blocked, id=17719, stack(0x00007fdb5761b000,0x00007fdb5771c000)]
  0x00007fdb6c0ab800 JavaThread "C2 CompilerThread0" daemon [_thread_blocked, id=17718, stack(0x00007fdb5771c000,0x00007fdb5781d000)]
  0x00007fdb6c0a9000 JavaThread "Signal Dispatcher" daemon [_thread_blocked, id=17717, stack(0x00007fdb5781d000,0x00007fdb5791e000)]
  0x00007fdb6c07d800 JavaThread "Finalizer" daemon [_thread_blocked, id=17716, stack(0x00007fdb6408c000,0x00007fdb6418d000)]
  0x00007fdb6c07b800 JavaThread "Reference Handler" daemon [_thread_blocked, id=17715, stack(0x00007fdb6418d000,0x00007fdb6428e000)]
  0x00007fdb6c00b800 JavaThread "main" [_thread_blocked, id=17709, stack(0x00007fdb7299d000,0x00007fdb72a9e000)]

Other Threads:
=>0x00007fdb6c077000 VMThread [stack: 0x00007fdb6428e000,0x00007fdb6438f000] [id=17714]
  0x00007fdb6c0bb800 WatcherThread [stack: 0x00007fdb57419000,0x00007fdb5751a000] [id=17721]

VM state:at safepoint (normal execution)

VM Mutex/Monitor currently owned by a thread:  ([mutex/lock_event])
[0x00007fdb6c007da0] Threads_lock - owner thread: 0x00007fdb6c077000
[0x00007fdb6c0082a0] Heap_lock - owner thread: 0x00007fdb6c00b800

Heap
 PSYoungGen      total 215552K, used 14068K [0x00000000eaa80000, 0x00000000f9000000, 0x0000000100000000)
  eden space 196096K, 0% used [0x00000000eaa80000,0x00000000eaa80000,0x00000000f6a00000)
  from space 19456K, 72% used [0x00000000f6a00000,0x00000000f77bd220,0x00000000f7d00000)
  to   space 18432K, 0% used [0x00000000f7e00000,0x00000000f7e00000,0x00000000f9000000)
 ParOldGen       total 58880K, used 43419K [0x00000000c0000000, 0x00000000c3980000, 0x00000000eaa80000)
  object space 58880K, 73% used [0x00000000c0000000,0x00000000c2a66c70,0x00000000c3980000)
 PSPermGen       total 21504K, used 7707K [0x00000000b5a00000, 0x00000000b6f00000, 0x00000000c0000000)
  object space 21504K, 35% used [0x00000000b5a00000,0x00000000b6186d50,0x00000000b6f00000)

Card table byte_map: [0x00007fdb68367000,0x00007fdb685bb000] byte_map_base: 0x00007fdb67dba000

Polling page: 0x00007fdb72ac0000

Code Cache  [0x00007fdb685bb000, 0x00007fdb6899b000, 0x00007fdb6b5bb000)
 total_blobs=1489 nmethods=1235 adapters=207 free_code_cache=45270Kb largest_free_block=46284864

Compilation events (10 events):
Event: 8.369 Thread 0x00007fdb6c0ab800 nmethod 1257 0x00007fdb68994790 code [0x00007fdb689949c0, 0x00007fdb68995fb0]
Event: 8.411 Thread 0x00007fdb6c0ae800 1259             java.nio.Buffer::hasRemaining (17 bytes)
Event: 8.412 Thread 0x00007fdb6c0ae800 nmethod 1259 0x00007fdb6896abd0 code [0x00007fdb6896ad00, 0x00007fdb6896ad58]
Event: 8.450 Thread 0x00007fdb6c0ab800 1260             com.android.dx.io.instructions.InstructionCodec$22::decode (37 bytes)
Event: 8.450 Thread 0x00007fdb6c0ae800 1261             com.android.dx.io.instructions.InstructionCodec$22::encode (31 bytes)
Event: 8.452 Thread 0x00007fdb6c0ab800 nmethod 1260 0x00007fdb688bf0d0 code [0x00007fdb688bf240, 0x00007fdb688bf498]
Event: 8.453 Thread 0x00007fdb6c0ab800 1262             com.android.dx.io.instructions.DecodedInstruction::getLiteralInt (53 bytes)
Event: 8.453 Thread 0x00007fdb6c0ae800 nmethod 1261 0x00007fdb68987b10 code [0x00007fdb68987c80, 0x00007fdb68987ed8]
Event: 8.453 Thread 0x00007fdb6c0ab800 nmethod 1262 0x00007fdb6898d1d0 code [0x00007fdb6898d300, 0x00007fdb6898d378]
Event: 8.617 Thread 0x00007fdb6c0ae800 1263             java.util.ComparableTimSort::gallopLeft (327 bytes)

GC Heap History (10 events):
Event: 6.666 GC heap after
Heap after GC invocations=7 (full 0):
 PSYoungGen      total 71168K, used 8693K [0x00000000eaa80000, 0x00000000f3f80000, 0x0000000100000000)
  eden space 62464K, 0% used [0x00000000eaa80000,0x00000000eaa80000,0x00000000ee780000)
  from space 8704K, 99% used [0x00000000ee780000,0x00000000eeffd7f0,0x00000000ef000000)
  to   space 13824K, 0% used [0x00000000f3200000,0x00000000f3200000,0x00000000f3f80000)
 ParOldGen       total 40960K, used 25027K [0x00000000c0000000, 0x00000000c2800000, 0x00000000eaa80000)
  object space 40960K, 61% used [0x00000000c0000000,0x00000000c1870d70,0x00000000c2800000)
 PSPermGen       total 21504K, used 7511K [0x00000000b5a00000, 0x00000000b6f00000, 0x00000000c0000000)
  object space 21504K, 34% used [0x00000000b5a00000,0x00000000b6155d38,0x00000000b6f00000)
}
Event: 7.117 GC heap before
{Heap before GC invocations=8 (full 0):
 PSYoungGen      total 71168K, used 71157K [0x00000000eaa80000, 0x00000000f3f80000, 0x0000000100000000)
  eden space 62464K, 100% used [0x00000000eaa80000,0x00000000ee780000,0x00000000ee780000)
  from space 8704K, 99% used [0x00000000ee780000,0x00000000eeffd7f0,0x00000000ef000000)
  to   space 13824K, 0% used [0x00000000f3200000,0x00000000f3200000,0x00000000f3f80000)
 ParOldGen       total 40960K, used 25027K [0x00000000c0000000, 0x00000000c2800000, 0x00000000eaa80000)
  object space 40960K, 61% used [0x00000000c0000000,0x00000000c1870d70,0x00000000c2800000)
 PSPermGen       total 21504K, used 7581K [0x00000000b5a00000, 0x00000000b6f00000, 0x00000000c0000000)
  object space 21504K, 35% used [0x00000000b5a00000,0x00000000b6167750,0x00000000b6f00000)
Event: 7.130 GC heap after
Heap after GC invocations=8 (full 0):
 PSYoungGen      total 136192K, used 13803K [0x00000000eaa80000, 0x00000000f4480000, 0x0000000100000000)
  eden space 122368K, 0% used [0x00000000eaa80000,0x00000000eaa80000,0x00000000f2200000)
  from space 13824K, 99% used [0x00000000f3200000,0x00000000f3f7af10,0x00000000f3f80000)
  to   space 16384K, 0% used [0x00000000f2200000,0x00000000f2200000,0x00000000f3200000)
 ParOldGen       total 40960K, used 25627K [0x00000000c0000000, 0x00000000c2800000, 0x00000000eaa80000)
  object space 40960K, 62% used [0x00000000c0000000,0x00000000c1906ec0,0x00000000c2800000)
 PSPermGen       total 21504K, used 7581K [0x00000000b5a00000, 0x00000000b6f00000, 0x00000000c0000000)
  object space 21504K, 35% used [0x00000000b5a00000,0x00000000b6167750,0x00000000b6f00000)
}
Event: 7.661 GC heap before
{Heap before GC invocations=9 (full 0):
 PSYoungGen      total 136192K, used 136171K [0x00000000eaa80000, 0x00000000f4480000, 0x0000000100000000)
  eden space 122368K, 100% used [0x00000000eaa80000,0x00000000f2200000,0x00000000f2200000)
  from space 13824K, 99% used [0x00000000f3200000,0x00000000f3f7af10,0x00000000f3f80000)
  to   space 16384K, 0% used [0x00000000f2200000,0x00000000f2200000,0x00000000f3200000)
 ParOldGen       total 40960K, used 25627K [0x00000000c0000000, 0x00000000c2800000, 0x00000000eaa80000)
  object space 40960K, 62% used [0x00000000c0000000,0x00000000c1906ec0,0x00000000c2800000)
 PSPermGen       total 21504K, used 7692K [0x00000000b5a00000, 0x00000000b6f00000, 0x00000000c0000000)
  object space 21504K, 35% used [0x00000000b5a00000,0x00000000b61833c8,0x00000000b6f00000)
Event: 7.683 GC heap after
Heap after GC invocations=9 (full 0):
 PSYoungGen      total 138752K, used 16361K [0x00000000eaa80000, 0x00000000f9200000, 0x0000000100000000)
  eden space 122368K, 0% used [0x00000000eaa80000,0x00000000eaa80000,0x00000000f2200000)
  from space 16384K, 99% used [0x00000000f2200000,0x00000000f31fa5c8,0x00000000f3200000)
  to   space 20480K, 0% used [0x00000000f7e00000,0x00000000f7e00000,0x00000000f9200000)
 ParOldGen       total 40960K, used 30624K [0x00000000c0000000, 0x00000000c2800000, 0x00000000eaa80000)
  object space 40960K, 74% used [0x00000000c0000000,0x00000000c1de82e0,0x00000000c2800000)
 PSPermGen       total 21504K, used 7692K [0x00000000b5a00000, 0x00000000b6f00000, 0x00000000c0000000)
  object space 21504K, 35% used [0x00000000b5a00000,0x00000000b61833c8,0x00000000b6f00000)
}
Event: 8.049 GC heap before
{Heap before GC invocations=10 (full 0):
 PSYoungGen      total 138752K, used 138729K [0x00000000eaa80000, 0x00000000f9200000, 0x0000000100000000)
  eden space 122368K, 100% used [0x00000000eaa80000,0x00000000f2200000,0x00000000f2200000)
  from space 16384K, 99% used [0x00000000f2200000,0x00000000f31fa5c8,0x00000000f3200000)
  to   space 20480K, 0% used [0x00000000f7e00000,0x00000000f7e00000,0x00000000f9200000)
 ParOldGen       total 40960K, used 30624K [0x00000000c0000000, 0x00000000c2800000, 0x00000000eaa80000)
  object space 40960K, 74% used [0x00000000c0000000,0x00000000c1de82e0,0x00000000c2800000)
 PSPermGen       total 21504K, used 7702K [0x00000000b5a00000, 0x00000000b6f00000, 0x00000000c0000000)
  object space 21504K, 35% used [0x00000000b5a00000,0x00000000b6185ae0,0x00000000b6f00000)
Event: 8.065 GC heap after
Heap after GC invocations=10 (full 0):
 PSYoungGen      total 214528K, used 9265K [0x00000000eaa80000, 0x00000000f9000000, 0x0000000100000000)
  eden space 196096K, 0% used [0x00000000eaa80000,0x00000000eaa80000,0x00000000f6a00000)
  from space 18432K, 50% used [0x00000000f7e00000,0x00000000f870c468,0x00000000f9000000)
  to   space 19456K, 0% used [0x00000000f6a00000,0x00000000f6a00000,0x00000000f7d00000)
 ParOldGen       total 40960K, used 39176K [0x00000000c0000000, 0x00000000c2800000, 0x00000000eaa80000)
  object space 40960K, 95% used [0x00000000c0000000,0x00000000c2642228,0x00000000c2800000)
 PSPermGen       total 21504K, used 7702K [0x00000000b5a00000, 0x00000000b6f00000, 0x00000000c0000000)
  object space 21504K, 35% used [0x00000000b5a00000,0x00000000b6185ae0,0x00000000b6f00000)
}
Event: 8.080 GC heap before
{Heap before GC invocations=11 (full 1):
 PSYoungGen      total 214528K, used 9265K [0x00000000eaa80000, 0x00000000f9000000, 0x0000000100000000)
  eden space 196096K, 0% used [0x00000000eaa80000,0x00000000eaa80000,0x00000000f6a00000)
  from space 18432K, 50% used [0x00000000f7e00000,0x00000000f870c468,0x00000000f9000000)
  to   space 19456K, 0% used [0x00000000f6a00000,0x00000000f6a00000,0x00000000f7d00000)
 ParOldGen       total 40960K, used 39176K [0x00000000c0000000, 0x00000000c2800000, 0x00000000eaa80000)
  object space 40960K, 95% used [0x00000000c0000000,0x00000000c2642228,0x00000000c2800000)
 PSPermGen       total 21504K, used 7702K [0x00000000b5a00000, 0x00000000b6f00000, 0x00000000c0000000)
  object space 21504K, 35% used [0x00000000b5a00000,0x00000000b6185ae0,0x00000000b6f00000)
Event: 8.244 GC heap after
Heap after GC invocations=11 (full 1):
 PSYoungGen      total 214528K, used 0K [0x00000000eaa80000, 0x00000000f9000000, 0x0000000100000000)
  eden space 196096K, 0% used [0x00000000eaa80000,0x00000000eaa80000,0x00000000f6a00000)
  from space 18432K, 0% used [0x00000000f7e00000,0x00000000f7e00000,0x00000000f9000000)
  to   space 19456K, 0% used [0x00000000f6a00000,0x00000000f6a00000,0x00000000f7d00000)
 ParOldGen       total 58880K, used 26993K [0x00000000c0000000, 0x00000000c3980000, 0x00000000eaa80000)
  object space 58880K, 45% used [0x00000000c0000000,0x00000000c1a5c5a0,0x00000000c3980000)
 PSPermGen       total 21504K, used 7698K [0x00000000b5a00000, 0x00000000b6f00000, 0x00000000c0000000)
  object space 21504K, 35% used [0x00000000b5a00000,0x00000000b6184b20,0x00000000b6f00000)
}
Event: 8.629 GC heap before
{Heap before GC invocations=12 (full 1):
 PSYoungGen      total 214528K, used 196096K [0x00000000eaa80000, 0x00000000f9000000, 0x0000000100000000)
  eden space 196096K, 100% used [0x00000000eaa80000,0x00000000f6a00000,0x00000000f6a00000)
  from space 18432K, 0% used [0x00000000f7e00000,0x00000000f7e00000,0x00000000f9000000)
  to   space 19456K, 0% used [0x00000000f6a00000,0x00000000f6a00000,0x00000000f7d00000)
 ParOldGen       total 58880K, used 26993K [0x00000000c0000000, 0x00000000c3980000, 0x00000000eaa80000)
  object space 58880K, 45% used [0x00000000c0000000,0x00000000c1a5c5a0,0x00000000c3980000)
 PSPermGen       total 21504K, used 7707K [0x00000000b5a00000, 0x00000000b6f00000, 0x00000000c0000000)
  object space 21504K, 35% used [0x00000000b5a00000,0x00000000b6186d50,0x00000000b6f00000)

Deoptimization events (10 events):
Event: 7.872 Thread 0x00007fdb6c00b800 Uncommon trap: reason=unstable_if action=reinterpret pc=0x00007fdb688e493c method=com.android.dex.Mutf8.countBytes(Ljava/lang/String;Z)J @ 28
Event: 7.873 Thread 0x00007fdb6c00b800 Uncommon trap: reason=unstable_if action=reinterpret pc=0x00007fdb688ae554 method=com.android.dex.Mutf8.encode([BILjava/lang/String;)V @ 24
Event: 7.962 Thread 0x00007fdb6c00b800 Uncommon trap: reason=unstable_if action=reinterpret pc=0x00007fdb688deea0 method=com.android.dex.Mutf8.countBytes(Ljava/lang/String;Z)J @ 28
Event: 8.022 Thread 0x00007fdb6c00b800 Uncommon trap: reason=unstable_if action=reinterpret pc=0x00007fdb688e67a4 method=com.android.dex.Mutf8.countBytes(Ljava/lang/String;Z)J @ 28
Event: 8.291 Thread 0x00007fdb6c00b800 Uncommon trap: reason=unstable_if action=reinterpret pc=0x00007fdb688c1194 method=com.android.dex.Mutf8.countBytes(Ljava/lang/String;Z)J @ 28
Event: 8.291 Thread 0x00007fdb6c00b800 Uncommon trap: reason=unstable_if action=reinterpret pc=0x00007fdb689810b8 method=com.android.dex.Mutf8.decode(Lcom/android/dex/util/ByteInput;[C)Ljava/lang/String; @ 54
Event: 8.291 Thread 0x00007fdb6c00b800 Uncommon trap: reason=unstable_if action=reinterpret pc=0x00007fdb688a7558 method=com.android.dex.Mutf8.countBytes(Ljava/lang/String;Z)J @ 35
Event: 8.294 Thread 0x00007fdb6c00b800 Uncommon trap: reason=unstable_if action=reinterpret pc=0x00007fdb68965dcc method=com.android.dex.Mutf8.countBytes(Ljava/lang/String;Z)J @ 35
Event: 8.294 Thread 0x00007fdb6c00b800 Uncommon trap: reason=unstable_if action=reinterpret pc=0x00007fdb689866f4 method=com.android.dex.Mutf8.encode([BILjava/lang/String;)V @ 31
Event: 8.296 Thread 0x00007fdb6c00b800 Uncommon trap: reason=unstable_if action=reinterpret pc=0x00007fdb68988b98 method=com.android.dex.Mutf8.encode([BILjava/lang/String;)V @ 31

Internal exceptions (10 events):
Event: 6.403 Thread 0x00007fdb6c00b800 Threw 0x00000000edf67f58 at /build/openjdk-7-zaTxYK/openjdk-7-7u91-2.6.3/build/openjdk/hotspot/src/share/vm/prims/jvm.cpp:1322
Event: 6.403 Thread 0x00007fdb6c00b800 Threw 0x00000000edf6bbf0 at /build/openjdk-7-zaTxYK/openjdk-7-7u91-2.6.3/build/openjdk/hotspot/src/share/vm/prims/jvm.cpp:1322
Event: 6.403 Thread 0x00007fdb6c00b800 Threw 0x00000000edf6f8e8 at /build/openjdk-7-zaTxYK/openjdk-7-7u91-2.6.3/build/openjdk/hotspot/src/share/vm/prims/jvm.cpp:1322
Event: 6.404 Thread 0x00007fdb6c00b800 Threw 0x00000000edf73ed0 at /build/openjdk-7-zaTxYK/openjdk-7-7u91-2.6.3/build/openjdk/hotspot/src/share/vm/prims/jvm.cpp:1322
Event: 6.405 Thread 0x00007fdb6c00b800 Threw 0x00000000edf779e8 at /build/openjdk-7-zaTxYK/openjdk-7-7u91-2.6.3/build/openjdk/hotspot/src/share/vm/prims/jvm.cpp:1322
Event: 6.405 Thread 0x00007fdb6c00b800 Threw 0x00000000edf7b6f8 at /build/openjdk-7-zaTxYK/openjdk-7-7u91-2.6.3/build/openjdk/hotspot/src/share/vm/prims/jvm.cpp:1322
Event: 6.405 Thread 0x00007fdb6c00b800 Threw 0x00000000edf7f178 at /build/openjdk-7-zaTxYK/openjdk-7-7u91-2.6.3/build/openjdk/hotspot/src/share/vm/prims/jvm.cpp:1322
Event: 6.407 Thread 0x00007fdb6c00b800 Threw 0x00000000edfc6c50 at /build/openjdk-7-zaTxYK/openjdk-7-7u91-2.6.3/build/openjdk/hotspot/src/share/vm/prims/jvm.cpp:1322
Event: 6.407 Thread 0x00007fdb6c00b800 Threw 0x00000000edfc9810 at /build/openjdk-7-zaTxYK/openjdk-7-7u91-2.6.3/build/openjdk/hotspot/src/share/vm/prims/jvm.cpp:1322
Event: 6.827 Thread 0x00007fdb6c00b800 Threw 0x00000000ebce16c8 at /build/openjdk-7-zaTxYK/openjdk-7-7u91-2.6.3/build/openjdk/hotspot/src/share/vm/prims/jvm.cpp:1322

Events (10 events):
Event: 8.294 Thread 0x00007fdb6c00b800 Uncommon trap: trap_request=0xffffff75 fr.pc=0x00007fdb689866f4
Event: 8.294 Thread 0x00007fdb6c00b800 DEOPT PACKING pc=0x00007fdb689866f4 sp=0x00007fdb72a9c460
Event: 8.294 Thread 0x00007fdb6c00b800 DEOPT UNPACKING pc=0x00007fdb685f4445 sp=0x00007fdb72a9c428 mode 2
Event: 8.296 Thread 0x00007fdb6c00b800 Uncommon trap: trap_request=0xffffff75 fr.pc=0x00007fdb68988b98
Event: 8.296 Thread 0x00007fdb6c00b800 DEOPT PACKING pc=0x00007fdb68988b98 sp=0x00007fdb72a9c450
Event: 8.296 Thread 0x00007fdb6c00b800 DEOPT UNPACKING pc=0x00007fdb685f4445 sp=0x00007fdb72a9c418 mode 2
Event: 8.338 Thread 0x00007fdb6c0ae800 flushing nmethod 0x00007fdb688936d0
Event: 8.338 Thread 0x00007fdb6c0ae800 flushing nmethod 0x00007fdb688a8c10
Event: 8.348 Thread 0x00007fdb6c0ae800 flushing nmethod 0x00007fdb688bed50
Event: 8.629 Executing VM operation: ParallelGCFailedAllocation


Dynamic libraries:
00400000-00401000 r-xp 00000000 08:07 3148986                            /usr/lib/jvm/java-7-openjdk-amd64/jre/bin/java
00600000-00601000 r--p 00000000 08:07 3148986                            /usr/lib/jvm/java-7-openjdk-amd64/jre/bin/java
00601000-00602000 rw-p 00001000 08:07 3148986                            /usr/lib/jvm/java-7-openjdk-amd64/jre/bin/java
01a64000-01a85000 rw-p 00000000 00:00 0                                  [heap]
b5a00000-b6f00000 rw-p 00000000 00:00 0 
b6f00000-c0000000 rw-p 00000000 00:00 0 
c0000000-c3980000 rw-p 00000000 00:00 0 
c3980000-eaa80000 rw-p 00000000 00:00 0 
eaa80000-f9000000 rw-p 00000000 00:00 0 
fd680000-100000000 rw-p 00000000 00:00 0 
7fdb18000000-7fdb18021000 rw-p 00000000 00:00 0 
7fdb18021000-7fdb1c000000 ---p 00000000 00:00 0 
7fdb20000000-7fdb2002c000 rw-p 00000000 00:00 0 
7fdb2002c000-7fdb24000000 ---p 00000000 00:00 0 
7fdb24000000-7fdb2403a000 rw-p 00000000 00:00 0 
7fdb2403a000-7fdb28000000 ---p 00000000 00:00 0 
7fdb28000000-7fdb28036000 rw-p 00000000 00:00 0 
7fdb28036000-7fdb2c000000 ---p 00000000 00:00 0 
7fdb2c000000-7fdb2c021000 rw-p 00000000 00:00 0 
7fdb2c021000-7fdb30000000 ---p 00000000 00:00 0 
7fdb30000000-7fdb30021000 rw-p 00000000 00:00 0 
7fdb30021000-7fdb34000000 ---p 00000000 00:00 0 
7fdb34000000-7fdb34021000 rw-p 00000000 00:00 0 
7fdb34021000-7fdb38000000 ---p 00000000 00:00 0 
7fdb38000000-7fdb39550000 rw-p 00000000 00:00 0 
7fdb39550000-7fdb3c000000 ---p 00000000 00:00 0 
7fdb3c000000-7fdb3dc8f000 rw-p 00000000 00:00 0 
7fdb3dc8f000-7fdb40000000 ---p 00000000 00:00 0 
7fdb40000000-7fdb40021000 rw-p 00000000 00:00 0 
7fdb40021000-7fdb44000000 ---p 00000000 00:00 0 
7fdb44000000-7fdb44021000 rw-p 00000000 00:00 0 
7fdb44021000-7fdb48000000 ---p 00000000 00:00 0 
7fdb48000000-7fdb48242000 rw-p 00000000 00:00 0 
7fdb48242000-7fdb4c000000 ---p 00000000 00:00 0 
7fdb4c000000-7fdb4c021000 rw-p 00000000 00:00 0 
7fdb4c021000-7fdb50000000 ---p 00000000 00:00 0 
7fdb50000000-7fdb50021000 rw-p 00000000 00:00 0 
7fdb50021000-7fdb54000000 ---p 00000000 00:00 0 
7fdb55751000-7fdb5578e000 r-xp 00000000 08:07 4198346                    /lib/x86_64-linux-gnu/libpcre.so.3.13.1
7fdb5578e000-7fdb5598d000 ---p 0003d000 08:07 4198346                    /lib/x86_64-linux-gnu/libpcre.so.3.13.1
7fdb5598d000-7fdb5598e000 r--p 0003c000 08:07 4198346                    /lib/x86_64-linux-gnu/libpcre.so.3.13.1
7fdb5598e000-7fdb5598f000 rw-p 0003d000 08:07 4198346                    /lib/x86_64-linux-gnu/libpcre.so.3.13.1
7fdb5598f000-7fdb55996000 r-xp 00000000 08:07 1071226                    /usr/lib/x86_64-linux-gnu/libffi.so.6.0.1
7fdb55996000-7fdb55b95000 ---p 00007000 08:07 1071226                    /usr/lib/x86_64-linux-gnu/libffi.so.6.0.1
7fdb55b95000-7fdb55b96000 r--p 00006000 08:07 1071226                    /usr/lib/x86_64-linux-gnu/libffi.so.6.0.1
7fdb55b96000-7fdb55b97000 rw-p 00007000 08:07 1071226                    /usr/lib/x86_64-linux-gnu/libffi.so.6.0.1
7fdb55b97000-7fdb55bb7000 r-xp 00000000 08:07 4198493                    /lib/x86_64-linux-gnu/libselinux.so.1
7fdb55bb7000-7fdb55db6000 ---p 00020000 08:07 4198493                    /lib/x86_64-linux-gnu/libselinux.so.1
7fdb55db6000-7fdb55db7000 r--p 0001f000 08:07 4198493                    /lib/x86_64-linux-gnu/libselinux.so.1
7fdb55db7000-7fdb55db8000 rw-p 00020000 08:07 4198493                    /lib/x86_64-linux-gnu/libselinux.so.1
7fdb55db8000-7fdb55dba000 rw-p 00000000 00:00 0 
7fdb55dff000-7fdb55e16000 r-xp 00000000 08:07 4198341                    /lib/x86_64-linux-gnu/libresolv-2.19.so
7fdb55e16000-7fdb56016000 ---p 00017000 08:07 4198341                    /lib/x86_64-linux-gnu/libresolv-2.19.so
7fdb56016000-7fdb56017000 r--p 00017000 08:07 4198341                    /lib/x86_64-linux-gnu/libresolv-2.19.so
7fdb56017000-7fdb56018000 rw-p 00018000 08:07 4198341                    /lib/x86_64-linux-gnu/libresolv-2.19.so
7fdb56018000-7fdb5601a000 rw-p 00000000 00:00 0 
7fdb5601a000-7fdb5601d000 r-xp 00000000 08:07 1048940                    /usr/lib/x86_64-linux-gnu/libgmodule-2.0.so.0.4002.0
7fdb5601d000-7fdb5621c000 ---p 00003000 08:07 1048940                    /usr/lib/x86_64-linux-gnu/libgmodule-2.0.so.0.4002.0
7fdb5621c000-7fdb5621d000 r--p 00002000 08:07 1048940                    /usr/lib/x86_64-linux-gnu/libgmodule-2.0.so.0.4002.0
7fdb5621d000-7fdb5621e000 rw-p 00003000 08:07 1048940                    /usr/lib/x86_64-linux-gnu/libgmodule-2.0.so.0.4002.0
7fdb5621e000-7fdb56324000 r-xp 00000000 08:07 4198308                    /lib/x86_64-linux-gnu/libglib-2.0.so.0.4002.0
7fdb56324000-7fdb56523000 ---p 00106000 08:07 4198308                    /lib/x86_64-linux-gnu/libglib-2.0.so.0.4002.0
7fdb56523000-7fdb56524000 r--p 00105000 08:07 4198308                    /lib/x86_64-linux-gnu/libglib-2.0.so.0.4002.0
7fdb56524000-7fdb56525000 rw-p 00106000 08:07 4198308                    /lib/x86_64-linux-gnu/libglib-2.0.so.0.4002.0
7fdb56525000-7fdb56526000 rw-p 00000000 00:00 0 
7fdb56526000-7fdb56575000 r-xp 00000000 08:07 1048958                    /usr/lib/x86_64-linux-gnu/libgobject-2.0.so.0.4002.0
7fdb56575000-7fdb56775000 ---p 0004f000 08:07 1048958                    /usr/lib/x86_64-linux-gnu/libgobject-2.0.so.0.4002.0
7fdb56775000-7fdb56776000 r--p 0004f000 08:07 1048958                    /usr/lib/x86_64-linux-gnu/libgobject-2.0.so.0.4002.0
7fdb56776000-7fdb56777000 rw-p 00050000 08:07 1048958                    /usr/lib/x86_64-linux-gnu/libgobject-2.0.so.0.4002.0
7fdb56777000-7fdb568e3000 r-xp 00000000 08:07 1048962                    /usr/lib/x86_64-linux-gnu/libgio-2.0.so.0.4002.0
7fdb568e3000-7fdb56ae2000 ---p 0016c000 08:07 1048962                    /usr/lib/x86_64-linux-gnu/libgio-2.0.so.0.4002.0
7fdb56ae2000-7fdb56ae6000 r--p 0016b000 08:07 1048962                    /usr/lib/x86_64-linux-gnu/libgio-2.0.so.0.4002.0
7fdb56ae6000-7fdb56ae8000 rw-p 0016f000 08:07 1048962                    /usr/lib/x86_64-linux-gnu/libgio-2.0.so.0.4002.0
7fdb56ae8000-7fdb56aea000 rw-p 00000000 00:00 0 
7fdb56aea000-7fdb56b01000 r-xp 00000000 08:07 3149050                    /usr/lib/jvm/java-7-openjdk-amd64/jre/lib/amd64/libnet.so
7fdb56b01000-7fdb56d00000 ---p 00017000 08:07 3149050                    /usr/lib/jvm/java-7-openjdk-amd64/jre/lib/amd64/libnet.so
7fdb56d00000-7fdb56d01000 r--p 00016000 08:07 3149050                    /usr/lib/jvm/java-7-openjdk-amd64/jre/lib/amd64/libnet.so
7fdb56d01000-7fdb56d02000 rw-p 00017000 08:07 3149050                    /usr/lib/jvm/java-7-openjdk-amd64/jre/lib/amd64/libnet.so
7fdb56d02000-7fdb56d12000 r-xp 00000000 08:07 3149013                    /usr/lib/jvm/java-7-openjdk-amd64/jre/lib/amd64/libnio.so
7fdb56d12000-7fdb56f12000 ---p 00010000 08:07 3149013                    /usr/lib/jvm/java-7-openjdk-amd64/jre/lib/amd64/libnio.so
7fdb56f12000-7fdb56f13000 r--p 00010000 08:07 3149013                    /usr/lib/jvm/java-7-openjdk-amd64/jre/lib/amd64/libnio.so
7fdb56f13000-7fdb56f14000 rw-p 00011000 08:07 3149013                    /usr/lib/jvm/java-7-openjdk-amd64/jre/lib/amd64/libnio.so
7fdb56f14000-7fdb56f17000 ---p 00000000 00:00 0 
7fdb56f17000-7fdb57015000 rw-p 00000000 00:00 0 
7fdb57015000-7fdb57018000 ---p 00000000 00:00 0 
7fdb57018000-7fdb57116000 rw-p 00000000 00:00 0 
7fdb57116000-7fdb57119000 ---p 00000000 00:00 0 
7fdb57119000-7fdb57217000 rw-p 00000000 00:00 0 
7fdb57217000-7fdb5721a000 ---p 00000000 00:00 0 
7fdb5721a000-7fdb57318000 rw-p 00000000 00:00 0 
7fdb57318000-7fdb5731b000 ---p 00000000 00:00 0 
7fdb5731b000-7fdb57419000 rw-p 00000000 00:00 0 
7fdb57419000-7fdb5741a000 ---p 00000000 00:00 0 
7fdb5741a000-7fdb5751a000 rw-p 00000000 00:00 0                          [stack:17721]
7fdb5751a000-7fdb5751d000 ---p 00000000 00:00 0 
7fdb5751d000-7fdb5761b000 rw-p 00000000 00:00 0                          [stack:17720]
7fdb5761b000-7fdb5761e000 ---p 00000000 00:00 0 
7fdb5761e000-7fdb5771c000 rw-p 00000000 00:00 0                          [stack:17719]
7fdb5771c000-7fdb5771f000 ---p 00000000 00:00 0 
7fdb5771f000-7fdb5781d000 rw-p 00000000 00:00 0                          [stack:17718]
7fdb5781d000-7fdb57820000 ---p 00000000 00:00 0 
7fdb57820000-7fdb5791e000 rw-p 00000000 00:00 0                          [stack:17717]
7fdb5791e000-7fdb58000000 r--p 00000000 08:07 1056383                    /usr/lib/locale/locale-archive
7fdb58000000-7fdb5802c000 rw-p 00000000 00:00 0 
7fdb5802c000-7fdb5c000000 ---p 00000000 00:00 0 
7fdb5c000000-7fdb5c021000 rw-p 00000000 00:00 0 
7fdb5c021000-7fdb60000000 ---p 00000000 00:00 0 
7fdb60000000-7fdb60021000 rw-p 00000000 00:00 0 
7fdb60021000-7fdb64000000 ---p 00000000 00:00 0 
7fdb6408c000-7fdb6408f000 ---p 00000000 00:00 0 
7fdb6408f000-7fdb6418d000 rw-p 00000000 00:00 0                          [stack:17716]
7fdb6418d000-7fdb64190000 ---p 00000000 00:00 0 
7fdb64190000-7fdb6428e000 rw-p 00000000 00:00 0                          [stack:17715]
7fdb6428e000-7fdb6428f000 ---p 00000000 00:00 0 
7fdb6428f000-7fdb6538c000 rw-p 00000000 00:00 0                          [stack:17714]
7fdb6538c000-7fdb6553e000 r--s 01d2e000 08:07 3149006                    /usr/lib/jvm/java-7-openjdk-amd64/jre/lib/rt.jar
7fdb6553e000-7fdb67dba000 rw-p 00000000 00:00 0 
7fdb67dba000-7fdb67dbb000 ---p 00000000 00:00 0 
7fdb67dbb000-7fdb67ebb000 rw-p 00000000 00:00 0                          [stack:17713]
7fdb67ebb000-7fdb67ebc000 ---p 00000000 00:00 0 
7fdb67ebc000-7fdb67fbc000 rw-p 00000000 00:00 0                          [stack:17712]
7fdb67fbc000-7fdb67fbd000 ---p 00000000 00:00 0 
7fdb67fbd000-7fdb680bd000 rw-p 00000000 00:00 0                          [stack:17711]
7fdb680bd000-7fdb680be000 ---p 00000000 00:00 0 
7fdb680be000-7fdb681c9000 rw-p 00000000 00:00 0                          [stack:17710]
7fdb681c9000-7fdb68211000 rw-p 00000000 00:00 0 
7fdb68211000-7fdb6822e000 rw-p 00000000 00:00 0 
7fdb6822e000-7fdb68367000 rw-p 00000000 00:00 0 
7fdb68367000-7fdb68372000 rw-p 00000000 00:00 0 
7fdb68372000-7fdb683ba000 rw-p 00000000 00:00 0 
7fdb683ba000-7fdb683d7000 rw-p 00000000 00:00 0 
7fdb683d7000-7fdb6850f000 rw-p 00000000 00:00 0 
7fdb6850f000-7fdb68582000 rw-p 00000000 00:00 0 
7fdb68582000-7fdb68583000 ---p 00000000 00:00 0 
7fdb68583000-7fdb685ba000 rw-p 00000000 00:00 0 
7fdb685ba000-7fdb685bb000 rw-p 00000000 00:00 0 
7fdb685bb000-7fdb6899b000 rwxp 00000000 00:00 0 
7fdb6899b000-7fdb6b5bb000 rw-p 00000000 00:00 0 
7fdb6b5bb000-7fdb6b5c3000 r-xp 00000000 08:07 3149018                    /usr/lib/jvm/java-7-openjdk-amd64/jre/lib/amd64/libzip.so
7fdb6b5c3000-7fdb6b7c2000 ---p 00008000 08:07 3149018                    /usr/lib/jvm/java-7-openjdk-amd64/jre/lib/amd64/libzip.so
7fdb6b7c2000-7fdb6b7c3000 r--p 00007000 08:07 3149018                    /usr/lib/jvm/java-7-openjdk-amd64/jre/lib/amd64/libzip.so
7fdb6b7c3000-7fdb6b7c4000 rw-p 00008000 08:07 3149018                    /usr/lib/jvm/java-7-openjdk-amd64/jre/lib/amd64/libzip.so
7fdb6b7c4000-7fdb6b7cf000 r-xp 00000000 08:07 4198440                    /lib/x86_64-linux-gnu/libnss_files-2.19.so
7fdb6b7cf000-7fdb6b9ce000 ---p 0000b000 08:07 4198440                    /lib/x86_64-linux-gnu/libnss_files-2.19.so
7fdb6b9ce000-7fdb6b9cf000 r--p 0000a000 08:07 4198440                    /lib/x86_64-linux-gnu/libnss_files-2.19.so
7fdb6b9cf000-7fdb6b9d0000 rw-p 0000b000 08:07 4198440                    /lib/x86_64-linux-gnu/libnss_files-2.19.so
7fdb6b9d0000-7fdb6b9db000 r-xp 00000000 08:07 4200064                    /lib/x86_64-linux-gnu/libnss_nis-2.19.so
7fdb6b9db000-7fdb6bbda000 ---p 0000b000 08:07 4200064                    /lib/x86_64-linux-gnu/libnss_nis-2.19.so
7fdb6bbda000-7fdb6bbdb000 r--p 0000a000 08:07 4200064                    /lib/x86_64-linux-gnu/libnss_nis-2.19.so
7fdb6bbdb000-7fdb6bbdc000 rw-p 0000b000 08:07 4200064                    /lib/x86_64-linux-gnu/libnss_nis-2.19.so
7fdb6bbdc000-7fdb6bbf3000 r-xp 00000000 08:07 4199530                    /lib/x86_64-linux-gnu/libnsl-2.19.so
7fdb6bbf3000-7fdb6bdf2000 ---p 00017000 08:07 4199530                    /lib/x86_64-linux-gnu/libnsl-2.19.so
7fdb6bdf2000-7fdb6bdf3000 r--p 00016000 08:07 4199530                    /lib/x86_64-linux-gnu/libnsl-2.19.so
7fdb6bdf3000-7fdb6bdf4000 rw-p 00017000 08:07 4199530                    /lib/x86_64-linux-gnu/libnsl-2.19.so
7fdb6bdf4000-7fdb6bdf6000 rw-p 00000000 00:00 0 
7fdb6bdf6000-7fdb6bdff000 r-xp 00000000 08:07 4198482                    /lib/x86_64-linux-gnu/libnss_compat-2.19.so
7fdb6bdff000-7fdb6bffe000 ---p 00009000 08:07 4198482                    /lib/x86_64-linux-gnu/libnss_compat-2.19.so
7fdb6bffe000-7fdb6bfff000 r--p 00008000 08:07 4198482                    /lib/x86_64-linux-gnu/libnss_compat-2.19.so
7fdb6bfff000-7fdb6c000000 rw-p 00009000 08:07 4198482                    /lib/x86_64-linux-gnu/libnss_compat-2.19.so
7fdb6c000000-7fdb6c29d000 rw-p 00000000 00:00 0 
7fdb6c29d000-7fdb70000000 ---p 00000000 00:00 0 
7fdb70008000-7fdb7000d000 r--s 0004e000 08:07 3149062                    /usr/lib/jvm/java-7-openjdk-amd64/jre/lib/jsse.jar
7fdb7000d000-7fdb7001c000 r--s 000df000 08:07 3419560                    /home/sanket/android-sdks/build-tools/23.0.0/lib/dx.jar
7fdb7001c000-7fdb70047000 r-xp 00000000 08:07 3149029                    /usr/lib/jvm/java-7-openjdk-amd64/jre/lib/amd64/libjava.so
7fdb70047000-7fdb70247000 ---p 0002b000 08:07 3149029                    /usr/lib/jvm/java-7-openjdk-amd64/jre/lib/amd64/libjava.so
7fdb70247000-7fdb70248000 r--p 0002b000 08:07 3149029                    /usr/lib/jvm/java-7-openjdk-amd64/jre/lib/amd64/libjava.so
7fdb70248000-7fdb7024a000 rw-p 0002c000 08:07 3149029                    /usr/lib/jvm/java-7-openjdk-amd64/jre/lib/amd64/libjava.so
7fdb7024a000-7fdb7025a000 r-xp 00000000 08:07 3149045                    /usr/lib/jvm/java-7-openjdk-amd64/jre/lib/amd64/libverify.so
7fdb7025a000-7fdb70459000 ---p 00010000 08:07 3149045                    /usr/lib/jvm/java-7-openjdk-amd64/jre/lib/amd64/libverify.so
7fdb70459000-7fdb7045b000 r--p 0000f000 08:07 3149045                    /usr/lib/jvm/java-7-openjdk-amd64/jre/lib/amd64/libverify.so
7fdb7045b000-7fdb7045c000 rw-p 00011000 08:07 3149045                    /usr/lib/jvm/java-7-openjdk-amd64/jre/lib/amd64/libverify.so
7fdb7045c000-7fdb70463000 r-xp 00000000 08:07 4200061                    /lib/x86_64-linux-gnu/librt-2.19.so
7fdb70463000-7fdb70662000 ---p 00007000 08:07 4200061                    /lib/x86_64-linux-gnu/librt-2.19.so
7fdb70662000-7fdb70663000 r--p 00006000 08:07 4200061                    /lib/x86_64-linux-gnu/librt-2.19.so
7fdb70663000-7fdb70664000 rw-p 00007000 08:07 4200061                    /lib/x86_64-linux-gnu/librt-2.19.so
7fdb70664000-7fdb7067a000 r-xp 00000000 08:07 4223721                    /lib/x86_64-linux-gnu/libgcc_s.so.1
7fdb7067a000-7fdb70879000 ---p 00016000 08:07 4223721                    /lib/x86_64-linux-gnu/libgcc_s.so.1
7fdb70879000-7fdb7087a000 rw-p 00015000 08:07 4223721                    /lib/x86_64-linux-gnu/libgcc_s.so.1
7fdb7087a000-7fdb7097f000 r-xp 00000000 08:07 4198343                    /lib/x86_64-linux-gnu/libm-2.19.so
7fdb7097f000-7fdb70b7e000 ---p 00105000 08:07 4198343                    /lib/x86_64-linux-gnu/libm-2.19.so
7fdb70b7e000-7fdb70b7f000 r--p 00104000 08:07 4198343                    /lib/x86_64-linux-gnu/libm-2.19.so
7fdb70b7f000-7fdb70b80000 rw-p 00105000 08:07 4198343                    /lib/x86_64-linux-gnu/libm-2.19.so
7fdb70b80000-7fdb70c66000 r-xp 00000000 08:07 1052838                    /usr/lib/x86_64-linux-gnu/libstdc++.so.6.0.19
7fdb70c66000-7fdb70e65000 ---p 000e6000 08:07 1052838                    /usr/lib/x86_64-linux-gnu/libstdc++.so.6.0.19
7fdb70e65000-7fdb70e6d000 r--p 000e5000 08:07 1052838                    /usr/lib/x86_64-linux-gnu/libstdc++.so.6.0.19
7fdb70e6d000-7fdb70e6f000 rw-p 000ed000 08:07 1052838                    /usr/lib/x86_64-linux-gnu/libstdc++.so.6.0.19
7fdb70e6f000-7fdb70e84000 rw-p 00000000 00:00 0 
7fdb70e84000-7fdb719a8000 r-xp 00000000 08:07 3149035                    /usr/lib/jvm/java-7-openjdk-amd64/jre/lib/amd64/server/libjvm.so
7fdb719a8000-7fdb71ba8000 ---p 00b24000 08:07 3149035                    /usr/lib/jvm/java-7-openjdk-amd64/jre/lib/amd64/server/libjvm.so
7fdb71ba8000-7fdb71c42000 r--p 00b24000 08:07 3149035                    /usr/lib/jvm/java-7-openjdk-amd64/jre/lib/amd64/server/libjvm.so
7fdb71c42000-7fdb71c65000 rw-p 00bbe000 08:07 3149035                    /usr/lib/jvm/java-7-openjdk-amd64/jre/lib/amd64/server/libjvm.so
7fdb71c65000-7fdb71c93000 rw-p 00000000 00:00 0 
7fdb71c93000-7fdb71cab000 r-xp 00000000 08:07 4198526                    /lib/x86_64-linux-gnu/libz.so.1.2.8
7fdb71cab000-7fdb71eaa000 ---p 00018000 08:07 4198526                    /lib/x86_64-linux-gnu/libz.so.1.2.8
7fdb71eaa000-7fdb71eab000 r--p 00017000 08:07 4198526                    /lib/x86_64-linux-gnu/libz.so.1.2.8
7fdb71eab000-7fdb71eac000 rw-p 00018000 08:07 4198526                    /lib/x86_64-linux-gnu/libz.so.1.2.8
7fdb71eac000-7fdb71ec5000 r-xp 00000000 08:07 4200059                    /lib/x86_64-linux-gnu/libpthread-2.19.so
7fdb71ec5000-7fdb720c4000 ---p 00019000 08:07 4200059                    /lib/x86_64-linux-gnu/libpthread-2.19.so
7fdb720c4000-7fdb720c5000 r--p 00018000 08:07 4200059                    /lib/x86_64-linux-gnu/libpthread-2.19.so
7fdb720c5000-7fdb720c6000 rw-p 00019000 08:07 4200059                    /lib/x86_64-linux-gnu/libpthread-2.19.so
7fdb720c6000-7fdb720ca000 rw-p 00000000 00:00 0 
7fdb720ca000-7fdb720cd000 r-xp 00000000 08:07 4198451                    /lib/x86_64-linux-gnu/libdl-2.19.so
7fdb720cd000-7fdb722cc000 ---p 00003000 08:07 4198451                    /lib/x86_64-linux-gnu/libdl-2.19.so
7fdb722cc000-7fdb722cd000 r--p 00002000 08:07 4198451                    /lib/x86_64-linux-gnu/libdl-2.19.so
7fdb722cd000-7fdb722ce000 rw-p 00003000 08:07 4198451                    /lib/x86_64-linux-gnu/libdl-2.19.so
7fdb722ce000-7fdb72489000 r-xp 00000000 08:07 4200058                    /lib/x86_64-linux-gnu/libc-2.19.so
7fdb72489000-7fdb72688000 ---p 001bb000 08:07 4200058                    /lib/x86_64-linux-gnu/libc-2.19.so
7fdb72688000-7fdb7268c000 r--p 001ba000 08:07 4200058                    /lib/x86_64-linux-gnu/libc-2.19.so
7fdb7268c000-7fdb7268e000 rw-p 001be000 08:07 4200058                    /lib/x86_64-linux-gnu/libc-2.19.so
7fdb7268e000-7fdb72693000 rw-p 00000000 00:00 0 
7fdb72693000-7fdb726a0000 r-xp 00000000 08:07 3149046                    /usr/lib/jvm/java-7-openjdk-amd64/jre/lib/amd64/jli/libjli.so
7fdb726a0000-7fdb7289f000 ---p 0000d000 08:07 3149046                    /usr/lib/jvm/java-7-openjdk-amd64/jre/lib/amd64/jli/libjli.so
7fdb7289f000-7fdb728a0000 r--p 0000c000 08:07 3149046                    /usr/lib/jvm/java-7-openjdk-amd64/jre/lib/amd64/jli/libjli.so
7fdb728a0000-7fdb728a1000 rw-p 0000d000 08:07 3149046                    /usr/lib/jvm/java-7-openjdk-amd64/jre/lib/amd64/jli/libjli.so
7fdb728a1000-7fdb728c4000 r-xp 00000000 08:07 4200046                    /lib/x86_64-linux-gnu/ld-2.19.so
7fdb728c4000-7fdb728ed000 rw-p 00000000 00:00 0 
7fdb728ed000-7fdb7299d000 rw-p 00000000 00:00 0 
7fdb7299d000-7fdb729a0000 ---p 00000000 00:00 0 
7fdb729a0000-7fdb72aa3000 rw-p 00000000 00:00 0                          [stack:17709]
7fdb72aa3000-7fdb72aa4000 r--s 00002000 08:07 3149003                    /usr/lib/jvm/java-7-openjdk-amd64/jre/lib/ext/dnsns.jar
7fdb72aa4000-7fdb72aa8000 r--s 00085000 08:07 3148999                    /usr/lib/jvm/java-7-openjdk-amd64/jre/lib/ext/localedata.jar
7fdb72aa8000-7fdb72aaa000 r--s 00012000 08:07 3148998                    /usr/lib/jvm/java-7-openjdk-amd64/jre/lib/ext/zipfs.jar
7fdb72aaa000-7fdb72aae000 r--s 0003c000 08:07 3149002                    /usr/lib/jvm/java-7-openjdk-amd64/jre/lib/ext/sunpkcs11.jar
7fdb72aae000-7fdb72ab0000 r--s 00006000 08:07 1456370                    /usr/share/java/java-atk-wrapper.jar
7fdb72ab0000-7fdb72ab4000 r--s 00034000 08:07 3149001                    /usr/lib/jvm/java-7-openjdk-amd64/jre/lib/ext/sunjce_provider.jar
7fdb72ab4000-7fdb72ab7000 r--s 0000f000 08:07 3149000                    /usr/lib/jvm/java-7-openjdk-amd64/jre/lib/ext/icedtea-sound.jar
7fdb72ab7000-7fdb72abf000 rw-s 00000000 08:07 536856                     /tmp/hsperfdata_sanket/17703
7fdb72abf000-7fdb72ac0000 rw-p 00000000 00:00 0 
7fdb72ac0000-7fdb72ac1000 ---p 00000000 00:00 0 
7fdb72ac1000-7fdb72ac3000 rw-p 00000000 00:00 0 
7fdb72ac3000-7fdb72ac4000 r--p 00022000 08:07 4200046                    /lib/x86_64-linux-gnu/ld-2.19.so
7fdb72ac4000-7fdb72ac5000 rw-p 00023000 08:07 4200046                    /lib/x86_64-linux-gnu/ld-2.19.so
7fdb72ac5000-7fdb72ac6000 rw-p 00000000 00:00 0 
7ffdeb3ae000-7ffdeb3d0000 rw-p 00000000 00:00 0                          [stack]
7ffdeb3eb000-7ffdeb3ed000 r-xp 00000000 00:00 0                          [vdso]
ffffffffff600000-ffffffffff601000 r-xp 00000000 00:00 0                  [vsyscall]

VM Arguments:
jvm_args: -Xmx1024M -Dfile.encoding=UTF-8 -Duser.country=US -Duser.language=en -Duser.variant 
java_command: com.android.dx.command.Main --dex --num-threads=4 --output /home/sanket/lokavidyaapp/app/build/intermediates/dex/debug /home/sanket/lokavidyaapp/app/build/intermediates/classes/debug /home/sanket/lokavidyaapp/app/build/intermediates/pre-dexed/debug/javax.inject-1-0b64f9413fa3755ee930a0fd931b6f28fcfd1ba8.jar /home/sanket/lokavidyaapp/app/build/intermediates/pre-dexed/debug/support-annotations-23.0.0-41a437c02f7a6970c95c376ed6bdd70acb20bd01.jar /home/sanket/lokavidyaapp/app/build/intermediates/pre-dexed/debug/javawriter-2.5.0-3a8d508bc10837ab8cbcf85fe449bc3dec7561df.jar /home/sanket/lokavidyaapp/app/build/intermediates/pre-dexed/debug/classes-9946c7561ec486b51eee390f106f62bd579179b7.jar /home/sanket/lokavidyaapp/app/build/intermediates/pre-dexed/debug/classes-933ffedcad5cb31d6ab3ccf7ef238196230202d9.jar /home/sanket/lokavidyaapp/app/build/intermediates/pre-dexed/debug/classes-3e3f061d8e3b328eb2bc8ba78f255a7e21c5d841.jar /home/sanket/lokavidyaapp/app/build/intermediates/pre-dexed/debug/okhttp-urlconnection-2.2.0-976743ddad9a3ef9722483664b09ec90ad5f909c.jar /home/sanket/lokavidyaapp/app/build/intermediates/pre-dexed/debug/butterknife-5.1.2-b3d4f342f7177b4c045966065578a25e60c3253d.jar /home/sanket/lokavidyaapp/app/build/intermediates/pre-dexed/debug/dagger-1.2.2-535aaddd739252e164b51798e401f84fb8e1be12.jar /home/sanket/lokavidyaapp/app/build/intermediates/pre-dexed/debug/classes-5c544c235141166f4ac169edb86c17617b49dabd.jar /home/sanket/lokavidyaapp/app/build/intermediates/pre-dexed/debug/okio-1.3.0-0142cacad9fb31a4c96c9dd698abb91efe6d30a0.jar /home/sanket/lokavidyaapp/app/build/intermediates/pre-dexed/debug/dagger-compiler-1.2.2-7be9a82b60fc011b33e043a701870302c8455329.jar /home/sanket/lokavidyaapp/app/build/intermediates/pre-dexed/debug/classes-19aa64ff8b564cc1eca1761211721def1ec26b92.jar /home/sanket/lokavidyaapp/app/build/intermediates/pre-dexed/debug/picasso-2.4.0-49da5b14e642f5132d25b7fb3fef55bb03b48420.jar /home/sanket/lokavidyaapp/app/build/interme
Launcher Type: SUN_STANDARD

Environment Variables:
PATH=/home/sanket/bin:/usr/local/sbin:/usr/local/bin:/usr/sbin:/usr/bin:/sbin:/bin:/usr/games:/usr/local/games
SHELL=/bin/bash
DISPLAY=:0

Signal Handlers:
SIGSEGV: [libjvm.so+0x9548f0], sa_mask[0]=0x7ffbfeff, sa_flags=0x10000004
SIGBUS: [libjvm.so+0x9548f0], sa_mask[0]=0x7ffbfeff, sa_flags=0x10000004
SIGFPE: [libjvm.so+0x7cb0b0], sa_mask[0]=0x7ffbfeff, sa_flags=0x10000004
SIGPIPE: [libjvm.so+0x7cb0b0], sa_mask[0]=0x7ffbfeff, sa_flags=0x10000004
SIGXFSZ: [libjvm.so+0x7cb0b0], sa_mask[0]=0x7ffbfeff, sa_flags=0x10000004
SIGILL: [libjvm.so+0x7cb0b0], sa_mask[0]=0x7ffbfeff, sa_flags=0x10000004
SIGUSR1: SIG_DFL, sa_mask[0]=0x00000000, sa_flags=0x00000000
SIGUSR2: [libjvm.so+0x7caf50], sa_mask[0]=0x00000004, sa_flags=0x10000004
SIGHUP: [libjvm.so+0x7cb130], sa_mask[0]=0x7ffbfeff, sa_flags=0x10000004
SIGINT: [libjvm.so+0x7cb130], sa_mask[0]=0x7ffbfeff, sa_flags=0x10000004
SIGTERM: [libjvm.so+0x7cb130], sa_mask[0]=0x7ffbfeff, sa_flags=0x10000004
SIGQUIT: [libjvm.so+0x7cb130], sa_mask[0]=0x7ffbfeff, sa_flags=0x10000004
SIGTRAP: SIG_DFL, sa_mask[0]=0x00000000, sa_flags=0x00000000


---------------  S Y S T E M  ---------------

OS:Ubuntu 14.04 (trusty)
uname:Linux 3.13.0-76-generic #120-Ubuntu SMP Mon Jan 18 15:59:10 UTC 2016 x86_64
libc:glibc 2.19 NPTL 2.19 
rlimit: STACK 8192k, CORE 0k, NPROC 30418, NOFILE 4096, AS infinity
load average:1.14 0.57 0.46

/proc/meminfo:
MemTotal:        3950084 kB
MemFree:          130840 kB
Buffers:             400 kB
Cached:           385048 kB
SwapCached:            0 kB
Active:          3285408 kB
Inactive:         372252 kB
Active(anon):    3275628 kB
Inactive(anon):   362056 kB
Active(file):       9780 kB
Inactive(file):    10196 kB
Unevictable:          48 kB
Mlocked:              48 kB
SwapTotal:             0 kB
SwapFree:              0 kB
Dirty:              1276 kB
Writeback:             0 kB
AnonPages:       3272320 kB
Mapped:            85620 kB
Shmem:            365412 kB
Slab:              65052 kB
SReclaimable:      29984 kB
SUnreclaim:        35068 kB
KernelStack:        4752 kB
PageTables:        33996 kB
NFS_Unstable:          0 kB
Bounce:                0 kB
WritebackTmp:          0 kB
CommitLimit:     1975040 kB
Committed_AS:    7338592 kB
VmallocTotal:   34359738367 kB
VmallocUsed:      348368 kB
VmallocChunk:   34359320188 kB
HardwareCorrupted:     0 kB
AnonHugePages:   1847296 kB
HugePages_Total:       0
HugePages_Free:        0
HugePages_Rsvd:        0
HugePages_Surp:        0
Hugepagesize:       2048 kB
DirectMap4k:      104828 kB
DirectMap2M:     2942976 kB
DirectMap1G:     1048576 kB


CPU:total 4 (2 cores per cpu, 2 threads per core) family 6 model 69 stepping 1, cmov, cx8, fxsr, mmx, sse, sse2, sse3, ssse3, sse4.1, sse4.2, popcnt, avx, avx2, aes, erms, ht, tsc, tscinvbit

/proc/cpuinfo:
processor	: 0
vendor_id	: GenuineIntel
cpu family	: 6
model		: 69
model name	: Intel(R) Core(TM) i5-4210U CPU @ 1.70GHz
stepping	: 1
microcode	: 0x17
cpu MHz		: 782.000
cache size	: 3072 KB
physical id	: 0
siblings	: 4
core id		: 0
cpu cores	: 2
apicid		: 0
initial apicid	: 0
fpu		: yes
fpu_exception	: yes
cpuid level	: 13
wp		: yes
flags		: fpu vme de pse tsc msr pae mce cx8 apic sep mtrr pge mca cmov pat pse36 clflush dts acpi mmx fxsr sse sse2 ss ht tm pbe syscall nx pdpe1gb rdtscp lm constant_tsc arch_perfmon pebs bts rep_good nopl xtopology nonstop_tsc aperfmperf eagerfpu pni pclmulqdq dtes64 monitor ds_cpl vmx est tm2 ssse3 fma cx16 xtpr pdcm pcid sse4_1 sse4_2 movbe popcnt tsc_deadline_timer aes xsave avx f16c rdrand lahf_lm abm ida arat epb xsaveopt pln pts dtherm tpr_shadow vnmi flexpriority ept vpid fsgsbase tsc_adjust bmi1 avx2 smep bmi2 erms invpcid
bogomips	: 3391.96
clflush size	: 64
cache_alignment	: 64
address sizes	: 39 bits physical, 48 bits virtual
power management:

processor	: 1
vendor_id	: GenuineIntel
cpu family	: 6
model		: 69
model name	: Intel(R) Core(TM) i5-4210U CPU @ 1.70GHz
stepping	: 1
microcode	: 0x17
cpu MHz		: 1700.000
cache size	: 3072 KB
physical id	: 0
siblings	: 4
core id		: 1
cpu cores	: 2
apicid		: 2
initial apicid	: 2
fpu		: yes
fpu_exception	: yes
cpuid level	: 13
wp		: yes
flags		: fpu vme de pse tsc msr pae mce cx8 apic sep mtrr pge mca cmov pat pse36 clflush dts acpi mmx fxsr sse sse2 ss ht tm pbe syscall nx pdpe1gb rdtscp lm constant_tsc arch_perfmon pebs bts rep_good nopl xtopology nonstop_tsc aperfmperf eagerfpu pni pclmulqdq dtes64 monitor ds_cpl vmx est tm2 ssse3 fma cx16 xtpr pdcm pcid sse4_1 sse4_2 movbe popcnt tsc_deadline_timer aes xsave avx f16c rdrand lahf_lm abm ida arat epb xsaveopt pln pts dtherm tpr_shadow vnmi flexpriority ept vpid fsgsbase tsc_adjust bmi1 avx2 smep bmi2 erms invpcid
bogomips	: 3391.96
clflush size	: 64
cache_alignment	: 64
address sizes	: 39 bits physical, 48 bits virtual
power management:

processor	: 2
vendor_id	: GenuineIntel
cpu family	: 6
model		: 69
model name	: Intel(R) Core(TM) i5-4210U CPU @ 1.70GHz
stepping	: 1
microcode	: 0x17
cpu MHz		: 800.000
cache size	: 3072 KB
physical id	: 0
siblings	: 4
core id		: 0
cpu cores	: 2
apicid		: 1
initial apicid	: 1
fpu		: yes
fpu_exception	: yes
cpuid level	: 13
wp		: yes
flags		: fpu vme de pse tsc msr pae mce cx8 apic sep mtrr pge mca cmov pat pse36 clflush dts acpi mmx fxsr sse sse2 ss ht tm pbe syscall nx pdpe1gb rdtscp lm constant_tsc arch_perfmon pebs bts rep_good nopl xtopology nonstop_tsc aperfmperf eagerfpu pni pclmulqdq dtes64 monitor ds_cpl vmx est tm2 ssse3 fma cx16 xtpr pdcm pcid sse4_1 sse4_2 movbe popcnt tsc_deadline_timer aes xsave avx f16c rdrand lahf_lm abm ida arat epb xsaveopt pln pts dtherm tpr_shadow vnmi flexpriority ept vpid fsgsbase tsc_adjust bmi1 avx2 smep bmi2 erms invpcid
bogomips	: 3391.96
clflush size	: 64
cache_alignment	: 64
address sizes	: 39 bits physical, 48 bits virtual
power management:

processor	: 3
vendor_id	: GenuineIntel
cpu family	: 6
model		: 69
model name	: Intel(R) Core(TM) i5-4210U CPU @ 1.70GHz
stepping	: 1
microcode	: 0x17
cpu MHz		: 1700.000
cache size	: 3072 KB
physical id	: 0
siblings	: 4
core id		: 1
cpu cores	: 2
apicid		: 3
initial apicid	: 3
fpu		: yes
fpu_exception	: yes
cpuid level	: 13
wp		: yes
flags		: fpu vme de pse tsc msr pae mce cx8 apic sep mtrr pge mca cmov pat pse36 clflush dts acpi mmx fxsr sse sse2 ss ht tm pbe syscall nx pdpe1gb rdtscp lm constant_tsc arch_perfmon pebs bts rep_good nopl xtopology nonstop_tsc aperfmperf eagerfpu pni pclmulqdq dtes64 monitor ds_cpl vmx est tm2 ssse3 fma cx16 xtpr pdcm pcid sse4_1 sse4_2 movbe popcnt tsc_deadline_timer aes xsave avx f16c rdrand lahf_lm abm ida arat epb xsaveopt pln pts dtherm tpr_shadow vnmi flexpriority ept vpid fsgsbase tsc_adjust bmi1 avx2 smep bmi2 erms invpcid
bogomips	: 3391.96
clflush size	: 64
cache_alignment	: 64
address sizes	: 39 bits physical, 48 bits virtual
power management:



Memory: 4k page, physical 3950084k(130840k free), swap 0k(0k free)

vm_info: OpenJDK 64-Bit Server VM (24.91-b01) for linux-amd64 JRE (1.7.0_91-b02), built on Nov 19 2015 06:14:37 by "buildd" with gcc 4.8.2

time: Thu Feb  4 01:26:19 2016
elapsed time: 9 seconds

