#
# There is insufficient memory for the Java Runtime Environment to continue.
# Native memory allocation (malloc) failed to allocate 75497472 bytes for committing reserved memory.
# Possible reasons:
#   The system is out of physical RAM or swap space
#   In 32 bit mode, the process size limit was hit
# Possible solutions:
#   Reduce memory load on the system
#   Increase physical memory or swap space
#   Check if swap backing store is full
#   Use 64 bit Java on a 64 bit OS
#   Decrease Java heap size (-Xmx/-Xms)
#   Decrease number of Java threads
#   Decrease Java thread stack sizes (-Xss)
#   Set larger code cache with -XX:ReservedCodeCacheSize=
# This output file may be truncated or incomplete.
#
#  Out of Memory Error (os_linux.cpp:2809), pid=9080, tid=140021470598912
#
# JRE version: OpenJDK Runtime Environment (7.0_79-b14) (build 1.7.0_79-b14)
# Java VM: OpenJDK 64-Bit Server VM (24.79-b02 mixed mode linux-amd64 compressed oops)
# Derivative: IcedTea 2.5.6
# Distribution: Ubuntu 14.04 LTS, package 7u79-2.5.6-0ubuntu1.14.04.1
# Failed to write core dump. Core dumps have been disabled. To enable core dumping, try "ulimit -c unlimited" before starting Java again
#

---------------  T H R E A D  ---------------

Current thread (0x00007f5950075800):  VMThread [stack: 0x00007f5949f41000,0x00007f594a042000] [id=9089]

Stack: [0x00007f5949f41000,0x00007f594a042000],  sp=0x00007f594a040490,  free space=1021k
Native frames: (J=compiled Java code, j=interpreted, Vv=VM code, C=native code)
V  [libjvm.so+0x94afd5]  VMError::report_and_die()+0x175
V  [libjvm.so+0x48b9f4]  report_vm_out_of_memory(char const*, int, unsigned long, char const*)+0x74
V  [libjvm.so+0x7c809b]  os::pd_commit_memory(char*, unsigned long, unsigned long, bool)+0xeb
V  [libjvm.so+0x7c2b3f]  os::commit_memory(char*, unsigned long, unsigned long, bool)+0x1f
V  [libjvm.so+0x83503b]  PSVirtualSpace::expand_by(unsigned long)+0x5b
V  [libjvm.so+0x835e90]  PSYoungGen::resize_generation(unsigned long, unsigned long)+0xb0
V  [libjvm.so+0x83657b]  PSYoungGen::resize(unsigned long, unsigned long)+0x1b
V  [libjvm.so+0x832860]  PSScavenge::invoke_no_policy()+0xde0
V  [libjvm.so+0x833038]  PSScavenge::invoke()+0x38
V  [libjvm.so+0x7e9723]  ParallelScavengeHeap::failed_mem_allocate(unsigned long)+0x63
V  [libjvm.so+0x94c9d4]  VM_ParallelGCFailedAllocation::doit()+0x84
V  [libjvm.so+0x950ed7]  VM_Operation::evaluate()+0x47
V  [libjvm.so+0x94f848]  VMThread::evaluate_operation(VM_Operation*)+0x318
V  [libjvm.so+0x94fca9]  VMThread::loop()+0x219
V  [libjvm.so+0x9500f2]  VMThread::run()+0x72
V  [libjvm.so+0x7c4f62]  java_start(Thread*)+0xf2

VM_Operation (0x00007f591764dfc0): ParallelGCFailedAllocation, mode: safepoint, requested by thread 0x00007f5950195000


---------------  P R O C E S S  ---------------

Java Threads: ( => current thread )
  0x00007f5950196800 JavaThread "pool-1-thread-4" [_thread_blocked, id=9101, stack(0x00007f591744e000,0x00007f591754f000)]
  0x00007f5950195000 JavaThread "pool-1-thread-3" [_thread_blocked, id=9100, stack(0x00007f591754f000,0x00007f5917650000)]
  0x00007f5950193800 JavaThread "pool-1-thread-2" [_thread_blocked, id=9099, stack(0x00007f5917650000,0x00007f5917751000)]
  0x00007f5950191000 JavaThread "pool-2-thread-1" [_thread_blocked, id=9098, stack(0x00007f5917751000,0x00007f5917852000)]
  0x00007f595018f000 JavaThread "pool-1-thread-1" [_thread_blocked, id=9097, stack(0x00007f5917852000,0x00007f5917953000)]
  0x00007f59500b1800 JavaThread "Service Thread" daemon [_thread_blocked, id=9095, stack(0x00007f5949259000,0x00007f594935a000)]
  0x00007f59500af000 JavaThread "C2 CompilerThread1" daemon [_thread_blocked, id=9094, stack(0x00007f594935a000,0x00007f594945b000)]
  0x00007f59500ac000 JavaThread "C2 CompilerThread0" daemon [_thread_blocked, id=9093, stack(0x00007f594945b000,0x00007f594955c000)]
  0x00007f59500aa000 JavaThread "Signal Dispatcher" daemon [_thread_blocked, id=9092, stack(0x00007f594955c000,0x00007f594965d000)]
  0x00007f595007c000 JavaThread "Finalizer" daemon [_thread_blocked, id=9091, stack(0x00007f5949d3f000,0x00007f5949e40000)]
  0x00007f595007a000 JavaThread "Reference Handler" daemon [_thread_blocked, id=9090, stack(0x00007f5949e40000,0x00007f5949f41000)]
  0x00007f595000a800 JavaThread "main" [_thread_blocked, id=9084, stack(0x00007f5958633000,0x00007f5958734000)]

Other Threads:
=>0x00007f5950075800 VMThread [stack: 0x00007f5949f41000,0x00007f594a042000] [id=9089]
  0x00007f59500bc000 WatcherThread [stack: 0x00007f5949158000,0x00007f5949259000] [id=9096]

VM state:at safepoint (normal execution)

VM Mutex/Monitor currently owned by a thread:  ([mutex/lock_event])
[0x00007f5950006930] Threads_lock - owner thread: 0x00007f5950075800
[0x00007f5950006e30] Heap_lock - owner thread: 0x00007f5950195000

Heap
 PSYoungGen      total 71680K, used 8695K [0x00000000eaa80000, 0x00000000ef980000, 0x0000000100000000)
  eden space 62976K, 0% used [0x00000000eaa80000,0x00000000eaa80000,0x00000000ee800000)
  from space 8704K, 99% used [0x00000000ee800000,0x00000000ef07deb8,0x00000000ef080000)
  to   space 8192K, 0% used [0x00000000ef080000,0x00000000ef080000,0x00000000ef880000)
 ParOldGen       total 40960K, used 23922K [0x00000000c0000000, 0x00000000c2800000, 0x00000000eaa80000)
  object space 40960K, 58% used [0x00000000c0000000,0x00000000c175cb68,0x00000000c2800000)
 PSPermGen       total 21504K, used 6166K [0x00000000b5a00000, 0x00000000b6f00000, 0x00000000c0000000)
  object space 21504K, 28% used [0x00000000b5a00000,0x00000000b6005978,0x00000000b6f00000)

Card table byte_map: [0x00007f5955021000,0x00007f5955275000] byte_map_base: 0x00007f5954a74000

Polling page: 0x00007f5958752000

Code Cache  [0x00007f594d000000, 0x00007f594d270000, 0x00007f5950000000)
 total_blobs=489 nmethods=258 adapters=184 free_code_cache=48034Kb largest_free_block=49142144

Compilation events (10 events):
Event: 10.783 Thread 0x00007f59500ac000 nmethod 256 0x00007f594d0a7c10 code [0x00007f594d0a7da0, 0x00007f594d0a7ff8]
Event: 10.783 Thread 0x00007f59500ac000  257             java.util.Collections$UnmodifiableCollection::iterator (9 bytes)
Event: 10.848 Thread 0x00007f59500ac000 nmethod 257 0x00007f594d0b0650 code [0x00007f594d0b07c0, 0x00007f594d0b0a58]
Event: 10.848 Thread 0x00007f59500ac000  258             java.util.Collections$UnmodifiableCollection$1::<init> (26 bytes)
Event: 10.852 Thread 0x00007f59500ac000 nmethod 258 0x00007f594d0b0050 code [0x00007f594d0b01c0, 0x00007f594d0b0418]
Event: 10.853 Thread 0x00007f59500ac000  259             com.android.dx.ssa.back.SsaToRop::convertInsns (53 bytes)
Event: 10.875 Thread 0x00007f59500ac000 nmethod 259 0x00007f594d0af5d0 code [0x00007f594d0af760, 0x00007f594d0afb58]
Event: 10.875 Thread 0x00007f59500ac000  260             com.android.dx.ssa.back.SsaToRop::removePhiFunctions (83 bytes)
Event: 11.015 Thread 0x00007f59500ac000 nmethod 260 0x00007f594d0f7f50 code [0x00007f594d0f81a0, 0x00007f594d0f8cd0]
Event: 11.016 Thread 0x00007f59500ac000  261   !         com.android.dx.cf.code.Ropper::processBlock (1101 bytes)

GC Heap History (10 events):
Event: 2.907 GC heap after
Heap after GC invocations=2 (full 0):
 PSYoungGen      total 18432K, used 2535K [0x00000000eaa80000, 0x00000000ece80000, 0x0000000100000000)
  eden space 15872K, 0% used [0x00000000eaa80000,0x00000000eaa80000,0x00000000eba00000)
  from space 2560K, 99% used [0x00000000ebc80000,0x00000000ebef9c98,0x00000000ebf00000)
  to   space 2560K, 0% used [0x00000000eba00000,0x00000000eba00000,0x00000000ebc80000)
 ParOldGen       total 40960K, used 4117K [0x00000000c0000000, 0x00000000c2800000, 0x00000000eaa80000)
  object space 40960K, 10% used [0x00000000c0000000,0x00000000c0405430,0x00000000c2800000)
 PSPermGen       total 21504K, used 5986K [0x00000000b5a00000, 0x00000000b6f00000, 0x00000000c0000000)
  object space 21504K, 27% used [0x00000000b5a00000,0x00000000b5fd8a68,0x00000000b6f00000)
}
Event: 3.829 GC heap before
{Heap before GC invocations=3 (full 0):
 PSYoungGen      total 18432K, used 18407K [0x00000000eaa80000, 0x00000000ece80000, 0x0000000100000000)
  eden space 15872K, 100% used [0x00000000eaa80000,0x00000000eba00000,0x00000000eba00000)
  from space 2560K, 99% used [0x00000000ebc80000,0x00000000ebef9c98,0x00000000ebf00000)
  to   space 2560K, 0% used [0x00000000eba00000,0x00000000eba00000,0x00000000ebc80000)
 ParOldGen       total 40960K, used 4117K [0x00000000c0000000, 0x00000000c2800000, 0x00000000eaa80000)
  object space 40960K, 10% used [0x00000000c0000000,0x00000000c0405430,0x00000000c2800000)
 PSPermGen       total 21504K, used 6028K [0x00000000b5a00000, 0x00000000b6f00000, 0x00000000c0000000)
  object space 21504K, 28% used [0x00000000b5a00000,0x00000000b5fe3308,0x00000000b6f00000)
Event: 3.860 GC heap after
Heap after GC invocations=3 (full 0):
 PSYoungGen      total 18432K, used 2528K [0x00000000eaa80000, 0x00000000ece80000, 0x0000000100000000)
  eden space 15872K, 0% used [0x00000000eaa80000,0x00000000eaa80000,0x00000000eba00000)
  from space 2560K, 98% used [0x00000000eba00000,0x00000000ebc78048,0x00000000ebc80000)
  to   space 2560K, 0% used [0x00000000ecc00000,0x00000000ecc00000,0x00000000ece80000)
 ParOldGen       total 40960K, used 6848K [0x00000000c0000000, 0x00000000c2800000, 0x00000000eaa80000)
  object space 40960K, 16% used [0x00000000c0000000,0x00000000c06b0368,0x00000000c2800000)
 PSPermGen       total 21504K, used 6028K [0x00000000b5a00000, 0x00000000b6f00000, 0x00000000c0000000)
  object space 21504K, 28% used [0x00000000b5a00000,0x00000000b5fe3308,0x00000000b6f00000)
}
Event: 4.928 GC heap before
{Heap before GC invocations=4 (full 0):
 PSYoungGen      total 18432K, used 18400K [0x00000000eaa80000, 0x00000000ece80000, 0x0000000100000000)
  eden space 15872K, 100% used [0x00000000eaa80000,0x00000000eba00000,0x00000000eba00000)
  from space 2560K, 98% used [0x00000000eba00000,0x00000000ebc78048,0x00000000ebc80000)
  to   space 2560K, 0% used [0x00000000ecc00000,0x00000000ecc00000,0x00000000ece80000)
 ParOldGen       total 40960K, used 6848K [0x00000000c0000000, 0x00000000c2800000, 0x00000000eaa80000)
  object space 40960K, 16% used [0x00000000c0000000,0x00000000c06b0368,0x00000000c2800000)
 PSPermGen       total 21504K, used 6058K [0x00000000b5a00000, 0x00000000b6f00000, 0x00000000c0000000)
  object space 21504K, 28% used [0x00000000b5a00000,0x00000000b5feaa70,0x00000000b6f00000)
Event: 4.958 GC heap after
Heap after GC invocations=4 (full 0):
 PSYoungGen      total 34304K, used 2528K [0x00000000eaa80000, 0x00000000ece80000, 0x0000000100000000)
  eden space 31744K, 0% used [0x00000000eaa80000,0x00000000eaa80000,0x00000000ec980000)
  from space 2560K, 98% used [0x00000000ecc00000,0x00000000ece78028,0x00000000ece80000)
  to   space 2560K, 0% used [0x00000000ec980000,0x00000000ec980000,0x00000000ecc00000)
 ParOldGen       total 40960K, used 9728K [0x00000000c0000000, 0x00000000c2800000, 0x00000000eaa80000)
  object space 40960K, 23% used [0x00000000c0000000,0x00000000c0980150,0x00000000c2800000)
 PSPermGen       total 21504K, used 6058K [0x00000000b5a00000, 0x00000000b6f00000, 0x00000000c0000000)
  object space 21504K, 28% used [0x00000000b5a00000,0x00000000b5feaa70,0x00000000b6f00000)
}
Event: 6.660 GC heap before
{Heap before GC invocations=5 (full 0):
 PSYoungGen      total 34304K, used 34272K [0x00000000eaa80000, 0x00000000ece80000, 0x0000000100000000)
  eden space 31744K, 100% used [0x00000000eaa80000,0x00000000ec980000,0x00000000ec980000)
  from space 2560K, 98% used [0x00000000ecc00000,0x00000000ece78028,0x00000000ece80000)
  to   space 2560K, 0% used [0x00000000ec980000,0x00000000ec980000,0x00000000ecc00000)
 ParOldGen       total 40960K, used 9728K [0x00000000c0000000, 0x00000000c2800000, 0x00000000eaa80000)
  object space 40960K, 23% used [0x00000000c0000000,0x00000000c0980150,0x00000000c2800000)
 PSPermGen       total 21504K, used 6096K [0x00000000b5a00000, 0x00000000b6f00000, 0x00000000c0000000)
  object space 21504K, 28% used [0x00000000b5a00000,0x00000000b5ff4068,0x00000000b6f00000)
Event: 6.697 GC heap after
Heap after GC invocations=5 (full 0):
 PSYoungGen      total 34304K, used 2551K [0x00000000eaa80000, 0x00000000ef880000, 0x0000000100000000)
  eden space 31744K, 0% used [0x00000000eaa80000,0x00000000eaa80000,0x00000000ec980000)
  from space 2560K, 99% used [0x00000000ec980000,0x00000000ecbfdec0,0x00000000ecc00000)
  to   space 8192K, 0% used [0x00000000ef080000,0x00000000ef080000,0x00000000ef880000)
 ParOldGen       total 40960K, used 15554K [0x00000000c0000000, 0x00000000c2800000, 0x00000000eaa80000)
  object space 40960K, 37% used [0x00000000c0000000,0x00000000c0f309e8,0x00000000c2800000)
 PSPermGen       total 21504K, used 6096K [0x00000000b5a00000, 0x00000000b6f00000, 0x00000000c0000000)
  object space 21504K, 28% used [0x00000000b5a00000,0x00000000b5ff4068,0x00000000b6f00000)
}
Event: 8.722 GC heap before
{Heap before GC invocations=6 (full 0):
 PSYoungGen      total 34304K, used 34295K [0x00000000eaa80000, 0x00000000ef880000, 0x0000000100000000)
  eden space 31744K, 100% used [0x00000000eaa80000,0x00000000ec980000,0x00000000ec980000)
  from space 2560K, 99% used [0x00000000ec980000,0x00000000ecbfdec0,0x00000000ecc00000)
  to   space 8192K, 0% used [0x00000000ef080000,0x00000000ef080000,0x00000000ef880000)
 ParOldGen       total 40960K, used 15554K [0x00000000c0000000, 0x00000000c2800000, 0x00000000eaa80000)
  object space 40960K, 37% used [0x00000000c0000000,0x00000000c0f309e8,0x00000000c2800000)
 PSPermGen       total 21504K, used 6128K [0x00000000b5a00000, 0x00000000b6f00000, 0x00000000c0000000)
  object space 21504K, 28% used [0x00000000b5a00000,0x00000000b5ffc3c0,0x00000000b6f00000)
Event: 8.787 GC heap after
Heap after GC invocations=6 (full 0):
 PSYoungGen      total 71168K, used 7383K [0x00000000eaa80000, 0x00000000ef980000, 0x0000000100000000)
  eden space 62976K, 0% used [0x00000000eaa80000,0x00000000eaa80000,0x00000000ee800000)
  from space 8192K, 90% used [0x00000000ef080000,0x00000000ef7b5ec0,0x00000000ef880000)
  to   space 8704K, 0% used [0x00000000ee800000,0x00000000ee800000,0x00000000ef080000)
 ParOldGen       total 40960K, used 15554K [0x00000000c0000000, 0x00000000c2800000, 0x00000000eaa80000)
  object space 40960K, 37% used [0x00000000c0000000,0x00000000c0f309e8,0x00000000c2800000)
 PSPermGen       total 21504K, used 6128K [0x00000000b5a00000, 0x00000000b6f00000, 0x00000000c0000000)
  object space 21504K, 28% used [0x00000000b5a00000,0x00000000b5ffc3c0,0x00000000b6f00000)
}
Event: 11.680 GC heap before
{Heap before GC invocations=7 (full 0):
 PSYoungGen      total 71168K, used 70359K [0x00000000eaa80000, 0x00000000ef980000, 0x0000000100000000)
  eden space 62976K, 100% used [0x00000000eaa80000,0x00000000ee800000,0x00000000ee800000)
  from space 8192K, 90% used [0x00000000ef080000,0x00000000ef7b5ec0,0x00000000ef880000)
  to   space 8704K, 0% used [0x00000000ee800000,0x00000000ee800000,0x00000000ef080000)
 ParOldGen       total 40960K, used 15554K [0x00000000c0000000, 0x00000000c2800000, 0x00000000eaa80000)
  object space 40960K, 37% used [0x00000000c0000000,0x00000000c0f309e8,0x00000000c2800000)
 PSPermGen       total 21504K, used 6166K [0x00000000b5a00000, 0x00000000b6f00000, 0x00000000c0000000)
  object space 21504K, 28% used [0x00000000b5a00000,0x00000000b6005978,0x00000000b6f00000)

Deoptimization events (10 events):
Event: 2.337 Thread 0x00007f5950196800 Uncommon trap: reason=bimorphic action=maybe_recompile pc=0x00007f594d077088 method=com.android.dx.ssa.NormalSsaInsn.accept(Lcom/android/dx/ssa/SsaInsn$Visitor;)V @ 9
Event: 2.338 Thread 0x00007f5950196800 Uncommon trap: reason=bimorphic action=maybe_recompile pc=0x00007f594d077088 method=com.android.dx.ssa.NormalSsaInsn.accept(Lcom/android/dx/ssa/SsaInsn$Visitor;)V @ 9
Event: 2.338 Thread 0x00007f5950196800 Uncommon trap: reason=bimorphic action=maybe_recompile pc=0x00007f594d077088 method=com.android.dx.ssa.NormalSsaInsn.accept(Lcom/android/dx/ssa/SsaInsn$Visitor;)V @ 9
Event: 2.339 Thread 0x00007f5950196800 Uncommon trap: reason=bimorphic action=maybe_recompile pc=0x00007f594d077088 method=com.android.dx.ssa.NormalSsaInsn.accept(Lcom/android/dx/ssa/SsaInsn$Visitor;)V @ 9
Event: 2.738 Thread 0x00007f5950193800 Uncommon trap: reason=bimorphic action=maybe_recompile pc=0x00007f594d091c98 method=com.android.dx.ssa.NormalSsaInsn.accept(Lcom/android/dx/ssa/SsaInsn$Visitor;)V @ 9
Event: 3.521 Thread 0x00007f595000a800 Uncommon trap: reason=null_check action=make_not_entrant pc=0x00007f594d0a70c4 method=com.android.dx.ssa.SsaRenamer.getLocalForNewReg(I)Lcom/android/dx/rop/code/LocalItem; @ 19
Event: 3.773 Thread 0x00007f5950193800 Uncommon trap: reason=null_check action=make_not_entrant pc=0x00007f594d0aeba4 method=com.android.dx.ssa.SsaRenamer.getLocalForNewReg(I)Lcom/android/dx/rop/code/LocalItem; @ 19
Event: 5.279 Thread 0x00007f5950195000 Uncommon trap: reason=unreached action=reinterpret pc=0x00007f594d07a8c4 method=com.android.dx.rop.cst.Constant.compareTo(Lcom/android/dx/rop/cst/Constant;)I @ 12
Event: 6.734 Thread 0x00007f595000a800 Uncommon trap: reason=null_check action=make_not_entrant pc=0x00007f594d08ee54 method=com.android.dx.rop.type.Type.equals(Ljava/lang/Object;)Z @ 8
Event: 7.187 Thread 0x00007f5950193800 Uncommon trap: reason=unreached action=reinterpret pc=0x00007f594d0cd094 method=com.android.dx.ssa.LocalVariableExtractor.processBlock(I)V @ 251

Internal exceptions (10 events):
Event: 1.639 Thread 0x00007f5950193800 Threw 0x00000000eb4df2d0 at /build/openjdk-7-FO0dNI/openjdk-7-7u79-2.5.6/build/openjdk/hotspot/src/share/vm/prims/jvm.cpp:1284
Event: 1.644 Thread 0x00007f5950193800 Threw 0x00000000eb4e52b8 at /build/openjdk-7-FO0dNI/openjdk-7-7u79-2.5.6/build/openjdk/hotspot/src/share/vm/prims/jvm.cpp:1284
Event: 1.647 Thread 0x00007f5950193800 Threw 0x00000000eb4eb0b8 at /build/openjdk-7-FO0dNI/openjdk-7-7u79-2.5.6/build/openjdk/hotspot/src/share/vm/prims/jvm.cpp:1284
Event: 2.257 Thread 0x00007f595000a800 Threw 0x00000000eaeb6220 at /build/openjdk-7-FO0dNI/openjdk-7-7u79-2.5.6/build/openjdk/hotspot/src/share/vm/prims/jvm.cpp:1284
Event: 3.521 Thread 0x00007f595000a800 Implicit null exception at 0x00007f594d0a6460 to 0x00007f594d0a70a9
Event: 3.773 Thread 0x00007f5950193800 Implicit null exception at 0x00007f594d0ae056 to 0x00007f594d0aeb8d
Event: 4.480 Thread 0x00007f595000a800 Threw 0x00000000eb0c7980 at /build/openjdk-7-FO0dNI/openjdk-7-7u79-2.5.6/build/openjdk/hotspot/src/share/vm/prims/jvm.cpp:1284
Event: 5.990 Thread 0x00007f5950195000 Threw 0x00000000ebcf6390 at /build/openjdk-7-FO0dNI/openjdk-7-7u79-2.5.6/build/openjdk/hotspot/src/share/vm/prims/jvm.cpp:1284
Event: 6.734 Thread 0x00007f595000a800 Implicit null exception at 0x00007f594d08ed52 to 0x00007f594d08ee46
Event: 9.766 Thread 0x00007f595000a800 Threw 0x00000000ebb8b358 at /build/openjdk-7-FO0dNI/openjdk-7-7u79-2.5.6/build/openjdk/hotspot/src/share/vm/prims/jvm.cpp:1284

Events (10 events):
Event: 8.803 Executing VM operation: RevokeBias done
Event: 8.803 Executing VM operation: RevokeBias
Event: 8.803 Executing VM operation: RevokeBias done
Event: 8.803 Executing VM operation: BulkRevokeBias
Event: 8.803 Executing VM operation: BulkRevokeBias done
Event: 9.766 loading class 0x00007f5950115df0
Event: 9.766 loading class 0x00007f5950115df0 done
Event: 10.594 Thread 0x00007f59500ac000 flushing nmethod 0x00007f594d0a5f50
Event: 10.595 Thread 0x00007f59500ac000 flushing nmethod 0x00007f594d0adc10
Event: 11.674 Executing VM operation: ParallelGCFailedAllocation


Dynamic libraries:
00400000-00401000 r-xp 00000000 08:07 3149677                            /usr/lib/jvm/java-7-openjdk-amd64/jre/bin/java
00600000-00601000 r--p 00000000 08:07 3149677                            /usr/lib/jvm/java-7-openjdk-amd64/jre/bin/java
00601000-00602000 rw-p 00001000 08:07 3149677                            /usr/lib/jvm/java-7-openjdk-amd64/jre/bin/java
00bcb000-00bec000 rw-p 00000000 00:00 0                                  [heap]
b5a00000-b6f00000 rw-p 00000000 00:00 0 
b6f00000-c0000000 rw-p 00000000 00:00 0 
c0000000-c2800000 rw-p 00000000 00:00 0 
c2800000-eaa80000 rw-p 00000000 00:00 0 
eaa80000-ef980000 rw-p 00000000 00:00 0 
f4180000-100000000 rw-p 00000000 00:00 0 
7f5900000000-7f590002d000 rw-p 00000000 00:00 0 
7f590002d000-7f5904000000 ---p 00000000 00:00 0 
7f5904000000-7f5904021000 rw-p 00000000 00:00 0 
7f5904021000-7f5908000000 ---p 00000000 00:00 0 
7f5908000000-7f5908021000 rw-p 00000000 00:00 0 
7f5908021000-7f590c000000 ---p 00000000 00:00 0 
7f590c000000-7f590c02c000 rw-p 00000000 00:00 0 
7f590c02c000-7f5910000000 ---p 00000000 00:00 0 
7f5910000000-7f591002c000 rw-p 00000000 00:00 0 
7f591002c000-7f5914000000 ---p 00000000 00:00 0 
7f591744e000-7f5917451000 ---p 00000000 00:00 0 
7f5917451000-7f591754f000 rw-p 00000000 00:00 0                          [stack:9101]
7f591754f000-7f5917552000 ---p 00000000 00:00 0 
7f5917552000-7f5917650000 rw-p 00000000 00:00 0                          [stack:9100]
7f5917650000-7f5917653000 ---p 00000000 00:00 0 
7f5917653000-7f5917751000 rw-p 00000000 00:00 0                          [stack:9099]
7f5917751000-7f5917754000 ---p 00000000 00:00 0 
7f5917754000-7f5917852000 rw-p 00000000 00:00 0                          [stack:9098]
7f5917852000-7f5917855000 ---p 00000000 00:00 0 
7f5917855000-7f5917984000 rw-p 00000000 00:00 0                          [stack:9097]
7f5917984000-7f59179c1000 r-xp 00000000 08:07 4198346                    /lib/x86_64-linux-gnu/libpcre.so.3.13.1
7f59179c1000-7f5917bc0000 ---p 0003d000 08:07 4198346                    /lib/x86_64-linux-gnu/libpcre.so.3.13.1
7f5917bc0000-7f5917bc1000 r--p 0003c000 08:07 4198346                    /lib/x86_64-linux-gnu/libpcre.so.3.13.1
7f5917bc1000-7f5917bc2000 rw-p 0003d000 08:07 4198346                    /lib/x86_64-linux-gnu/libpcre.so.3.13.1
7f5917bc2000-7f5917bd9000 r-xp 00000000 08:07 4198341                    /lib/x86_64-linux-gnu/libresolv-2.19.so
7f5917bd9000-7f5917dd9000 ---p 00017000 08:07 4198341                    /lib/x86_64-linux-gnu/libresolv-2.19.so
7f5917dd9000-7f5917dda000 r--p 00017000 08:07 4198341                    /lib/x86_64-linux-gnu/libresolv-2.19.so
7f5917dda000-7f5917ddb000 rw-p 00018000 08:07 4198341                    /lib/x86_64-linux-gnu/libresolv-2.19.so
7f5917ddb000-7f5917ddd000 rw-p 00000000 00:00 0 
7f5917ddd000-7f5917dfd000 r-xp 00000000 08:07 4198493                    /lib/x86_64-linux-gnu/libselinux.so.1
7f5917dfd000-7f5917ffc000 ---p 00020000 08:07 4198493                    /lib/x86_64-linux-gnu/libselinux.so.1
7f5917ffc000-7f5917ffd000 r--p 0001f000 08:07 4198493                    /lib/x86_64-linux-gnu/libselinux.so.1
7f5917ffd000-7f5917ffe000 rw-p 00020000 08:07 4198493                    /lib/x86_64-linux-gnu/libselinux.so.1
7f5917ffe000-7f5918000000 rw-p 00000000 00:00 0 
7f5918000000-7f5918021000 rw-p 00000000 00:00 0 
7f5918021000-7f591c000000 ---p 00000000 00:00 0 
7f591c000000-7f591c021000 rw-p 00000000 00:00 0 
7f591c021000-7f5920000000 ---p 00000000 00:00 0 
7f5920000000-7f59213c4000 rw-p 00000000 00:00 0 
7f59213c4000-7f5924000000 ---p 00000000 00:00 0 
7f5924000000-7f5925847000 rw-p 00000000 00:00 0 
7f5925847000-7f5928000000 ---p 00000000 00:00 0 
7f5928000000-7f5928021000 rw-p 00000000 00:00 0 
7f5928021000-7f592c000000 ---p 00000000 00:00 0 
7f592c000000-7f592c021000 rw-p 00000000 00:00 0 
7f592c021000-7f5930000000 ---p 00000000 00:00 0 
7f5930000000-7f5930241000 rw-p 00000000 00:00 0 
7f5930241000-7f5934000000 ---p 00000000 00:00 0 
7f5934000000-7f5934021000 rw-p 00000000 00:00 0 
7f5934021000-7f5938000000 ---p 00000000 00:00 0 
7f5938000000-7f5938021000 rw-p 00000000 00:00 0 
7f5938021000-7f593c000000 ---p 00000000 00:00 0 
7f593c000000-7f593c021000 rw-p 00000000 00:00 0 
7f593c021000-7f5940000000 ---p 00000000 00:00 0 
7f5940000000-7f5940021000 rw-p 00000000 00:00 0 
7f5940021000-7f5944000000 ---p 00000000 00:00 0 
7f5944000000-7f5944021000 rw-p 00000000 00:00 0 
7f5944021000-7f5948000000 ---p 00000000 00:00 0 
7f5948003000-7f594800a000 r-xp 00000000 08:07 1057795                    /usr/lib/x86_64-linux-gnu/libffi.so.6.0.1
7f594800a000-7f5948209000 ---p 00007000 08:07 1057795                    /usr/lib/x86_64-linux-gnu/libffi.so.6.0.1
7f5948209000-7f594820a000 r--p 00006000 08:07 1057795                    /usr/lib/x86_64-linux-gnu/libffi.so.6.0.1
7f594820a000-7f594820b000 rw-p 00007000 08:07 1057795                    /usr/lib/x86_64-linux-gnu/libffi.so.6.0.1
7f594820b000-7f594820e000 r-xp 00000000 08:07 1048940                    /usr/lib/x86_64-linux-gnu/libgmodule-2.0.so.0.4002.0
7f594820e000-7f594840d000 ---p 00003000 08:07 1048940                    /usr/lib/x86_64-linux-gnu/libgmodule-2.0.so.0.4002.0
7f594840d000-7f594840e000 r--p 00002000 08:07 1048940                    /usr/lib/x86_64-linux-gnu/libgmodule-2.0.so.0.4002.0
7f594840e000-7f594840f000 rw-p 00003000 08:07 1048940                    /usr/lib/x86_64-linux-gnu/libgmodule-2.0.so.0.4002.0
7f594840f000-7f5948515000 r-xp 00000000 08:07 4198308                    /lib/x86_64-linux-gnu/libglib-2.0.so.0.4002.0
7f5948515000-7f5948714000 ---p 00106000 08:07 4198308                    /lib/x86_64-linux-gnu/libglib-2.0.so.0.4002.0
7f5948714000-7f5948715000 r--p 00105000 08:07 4198308                    /lib/x86_64-linux-gnu/libglib-2.0.so.0.4002.0
7f5948715000-7f5948716000 rw-p 00106000 08:07 4198308                    /lib/x86_64-linux-gnu/libglib-2.0.so.0.4002.0
7f5948716000-7f5948717000 rw-p 00000000 00:00 0 
7f5948717000-7f5948766000 r-xp 00000000 08:07 1048958                    /usr/lib/x86_64-linux-gnu/libgobject-2.0.so.0.4002.0
7f5948766000-7f5948966000 ---p 0004f000 08:07 1048958                    /usr/lib/x86_64-linux-gnu/libgobject-2.0.so.0.4002.0
7f5948966000-7f5948967000 r--p 0004f000 08:07 1048958                    /usr/lib/x86_64-linux-gnu/libgobject-2.0.so.0.4002.0
7f5948967000-7f5948968000 rw-p 00050000 08:07 1048958                    /usr/lib/x86_64-linux-gnu/libgobject-2.0.so.0.4002.0
7f5948968000-7f5948ad4000 r-xp 00000000 08:07 1048962                    /usr/lib/x86_64-linux-gnu/libgio-2.0.so.0.4002.0
7f5948ad4000-7f5948cd3000 ---p 0016c000 08:07 1048962                    /usr/lib/x86_64-linux-gnu/libgio-2.0.so.0.4002.0
7f5948cd3000-7f5948cd7000 r--p 0016b000 08:07 1048962                    /usr/lib/x86_64-linux-gnu/libgio-2.0.so.0.4002.0
7f5948cd7000-7f5948cd9000 rw-p 0016f000 08:07 1048962                    /usr/lib/x86_64-linux-gnu/libgio-2.0.so.0.4002.0
7f5948cd9000-7f5948cdb000 rw-p 00000000 00:00 0 
7f5948cf5000-7f5948d0c000 r-xp 00000000 08:07 3149577                    /usr/lib/jvm/java-7-openjdk-amd64/jre/lib/amd64/libnet.so
7f5948d0c000-7f5948f0b000 ---p 00017000 08:07 3149577                    /usr/lib/jvm/java-7-openjdk-amd64/jre/lib/amd64/libnet.so
7f5948f0b000-7f5948f0c000 r--p 00016000 08:07 3149577                    /usr/lib/jvm/java-7-openjdk-amd64/jre/lib/amd64/libnet.so
7f5948f0c000-7f5948f0d000 rw-p 00017000 08:07 3149577                    /usr/lib/jvm/java-7-openjdk-amd64/jre/lib/amd64/libnet.so
7f5948f0d000-7f5948f1d000 r-xp 00000000 08:07 3149584                    /usr/lib/jvm/java-7-openjdk-amd64/jre/lib/amd64/libnio.so
7f5948f1d000-7f594911d000 ---p 00010000 08:07 3149584                    /usr/lib/jvm/java-7-openjdk-amd64/jre/lib/amd64/libnio.so
7f594911d000-7f594911e000 r--p 00010000 08:07 3149584                    /usr/lib/jvm/java-7-openjdk-amd64/jre/lib/amd64/libnio.so
7f594911e000-7f594911f000 rw-p 00011000 08:07 3149584                    /usr/lib/jvm/java-7-openjdk-amd64/jre/lib/amd64/libnio.so
7f594911f000-7f5949149000 r--s 001e9000 08:07 530954                     /home/sanket/.gradle/caches/modules-2/files-2.1/com.google.guava/guava/15.0/ed727a8d9f247e2050281cb083f1c77b09dcb5cd/guava-15.0.jar
7f5949149000-7f5949158000 r--s 000df000 08:07 3419560                    /home/sanket/android-sdks/build-tools/23.0.0/lib/dx.jar
7f5949158000-7f5949159000 ---p 00000000 00:00 0 
7f5949159000-7f5949259000 rw-p 00000000 00:00 0                          [stack:9096]
7f5949259000-7f594925c000 ---p 00000000 00:00 0 
7f594925c000-7f594935a000 rw-p 00000000 00:00 0                          [stack:9095]
7f594935a000-7f594935d000 ---p 00000000 00:00 0 
7f594935d000-7f594945b000 rw-p 00000000 00:00 0                          [stack:9094]
7f594945b000-7f594945e000 ---p 00000000 00:00 0 
7f594945e000-7f594955c000 rw-p 00000000 00:00 0                          [stack:9093]
7f594955c000-7f594955f000 ---p 00000000 00:00 0 
7f594955f000-7f594965d000 rw-p 00000000 00:00 0                          [stack:9092]
7f594965d000-7f5949d3f000 r--p 00000000 08:07 1056383                    /usr/lib/locale/locale-archive
7f5949d3f000-7f5949d42000 ---p 00000000 00:00 0 
7f5949d42000-7f5949e40000 rw-p 00000000 00:00 0                          [stack:9091]
7f5949e40000-7f5949e43000 ---p 00000000 00:00 0 
7f5949e43000-7f5949f41000 rw-p 00000000 00:00 0                          [stack:9090]
7f5949f41000-7f5949f42000 ---p 00000000 00:00 0 
7f5949f42000-7f594d000000 rw-p 00000000 00:00 0                          [stack:9089]
7f594d000000-7f594d270000 rwxp 00000000 00:00 0 
7f594d270000-7f59501cd000 rw-p 00000000 00:00 0 
7f59501cd000-7f5954000000 ---p 00000000 00:00 0 
7f5954008000-7f5954577000 rw-p 00000000 00:00 0 
7f5954577000-7f5954728000 r--s 01d29000 08:07 3149519                    /usr/lib/jvm/java-7-openjdk-amd64/jre/lib/rt.jar
7f5954728000-7f5954a74000 rw-p 00000000 00:00 0 
7f5954a74000-7f5954a75000 ---p 00000000 00:00 0 
7f5954a75000-7f5954b75000 rw-p 00000000 00:00 0                          [stack:9088]
7f5954b75000-7f5954b76000 ---p 00000000 00:00 0 
7f5954b76000-7f5954c76000 rw-p 00000000 00:00 0                          [stack:9087]
7f5954c76000-7f5954c77000 ---p 00000000 00:00 0 
7f5954c77000-7f5954d77000 rw-p 00000000 00:00 0                          [stack:9086]
7f5954d77000-7f5954d78000 ---p 00000000 00:00 0 
7f5954d78000-7f5954e83000 rw-p 00000000 00:00 0                          [stack:9085]
7f5954e83000-7f5954ecb000 rw-p 00000000 00:00 0 
7f5954ecb000-7f5954edf000 rw-p 00000000 00:00 0 
7f5954edf000-7f5955021000 rw-p 00000000 00:00 0 
7f5955021000-7f595502c000 rw-p 00000000 00:00 0 
7f595502c000-7f5955074000 rw-p 00000000 00:00 0 
7f5955074000-7f5955088000 rw-p 00000000 00:00 0 
7f5955088000-7f59551c9000 rw-p 00000000 00:00 0 
7f59551c9000-7f59551f1000 rw-p 00000000 00:00 0 
7f59551f1000-7f5955274000 rw-p 00000000 00:00 0 
7f5955274000-7f5955275000 rw-p 00000000 00:00 0 
7f5955275000-7f595527d000 r-xp 00000000 08:07 3149550                    /usr/lib/jvm/java-7-openjdk-amd64/jre/lib/amd64/libzip.so
7f595527d000-7f595547c000 ---p 00008000 08:07 3149550                    /usr/lib/jvm/java-7-openjdk-amd64/jre/lib/amd64/libzip.so
7f595547c000-7f595547d000 r--p 00007000 08:07 3149550                    /usr/lib/jvm/java-7-openjdk-amd64/jre/lib/amd64/libzip.so
7f595547d000-7f595547e000 rw-p 00008000 08:07 3149550                    /usr/lib/jvm/java-7-openjdk-amd64/jre/lib/amd64/libzip.so
7f595547e000-7f5955489000 r-xp 00000000 08:07 4198440                    /lib/x86_64-linux-gnu/libnss_files-2.19.so
7f5955489000-7f5955688000 ---p 0000b000 08:07 4198440                    /lib/x86_64-linux-gnu/libnss_files-2.19.so
7f5955688000-7f5955689000 r--p 0000a000 08:07 4198440                    /lib/x86_64-linux-gnu/libnss_files-2.19.so
7f5955689000-7f595568a000 rw-p 0000b000 08:07 4198440                    /lib/x86_64-linux-gnu/libnss_files-2.19.so
7f595568a000-7f5955695000 r-xp 00000000 08:07 4200064                    /lib/x86_64-linux-gnu/libnss_nis-2.19.so
7f5955695000-7f5955894000 ---p 0000b000 08:07 4200064                    /lib/x86_64-linux-gnu/libnss_nis-2.19.so
7f5955894000-7f5955895000 r--p 0000a000 08:07 4200064                    /lib/x86_64-linux-gnu/libnss_nis-2.19.so
7f5955895000-7f5955896000 rw-p 0000b000 08:07 4200064                    /lib/x86_64-linux-gnu/libnss_nis-2.19.so
7f5955896000-7f59558ad000 r-xp 00000000 08:07 4199530                    /lib/x86_64-linux-gnu/libnsl-2.19.so
7f59558ad000-7f5955aac000 ---p 00017000 08:07 4199530                    /lib/x86_64-linux-gnu/libnsl-2.19.so
7f5955aac000-7f5955aad000 r--p 00016000 08:07 4199530                    /lib/x86_64-linux-gnu/libnsl-2.19.so
7f5955aad000-7f5955aae000 rw-p 00017000 08:07 4199530                    /lib/x86_64-linux-gnu/libnsl-2.19.so
7f5955aae000-7f5955ab0000 rw-p 00000000 00:00 0 
7f5955ab0000-7f5955ab9000 r-xp 00000000 08:07 4198482                    /lib/x86_64-linux-gnu/libnss_compat-2.19.so
7f5955ab9000-7f5955cb8000 ---p 00009000 08:07 4198482                    /lib/x86_64-linux-gnu/libnss_compat-2.19.so
7f5955cb8000-7f5955cb9000 r--p 00008000 08:07 4198482                    /lib/x86_64-linux-gnu/libnss_compat-2.19.so
7f5955cb9000-7f5955cba000 rw-p 00009000 08:07 4198482                    /lib/x86_64-linux-gnu/libnss_compat-2.19.so
7f5955cba000-7f5955ce5000 r-xp 00000000 08:07 3149589                    /usr/lib/jvm/java-7-openjdk-amd64/jre/lib/amd64/libjava.so
7f5955ce5000-7f5955ee4000 ---p 0002b000 08:07 3149589                    /usr/lib/jvm/java-7-openjdk-amd64/jre/lib/amd64/libjava.so
7f5955ee4000-7f5955ee5000 r--p 0002a000 08:07 3149589                    /usr/lib/jvm/java-7-openjdk-amd64/jre/lib/amd64/libjava.so
7f5955ee5000-7f5955ee7000 rw-p 0002b000 08:07 3149589                    /usr/lib/jvm/java-7-openjdk-amd64/jre/lib/amd64/libjava.so
7f5955ee7000-7f5955ef7000 r-xp 00000000 08:07 3149567                    /usr/lib/jvm/java-7-openjdk-amd64/jre/lib/amd64/libverify.so
7f5955ef7000-7f59560f6000 ---p 00010000 08:07 3149567                    /usr/lib/jvm/java-7-openjdk-amd64/jre/lib/amd64/libverify.so
7f59560f6000-7f59560f8000 r--p 0000f000 08:07 3149567                    /usr/lib/jvm/java-7-openjdk-amd64/jre/lib/amd64/libverify.so
7f59560f8000-7f59560f9000 rw-p 00011000 08:07 3149567                    /usr/lib/jvm/java-7-openjdk-amd64/jre/lib/amd64/libverify.so
7f59560f9000-7f5956100000 r-xp 00000000 08:07 4200061                    /lib/x86_64-linux-gnu/librt-2.19.so
7f5956100000-7f59562ff000 ---p 00007000 08:07 4200061                    /lib/x86_64-linux-gnu/librt-2.19.so
7f59562ff000-7f5956300000 r--p 00006000 08:07 4200061                    /lib/x86_64-linux-gnu/librt-2.19.so
7f5956300000-7f5956301000 rw-p 00007000 08:07 4200061                    /lib/x86_64-linux-gnu/librt-2.19.so
7f5956301000-7f5956317000 r-xp 00000000 08:07 4198340                    /lib/x86_64-linux-gnu/libgcc_s.so.1
7f5956317000-7f5956516000 ---p 00016000 08:07 4198340                    /lib/x86_64-linux-gnu/libgcc_s.so.1
7f5956516000-7f5956517000 rw-p 00015000 08:07 4198340                    /lib/x86_64-linux-gnu/libgcc_s.so.1
7f5956517000-7f595661c000 r-xp 00000000 08:07 4198343                    /lib/x86_64-linux-gnu/libm-2.19.so
7f595661c000-7f595681b000 ---p 00105000 08:07 4198343                    /lib/x86_64-linux-gnu/libm-2.19.so
7f595681b000-7f595681c000 r--p 00104000 08:07 4198343                    /lib/x86_64-linux-gnu/libm-2.19.so
7f595681c000-7f595681d000 rw-p 00105000 08:07 4198343                    /lib/x86_64-linux-gnu/libm-2.19.so
7f595681d000-7f5956903000 r-xp 00000000 08:07 1052838                    /usr/lib/x86_64-linux-gnu/libstdc++.so.6.0.19
7f5956903000-7f5956b02000 ---p 000e6000 08:07 1052838                    /usr/lib/x86_64-linux-gnu/libstdc++.so.6.0.19
7f5956b02000-7f5956b0a000 r--p 000e5000 08:07 1052838                    /usr/lib/x86_64-linux-gnu/libstdc++.so.6.0.19
7f5956b0a000-7f5956b0c000 rw-p 000ed000 08:07 1052838                    /usr/lib/x86_64-linux-gnu/libstdc++.so.6.0.19
7f5956b0c000-7f5956b21000 rw-p 00000000 00:00 0 
7f5956b21000-7f595763a000 r-xp 00000000 08:07 3149554                    /usr/lib/jvm/java-7-openjdk-amd64/jre/lib/amd64/server/libjvm.so
7f595763a000-7f595783a000 ---p 00b19000 08:07 3149554                    /usr/lib/jvm/java-7-openjdk-amd64/jre/lib/amd64/server/libjvm.so
7f595783a000-7f59578d4000 r--p 00b19000 08:07 3149554                    /usr/lib/jvm/java-7-openjdk-amd64/jre/lib/amd64/server/libjvm.so
7f59578d4000-7f59578f7000 rw-p 00bb3000 08:07 3149554                    /usr/lib/jvm/java-7-openjdk-amd64/jre/lib/amd64/server/libjvm.so
7f59578f7000-7f5957925000 rw-p 00000000 00:00 0 
7f5957925000-7f595793d000 r-xp 00000000 08:07 4198526                    /lib/x86_64-linux-gnu/libz.so.1.2.8
7f595793d000-7f5957b3c000 ---p 00018000 08:07 4198526                    /lib/x86_64-linux-gnu/libz.so.1.2.8
7f5957b3c000-7f5957b3d000 r--p 00017000 08:07 4198526                    /lib/x86_64-linux-gnu/libz.so.1.2.8
7f5957b3d000-7f5957b3e000 rw-p 00018000 08:07 4198526                    /lib/x86_64-linux-gnu/libz.so.1.2.8
7f5957b3e000-7f5957b57000 r-xp 00000000 08:07 4200059                    /lib/x86_64-linux-gnu/libpthread-2.19.so
7f5957b57000-7f5957d56000 ---p 00019000 08:07 4200059                    /lib/x86_64-linux-gnu/libpthread-2.19.so
7f5957d56000-7f5957d57000 r--p 00018000 08:07 4200059                    /lib/x86_64-linux-gnu/libpthread-2.19.so
7f5957d57000-7f5957d58000 rw-p 00019000 08:07 4200059                    /lib/x86_64-linux-gnu/libpthread-2.19.so
7f5957d58000-7f5957d5c000 rw-p 00000000 00:00 0 
7f5957d5c000-7f5957d5f000 r-xp 00000000 08:07 4198451                    /lib/x86_64-linux-gnu/libdl-2.19.so
7f5957d5f000-7f5957f5e000 ---p 00003000 08:07 4198451                    /lib/x86_64-linux-gnu/libdl-2.19.so
7f5957f5e000-7f5957f5f000 r--p 00002000 08:07 4198451                    /lib/x86_64-linux-gnu/libdl-2.19.so
7f5957f5f000-7f5957f60000 rw-p 00003000 08:07 4198451                    /lib/x86_64-linux-gnu/libdl-2.19.so
7f5957f60000-7f595811b000 r-xp 00000000 08:07 4200058                    /lib/x86_64-linux-gnu/libc-2.19.so
7f595811b000-7f595831a000 ---p 001bb000 08:07 4200058                    /lib/x86_64-linux-gnu/libc-2.19.so
7f595831a000-7f595831e000 r--p 001ba000 08:07 4200058                    /lib/x86_64-linux-gnu/libc-2.19.so
7f595831e000-7f5958320000 rw-p 001be000 08:07 4200058                    /lib/x86_64-linux-gnu/libc-2.19.so
7f5958320000-7f5958325000 rw-p 00000000 00:00 0 
7f5958325000-7f5958332000 r-xp 00000000 08:07 3149552                    /usr/lib/jvm/java-7-openjdk-amd64/jre/lib/amd64/jli/libjli.so
7f5958332000-7f5958531000 ---p 0000d000 08:07 3149552                    /usr/lib/jvm/java-7-openjdk-amd64/jre/lib/amd64/jli/libjli.so
7f5958531000-7f5958532000 r--p 0000c000 08:07 3149552                    /usr/lib/jvm/java-7-openjdk-amd64/jre/lib/amd64/jli/libjli.so
7f5958532000-7f5958533000 rw-p 0000d000 08:07 3149552                    /usr/lib/jvm/java-7-openjdk-amd64/jre/lib/amd64/jli/libjli.so
7f5958533000-7f5958556000 r-xp 00000000 08:07 4200046                    /lib/x86_64-linux-gnu/ld-2.19.so
7f5958556000-7f5958557000 rw-p 00000000 00:00 0 
7f5958557000-7f595855b000 r--s 00085000 08:07 3149537                    /usr/lib/jvm/java-7-openjdk-amd64/jre/lib/ext/localedata.jar
7f595855b000-7f595857d000 rw-p 00000000 00:00 0 
7f595857d000-7f5958633000 rw-p 00000000 00:00 0 
7f5958633000-7f5958636000 ---p 00000000 00:00 0 
7f5958636000-7f5958739000 rw-p 00000000 00:00 0                          [stack:9084]
7f5958739000-7f595873a000 r--s 00002000 08:07 3149538                    /usr/lib/jvm/java-7-openjdk-amd64/jre/lib/ext/dnsns.jar
7f595873a000-7f595873c000 r--s 00012000 08:07 3149542                    /usr/lib/jvm/java-7-openjdk-amd64/jre/lib/ext/zipfs.jar
7f595873c000-7f5958740000 r--s 0003c000 08:07 3149540                    /usr/lib/jvm/java-7-openjdk-amd64/jre/lib/ext/sunpkcs11.jar
7f5958740000-7f5958742000 r--s 00006000 08:07 1456370                    /usr/share/java/java-atk-wrapper.jar
7f5958742000-7f5958746000 r--s 00034000 08:07 3149539                    /usr/lib/jvm/java-7-openjdk-amd64/jre/lib/ext/sunjce_provider.jar
7f5958746000-7f5958749000 r--s 0000f000 08:07 3149541                    /usr/lib/jvm/java-7-openjdk-amd64/jre/lib/ext/icedtea-sound.jar
7f5958749000-7f5958751000 rw-s 00000000 08:07 677058                     /tmp/hsperfdata_sanket/9080
7f5958751000-7f5958752000 rw-p 00000000 00:00 0 
7f5958752000-7f5958753000 ---p 00000000 00:00 0 
7f5958753000-7f5958755000 rw-p 00000000 00:00 0 
7f5958755000-7f5958756000 r--p 00022000 08:07 4200046                    /lib/x86_64-linux-gnu/ld-2.19.so
7f5958756000-7f5958757000 rw-p 00023000 08:07 4200046                    /lib/x86_64-linux-gnu/ld-2.19.so
7f5958757000-7f5958758000 rw-p 00000000 00:00 0 
7ffcf19da000-7ffcf19fb000 rw-p 00000000 00:00 0                          [stack]
7ffcf19fd000-7ffcf19ff000 r-xp 00000000 00:00 0                          [vdso]
ffffffffff600000-ffffffffff601000 r-xp 00000000 00:00 0                  [vsyscall]

VM Arguments:
jvm_args: -Xmx1024M -Dfile.encoding=UTF-8 -Duser.country=US -Duser.language=en -Duser.variant 
java_command: com.android.dx.command.Main --dex --num-threads=4 --output /home/sanket/lokavidyaapp/app/build/intermediates/pre-dexed/debug/guava-15.0-4376dfb99a1b1ec8841bf15403df1c46860cdef1.jar /home/sanket/.gradle/caches/modules-2/files-2.1/com.google.guava/guava/15.0/ed727a8d9f247e2050281cb083f1c77b09dcb5cd/guava-15.0.jar
Launcher Type: SUN_STANDARD

Environment Variables:
PATH=/usr/local/sbin:/usr/local/bin:/usr/sbin:/usr/bin:/sbin:/bin:/usr/games:/usr/local/games
LD_LIBRARY_PATH=/home/sanket/android-studio/bin:
SHELL=/bin/bash
DISPLAY=:0

Signal Handlers:
SIGSEGV: [libjvm.so+0x94bab0], sa_mask[0]=0x7ffbfeff, sa_flags=0x10000004
SIGBUS: [libjvm.so+0x94bab0], sa_mask[0]=0x7ffbfeff, sa_flags=0x10000004
SIGFPE: [libjvm.so+0x7c38b0], sa_mask[0]=0x7ffbfeff, sa_flags=0x10000004
SIGPIPE: [libjvm.so+0x7c38b0], sa_mask[0]=0x7ffbfeff, sa_flags=0x10000004
SIGXFSZ: [libjvm.so+0x7c38b0], sa_mask[0]=0x7ffbfeff, sa_flags=0x10000004
SIGILL: [libjvm.so+0x7c38b0], sa_mask[0]=0x7ffbfeff, sa_flags=0x10000004
SIGUSR1: SIG_DFL, sa_mask[0]=0x00000000, sa_flags=0x00000000
SIGUSR2: [libjvm.so+0x7c3750], sa_mask[0]=0x00000004, sa_flags=0x10000004
SIGHUP: [libjvm.so+0x7c3930], sa_mask[0]=0x7ffbfeff, sa_flags=0x10000004
SIGINT: [libjvm.so+0x7c3930], sa_mask[0]=0x7ffbfeff, sa_flags=0x10000004
SIGTERM: [libjvm.so+0x7c3930], sa_mask[0]=0x7ffbfeff, sa_flags=0x10000004
SIGQUIT: [libjvm.so+0x7c3930], sa_mask[0]=0x7ffbfeff, sa_flags=0x10000004
SIGTRAP: SIG_DFL, sa_mask[0]=0x00000000, sa_flags=0x00000000


---------------  S Y S T E M  ---------------

OS:Ubuntu 14.04 (trusty)
uname:Linux 3.13.0-66-generic #108-Ubuntu SMP Wed Oct 7 15:20:27 UTC 2015 x86_64
libc:glibc 2.19 NPTL 2.19 
rlimit: STACK 8192k, CORE 0k, NPROC 30418, NOFILE 4096, AS infinity
load average:6.49 1.70 0.74

/proc/meminfo:
MemTotal:        3950088 kB
MemFree:          106500 kB
Buffers:             612 kB
Cached:           281400 kB
SwapCached:            0 kB
Active:          3410040 kB
Inactive:         273320 kB
Active(anon):    3404504 kB
Inactive(anon):   255304 kB
Active(file):       5536 kB
Inactive(file):    18016 kB
Unevictable:          32 kB
Mlocked:              32 kB
SwapTotal:             0 kB
SwapFree:              0 kB
Dirty:               500 kB
Writeback:             0 kB
AnonPages:       3401764 kB
Mapped:            69248 kB
Shmem:            258164 kB
Slab:              67248 kB
SReclaimable:      33712 kB
SUnreclaim:        33536 kB
KernelStack:        4912 kB
PageTables:        35212 kB
NFS_Unstable:          0 kB
Bounce:                0 kB
WritebackTmp:          0 kB
CommitLimit:     1975044 kB
Committed_AS:    7090336 kB
VmallocTotal:   34359738367 kB
VmallocUsed:      348320 kB
VmallocChunk:   34359362940 kB
HardwareCorrupted:     0 kB
AnonHugePages:    880640 kB
HugePages_Total:       0
HugePages_Free:        0
HugePages_Rsvd:        0
HugePages_Surp:        0
Hugepagesize:       2048 kB
DirectMap4k:       90492 kB
DirectMap2M:     4005888 kB
DirectMap1G:           0 kB


CPU:total 4 (2 cores per cpu, 2 threads per core) family 6 model 69 stepping 1, cmov, cx8, fxsr, mmx, sse, sse2, sse3, ssse3, sse4.1, sse4.2, popcnt, avx, avx2, aes, erms, ht, tsc, tscinvbit

/proc/cpuinfo:
processor	: 0
vendor_id	: GenuineIntel
cpu family	: 6
model		: 69
model name	: Intel(R) Core(TM) i5-4210U CPU @ 1.70GHz
stepping	: 1
microcode	: 0x17
cpu MHz		: 1700.000
cache size	: 3072 KB
physical id	: 0
siblings	: 4
core id		: 0
cpu cores	: 2
apicid		: 0
initial apicid	: 0
fpu		: yes
fpu_exception	: yes
cpuid level	: 13
wp		: yes
flags		: fpu vme de pse tsc msr pae mce cx8 apic sep mtrr pge mca cmov pat pse36 clflush dts acpi mmx fxsr sse sse2 ss ht tm pbe syscall nx pdpe1gb rdtscp lm constant_tsc arch_perfmon pebs bts rep_good nopl xtopology nonstop_tsc aperfmperf eagerfpu pni pclmulqdq dtes64 monitor ds_cpl vmx est tm2 ssse3 fma cx16 xtpr pdcm pcid sse4_1 sse4_2 movbe popcnt tsc_deadline_timer aes xsave avx f16c rdrand lahf_lm abm ida arat epb xsaveopt pln pts dtherm tpr_shadow vnmi flexpriority ept vpid fsgsbase tsc_adjust bmi1 avx2 smep bmi2 erms invpcid
bogomips	: 3392.20
clflush size	: 64
cache_alignment	: 64
address sizes	: 39 bits physical, 48 bits virtual
power management:

processor	: 1
vendor_id	: GenuineIntel
cpu family	: 6
model		: 69
model name	: Intel(R) Core(TM) i5-4210U CPU @ 1.70GHz
stepping	: 1
microcode	: 0x17
cpu MHz		: 1700.000
cache size	: 3072 KB
physical id	: 0
siblings	: 4
core id		: 1
cpu cores	: 2
apicid		: 2
initial apicid	: 2
fpu		: yes
fpu_exception	: yes
cpuid level	: 13
wp		: yes
flags		: fpu vme de pse tsc msr pae mce cx8 apic sep mtrr pge mca cmov pat pse36 clflush dts acpi mmx fxsr sse sse2 ss ht tm pbe syscall nx pdpe1gb rdtscp lm constant_tsc arch_perfmon pebs bts rep_good nopl xtopology nonstop_tsc aperfmperf eagerfpu pni pclmulqdq dtes64 monitor ds_cpl vmx est tm2 ssse3 fma cx16 xtpr pdcm pcid sse4_1 sse4_2 movbe popcnt tsc_deadline_timer aes xsave avx f16c rdrand lahf_lm abm ida arat epb xsaveopt pln pts dtherm tpr_shadow vnmi flexpriority ept vpid fsgsbase tsc_adjust bmi1 avx2 smep bmi2 erms invpcid
bogomips	: 3392.20
clflush size	: 64
cache_alignment	: 64
address sizes	: 39 bits physical, 48 bits virtual
power management:

processor	: 2
vendor_id	: GenuineIntel
cpu family	: 6
model		: 69
model name	: Intel(R) Core(TM) i5-4210U CPU @ 1.70GHz
stepping	: 1
microcode	: 0x17
cpu MHz		: 1700.000
cache size	: 3072 KB
physical id	: 0
siblings	: 4
core id		: 0
cpu cores	: 2
apicid		: 1
initial apicid	: 1
fpu		: yes
fpu_exception	: yes
cpuid level	: 13
wp		: yes
flags		: fpu vme de pse tsc msr pae mce cx8 apic sep mtrr pge mca cmov pat pse36 clflush dts acpi mmx fxsr sse sse2 ss ht tm pbe syscall nx pdpe1gb rdtscp lm constant_tsc arch_perfmon pebs bts rep_good nopl xtopology nonstop_tsc aperfmperf eagerfpu pni pclmulqdq dtes64 monitor ds_cpl vmx est tm2 ssse3 fma cx16 xtpr pdcm pcid sse4_1 sse4_2 movbe popcnt tsc_deadline_timer aes xsave avx f16c rdrand lahf_lm abm ida arat epb xsaveopt pln pts dtherm tpr_shadow vnmi flexpriority ept vpid fsgsbase tsc_adjust bmi1 avx2 smep bmi2 erms invpcid
bogomips	: 3392.20
clflush size	: 64
cache_alignment	: 64
address sizes	: 39 bits physical, 48 bits virtual
power management:

processor	: 3
vendor_id	: GenuineIntel
cpu family	: 6
model		: 69
model name	: Intel(R) Core(TM) i5-4210U CPU @ 1.70GHz
stepping	: 1
microcode	: 0x17
cpu MHz		: 1700.000
cache size	: 3072 KB
physical id	: 0
siblings	: 4
core id		: 1
cpu cores	: 2
apicid		: 3
initial apicid	: 3
fpu		: yes
fpu_exception	: yes
cpuid level	: 13
wp		: yes
flags		: fpu vme de pse tsc msr pae mce cx8 apic sep mtrr pge mca cmov pat pse36 clflush dts acpi mmx fxsr sse sse2 ss ht tm pbe syscall nx pdpe1gb rdtscp lm constant_tsc arch_perfmon pebs bts rep_good nopl xtopology nonstop_tsc aperfmperf eagerfpu pni pclmulqdq dtes64 monitor ds_cpl vmx est tm2 ssse3 fma cx16 xtpr pdcm pcid sse4_1 sse4_2 movbe popcnt tsc_deadline_timer aes xsave avx f16c rdrand lahf_lm abm ida arat epb xsaveopt pln pts dtherm tpr_shadow vnmi flexpriority ept vpid fsgsbase tsc_adjust bmi1 avx2 smep bmi2 erms invpcid
bogomips	: 3392.20
clflush size	: 64
cache_alignment	: 64
address sizes	: 39 bits physical, 48 bits virtual
power management:



Memory: 4k page, physical 3950088k(106500k free), swap 0k(0k free)

vm_info: OpenJDK 64-Bit Server VM (24.79-b02) for linux-amd64 JRE (1.7.0_79-b14), built on Jul 24 2015 08:15:54 by "buildd" with gcc 4.8.2

time: Mon Oct 26 16:25:06 2015
elapsed time: 17 seconds

